cio
linux
galway
wlan
vioxx
hn
os
fema
serbian
ov
gutenberg
yuan
soho
goldberg
gpa
tate
celebrex
hud
zeppelin
tuscany
cunningham
ang
guiana
eff
diazepam
sle
nash
hasting
cbc
gop
sioux
lipitor
albanian
mcgraw
ukrainian
webb
rape
paxil
zu
vietnamese
hr
zealand
ipod
ab
cisco
safari
hampshire
women
asp
nsw
mit
saudi
rv
amd
quebec
montreal
pentium
hb
netscape
lb
nissan
dos
fda
midi
dominican
beatles
sox
saddam
manitoba
acer
children
sussex
bosnia
nasdaq
tex
petersburg
wifi
hartford
jasper
bulgarian
reynolds
hayes
