QPCR	2008	495	74
Qasr	2008	1923	451
Quanguo	2008	519	115
Quanzhou	2008	1420	217
Quartets	2008	2978	955
Queluz	2008	215	55
Quitkin	2008	195	78
Quote	2008	10629	3729
quamash	2008	110	47
quanquam	2008	439	253
quantifiably	2008	300	264
quasiment	2008	175	102
quenches	2008	2349	1965
QRP	2008	104	41
Qinghe	2008	161	37
Qiong	2008	303	114
quandoquidem	2008	176	135
Q26	2008	195	103
QMCSO	2008	121	15
Quacko	2008	204	12
Quintus	2008	14593	2372
Qusay	2008	707	240
quaeque	2008	591	365
quantity	2008	719377	101040
quelque	2008	9962	3049
quicked	2008	227	156
quintiles	2008	3094	760
Q.26	2008	116	51
Qio	2008	380	73
Quack	2008	3186	1375
Quetel	2008	137	39
quadrantal	2008	213	106
qualites	2008	320	257
quantitatively	2008	24246	11390
quiere	2008	1934	710
QHS	2008	221	30
Quadrata	2008	101	62
Quiner	2008	126	24
Quintanilla	2008	1231	405
Quwwat	2008	190	40
qualite	2008	648	415
Qarqar	2008	208	62
Quadri	2008	625	275
Quide	2008	121	88
Quilimane	2008	217	66
quarrels	2008	54364	29073
Qadr	2008	282	151
Qimhi	2008	195	21
Qrs	2008	428	126
Quaque	2008	262	69
Qurratulain	2008	110	33
qinggui	2008	182	16
ql	2008	3348	3069
quadrupole	2008	8567	722
quaking	2008	10866	8047
queerest	2008	4833	3870
querystring	2008	208	44
questionin	2008	149	126
quintillions	2008	185	149
quotational	2008	143	79
Qu'ebec	2008	289	82
Qu'on	2008	439	349
Quixano	2008	231	55
Qulncy	2008	173	110
qan	2008	106	85
quake	2008	15068	8278
QUARRIES	2008	149	84
QUEENE	2008	144	65
Qat	2008	355	135
Quakerly	2008	125	87
Quan	2008	8204	1971
Quillen	2008	1322	231
quiso	2008	463	211
quotquot	2008	240	188
qwerty	2008	185	106
QCLs	2008	246	16
QWH	2008	109	7
Qn	2008	2108	1093
Quinet	2008	1842	554
Qunu	2008	169	38
quatrieme	2008	321	256
questione	2008	1043	394
quibusdam	2008	1633	859
quinoxaline	2008	147	70
Q.19	2008	192	64
Q15	2008	421	193
QUANTIFYING	2008	141	104
Qasar	2008	334	30
Quatrefoil	2008	100	44
quantummechanical	2008	215	138
queen's	2008	118	82
quizzes	2008	12001	4458
quosdam	2008	704	403
QM2	2008	269	26
Qadim	2008	216	78
Qawain	2008	127	16
Quantitative	2008	49436	13277
Quellmalz	2008	113	29
Quetzalcoat	2008	122	25
Quivering	2008	1098	907
q.i.d.	2008	482	103
qiyds	2008	231	32
quaero	2008	288	104
quiesced	2008	109	55
quinientos	2008	288	135
Quadroons	2008	123	92
quandong	2008	158	52
quibble	2008	7405	5931
quickie	2008	2538	1764
Qanuni	2008	128	38
Quaestor	2008	589	208
Quann	2008	179	28
Quantisation	2008	208	47
Quechan	2008	356	73
Questo	2008	1489	566
Quips	2008	318	247
quantative	2008	163	147
quinqueremes	2008	267	92
quirements	2008	446	408
Quarrel	2008	3975	2531
Quelimane	2008	236	84
Quett	2008	134	58
quadrennium	2008	312	94
queered	2008	975	699
quiltmaking	2008	199	54
quiokly	2008	199	151
Q.4	2008	556	167
Qere	2008	235	42
Quantz	2008	1426	150
Quarantia	2008	110	18
Quarries	2008	2564	996
Quatremain	2008	109	13
Queeny	2008	203	83
Quincey	2008	17752	3321
Qurei	2008	107	40
quadratic	2008	33049	5362
quantus	2008	289	171
quasiperiodic	2008	628	178
querencia	2008	112	29
quete	2008	274	181
quivi	2008	204	136
quoit	2008	1414	860
QPA	2008	232	39
Qive	2008	231	192
Quilligan	2008	755	229
Quiloa	2008	222	88
Quimbaya	2008	126	26
Quintard	2008	1273	219
queenmothers	2008	133	15
quy	2008	472	104
QCM	2008	1311	143
QT	2008	12595	1656
QUININE	2008	103	76
QasimT	2008	120	1
Qospel	2008	328	246
Quanzhen	2008	130	35
Quida	2008	163	43
quadriga	2008	771	327
questers	2008	271	165
questioning	2008	198626	73382
quisieron	2008	118	84
Quantity	2008	41431	9923
Quass	2008	141	59
Quinten	2008	620	133
qualibet	2008	578	233
quasielastic	2008	178	70
querida	2008	1021	358
QEH	2008	184	67
QoM	2008	122	12
Qualitatively	2008	1471	1078
Quemada	2008	266	110
Quinby	2008	1286	365
qni	2008	362	231
qu'on	2008	13955	3748
quales	2008	677	412
quicker'n	2008	472	404
quinceanera	2008	204	101
quinquefolia	2008	268	148
QUO	2008	666	454
Qigong	2008	2298	309
quartermile	2008	212	203
QPRTs	2008	129	24
Qua	2008	4268	2221
Quadlings	2008	350	45
Questing	2008	586	252
Quiché	2008	420	92
Quine	2008	19638	1397
qemu	2008	117	25
quadrupoles	2008	728	152
quangos	2008	762	250
quartos	2008	2755	1460
quenchant	2008	147	10
quicklv	2008	649	290
quousque	2008	306	193
Quapropter	2008	332	223
Quebecer	2008	132	58
quacks	2008	5994	4149
quaestionibus	2008	379	138
qualifications	2008	149644	48188
quarrelsome	2008	13809	10622
quartercentury	2008	377	353
quee	2008	379	220
query	2008	223103	25998
QBF	2008	493	29
QUITS	2008	201	154
Qalqiliya	2008	123	46
queers	2008	3406	1388
Quellenkunde	2008	120	62
q21	2008	305	107
QCA	2008	4976	435
QSSS	2008	192	25
Qu.	2008	103	46
Quadrio	2008	190	75
quad	2008	11250	4059
quantities	2008	333102	69874
quartan	2008	920	582
quedó	2008	422	165
quester	2008	398	182
quilombo	2008	445	89
Qays	2008	859	178
Qualifiers	2008	548	246
qch	2008	113	26
quare	2008	3390	1516
quilibet	2008	576	298
QDO	2008	132	27
QG	2008	1022	236
Qapu	2008	257	29
Quaboag	2008	100	26
quantised	2008	773	144
quartz	2008	67760	11178
quasigeostrophic	2008	204	23
queened	2008	325	291
quietism	2008	2426	1561
quinary	2008	334	162
quitters	2008	926	721
Qajars	2008	650	130
Qubad	2008	106	19
Queensberry	2008	5431	1215
qu'avant	2008	127	104
quartiles	2008	3821	1182
quaternary	2008	8009	2231
quebracho	2008	436	109
queja	2008	136	88
questo	2008	9153	1274
Q.16	2008	251	82
Q.E.	2008	108	54
QIF	2008	105	18
QWL	2008	552	95
Qabalistic	2008	467	72
Qas	2008	208	130
Qiling	2008	155	15
Qne	2008	394	349
Quanquam	2008	232	169
Quebedeaux	2008	131	56
Quelling	2008	320	228
Quelque	2008	384	283
Quicquid	2008	482	377
Quinces	2008	781	306
qaam	2008	148	105
quarantines	2008	1227	757
quce	2008	362	218
quelea	2008	138	40
queue	2008	78644	13746
qus	2008	135	97
QRC	2008	130	32
Qatan	2008	106	52
Queasy	2008	144	125
Quos	2008	709	560
quackeries	2008	345	305
quadrifid	2008	163	11
quickstep	2008	709	575
quiring	2008	889	844
QUEZON	2008	307	36
Qingzhao	2008	254	52
Qo	2008	1474	665
Quartos	2008	688	226
Quercetin	2008	939	220
Quietist	2008	314	221
Quintín	2008	171	35
qF	2008	119	66
quaes	2008	115	80
queerly	2008	6281	4313
quiero	2008	1992	760
quinto	2008	1280	674
Qal'a	2008	147	38
Quaff	2008	242	215
Quang	2008	6598	784
quent	2008	1765	1652
questionless	2008	592	416
quienes	2008	937	300
quiltings	2008	193	172
Quadling	2008	324	31
Quapaw	2008	1255	212
Quijano	2008	1718	382
qij	2008	133	78
quacumque	2008	244	153
qualitates	2008	174	86
quette	2008	166	116
Q27	2008	163	88
QACs	2008	121	24
Quake	2008	2510	778
Quantities	2008	7052	3688
Quong	2008	1210	185
quarti	2008	175	124
Qashqai	2008	146	48
Qol	2008	206	58
Quaid	2008	2880	591
Quant	2008	5609	2153
Questioned	2008	3075	2034
qaite	2008	105	101
Qingyu	2008	101	28
Quechee	2008	206	46
q12h	2008	300	44
qualifies	2008	32731	16444
quest'ultimo	2008	169	52
quiescit	2008	117	90
QCP	2008	102	37
QUI	2008	989	678
Qanooni	2008	256	26
Quek	2008	515	193
Quitclaim	2008	263	102
qa	2008	1407	675
qm	2008	850	419
quadraginta	2008	445	266
quête	2008	459	241
QMP	2008	131	31
QOHN	2008	141	8
Qaadir	2008	155	6
Qu'a	2008	124	87
Quartettsatz	2008	108	15
Quattlebaum	2008	135	64
Questionnaires	2008	5630	2444
Quillet	2008	447	128
Qw	2008	310	162
qoi	2008	100	80
quantify	2008	45455	17387
queathed	2008	103	100
quercitron	2008	264	103
QSA	2008	267	65
Qadisiyah	2008	178	52
Qasem	2008	665	127
Qila	2008	495	119
Qualms	2008	150	138
Quasten	2008	441	134
Queensbury	2008	1026	510
qu'elle	2008	10653	2575
quarte	2008	376	230
QUARLES	2008	144	58
Qiantang	2008	174	81
Quilca	2008	162	63
qid	2008	804	212
quaffed	2008	3831	3016
quarreller	2008	114	101
quem	2008	6103	1847
questions	2008	2408350	171552
quina	2008	188	108
Queer	2008	25091	7415
Quellen	2008	4951	1547
Querol	2008	451	169
Quiroga	2008	2931	686
quantitate	2008	1494	777
quantitv	2008	113	81
quatinus	2008	152	73
quinalphos	2008	124	23
quinta	2008	1187	559
Q.13	2008	324	90
QCL	2008	564	38
QLS	2008	171	25
QUINTUS	2008	251	81
Quantization	2008	2528	611
Quash	2008	658	253
Quisque	2008	275	133
Quiver	2008	1018	576
quaiet	2008	168	26
quantu	2008	121	26
quartet	2008	22054	7467
queenes	2008	104	74
quint	2008	476	308
quixotry	2008	105	91
Quickest	2008	265	209
quantità	2008	274	95
quietists	2008	229	191
QUINTA	2008	108	45
Qba	2008	195	14
Qualls	2008	772	236
Quarantines	2008	123	99
Quig	2008	484	45
Q17	2008	532	169
QSB	2008	246	49
Qingdai	2008	242	76
Quaranta	2008	403	229
Qucntin	2008	101	40
Quddus	2008	363	131
Quechuan	2008	218	77
Quera	2008	110	60
Quibell	2008	556	83
Quinzaine	2008	180	94
Quixotes	2008	471	331
qmake	2008	173	4
quarrellin	2008	129	120
quatit	2008	215	205
QUICK	2008	6536	1948
Qisas	2008	221	91
Qohelet	2008	2992	103
Quantifiable	2008	439	302
Quarton	2008	109	47
Quemoy	2008	910	271
qadi	2008	2122	279
quality.1	2008	126	123
qualms	2008	16953	12877
qusedam	2008	172	134
QTc	2008	2079	262
Quinatzin	2008	469	12
Qur'aan	2008	179	21
quaeso	2008	215	146
qualiter	2008	696	284
quartum	2008	413	254
quibua	2008	152	121
QUINCEY	2008	431	235
Qiaomu	2008	289	44
Quakerish	2008	284	258
Quantized	2008	390	219
Quichuas	2008	151	51
quedan	2008	386	219
quintillion	2008	364	239
quoits	2008	2170	1607
Q.931	2008	227	34
Q90	2008	105	40
QUILT	2008	445	150
Qitna	2008	147	2
Quag	2008	206	40
Quartetto	2008	301	46
qu'eux	2008	140	102
quadratus	2008	2308	434
quadricep	2008	100	83
quarterstaff	2008	647	326
queene	2008	748	283
quinquennial	2008	1506	696
Q.Y.	2008	152	78
QUARTERED	2008	147	52
Quelala	2008	152	18
quantita	2008	154	128
quello	2008	4259	674
quin	2008	2268	1025
Quantify	2008	1089	665
Quas	2008	998	370
Quiscalus	2008	193	96
Quéré	2008	180	71
q13	2008	267	125
quadraphonic	2008	257	135
quaedam	2008	2446	890
quantizers	2008	375	85
quartered	2008	31903	16967
quicks	2008	313	210
quislings	2008	292	218
QOD	2008	191	96
Qaqachaka	2008	340	9
Quackwatch	2008	130	67
Quasicrystals	2008	151	55
Quebeckers	2008	654	147
Quinua	2008	127	28
qrs	2008	503	213
QDRO	2008	1351	69
Quenton	2008	333	36
Quiche	2008	2175	631
Quietly	2008	10767	8059
Quifiones	2008	143	74
quero	2008	181	105
questionably	2008	1410	1261
quickfy	2008	140	137
quist	2008	123	71
quorundam	2008	439	270
Quarterly	2008	227289	39286
Queneau	2008	692	259
Quetzaltenango	2008	446	102
Quillin	2008	248	98
Quonset	2008	1860	846
qai	2008	139	87
quara	2008	228	192
quicklime	2008	4364	1967
Q50	2008	106	73
QAL	2008	121	21
QPOs	2008	147	10
QWRs	2008	111	4
QX	2008	312	176
Quam	2008	2499	1480
Querido	2008	526	264
Quinzani	2008	208	5
Quist	2008	1027	384
qL	2008	253	75
qfthe	2008	222	160
quodlibet	2008	411	227
QUERIES	2008	446	221
QUESTIONED	2008	170	129
QUESTIONS	2008	52163	7992
Qesar	2008	139	101
Quaest	2008	804	304
Quaghebeur	2008	135	41
Quivers	2008	313	258
Quiñones	2008	520	172
Quorum	2008	7040	2674
qal	2008	260	123
qing	2008	1667	367
quinpirole	2008	126	40
quintuples	2008	192	54
QUARTERS	2008	1539	943
Qa	2008	2498	956
Quak	2008	161	78
Quicken	2008	10622	1245
Quicker	2008	1976	1715
Quisquater	2008	242	63
Québec	2008	11274	1342
qu'avec	2008	628	411
quaint	2008	92404	39902
questioned	2008	269619	95721
Q21	2008	299	147
QCS	2008	214	46
QIAN	2008	169	55
Qir	2008	136	49
Quaterly	2008	299	234
Qudamah	2008	305	13
Quietists	2008	366	229
Quito	2008	13201	2210
quadr	2008	109	48
quadrille	2008	6788	3362
quarterly	2008	59728	20210
quinoa	2008	3086	688
quâ	2008	199	118
Q.6	2008	395	143
Qibya	2008	169	57
Quenched	2008	675	468
Quoddy	2008	289	86
quaestiones	2008	968	323
quarrying	2008	6531	3002
quartersawn	2008	123	45
QS	2008	6727	1022
Quaestiones	2008	2823	727
Quilici	2008	475	112
Quinan	2008	103	53
qnam	2008	427	267
quadrilateral	2008	10047	2574
qualifi	2008	226	195
quercitin	2008	178	48
queror	2008	272	233
querulously	2008	2641	2176
quieres	2008	587	272
quintupling	2008	117	110
quips	2008	5187	4138
QD	2008	6586	663
QJSA	2008	461	18
QUEENSLAND	2008	341	226
Qadhi	2008	105	37
Qamma	2008	112	52
Qdot	2008	478	28
Qualitied	2008	184	2
Quitting	2008	3453	2448
question.6	2008	124	120
quicksort	2008	795	108
quillets	2008	162	146
quippe	2008	1274	706
Qadhdhafi	2008	116	20
Quasimodo	2008	1786	652
Quate	2008	409	150
Quebecois	2008	3440	899
Quested	2008	244	111
Quin	2008	11966	1991
Quintessence	2008	2080	727
Quizzes	2008	1740	704
qPCR	2008	1577	210
qout	2008	222	21
quae	2008	32492	4753
qualsiasi	2008	380	132
quatuors	2008	212	17
quotas	2008	41420	10986
Qualiter	2008	156	94
Quantiles	2008	470	152
Quarterman	2008	671	151
Qur'ān	2008	1348	13
qlk	2008	154	37
quadrats	2008	1418	234
quarrel	2008	177248	57152
quitt	2008	183	108
Quasha	2008	119	71
Quaternions	2008	511	223
Quietus	2008	384	166
Quinquinambo	2008	170	10
qty	2008	435	93
quivers	2008	6782	5289
QM	2008	6106	861
Qu'un	2008	246	196
Quamino	2008	116	23
Quartet	2008	17970	3307
Quindlen	2008	1051	284
Quintin	2008	3380	1234
quakes	2008	3380	2177
quartermaster	2008	20227	5760
quarum	2008	935	518
quater	2008	471	222
queenmother	2008	717	266
Quadrant	2008	7829	1968
Quinque	2008	507	292
Qué	2008	3815	735
quicke	2008	387	214
quintals	2008	2691	790
quiscula	2008	101	59
Q'ero	2008	690	18
QMB	2008	141	43
QUATRE	2008	150	65
Qais	2008	718	161
Quartodecimans	2008	268	88
Queerness	2008	353	169
Queller	2008	522	133
Quippe	2008	284	204
Quranic	2008	5518	968
qr	2008	1813	986
quahaug	2008	118	48
quark	2008	10487	724
QUESTIONING	2008	663	445
Qiao	2008	5458	927
Queryable	2008	113	33
Quixotic	2008	2873	2376
qu'au	2008	1299	790
quale	2008	7600	1488
quinquefolius	2008	173	76
QDC	2008	247	33
QUARTERMASTER	2008	175	117
Quaternaria	2008	100	45
Quilty	2008	801	159
Quindaro	2008	105	35
Quintaro	2008	736	3
q8h	2008	214	59
quadword	2008	124	19
quiddity	2008	1634	606
quintaux	2008	101	18
quodam	2008	1500	814
QFC	2008	457	43
Qayrawan	2008	271	59
Qazwini	2008	411	79
Qingyi	2008	161	38
Qolden	2008	100	87
Quinoa	2008	1406	317
qualities	2008	593530	113421
questionaire	2008	135	96
quotiens	2008	295	155
Qada	2008	144	47
Qinglian	2008	151	72
Quane	2008	192	97
Quarrelled	2008	139	125
Quedlinburg	2008	669	266
Questioni	2008	152	91
Quilon	2008	644	176
Quisumbing	2008	710	149
q6	2008	213	122
quartzes	2008	147	84
quartzite	2008	5758	1206
queri	2008	128	110
quicksighted	2008	206	195
quotidian	2008	8605	4377
Q31	2008	162	96
QRPA	2008	284	8
Qty	2008	1456	378
Quaeda	2008	211	120
Quary	2008	101	33
Quelle	2008	4269	2383
Quelus	2008	1528	65
quartettes	2008	420	304
quene	2008	821	252
querían	2008	181	97
quizzical	2008	11435	8255
Q40	2008	107	74
Que.	2008	186	27
Quetico	2008	149	64
Qwest	2008	1628	548
quaintly	2008	10678	8338
QRs	2008	436	103
QVB	2008	103	9
Qeneral	2008	645	454
Quadriceps	2008	1756	445
Queeg	2008	188	112
QueryString	2008	345	64
quadricornis	2008	108	55
quarrellings	2008	168	165
queeck	2008	211	85
QTS	2008	652	107
Quaco	2008	173	62
Quarriers	2008	114	16
Queda	2008	438	247
Quemadmodum	2008	295	170
Quickborn	2008	105	16
Quickened	2008	402	369
Quinsay	2008	109	58
Qutub	2008	448	159
QFS	2008	105	24
QSLs	2008	140	5
Qaboos	2008	670	156
qu'ont	2008	283	235
quebradas	2008	206	85
QUARTILE	2008	112	35
Quarantine	2008	5845	2150
QueryDef	2008	122	5
Quhair	2008	170	113
Quitted	2008	109	99
qu	2008	10315	3926
quede	2008	186	118
QEA	2008	137	18
Quaaludes	2008	340	203
Quoting	2008	7055	5154
qadr	2008	108	63
quadrangle	2008	15333	6059
quested	2008	841	728
quill	2008	20873	10610
quinata	2008	101	57
quinupristin	2008	315	84
QUIZ	2008	3660	471
Qichang	2008	181	49
Quaternaire	2008	239	79
Quiapo	2008	579	124
Quiocho	2008	161	49
quantifies	2008	4374	2957
QVGA	2008	207	71
Qadir	2008	3299	687
Quattuor	2008	249	128
Queenborough	2008	450	185
Quillian	2008	962	210
quedado	2008	292	183
QBD	2008	1401	244
Qasida	2008	157	54
Quilombos	2008	136	42
Quiñónez	2008	128	16
quar	2008	1385	1127
quartermasters	2008	2434	1384
quaternion	2008	1670	413
querist	2008	692	559
quinquaginta	2008	353	213
Q.20	2008	200	73
QPSK	2008	3795	224
Qianmen	2008	329	62
Quaere	2008	507	209
qEEG	2008	228	33
quadrupled	2008	7475	5929
quaestione	2008	210	92
quench'd	2008	467	338
quietist	2008	1130	752
quitclaims	2008	100	65
quitter	2008	3580	2478
Quinsac	2008	133	14
Qumranic	2008	128	52
Quoique	2008	289	215
quiv'ring	2008	271	195
Q7	2008	1176	441
Qovernment	2008	141	98
Quackleben	2008	199	24
Quatia	2008	105	6
QueenMother	2008	108	65
Quiggin	2008	810	159
Quintile	2008	2705	335
Quintilian	2008	10235	2308
Quisling	2008	1153	302
Qurban	2008	299	69
quatrième	2008	559	325
quattro	2008	1792	533
Q33	2008	158	94
QENS	2008	114	6
QPP	2008	693	68
Quadruplex	2008	139	70
Qurnah	2008	107	45
qj	2008	827	477
quahog	2008	569	172
queerlooking	2008	222	217
quentin	2008	241	20
questioners	2008	3400	2715
Qt	2008	5757	1101
Quesada	2008	3726	874
Questar	2008	223	91
Quiniou	2008	100	31
Quixote	2008	34615	9198
queenless	2008	333	77
quwwa	2008	129	22
qué	2008	5140	711
QIAquick	2008	230	95
QQ	2008	1662	689
Qanoon	2008	223	57
Qu'elle	2008	209	155
Quesnai	2008	128	37
q6h	2008	292	64
quantite	2008	395	272
quhom	2008	165	64
Qout	2008	118	49
Quality	2008	216398	31537
Quatermain	2008	1865	148
Quebecor	2008	525	364
QuickSteps	2008	274	8
Quigby	2008	126	3
qawm	2008	288	53
quadriparesis	2008	408	187
quarterlies	2008	782	612
querns	2008	809	317
quiddities	2008	568	416
QFP	2008	127	41
QSARs	2008	199	72
Qj	2008	1436	670
Quadrige	2008	136	80
Quanto	2008	1036	598
Qumml	2008	135	13
quavering	2008	6669	5250
QMM	2008	155	12
Quashi	2008	116	22
Quindio	2008	112	30
quashing	2008	2005	1275
quittance	2008	1163	753
QAD	2008	850	40
QW	2008	3262	310
Quaedam	2008	229	125
Quercus	2008	8299	1302
qniet	2008	521	480
quetiapine	2008	2473	390
Querschnitt	2008	167	80
quase	2008	472	110
quinoid	2008	189	71
quints	2008	111	77
Qian	2008	13025	2499
Quaalude	2008	262	111
Qualify	2008	1356	764
Quarenghi	2008	110	40
Quesnoy	2008	412	176
qu'en	2008	3775	1607
quadrangularis	2008	172	86
question	2008	4263635	186116
quitclaim	2008	1391	456
Q.D.	2008	285	114
QTY	2008	353	97
QUIZZES	2008	226	55
Ql	2008	4956	1336
Quadroon	2008	450	224
Quires	2008	153	120
qin	2008	2086	261
qtd.	2008	7663	924
qu'un	2008	6229	2486
quaestionum	2008	214	105
quell'd	2008	203	173
queryable	2008	165	73
Qaseem	2008	116	55
Qualitat	2008	251	110
Quaternary	2008	16229	2059
Quebracho	2008	190	64
Queloz	2008	232	58
Q.M.	2008	495	209
Quidditch	2008	501	106
Qutbl	2008	148	3
quelqu'un	2008	1287	646
Quattrocento	2008	1763	487
Quimbly	2008	104	4
Quimper	2008	1195	402
Quinlivan	2008	366	158
Quock	2008	224	44
Qurayza	2008	253	58
qualifica	2008	196	180
qualita	2008	286	186
quasireligious	2008	297	276
quemquam	2008	304	199
Qayan	2008	221	1
Qualitatsmanagement	2008	150	10
QuickStart	2008	193	78
Quickset	2008	190	63
qawl	2008	108	44
quayside	2008	2824	1257
questioner	2008	14812	9692
queues	2008	20475	5762
quieto	2008	207	146
quodcumque	2008	216	125
quotable	2008	2023	1646
qur'anic	2008	390	41
Qalam	2008	213	130
Qreek	2008	278	206
Quadrilaterals	2008	420	174
qu'ainsi	2008	109	93
quadrangular	2008	4881	2965
quadrans	2008	180	116
quandaries	2008	2140	1595
quest	2008	200763	68449
Qazis	2008	257	52
Quinin	2008	165	49
Quislings	2008	219	123
quaest	2008	203	97
quarries	2008	24335	9477
quicktime	2008	116	73
quinella	2008	131	18
quinolinic	2008	208	63
Quintets	2008	119	62
Quintum	2008	226	137
quadrantic	2008	110	44
Q2A	2008	113	76
QTP	2008	392	46
Qualifications	2008	15833	5003
Questio	2008	102	69
Quinsan	2008	204	20
Qur'anic	2008	10020	1005
quamquam	2008	580	259
quibbling	2008	3692	3087
Q.9	2008	274	107
QUENTIN	2008	352	183
Qinhuai	2008	125	26
Qvigstad	2008	579	18
qaum	2008	302	82
qu'est	2008	1147	699
quadrata	2008	356	153
quc	2008	118	70
quieren	2008	685	363
quietud	2008	121	67
Q'anil	2008	215	5
Qantir	2008	135	28
Querying	2008	2691	763
quantum	2008	168286	16703
quarantaine	2008	108	69
quautity	2008	114	108
QEC	2008	295	19
Quevenne	2008	154	51
Quilted	2008	396	199
Quinceañera	2008	226	35
Quli	2008	676	153
Qutab	2008	382	95
question.10	2008	102	100
quintic	2008	509	94
quoth	2008	33587	7407
qv.	2008	140	19
Q23	2008	435	130
QMV	2008	1459	153
Qaddafi	2008	5957	571
Qavam	2008	227	34
Qu	2008	10387	3030
Quare	2008	1504	780
Queensferry	2008	910	393
Quhilk	2008	187	86
Qurrah	2008	165	41
qual	2008	5124	2083
quema	2008	155	90
quiverings	2008	453	431
QUOTED	2008	542	378
Qtd	2008	2198	268
Quadtree	2008	173	62
QuickFacts	2008	118	67
Quinola	2008	893	42
quattrocento	2008	931	323
quebecois	2008	288	119
química	2008	165	72
Qafzeh	2008	162	45
Qsun	2008	262	10
Quadraat	2008	124	106
Quarum	2008	123	110
Quebec	2008	150430	17792
Quelccaya	2008	147	51
qingnian	2008	486	133
quatenus	2008	1459	532
querer	2008	976	324
QB	2008	9348	1114
QBC	2008	160	53
QQQQ	2008	362	94
Qa'im	2008	415	69
Qadeer	2008	784	293
Qar	2008	296	122
Qifeng	2008	102	30
Qoeen	2008	118	106
Quadragesimo	2008	711	197
Quintem	2008	253	4
quadrates	2008	158	107
quasiconcave	2008	101	33
querela	2008	395	259
quern	2008	6482	2938
quhen	2008	561	185
QUESTIONABLE	2008	237	163
Qayyim	2008	316	89
Quy	2008	792	207
quain	2008	135	94
quenching	2008	18659	6207
quotidiano	2008	277	158
Queed	2008	5491	51
Quinta	2008	2932	926
Quitter	2008	303	188
Quivira	2008	1185	259
quadrants	2008	12737	4813
quadrate	2008	1695	627
quadruplet	2008	295	168
qualia	2008	4337	620
quarantine	2008	27226	9457
querent	2008	660	115
QAC	2008	131	50
Quechuas	2008	212	100
Quotas	2008	3837	1431
Q'eqchi	2008	606	48
QSST	2008	1934	35
Qa'ida	2008	5060	376
Quinsigamond	2008	171	94
quelles	2008	884	570
quindi	2008	1307	259
quotidiennes	2008	156	73
QRS	2008	19834	750
QUIET	2008	2205	1459
Qingnian	2008	377	113
Qixia	2008	108	23
qu'elles	2008	3079	1148
quarantining	2008	885	626
quidditas	2008	159	79
qurra	2008	128	16
Q24	2008	279	121
QFOBI	2008	127	8
QUIT	2008	1566	801
Qs	2008	3168	1077
Qther	2008	107	101
Queenslander	2008	608	245
Quesnelle	2008	130	33
Quierzy	2008	105	24
Quizzical	2008	111	95
qingkuang	2008	150	77
qq.v.	2008	227	28
qt	2008	3296	1219
Qand	2008	189	131
Quarterbacks	2008	286	143
Quartile	2008	1609	376
Quiches	2008	293	106
Quiring	2008	304	107
qA	2008	264	120
qV	2008	120	65
quadriplegic	2008	1831	1015
quailing	2008	1296	1213
quantizing	2008	1179	333
quedaron	2008	199	139
QUEENS	2008	940	613
Qiyuan	2008	113	40
Qualifikation	2008	155	86
Quantitatively	2008	1237	920
Quint	2008	7209	1554
quaecunque	2008	177	144
quibusque	2008	116	85
Quraishi	2008	359	148
quadripartite	2008	1200	468
quarriers	2008	242	121
quean	2008	867	542
quintessential	2008	18305	11654
QCC	2008	313	58
Qaiyum	2008	111	19
Qh	2008	391	282
Quahog	2008	371	69
Quebecker	2008	125	84
Quickturn	2008	197	23
qnantity	2008	102	86
qne	2008	854	482
quique	2008	533	333
QUINCY	2008	887	402
Qualicum	2008	110	37
Quisara	2008	113	6
queans	2008	278	212
queje	2008	369	253
quotidien	2008	736	408
Q.7	2008	349	114
QI2	2008	116	9
Qaeda	2008	93112	6133
Quair	2008	481	183
Qualite	2008	153	69
Queechy	2008	147	84
Quia	2008	3814	1545
Quisco	2008	142	7
Quraish	2008	1535	146
q2	2008	3060	908
qs	2008	1311	681
quietened	2008	1699	1382
QH	2008	1348	446
Qadariyya	2008	107	19
Quevedo	2008	2604	743
Quharity	2008	236	28
Quilt	2008	5177	1166
Quintius	2008	449	183
qizilbash	2008	215	7
qnd	2008	131	121
quaaludes	2008	226	71
quantile	2008	5330	580
quartzy	2008	115	66
quaver	2008	4675	3160
quet	2008	369	264
quieras	2008	177	79
quipus	2008	417	125
Qingyuan	2008	303	68
Quibble	2008	269	70
Quintillian	2008	335	223
qe	2008	2575	464
qu'il	2008	38667	5748
quanli	2008	185	76
qud	2008	836	615
Quartette	2008	1060	352
Quesadilla	2008	129	61
Quiconque	2008	108	95
quadra	2008	311	210
quadrifids	2008	151	6
quibus	2008	11373	2921
quietnesse	2008	183	121
QRD	2008	117	20
Qadiani	2008	152	44
Qanat	2008	120	45
Quadrato	2008	109	36
Quadrille	2008	915	430
QuartermasterGeneral	2008	200	146
Querela	2008	238	147
Quilcene	2008	100	27
Quizquiz	2008	300	38
qu'apres	2008	159	137
quenchers	2008	498	250
quincentenary	2008	280	153
quitar	2008	222	115
Q9	2008	995	334
QLCC	2008	164	21
Quinotaur	2008	154	16
Quirites	2008	831	328
quantité	2008	1283	473
quidquam	2008	423	296
Qm	2008	1159	502
Quasi	2008	12410	4972
Queener	2008	144	46
quiry	2008	438	414
quivered	2008	37649	20008
QCT	2008	509	92
QUILTING	2008	124	54
Quandt	2008	2192	626
Quineey	2008	152	97
quand	2008	9359	3163
quesadilla	2008	426	241
quicktempered	2008	238	232
quoque	2008	8075	2793
QUIS	2008	169	100
Quidam	2008	718	305
Quirrell	2008	199	22
qRT	2008	977	138
quadroons	2008	527	394
qualmish	2008	306	291
quemque	2008	302	219
QDM	2008	197	25
QIU	2008	125	45
Qidong	2008	108	52
Quadrature	2008	1905	562
Quadros	2008	514	191
Qualcomm	2008	1889	558
Quynn	2008	278	26
quetzal	2008	872	331
quickest	2008	22649	17774
Qg	2008	479	254
Qingzhou	2008	120	43
Quarters	2008	13903	5134
Quick	2008	102697	34482
Quoniam	2008	1159	496
quantizer	2008	2007	197
quarterdeck	2008	5912	1984
quinaldine	2008	103	17
quincunxes	2008	159	89
Q.3	2008	653	185
Quaint	2008	1986	1590
Quillota	2008	315	62
Quintil	2008	143	69
qualitate	2008	256	153
quasi	2008	122179	35485
quiet	2008	1011183	138802
quilter	2008	893	282
QUAD	2008	338	166
Quenstedt	2008	281	94
Questione	2008	203	105
quadricepsplasty	2008	106	19
quietus	2008	2143	1802
Q.2	2008	936	213
QBE	2008	1081	209
QPF	2008	299	24
QTR	2008	162	30
Qawsun	2008	120	9
Quaglio	2008	130	44
Quansheng	2008	134	39
Quartermasters	2008	561	317
quagga	2008	1405	374
quaque	2008	235	151
qupai	2008	176	10
Q.17	2008	239	77
Qualifying	2008	6170	1969
q.	2008	17445	5164
qsave	2008	202	7
question.5	2008	140	136
quito	2008	691	515
quotes	2008	126190	45707
Q.1	2008	526	147
QMI	2008	115	25
Qasba	2008	108	28
Qiushi	2008	160	65
Quatrains	2008	401	188
Quintan	2008	655	293
q.12	2008	392	13
Q18	2008	339	138
Qaynuqa	2008	175	44
Qeshm	2008	171	38
Qingshan	2008	100	55
Quarrie	2008	207	83
Quazi	2008	148	78
Quelea	2008	184	27
Quixotism	2008	716	589
Quneitra	2008	102	43
quai	2008	2137	870
quiesce	2008	164	92
quispiam	2008	140	114
Q35	2008	119	70
QUB	2008	386	46
Qet	2008	139	104
Quantrill	2008	1841	281
Quehl	2008	111	18
qu'aucune	2008	206	164
quibblers	2008	182	167
quivering	2008	69479	32176
QoL	2008	3738	175
Quaracchi	2008	477	139
Qudsi	2008	219	85
Qui	2008	19948	8214
qubit	2008	3722	141
quince	2008	6619	2700
quinolone	2008	1282	338
QDIM	2008	118	16
QUANTIFICATION	2008	218	150
Quantile	2008	1034	250
Quinton	2008	4734	1052
quagmires	2008	2286	1973
quarrell	2008	445	280
QUASI	2008	646	386
Qaida	2008	7885	1138
Qer	2008	117	74
Qis	2008	237	152
Quai	2008	6089	2142
Quarmby	2008	487	89
Queenan	2008	259	123
Qur'ānic	2008	140	5
quaintnesses	2008	292	270
qualityof	2008	725	511
quarts	2008	21941	7941
quirk	2008	5556	4595
Q	2008	381706	41433
QTVR	2008	144	26
Queretaro	2008	2331	527
Quivered	2008	174	147
quarreled	2008	10497	7097
quibbler	2008	177	170
quickener	2008	277	250
quinceañera	2008	637	70
QUERY	2008	1676	437
Qd	2008	1275	615
Queensbridge	2008	118	41
Queenslanders	2008	560	230
Quella	2008	332	188
Ques	2008	849	291
Quoy	2008	312	119
qualit	2008	148	126
quedando	2008	130	93
quented	2008	112	111
québécois	2008	598	128
QCR	2008	116	26
QRA	2008	394	66
Qual	2008	4621	1326
Quartodeciman	2008	276	86
Quirinal	2008	2602	1016
Quodlibet	2008	437	151
Qurtubi	2008	230	89
quie	2008	178	136
quirement	2008	212	195
quitclaimed	2008	178	85
QoP	2008	150	21
Quantenmechanik	2008	193	86
Quatrano	2008	116	51
qS	2008	189	85
qualif1ed	2008	112	88
queller	2008	219	193
Qingshi	2008	167	60
Qissa	2008	175	35
Quil	2008	154	54
Quirinale	2008	461	172
quaintness	2008	5141	4049
quelle	2008	6257	2455
quinate	2008	143	37
Quieres	2008	163	87
Quiller	2008	1559	612
quadratrix	2008	235	38
quinquenervia	2008	114	32
Quartermaster	2008	14724	3463
Qunzhong	2008	107	42
quasiexperimental	2008	811	447
Quina	2008	437	163
quadrifolia	2008	156	104
questionability	2008	153	100
QUORUM	2008	277	203
Qianli	2008	129	14
Quenta	2008	200	11
qanats	2008	305	84
quse	2008	682	382
QEM	2008	117	26
Quantus	2008	114	97
Querencia	2008	182	24
Quillaja	2008	101	43
quaintance	2008	490	463
quarry	2008	57284	22336
quately	2008	159	155
quinquennium	2008	658	226
quipos	2008	119	39
quizzingly	2008	166	141
quoc	2008	177	70
Q.C.	2008	2520	1129
QWERTY	2008	1571	484
Qnincy	2008	183	159
Quilter	2008	1438	349
Quondam	2008	512	179
qE	2008	400	110
qae	2008	131	105
quintain	2008	753	236
Q.H.	2008	182	119
QTIP	2008	2799	95
Qabala	2008	150	33
Qassim	2008	956	184
Quartic	2008	144	68
Queued	2008	326	142
Quhen	2008	163	96
qood	2008	156	140
queendom	2008	263	176
quencies	2008	127	116
quieted	2008	25841	18732
Q.15	2008	306	94
Q38	2008	114	75
QDI	2008	154	26
Quammen	2008	605	170
Querns	2008	120	88
Quetzales	2008	107	21
quis	2008	6810	2361
QRT	2008	409	68
qu'ici	2008	102	89
quemdam	2008	185	127
quits	2008	17839	12944
quiver'd	2008	178	136
quovis	2008	461	242
Q.23	2008	133	50
Quarto	2008	4597	1475
Quebrada	2008	1172	200
QueryStatus	2008	102	6
Qwerty	2008	147	79
quaker	2008	1839	1039
quasipublic	2008	211	179
quat	2008	445	234
quelling	2008	5263	4458
QALYs	2008	1337	197
Quirin	2008	1663	281
quadratum	2008	308	116
questionable	2008	101968	51040
quietis	2008	156	128
QFE	2008	144	33
QMA	2008	112	32
Quentin	2008	41506	7106
Quintessenz	2008	112	70
Quitman	2008	3927	567
Quotation	2008	8195	3445
quaggy	2008	187	140
quazepam	2008	153	45
qubits	2008	2279	154
quenched	2008	29201	16899
QFD	2008	2004	243
QNH	2008	120	21
Quatorze	2008	1406	1011
Qub	2008	177	96
Queisser	2008	201	64
qiche	2008	102	12
Q.T.	2008	267	183
QIB	2008	147	25
QIM	2008	426	56
QIN	2008	198	70
Qahir	2008	131	56
Qiyas	2008	271	85
Quale	2008	895	453
Quatieri	2008	234	31
QuickBase	2008	115	23
Quicksort	2008	615	93
Quintanar	2008	124	71
qualitycontrol	2008	135	122
quartic	2008	1039	287
querelles	2008	220	174
quintessentially	2008	6586	4739
quitte	2008	617	452
Qaytbay	2008	193	26
Quadripartite	2008	283	111
Quattrocchi	2008	476	72
Quicumque	2008	122	96
Quignon	2008	250	105
Quilla	2008	728	65
qalam	2008	124	68
quarter	2008	670371	128979
Q.22	2008	166	65
QA	2008	11587	1922
QIOs	2008	141	29
Qatna	2008	221	41
Querouaille	2008	190	105
Quileute	2008	316	63
Quiltmaking	2008	105	37
Quiverfull	2008	103	15
q23	2008	226	85
quarrellers	2008	100	92
question.2	2008	228	215
quil	2008	732	290
Qadi	2008	1741	337
Quaderno	2008	220	109
Quadrivalent	2008	125	61
Quadrupeds	2008	1507	636
Quay	2008	11623	3465
Quieted	2008	133	113
quaesumus	2008	253	93
quatro	2008	824	366
quebrar	2008	160	73
quiescent	2008	18538	9395
quinone	2008	3545	582
QJ	2008	1088	473
Qu'est	2008	2651	1397
Quanta	2008	1496	754
Quetelet	2008	2004	560
Quidquid	2008	415	318
Quintilius	2008	401	183
Qumranites	2008	162	48
qiyas	2008	544	163
quanta	2008	8938	2322
quarterpast	2008	132	128
quasigovernmental	2008	184	163
quate	2008	674	605
quhiche	2008	115	9
quite	2008	3735948	185523
QUEUE	2008	678	147
QUINCE	2008	821	203
Quashee	2008	709	88
Quire	2008	959	491
Quotable	2008	699	310
q22	2008	309	108
quantités	2008	201	88
querors	2008	153	149
QI	2008	4459	515
QTL	2008	8913	353
QVC	2008	2395	355
QY	2008	487	204
Qualifies	2008	312	184
Questions	2008	239242	47043
Quet	2008	113	68
Quinette	2008	145	46
Quit	2008	17792	9156
qisas	2008	276	78
quena	2008	217	66
QMS	2008	2468	248
QUANTUM	2008	994	472
Quando	2008	2771	1212
Questioning	2008	11518	6425
Quis	2008	2749	1467
quah	2008	181	78
quats	2008	153	32
quietest	2008	6158	5371
Qayyum	2008	396	124
Quarternight	2008	139	5
Québécois	2008	1452	274
qawwali	2008	253	72
quasiexperiments	2008	138	81
quella	2008	5311	924
quiches	2008	480	345
quiries	2008	213	213
quyte	2008	113	76
Qinghai	2008	5460	678
Quantin	2008	374	145
Quiescence	2008	436	313
Quistclose	2008	482	18
q.d.	2008	413	103
qry	2008	131	37
quadretto	2008	109	19
quaintest	2008	1834	1612
quantification	2008	33970	8681
quest'ultima	2008	104	43
Quyen	2008	760	111
Qaysar	2008	100	16
QoS	2008	36956	954
Quotient	2008	3753	1289
qN	2008	134	66
QSS	2008	268	108
Quadagno	2008	963	240
Queste	2008	940	235
Quita	2008	837	62
Quotidian	2008	389	239
qth	2008	438	210
quinsy	2008	1047	763
quus	2008	147	36
QUALIFY	2008	174	122
Qashqa'i	2008	129	26
Queenship	2008	590	220
Quintessentially	2008	124	100
Quomodo	2008	869	408
qtal	2008	292	3
quack	2008	14678	8335
quasiclassical	2008	184	46
querier	2008	303	43
quey	2008	115	70
quickfiring	2008	101	91
Quadric	2008	176	49
qo	2008	964	609
qualifiers	2008	4332	2403
quantitative	2008	224144	33008
Q6	2008	1548	478
QIAamp	2008	189	46
QUITE	2008	1621	1148
Qi	2008	21319	3791
Qingyun	2008	104	44
Qu'en	2008	297	238
Quayside	2008	299	222
Quickbird	2008	397	73
Quijote	2008	3327	432
quadrature	2008	10126	1533
quelquefois	2008	1201	684
quizás	2008	280	124
QIA	2008	136	41
Qadis	2008	298	113
Qichen	2008	593	144
Quebeo	2008	109	75
Quintet	2008	3340	791
Quintiliani	2008	102	61
Quirinalis	2008	179	89
quadrupeds	2008	11444	4764
quartern	2008	1431	990
qubba	2008	153	36
quintile	2008	9224	1255
Q2AMEDIA	2008	203	43
QNames	2008	220	11
Queen's	2008	133	115
Quicunque	2008	318	199
quantificational	2008	2032	260
quantitive	2008	317	265
QRPs	2008	108	7
QUARTZ	2008	1114	203
QuickFill	2008	105	5
Quinapril	2008	165	87
Quinctilis	2008	143	37
quercifolia	2008	132	75
quinol	2008	348	92
quinquenniad	2008	103	7
QWs	2008	1316	58
Qk	2008	669	256
Queuing	2008	2548	780
qazi	2008	301	80
QAE	2008	119	22
QNEW	2008	125	15
QSPEs	2008	100	13
QUARTS	2008	117	59
Quays	2008	797	426
Queenly	2008	223	177
Quetzal	2008	823	250
Quinceanera	2008	164	73
Qumran	2008	15239	1007
quies	2008	544	412
QKD	2008	356	20
Qizilbash	2008	524	129
Quantizing	2008	216	88
Quarrelling	2008	389	338
Quarterlies	2008	285	210
Quasispecies	2008	162	24
Quincel	2008	100	5
Quintette	2008	383	118
qodesh	2008	103	45
qtl	2008	724	49
quadrupedal	2008	928	466
quarterbacking	2008	379	299
questionand	2008	307	289
quodcunque	2008	192	158
QVT	2008	701	74
Quatemalan	2008	131	3
Quinault	2008	1582	411
Quixada	2008	341	66
quiconque	2008	280	199
Quader	2008	187	77
Quamquam	2008	200	147
Quilters	2008	612	130
Quintano	2008	101	32
quamuis	2008	270	78
QED	2008	2370	713
Qad	2008	105	61
Queiros	2008	267	72
Quinine	2008	3673	1580
q3	2008	554	260
quantifier	2008	8012	964
quasicontinuous	2008	106	65
quasicrystals	2008	545	78
quel	2008	8595	3131
quintessence	2008	8487	6164
Q.21	2008	179	61
QC	2008	13621	2837
Quarai	2008	170	40
Quince	2008	5475	1429
Qunying	2008	161	16
Quousque	2008	113	91
q.v.	2008	12736	888
qq	2008	776	364
quadripolar	2008	211	60
quam	2008	35342	6135
quarto	2008	15933	6598
Q.C	2008	216	111
QASK	2008	276	10
Queensboro	2008	389	204
quas	2008	4623	1730
Qingyang	2008	350	41
Quesenberry	2008	526	237
Questia	2008	166	70
Quiksilver	2008	207	63
Quisante	2008	1320	14
qon	2008	114	24
quels	2008	832	556
QSPE	2008	457	21
Qarnain	2008	338	15
Quadrivium	2008	538	261
Quinsy	2008	333	196
Quok	2008	204	14
q1	2008	1942	659
qualifying	2008	57214	19287
quarterfinals	2008	526	225
Q.E.D.	2008	2821	508
QUA	2008	485	222
Qualifi	2008	314	12
Quimby	2008	7082	728
Quiros	2008	2070	481
QulT	2008	119	3
queasiness	2008	1338	1139
QMG	2008	173	51
QST	2008	611	100
Qilian	2008	409	69
Qood	2008	298	243
Qu'il	2008	998	646
Qualität	2008	732	310
Quarreling	2008	273	224
Quoi	2008	1149	564
qT	2008	190	75
quadro	2008	1489	344
quedar	2008	329	184
quodammodo	2008	624	355
Quangos	2008	234	77
Quen	2008	739	180
Quietness	2008	648	531
Quizon	2008	127	44
qualche	2008	2363	570
qualunque	2008	458	216
questionbegging	2008	175	121
quills	2008	12539	6219
QSI	2008	350	46
QSP	2008	459	45
Qualm	2008	202	65
Quételet	2008	111	19
quhilk	2008	2292	261
Q.What	2008	163	17
Quasthoff	2008	240	65
Querist	2008	306	145
Quisiera	2008	129	78
Quotidien	2008	341	178
quaestio	2008	1206	467
quando	2008	9433	2383
queenship	2008	719	340
quilting	2008	8603	2608
quolibet	2008	701	299
qz	2008	436	133
QAR	2008	525	128
QUANTA	2008	110	60
Qandahar	2008	383	97
Qld	2008	2807	519
Quantifiers	2008	810	320
Quantize	2008	298	47
Que	2008	23079	8453
Quinebaug	2008	180	45
quarryman	2008	889	504
quicklj	2008	106	105
quicksteps	2008	108	97
QEMU	2008	738	42
Qabalah	2008	961	146
Qods	2008	613	158
Quibus	2008	776	483
Quilts	2008	1860	543
quamlibet	2008	207	135
quay	2008	29291	9936
Qaid	2008	229	99
Qemu	2008	122	21
Quienes	2008	126	72
Quinia	2008	160	44
Quispel	2008	698	102
quantitas	2008	433	130
quenes	2008	223	79
question'd	2008	275	212
questions.1	2008	192	186
quum	2008	2362	885
Q.28	2008	100	49
QIAGEN	2008	294	136
Qadisiyya	2008	158	65
Quisqueya	2008	154	56
Qurong	2008	458	6
q24	2008	243	115
queenlike	2008	247	225
quietnes	2008	114	89
Quarantelli	2008	423	96
Quels	2008	430	315
Quirt	2008	511	129
question.7	2008	117	117
qunzhong	2008	115	49
Q19	2008	340	155
Qinghong	2008	219	86
Quarter	2008	46771	15888
Querétaro	2008	567	115
QuickBooks	2008	12417	405
Quién	2008	825	263
Quotients	2008	383	148
quency	2008	738	588
quita	2008	223	173
Quackenbush	2008	1192	418
Quaegebeur	2008	204	63
Quds	2008	2421	612
Quelquefois	2008	142	122
Quincentenary	2008	223	128
qiu	2008	298	122
quarternary	2008	249	180
quetzals	2008	240	94
quibbles	2008	3124	2677
quip	2008	5799	4687
quittances	2008	101	62
quixotically	2008	370	347
quranic	2008	177	39
QNX	2008	139	58
qasba	2008	109	35
qualitv	2008	616	266
quinolines	2008	102	61
quonset	2008	104	79
QLI	2008	221	27
Qarase	2008	365	43
Qiq	2008	176	13
QoC	2008	425	13
Qom	2008	2291	437
Quadrumana	2008	395	194
Questors	2008	155	47
Quincannon	2008	295	21
quandary	2008	12065	9356
quantums	2008	112	63
quemar	2008	113	87
QUOTATION	2008	617	307
Quadrangle	2008	4420	1996
Quantificational	2008	129	39
Queremos	2008	135	73
Querner	2008	127	32
Quezon	2008	12491	847
Quintiles	2008	454	205
quasimilitary	2008	137	129
qx	2008	661	264
Quais	2008	241	140
Qualitäten	2008	108	68
Queant	2008	147	44
Queen	2008	750973	82800
quelqu	2008	100	80
quilombos	2008	337	113
quinquennalis	2008	118	16
QCSE	2008	149	22
QHG	2008	175	22
QTI	2008	363	35
Quade	2008	2671	298
Queensway	2008	379	208
qi	2008	16551	2405
qian	2008	743	273
quadroon	2008	2356	955
quaesita	2008	114	90
quantifying	2008	13909	7328
quibbled	2008	651	615
Qanuary	2008	197	151
Qualis	2008	475	365
Quantocks	2008	500	149
Quashia	2008	102	5
Quattro	2008	2631	976
Queries	2008	14494	4442
quintette	2008	290	211
Q12	2008	735	282
QPX	2008	123	10
QUALIFYING	2008	363	193
Qadmoniot	2008	154	35
Quieting	2008	451	317
Quintero	2008	2528	775
quere	2008	236	164
Quiberon	2008	1696	582
qabalistic	2008	110	14
quenelles	2008	502	114
quoll	2008	139	63
QCD	2008	3719	205
Qalb	2008	135	44
Qpheleth	2008	394	8
Quain	2008	1199	394
Quanah	2008	1189	161
Quantum	2008	37760	5837
Quarrington	2008	106	42
Quastel	2008	119	25
Queering	2008	1440	574
Quesnel	2008	1316	425
Queueing	2008	1858	274
Quille	2008	442	106
Qutubuddin	2008	122	44
qadar	2008	166	62
quaelibet	2008	294	127
quaerunt	2008	115	93
qualified	2008	344077	81254
qualifier	2008	5905	3258
quarterback	2008	22004	4055
questioneth	2008	125	73
quipped	2008	12583	7032
quoniam	2008	3414	1105
QUESTlONS	2008	113	28
Qadiriyya	2008	562	120
Qijia	2008	339	15
Quandaries	2008	211	155
Quatrain	2008	422	182
Qumul	2008	113	10
qipao	2008	669	80
qno	2008	109	90
question.4	2008	199	191
quiett	2008	159	101
quoting	2008	89074	41905
QAs	2008	257	21
QEP	2008	338	31
QHZ	2008	106	26
QRW	2008	367	34
Quaglia	2008	491	165
Quatre	2008	6047	2390
Quinsey	2008	1375	241
Quizzer	2008	342	27
Quiénes	2008	103	67
quinquefasciatus	2008	697	69
QEII	2008	189	70
QSOs	2008	410	44
qissa	2008	128	24
qualsivoglia	2008	145	41
query.nytimes.com	2008	105	90
questionis	2008	130	117
quhair	2008	513	140
Q1A	2008	132	32
QIC	2008	286	142
QING	2008	206	106
Qiblah	2008	104	61
Quasistatic	2008	110	56
quartiere	2008	262	106
queerer	2008	1635	1331
quei	2008	1025	391
Q3	2008	7023	1832
Q8	2008	1071	374
Quadratic	2008	4179	1285
Quepos	2008	514	43
Quercia	2008	780	224
Quesnay	2008	2195	528
Queues	2008	2754	788
Quinquina	2008	107	73
quadruplex	2008	591	194
quaestores	2008	130	35
quantized	2008	7341	1299
quasisteady	2008	137	81
quintus	2008	177	123
QAP	2008	681	136
Qalat	2008	269	105
Quartered	2008	479	318
Quijada	2008	744	133
Quincy	2008	51333	9728
Quonab	2008	842	6
qnarter	2008	112	106
qualité	2008	2465	726
quarther	2008	107	80
quaysides	2008	134	108
quinoline	2008	1325	379
quotients	2008	2974	1249
QUASAR	2008	233	65
QUIN	2008	317	119
Quashing	2008	154	92
Queendom	2008	102	57
Quran	2008	30247	2584
quassia	2008	735	407
quatrefoil	2008	1029	441
queritur	2008	159	94
qui	2008	229560	25671
quit	2008	227876	71802
QUANTITATIVE	2008	1493	802
Quaestionum	2008	169	93
Questiones	2008	577	173
qada	2008	172	61
quamdam	2008	169	119
quandoque	2008	769	320
quia	2008	23689	4132
Q45	2008	108	89
Quanqiuhua	2008	357	44
Quee	2008	332	176
quaindy	2008	338	324
quixotism	2008	347	269
Q.B.	2008	2370	334
QUEUEING	2008	117	20
Qalawun	2008	252	42
Qayyumu'l	2008	142	5
Qichao	2008	1312	206
Qirui	2008	227	46
Qouta	2008	105	28
Quarried	2008	134	94
Quemado	2008	290	111
Questionnaire	2008	32697	5934
Qureshi	2008	3183	1013
Qusayr	2008	135	33
qtrly	2008	155	3
quadratojugal	2008	125	22
quads	2008	3475	1190
quoquam	2008	123	87
qute	2008	171	149
QLD	2008	1278	391
QPR	2008	236	90
QoE	2008	635	61
Querida	2008	1631	182
Quesney	2008	217	58
qad	2008	173	62
quedarse	2008	222	106
queueing	2008	5284	557
quisquis	2008	488	359
qv	2008	6557	331
Qalqilya	2008	486	85
Quinnox	2008	1855	37
Quispe	2008	892	144
qu'à	2008	2874	925
qualis	2008	1174	727
quier	2008	191	124
QPE	2008	122	16
Qawwali	2008	143	70
Quapaws	2008	348	89
Queerest	2008	108	98
Querino	2008	150	29
q.s.	2008	213	54
quarterfinal	2008	255	136
quickset	2008	777	678
quiek	2008	145	129
quieti	2008	182	132
Qantara	2008	195	78
Quiedy	2008	239	215
qat	2008	621	169
quadrangles	2008	1843	1200
quantiles	2008	2519	445
quiok	2008	134	115
QUAKER	2008	425	268
Qualen	2008	172	65
Qualifier	2008	827	223
Queerly	2008	269	211
Quesadillas	2008	296	103
Quilling	2008	229	47
Quintas	2008	339	169
Quizzed	2008	102	79
qC	2008	159	65
qualifiedly	2008	169	117
quaranta	2008	191	109
quickenings	2008	131	110
QSAR	2008	3250	222
QTC	2008	139	62
Qisheng	2008	196	22
Quasars	2008	382	146
Quassia	2008	414	181
Queux	2008	842	282
quavery	2008	407	365
quieten	2008	1579	1291
Quilled	2008	154	43
Quinct	2008	189	111
Quot	2008	410	315
quamvis	2008	1831	824
quickens	2008	7335	5869
quisquam	2008	828	463
QUARRY	2008	352	193
Qazvini	2008	242	50
Quah	2008	1220	298
Quantizer	2008	260	98
Quatie	2008	134	19
Quijos	2008	158	32
Quum	2008	729	373
qts	2008	595	204
quacked	2008	731	601
quietude	2008	11041	7474
quirkily	2008	154	147
Q20	2008	395	181
Quaresma	2008	169	82
Quintinie	2008	160	44
Qutayba	2008	610	74
quires	2008	2844	2002
quixotic	2008	7148	5477
quizmaster	2008	102	68
QIP	2008	229	77
Qishan	2008	198	60
Quadrophenia	2008	441	71
Quaestio	2008	842	252
Quenk	2008	162	67
quaestionem	2008	325	106
quarterbacks	2008	3268	852
queerish	2008	265	217
questor	2008	150	95
qut	2008	605	212
QUAY	2008	194	138
Qiming	2008	125	57
Qinding	2008	254	24
Quatro	2008	1089	245
Quezada	2008	538	227
Quib	2008	196	23
Quicke	2008	488	117
q.24	2008	247	8
qatal	2008	306	25
qualcosa	2008	494	137
quartiers	2008	1097	437
quenchless	2008	1730	1387
quotannis	2008	152	112
QUITTING	2008	119	103
Qaradawi	2008	1488	229
Qtd.	2008	171	83
Quantification	2008	9229	3245
Quevauviller	2008	318	39
Quiggle	2008	460	53
Quiñonez	2008	118	33
Qur.	2008	391	12
qmax	2008	195	85
quadrillion	2008	1373	699
quaeritur	2008	343	157
qw	2008	351	153
Quadrilles	2008	313	177
Quedy	2008	106	1
quinque	2008	2174	906
Quickie	2008	472	212
Quittner	2008	290	97
Qurra	2008	253	72
queuing	2008	10879	3805
quib	2008	128	37
Q.F.	2008	103	70
QBIC	2008	153	46
QUE	2008	1276	644
QUT	2008	320	143
Quad	2008	6454	2029
Quhele	2008	368	24
Quimbo	2008	234	43
qu'ils	2008	10615	2368
quedaba	2008	186	97
quidnunc	2008	125	113
quot	2008	1441	839
quoties	2008	704	455
Qinling	2008	450	77
Quakerism	2008	5350	1480
Quinion	2008	195	48
Quintino	2008	205	108
Quly	2008	493	375
quaeris	2008	193	135
quincunx	2008	1184	476
quocumque	2008	511	245
quos	2008	6269	2278
Q4	2008	4493	1215
QRF	2008	629	99
Quantifying	2008	4515	2737
Queensmead	2008	146	2
Quits	2008	1349	1001
Qyo	2008	118	10
quatres	2008	143	110
queso	2008	1031	389
quinquina	2008	231	148
quod	2008	78335	8234
Qawi	2008	730	23
Qr	2008	1612	792
Quene	2008	1317	314
Quill	2008	7523	2466
Quinnipiac	2008	949	307
quaffs	2008	468	445
quantity7	2008	774	638
quer	2008	968	562
quién	2008	1023	291
quotative	2008	1380	121
Q.10	2008	539	133
Q.J.	2008	275	148
Q25	2008	256	117
QSC	2008	214	71
QSPR	2008	344	68
QUINCES	2008	119	60
Qadiriya	2008	188	59
Qatari	2008	1919	337
Quadruple	2008	2063	859
Querne	2008	159	43
Quesne	2008	1190	377
Quinny	2008	156	23
Quon	2008	593	196
Quota	2008	5885	1726
qI	2008	124	58
qos	2008	655	102
qualitative	2008	207416	29921
quantos	2008	173	120
queridos	2008	104	67
querulous	2008	10714	8019
queued	2008	4793	2597
quirkiness	2008	664	602
quittor	2008	114	31
QUAKERS	2008	476	277
Qiangtang	2008	210	23
Qudra	2008	109	16
Quoted	2008	94792	17596
questiou	2008	216	204
quintuplets	2008	418	291
QDROs	2008	270	34
QWB	2008	127	28
Qrunmila	2008	204	5
Queeu	2008	163	149
Quetzalcoatl	2008	5282	817
qanun	2008	346	117
quackgrass	2008	140	41
quarterage	2008	269	108
quincha	2008	104	19
Qll	2008	124	83
Quarryman	2008	120	34
Quatrième	2008	265	92
Quere	2008	618	313
Queylus	2008	146	20
Quicherat	2008	372	100
Quickbooks	2008	100	75
Qur'dn	2008	262	68
question.3	2008	186	179
questão	2008	299	98
quity	2008	239	224
quizzed	2008	5954	4493
QQQ	2008	700	156
Qaujimajatuqangit	2008	240	23
QoD	2008	100	7
Quaile	2008	105	60
Qassam	2008	1626	242
Queens	2008	37479	13877
Questier	2008	533	105
Question	2008	198956	40548
Quinquagesima	2008	339	219
Quintilianus	2008	251	146
quan	2008	3570	1538
quefrency	2008	114	16
Qen	2008	266	184
Qida	2008	169	25
Quantitation	2008	1677	713
quadrennial	2008	1387	839
QUEBEC	2008	1369	650
Qahtani	2008	1348	133
Qie	2008	131	93
Quadrilogue	2008	169	18
Qualman	2008	104	40
Quili	2008	170	4
quanqiuhua	2008	255	15
quatre	2008	7703	2864
QUIETLY	2008	243	185
Qawasim	2008	502	27
Qingming	2008	265	116
Qreat	2008	643	484
Qtr	2008	333	158
qnidem	2008	117	88
quaestor	2008	2319	536
quho	2008	386	72
quizzically	2008	9515	6627
Q.8	2008	292	105
QALY	2008	1789	227
QSL	2008	326	57
QUOTA	2008	337	137
Querini	2008	724	145
quartette	2008	4033	2501
quilling	2008	809	159
quinnat	2008	174	42
QRE	2008	232	21
Qiva	2008	100	19
Quelen	2008	141	39
Quintuple	2008	204	104
Quinze	2008	1971	1224
quantiser	2008	295	16
quelled	2008	11628	9272
quoins	2008	1388	600
Q.R.	2008	138	94
QPC	2008	301	88
QPs	2008	211	50
Qattara	2008	213	69
Qilu	2008	174	53
Quae	2008	2813	1455
Quaglino	2008	156	78
Quataert	2008	837	205
Quekett	2008	348	123
Quodsi	2008	120	73
quadam	2008	1357	823
quería	2008	716	244
quinolones	2008	1481	378
QUAM	2008	129	92
Qadaffi	2008	117	62
Qatada	2008	641	105
Qero	2008	120	11
Qin	2008	16625	2855
Qissat	2008	101	44
Quadriplegic	2008	107	56
Quaternion	2008	277	99
Questi	2008	429	218
Quinctius	2008	1568	314
quatuor	2008	2632	1057
quemlibet	2008	146	99
quha	2008	747	151
quillwork	2008	272	103
QIBs	2008	239	31
QUESTIONNAIRES	2008	248	160
Quaintly	2008	149	143
Quaresima	2008	168	83
Quarternary	2008	263	174
Quixtus	2008	679	1
q.2	2008	111	39
qtd	2008	3875	778
quanguo	2008	327	108
quaveringly	2008	296	283
quebecoise	2008	229	68
quently	2008	3736	3406
QATAR	2008	255	135
Quadi	2008	586	210
Quartus	2008	582	257
quarantined	2008	4693	3129
quaternaries	2008	108	54
queste	2008	2156	537
QDOT	2008	451	31
Qan	2008	314	152
Qari	2008	288	121
Quadrilateral	2008	2085	719
Quhat	2008	107	63
Quinley	2008	204	50
qabel	2008	140	3
Q.24	2008	135	55
Qaim	2008	463	137
Qasim	2008	7447	1063
Quaritch	2008	1687	496
Quinean	2008	677	161
Qulij	2008	156	2
quingentesimo	2008	183	55
QAT	2008	209	35
QE2	2008	246	169
QUOT	2008	110	33
QURAN	2008	125	61
Quatremere	2008	441	185
Quieter	2008	492	398
Quirico	2008	416	117
Quoc	2008	1425	313
Quotations	2008	12903	6471
qnality	2008	103	90
qnoted	2008	137	123
quality	2008	2036006	155033
quartett	2008	213	109
querying	2008	12374	3493
questa	2008	6527	1094
questioningly	2008	9415	6004
quig	2008	103	22
Q11	2008	432	175
QUESTIONNAIRE	2008	1349	711
Qala	2008	950	129
Qarnayn	2008	128	45
Qu'ils	2008	214	177
Qualche	2008	160	115
Quantifier	2008	687	260
Quickly	2008	38704	20154
Qul	2008	193	45
quebrado	2008	160	73
quickly	2008	1813769	183281
QO	2008	869	470
QUADRATIC	2008	182	86
qn	2008	1332	866
quantal	2008	1856	285
quibuscunque	2008	259	126
quinic	2008	214	102
QUEER	2008	1265	644
Qili	2008	164	43
Quha	2008	134	74
Quie	2008	274	57
Quirino	2008	1167	288
Quirra	2008	101	9
Quoyle	2008	114	15
quaestorship	2008	435	187
quarrelled	2008	26396	14854
quartets	2008	6421	1970
quieting	2008	9088	7312
quirt	2008	1961	786
qur	2008	212	179
QID	2008	492	144
QPAI	2008	802	29
QUARREL	2008	971	632
Qualified	2008	19717	4273
Qualities	2008	12760	5902
Quarrymen	2008	287	108
Quattrone	2008	559	180
Questionaire	2008	135	64
Quinctilian	2008	380	249
Quodlibets	2008	104	48
Quoin	2008	482	156
quaecumque	2008	417	225
qualifié	2008	410	131
qualitied	2008	111	36
quantitativen	2008	143	107
questi	2008	2707	675
quiescently	2008	200	147
QUIXOTE	2008	529	194
Qibla	2008	469	159
Queried	2008	198	156
Quichua	2008	2147	262
quadruple	2008	9968	6688
queasily	2008	217	202
quidquid	2008	1134	583
quiets	2008	2443	2054
quitting	2008	42576	22989
quoe	2008	105	87
quæ	2008	208	114
QL	2008	2980	722
Quandary	2008	815	504
Quarts	2008	721	387
Quiney	2008	1956	451
Qwaqwa	2008	108	27
qualm	2008	4421	3650
quickwitted	2008	612	579
quitté	2008	230	159
Q.12	2008	423	108
QGP	2008	363	19
Quartalschrift	2008	359	175
Qubits	2008	117	42
Quickstart	2008	109	41
QuietComfort	2008	114	22
Quimpo	2008	145	23
q.t.	2008	102	84
quinte	2008	278	112
QH2	2008	237	40
QQ.	2008	102	13
QuickTips	2008	120	4
Qushayri	2008	199	53
quality7	2008	1055	916
queremos	2008	320	201
quieter	2008	31391	21949
quiff	2008	406	288
QBER	2008	167	4
Qaab	2008	114	14
Queensland	2008	55294	8187
Queenston	2008	2293	697
Quincentennial	2008	187	115
quietiy	2008	2781	2250
quietly	2008	559681	107172
Q36	2008	129	77
QUATERNARY	2008	225	104
Qaiser	2008	110	43
Qu'ran	2008	1342	458
Quinoline	2008	352	167
Quirk	2008	7411	1681
Qune	2008	339	253
quag	2008	287	249
quoted	2008	498136	94443
Q.S.	2008	348	116
QFA	2008	125	14
Qbatala	2008	115	4
Qingguo	2008	128	58
Qiye	2008	161	58
Quantas	2008	124	83
Qubit	2008	164	39
Quel	2008	3331	1942
Quodlibeta	2008	197	68
quid	2008	32265	13433
qur'an	2008	112	52
QK	2008	703	155
QUR'AN	2008	279	102
Quarr	2008	214	54
Quex	2008	850	102
quashes	2008	262	246
quintuplet	2008	134	85
Q'eros	2008	231	11
QDs	2008	6306	153
QML	2008	179	52
Qingling	2008	376	90
Quiquijana	2008	106	12
qb	2008	319	179
qu'après	2008	461	255
qu'y	2008	112	103
quantitatis	2008	194	76
QV	2008	2449	322
Qabas	2008	122	45
Qcrit	2008	129	7
Quaestors	2008	268	106
Quintavalle	2008	249	96
qf	2008	8413	4917
quaggas	2008	585	134
quap	2008	303	25
quence	2008	1843	1710
quise	2008	174	113
Quik	2008	574	238
quadri	2008	821	310
quarta	2008	1013	509
Quartermaine	2008	259	80
Quibbles	2008	145	83
Quinisext	2008	119	44
q11	2008	137	85
qualités	2008	670	353
quebrada	2008	373	151
Qebui	2008	154	7
Quechua	2008	6655	1004
Qur'an	2008	63270	2994
qu'U	2008	144	111
quakings	2008	255	237
quali	2008	5658	2003
quickies	2008	439	309
quinapril	2008	228	97
qutb	2008	198	65
Qabus	2008	245	67
Qadesh	2008	354	87
Qata	2008	137	74
Qinhuangdao	2008	179	81
Quipu	2008	160	92
quaere	2008	709	266
quasars	2008	3007	427
quasiequilibrium	2008	115	63
queenliness	2008	305	285
quered	2008	427	411
quotidiana	2008	356	216
QJM	2008	209	128
Qf	2008	2360	1590
Quixotte	2008	109	90
qnietly	2008	106	101
quailed	2008	7566	6069
qualiWcation	2008	109	43
quatrain	2008	5241	2091
quays	2008	10516	5436
quinonoid	2008	125	33
QTOF	2008	314	60
QZ	2008	233	144
Qmax	2008	451	128
Queenhithe	2008	326	156
Queiroz	2008	1252	394
Quicksands	2008	1004	145
quacunque	2008	217	160
qualem	2008	359	295
queenly	2008	8000	5514
Qubbat	2008	149	68
Queenscliff	2008	253	81
Quintrell	2008	101	21
qalandar	2008	106	36
quadrilaterals	2008	1856	566
qualitas	2008	375	185
questore	2008	119	17
quirks	2008	7659	5927
QDII	2008	190	33
Quayle	2008	7040	1501
Queanbeyan	2008	214	71
Quetzalcoad	2008	169	36
qB	2008	155	73
qnestion	2008	498	387
quaestionis	2008	263	122
quagmire	2008	9853	7371
quail	2008	27733	11592
quidem	2008	10290	2510
Qadian	2008	283	71
Qali	2008	148	27
Qij	2008	129	74
Qmin	2008	131	38
Qutb	2008	8714	867
quantitie	2008	676	275
quanto	2008	5916	1488
questio	2008	339	192
quieta	2008	309	248
Q.	2008	205783	25597
QUARTER	2008	1922	1042
QUOD	2008	172	119
Quadrate	2008	297	141
Quian	2008	165	77
Quins	2008	133	70
quadrato	2008	197	111
quartam	2008	161	116
quins	2008	107	83
Q.25	2008	128	60
QANTAS	2008	133	48
QIDS	2008	119	13
Quarrier	2008	4944	92
Quartilla	2008	165	18
Quennell	2008	407	178
Quindi	2008	173	80
qadim	2008	114	57
quaa	2008	121	90
quegli	2008	459	172
questionnaire	2008	108625	17156
QIT	2008	485	60
Queequeg	2008	3040	220
Quenes	2008	364	106
Questionable	2008	2118	1458
quaderno	2008	101	52
quilt	2008	42486	13368
Qhost	2008	180	136
qu.	2008	136	78
quartzites	2008	1287	355
quasicrystalline	2008	171	61
QDR	2008	1815	231
Qa'id	2008	138	32
Qadar	2008	161	77
Qadri	2008	442	194
Qerman	2008	167	132
Quodl	2008	263	26
Quoits	2008	224	136
qallunaat	2008	119	4
qiblah	2008	323	85
qn'il	2008	119	83
quadrupolar	2008	658	144
quencheth	2008	155	135
quota	2008	62354	19114
Qahira	2008	426	133
Qatar	2008	18691	3598
Qosqo	2008	578	13
Quaking	2008	617	448
qasida	2008	520	101
quasistatic	2008	827	249
quinzaine	2008	190	135
quittin	2008	398	304
qy	2008	344	183
Q.L.	2008	153	103
QUALITY	2008	9307	4079
Quiroz	2008	1390	407
quantitating	2008	281	204
quilters	2008	1226	288
quotha	2008	656	463
Quantal	2008	334	136
Quebeck	2008	339	84
quinazoline	2008	191	62
quote	2008	228671	77083
Qader	2008	217	99
Qal'at	2008	133	59
Qaradhawi	2008	120	30
Qhapaq	2008	143	15
Quest	2008	46848	15964
queda	2008	1057	426
quirked	2008	3297	1578
quotidie	2008	730	375
QUALITIES	2008	1762	1222
Quamvis	2008	471	317
Quarrell	2008	164	99
q!	2008	127	85
quendam	2008	620	332
question.9	2008	121	119
quiltmaker	2008	148	42
quinti	2008	355	126
quintuple	2008	1092	737
QAS	2008	280	112
Qatif	2008	733	96
Qinnasrin	2008	157	15
Quigley	2008	7722	2217
qR	2008	336	92
quarrelsomeness	2008	621	571
queried	2008	43383	16190
quiddam	2008	277	212
QLQ	2008	250	51
QUALCOMM	2008	225	60
QUALITATIVE	2008	1442	642
Qod	2008	9340	3235
Quark	2008	3017	636
quantifications	2008	829	479
quibuscumque	2008	261	143
quidditative	2008	148	20
quinia	2008	738	131
quintessences	2008	164	138
quintets	2008	701	329
QAA	2008	815	146
QUBE	2008	104	21
Quart	2008	5617	2193
Quicksand	2008	1281	474
quasicrystal	2008	309	53
quatrains	2008	3542	1385
queek	2008	275	141
quencher	2008	1654	597
quiebra	2008	133	86
Q0	2008	1447	603
Q34	2008	114	70
QEF	2008	126	67
QOF	2008	194	36
Qinglin	2008	183	78
Quilliam	2008	637	126
Quintela	2008	169	95
Qutuz	2008	151	37
qualiWed	2008	200	58
quanity	2008	113	109
QAYLORD	2008	421	405
QUALIFICATIONS	2008	1523	826
Qasas	2008	205	49
Quakertown	2008	258	96
Quantrell	2008	1414	154
quartzitic	2008	418	97
quhat	2008	620	139
quincentennial	2008	132	80
QSE	2008	142	37
Qena	2008	270	83
Quackers	2008	189	17
Quavers	2008	159	86
Quidnunc	2008	198	40
Quigly	2008	448	84
Quiteria	2008	157	32
qanat	2008	619	103
qnick	2008	170	159
quadtrees	2008	191	61
quine	2008	121	62
quon	2008	101	77
Qeschichte	2008	121	97
Quackenbos	2008	428	173
Quadrat	2008	309	164
Quids	2008	308	176
Quizo	2008	114	9
Qutaiba	2008	124	26
quesadillas	2008	753	415
quondam	2008	6509	4470
QUARTERLY	2008	1434	473
Quench	2008	1378	923
Qz	2008	245	113
quantize	2008	869	312
quatrefoils	2008	797	333
Q28	2008	201	105
quoiqu'il	2008	239	156
QUART	2008	170	106
QUEEN	2008	13852	5254
Qoh	2008	348	65
Quadrillion	2008	104	79
Quarantined	2008	215	127
qawmi	2008	140	34
qk	2008	544	244
questioni	2008	371	132
quisque	2008	1609	788
QRM	2008	128	42
QSRs	2008	106	18
Quanshu	2008	129	40
Queck	2008	230	16
Queene	2008	10360	2408
Quero	2008	281	145
Quid	2008	8340	3663
Quilmes	2008	474	148
Qurayzah	2008	192	32
Qutbuddin	2008	138	46
quadrat	2008	1404	286
quadrillions	2008	289	238
quantitated	2008	1019	497
quaternium	2008	116	30
questiones	2008	176	108
quietem	2008	237	185
quish	2008	101	93
QSR	2008	934	274
QUOTE	2008	744	333
Quard	2008	262	26
q4h	2008	169	58
quaeritis	2008	118	58
quasar	2008	1866	278
QUATRAINS	2008	136	61
Quaver	2008	202	66
Quax	2008	146	48
Queenes	2008	983	276
qc	2008	1096	355
quadriceps	2008	10417	1305
quaintances	2008	114	80
quantas	2008	104	89
quitted	2008	61746	18667
quivis	2008	126	101
QUAIL	2008	463	214
Qana	2008	631	217
Quaoar	2008	200	37
QuickTime	2008	6500	774
Quicklime	2008	567	330
Quinti	2008	253	135
Quinto	2008	1653	745
quadric	2008	848	173
quaerere	2008	414	271
questionnaires	2008	51414	11972
QName	2008	1222	46
Qallunaat	2008	434	27
Quoit	2008	463	153
qazis	2008	108	63
quamque	2008	169	139
quotations	2008	111309	46261
Q1	2008	8682	2007
Qiliang	2008	723	31
QinetiQ	2008	474	116
Qiryat	2008	231	62
Qoran	2008	383	51
Quarti	2008	192	65
Questioners	2008	130	92
Quiaca	2008	129	30
Qvortrup	2008	558	123
quietistic	2008	403	283
QUADRANT	2008	382	133
Qatal	2008	147	34
Qianxi	2008	189	29
Qiyang	2008	252	24
Quests	2008	932	428
QuickWatch	2008	115	14
Quillinan	2008	273	108
Quique	2008	363	142
q32	2008	206	76
qalb	2008	398	90
quante	2008	272	193
quils	2008	119	73
QBO	2008	644	38
Quinn	2008	66650	10296
Quodling	2008	103	6
q8	2008	154	79
queering	2008	1180	546
Qingliu	2008	101	11
Quadrennial	2008	2186	578
Quanti	2008	271	161
Queenie	2008	6071	677
Quisquis	2008	364	236
Quynh	2008	336	100
quadruply	2008	176	126
quarter'd	2008	187	137
quasijudicial	2008	360	274
questing	2008	5325	3511
quiverful	2008	153	149
Quebecoise	2008	101	63
Quendale	2008	173	21
quadrimaculatus	2008	262	47
quadrupling	2008	1644	1430
quartermastergeneral	2008	140	110
quelques	2008	12565	5667
QSF	2008	105	14
QUAN	2008	263	88
Qeorge	2008	456	363
Qoli	2008	170	31
Qril	2008	101	4
Quaderns	2008	120	81
Quasiexperimental	2008	104	57
Quast	2008	594	216
Quatemary	2008	140	37
Quills	2008	553	393
qu'aucun	2008	260	214
QDT	2008	154	25
QOC	2008	160	27
Qal	2008	419	141
Qastal	2008	115	16
Qinghua	2008	1742	279
Qingli	2008	123	46
Quirigua	2008	199	65
quarterinch	2008	241	218
quasiscientific	2008	132	129
quintum	2008	151	115
quirky	2008	11092	7142
quorum	2008	28566	7545
Quintos	2008	151	84
quackish	2008	123	101
quals	2008	208	87
quipping	2008	332	318
quipu	2008	615	149
Querelle	2008	751	239
Quickens	2008	168	143
Quisenberry	2008	275	96
quantitatem	2008	354	138
queis	2008	113	82
quotient	2008	24756	7126
QBS	2008	148	24
QFII	2008	474	54
QUAKERISM	2008	117	47
QUILTS	2008	108	61
Qidan	2008	156	37
Qilang	2008	448	7
Quaisser	2008	150	18
Quar	2008	1058	551
Quartz	2008	11250	3005
Queeney	2008	477	63
Queue	2008	10556	1619
Quintianus	2008	139	80
Quirke	2008	2448	297
Qut	2008	269	153
qiye	2008	354	91
quantidade	2008	186	47
quercetin	2008	3071	391
quiera	2008	401	219
Qohn	2008	224	131
Que'bec	2008	591	84
Quirky	2008	907	349
Quisisana	2008	105	40
quantivalence	2008	154	46
questionableness	2008	133	97
quintana	2008	310	86
Q16	2008	425	173
Q29	2008	131	87
Queenwood	2008	172	49
Questionings	2008	101	80
Quickness	2008	716	536
Quilombo	2008	300	68
quarrelin	2008	118	109
quashed	2008	7387	4785
quintet	2008	4117	1471
Q.Q.	2008	173	44
QUARTET	2008	260	137
Quadrats	2008	106	61
qnod	2008	388	221
qu'a	2008	1763	1007
quadrennially	2008	192	109
quadruplets	2008	689	412
qualifie	2008	233	176
qualità	2008	559	189
quantisation	2008	1100	154
quaternions	2008	1458	348
queer	2008	180956	37400
quiedy	2008	16863	7750
Qamar	2008	811	243
Qualité	2008	221	94
Quartiles	2008	608	217
Queres	2008	547	60
Quilley	2008	129	62
quantitation	2008	6239	1167
quantizes	2008	191	119
quejas	2008	108	70
quiveringly	2008	424	383
QUOTIENT	2008	261	82
Qingfeng	2008	123	58
Qreen	2008	217	165
Quent	2008	393	41
Quetiapine	2008	855	275
Quogue	2008	188	94
Quox	2008	476	11
Qura	2008	377	101
Qurna	2008	326	78
quen	2008	248	144
quicquid	2008	1395	737
quinidine	2008	3986	560
Qajar	2008	3278	348
Qimron	2008	1425	46
Qualidade	2008	131	56
Quartett	2008	242	72
Quitters	2008	202	155
Quiverful	2008	1882	58
quant	2008	4562	1819
queensize	2008	101	89
quiche	2008	2022	977
quintal	2008	1772	652
quinze	2008	1415	765
Quail	2008	5895	1848
Quenu	2008	903	27
QuickBird	2008	433	62
Quip	2008	585	156
quadratures	2008	641	195
quainter	2008	602	561
qualify	2008	136801	46830
qualitatis	2008	144	62
quickening	2008	25046	16434
QBs	2008	186	39
QP	2008	2882	632
QUARTERBACK	2008	114	61
Quadra	2008	1092	301
Quing	2008	103	69
Quitrents	2008	205	27
qg	2008	163	88
quhairof	2008	168	62
quick	2008	849236	148670
quiete	2008	595	354
quran	2008	243	51
QF	2008	2236	568
Quaerendo	2008	106	35
Quantentheorie	2008	134	62
Quase	2008	355	30
QuickCalc	2008	432	23
Quiescent	2008	757	438
Quignard	2008	264	43
Quilp	2008	3316	276
Quinacridone	2008	101	18
qala	2008	457	40
quantifiable	2008	13136	7850
que	2008	446178	24641
quinin	2008	395	76
qulub	2008	108	44
QAEDA	2008	352	124
QqTOF	2008	284	34
Quicknotes	2008	438	4
quadruplicate	2008	422	290
quivery	2008	448	386
Q!	2008	150	95
QSO	2008	686	80
Qass	2008	122	63
Quiritium	2008	235	71
Quirks	2008	449	221
Quoth	2008	7665	1593
quaffing	2008	1810	1595
quicksilver	2008	10782	5505
Q.14	2008	326	87
Qaumi	2008	252	85
Quise	2008	130	40
Qva	2008	207	13
quadtree	2008	877	115
queenliest	2008	147	139
quemada	2008	123	58
QAM	2008	3997	275
QOS	2008	434	151
QUOTING	2008	118	76
Quien	2008	2131	982
Quirós	2008	184	65
Qun	2008	796	245
Quseir	2008	319	59
quarks	2008	9597	1235
quatorze	2008	490	303
quizzing	2008	4457	3327
QAG	2008	202	20
Qarun	2008	136	51
Quante	2008	326	121
Quartzite	2008	1167	342
Questioner	2008	674	241
Quiftonez	2008	125	8
Quinns	2008	204	103
Quirion	2008	288	108
qiang	2008	289	126
qital	2008	245	71
quaverings	2008	106	102
quire	2008	5605	3675
Quatrefages	2008	1072	337
Queso	2008	634	144
Quibian	2008	205	17
QuickMask	2008	206	9
Quiero	2008	788	312
Quilgars	2008	105	27
Quinnell	2008	286	91
quhill	2008	343	102
quietlv	2008	141	74
quinine	2008	16980	6397
QCIF	2008	259	65
Quebecers	2008	1491	236
Quercy	2008	1066	266
Quinteros	2008	154	63
qu'une	2008	4885	1946
quadriplegics	2008	298	215
quarenta	2008	141	84
quarrymen	2008	1513	886
quicksand	2008	8636	5469
quomodo	2008	1810	784
Quadaquina	2008	107	8
Qualia	2008	688	244
Qualitative	2008	51580	10695
Querecho	2008	117	8
quasispecies	2008	765	61
quetzales	2008	103	38
quilts	2008	15074	5843
quirkier	2008	166	147
Quba	2008	130	51
Quenelles	2008	112	47
Quillimane	2008	133	34
Quincas	2008	448	13
Quinolone	2008	280	126
Quorums	2008	141	75
queryString	2008	100	40
quiekly	2008	155	126
QPRT	2008	488	40
Qef	2008	396	5
Quedah	2008	507	45
Quinupristin	2008	153	56
Quodlibetal	2008	123	42
qasr	2008	257	51
qu'autant	2008	110	85
quandam	2008	856	485
QLP	2008	260	22
QSTA	2008	118	11
QUAINT	2008	809	143
Qasmi	2008	164	35
Quadflieg	2008	109	43
Quails	2008	1021	576
Quem	2008	1052	585
quadrigeminal	2008	293	95
quamdiu	2008	625	386
quillity	2008	119	110
quillons	2008	189	72
QLF	2008	211	34
Qarawiyyin	2008	390	32
Quintal	2008	944	256
Qur'ân	2008	128	14
q12	2008	289	114
qualidade	2008	344	96
quanshu	2008	852	132
ques	2008	5901	4998
quilled	2008	804	396
quoi	2008	5157	2740
QE	2008	1832	511
QME	2008	207	17
QUALIFICATION	2008	535	335
Qardawi	2008	112	32
Quadrangular	2008	228	127
Quigg	2008	1051	220
Quinsai	2008	155	21
quaerit	2008	353	224
quartal	2008	187	55
queening	2008	366	238
quinacrine	2008	492	174
QSub	2008	1740	30
QUEST	2008	2669	1466
Qaramanli	2008	121	26
Qawuqji	2008	225	32
Qubbah	2008	215	14
Quicktime	2008	411	214
Quorn	2008	1326	297
Qurashi	2008	390	65
q	2008	133992	17874
qaod	2008	110	65
quhome	2008	209	65
quinones	2008	1424	383
Qaidam	2008	805	42
Qb	2008	645	262
Quarrelsome	2008	412	319
Quer	2008	498	244
QuicK	2008	158	2
Quim	2008	237	108
Quintals	2008	133	76
qestions	2008	105	5
quakerism	2008	133	71
quercus	2008	458	242
quindecim	2008	231	155
Qa'eda	2008	462	80
Quantified	2008	804	464
Quinctilius	2008	190	92
Quirinus	2008	1452	556
Qusaiba	2008	109	2
quidnuncs	2008	417	353
Q32	2008	127	85
QRI	2008	110	31
Quander	2008	155	29
Quintilis	2008	197	88
qp	2008	677	330
querulousness	2008	897	751
quoad	2008	2629	1227
Qualification	2008	8373	3184
Qv	2008	604	278
question.8	2008	141	134
questionibus	2008	138	42
quitrents	2008	1153	164
Qianlong	2008	2961	355
Qilt	2008	139	14
Qiyao	2008	5928	12
Quagmire	2008	1017	469
quinces	2008	2671	1330
quittant	2008	104	89
QPS	2008	268	65
Qu'Appelle	2008	1213	176
Queers	2008	854	476
Quello	2008	220	141
qarn	2008	104	53
quoique	2008	1104	582
québécoise	2008	364	91
Qiu	2008	5487	1457
Quaker	2008	63547	16221
Qualitex	2008	183	31
Quiere	2008	211	98
Quinlan	2008	8362	1877
q24h	2008	184	41
qoam	2008	123	89
quaesitum	2008	237	103
quantites	2008	175	143
quintupled	2008	784	697
quiz	2008	25522	10037
QPO	2008	156	17
QUANTITY	2008	2692	1290
Qianyi	2008	120	21
Qualys	2008	112	25
Queensborough	2008	442	193
quadrant	2008	37811	9342
quelconques	2008	165	85
Q.2d	2008	472	32
Quayson	2008	393	108
Quizás	2008	122	69
Quoties	2008	117	97
question.The	2008	109	92
quibblings	2008	115	107
quicksands	2008	3667	2972
quim	2008	520	149
quoter	2008	212	192
Qazi	2008	1705	427
Qedem	2008	194	70
Qrc	2008	147	9
Quadriplegia	2008	388	190
Quainton	2008	187	59
Quei	2008	146	99
Quervain	2008	1272	286
Quicken.com	2008	151	15
Quickstep	2008	538	123
Quoad	2008	134	95
Quocirca	2008	126	74
qualiWcations	2008	112	43
queria	2008	315	153
quisite	2008	288	282
Qe	2008	800	392
QuarterMaster	2008	122	93
Quenouille	2008	103	43
Quirini	2008	442	164
quacking	2008	2204	1680
quarterbacked	2008	173	144
questionof	2008	164	133
QPSA	2008	292	15
QUANTITIES	2008	588	395
QqQ	2008	221	22
Quartiers	2008	209	89
qigong	2008	1973	255
quells	2008	1010	933
quinquennia	2008	113	36
quintas	2008	181	107
quiver	2008	43980	25329
Qasimi	2008	868	95
Quarante	2008	326	215
Quarles	2008	6585	1476
Quichotte	2008	318	116
Quietism	2008	818	477
quasilinear	2008	339	98
quitação	2008	140	28
QOL	2008	6415	409
Qadiri	2008	668	147
Qayum	2008	126	34
Quali	2008	298	182
Qualla	2008	267	74
Quetta	2008	3177	676
quants	2008	353	133
quicken'd	2008	172	152
QDS	2008	113	16
Qos	2008	152	88
Quinone	2008	432	172
Qvist	2008	217	80
Qneen	2008	608	473
Quiz	2008	11961	2435
quadriplegia	2008	1781	596
quaerimus	2008	130	84
qualquier	2008	112	57
quartas	2008	135	23
quavis	2008	166	89
Q5	2008	1874	617
Qa'idah	2008	100	34
Quizzing	2008	120	104
qualitatem	2008	256	131
quedo	2008	334	197
quiescence	2008	7583	4714
quished	2008	169	166
quoquo	2008	182	151
Qadhafi	2008	2383	179
Qaisar	2008	131	69
Qomi	2008	116	32
Quadrupole	2008	865	238
Quashy	2008	814	45
Questran	2008	235	81
Queyrat	2008	159	58
Quilting	2008	1811	569
Quinacrine	2008	192	82
Quodvultdeus	2008	155	36
qmail	2008	247	29
quantifiability	2008	117	79
queston	2008	139	83
QPM	2008	1021	98
Quartzsite	2008	127	30
Quentins	2008	311	63
qocha	2008	117	3
quartier	2008	2350	944
quash	2008	6618	3744
quien	2008	3906	994
Quantock	2008	1379	279
quadratura	2008	120	49
quantization	2008	14706	1436
quarried	2008	8465	4404
quotum	2008	109	106
Qaf	2008	234	93
Quatuor	2008	1037	382
Quibria	2008	323	64
Quinte	2008	1085	307
quantitates	2008	173	97
quickeneth	2008	1356	890
quickness	2008	30095	19288
quired	2008	3293	2918
quond	2008	455	15
Qabbalah	2008	282	67
Quagga	2008	371	158
Quaife	2008	1121	231
Quakes	2008	197	146
Querulus	2008	206	8
Quiet	2008	35032	18675
Qulan	2008	170	4
quais	2008	662	321
quests	2008	8940	5305
quilted	2008	8743	5077
QUOTES	2008	513	269
Quackery	2008	598	367
Quatrieme	2008	178	118
q4	2008	368	156
qnickly	2008	149	142
quantified	2008	32694	12443
quantityof	2008	115	85
quelli	2008	1751	417
quences	2008	1423	1309
Qanta	2008	501	8
quarrelling	2008	22289	14771
quaternity	2008	372	99
quemadmodum	2008	1216	484
quisling	2008	380	290
Q22	2008	405	155
QIS	2008	395	71
Questura	2008	385	56
Québecois	2008	130	78
qd	2008	1199	412
quackery	2008	4410	2896
queerness	2008	4477	1584
qum	2008	164	130
Qth	2008	285	208
Quadratus	2008	1711	430
Queipo	2008	340	93
quadratically	2008	936	565
quakers	2008	1016	518
quo	2008	120306	36772
quotidienne	2008	803	419
Qur'a	2008	463	31
qu'ilz	2008	395	84
quizá	2008	291	92
Q.A.	2008	180	110
Qantas	2008	2297	627
Qdots	2008	1083	22
Quadruped	2008	437	262
Querent	2008	311	74
Quern	2008	1482	1078
Quoins	2008	118	80
Quotidienne	2008	274	145
Quraysh	2008	2789	373
Qyp	2008	142	3
qiaoxiang	2008	158	15
quadratics	2008	361	228
quietens	2008	207	179
QTLs	2008	3583	245
QUID	2008	281	193
QUS	2008	133	30
Qazvin	2008	527	125
Qingshui	2008	220	21
Quillan	2008	1297	96
Qx	2008	1099	338
q.8	2008	161	21
quarters	2008	438255	106383
Q41	2008	105	74
QiGong	2008	129	24
Quarlous	2008	285	17
Quartey	2008	350	59
Query	2008	51428	4675
Quetzalcóatl	2008	403	55
Quickies	2008	476	102
qualquer	2008	489	102
quirts	2008	211	174
Qiang	2008	3030	802
Quabbin	2008	175	44
Quathlamba	2008	111	32
quebra	2008	131	44
querists	2008	160	143
QEEG	2008	852	65
QUICKLY	2008	1245	629
Qahtan	2008	138	49
Quach	2008	244	112
Quads	2008	788	250
Quakeress	2008	1508	778
Quallatown	2008	475	7
Quelch	2008	1623	301
Quelques	2008	2663	1538
Queralt	2008	189	68
QueryTable	2008	291	7
Quettah	2008	146	27
Qur'ans	2008	238	113
qatan	2008	116	9
quart	2008	42568	15000
questionings	2008	6736	5119
QCs	2008	971	166
Qabbani	2008	215	55
Qroup	2008	112	57
Quadir	2008	296	74
Querry	2008	264	52
quaked	2008	4864	3851
quocunque	2008	555	441
Quackenboss	2008	460	74
qualitatively	2008	30517	14158
quicken	2008	21884	15664
QUILL	2008	256	141
Quorra	2008	281	69
Qurrat	2008	222	24
quenquam	2008	111	95
querelle	2008	1248	442
Q2	2008	13528	2470
QIZs	2008	101	16
QN	2008	1416	333
Qaeen	2008	208	181
Quadragesima	2008	256	137
Quadriga	2008	298	141
Quadro	2008	423	174
Quickening	2008	1479	792
Qus	2008	116	67
quattuor	2008	915	372
quominus	2008	192	128
QIO	2008	247	66
QRY	2008	101	10
Qingdao	2008	1898	619
Quacks	2008	728	450
Quamina	2008	139	36
Quarta	2008	563	321
Qurayshi	2008	201	53
qds	2008	218	49
qnite	2008	781	683
quadrilles	2008	1938	1396
Q10	2008	4325	856
Quadrangles	2008	151	86
Questor	2008	229	74
quadrantanopia	2008	164	56
quavers	2008	2274	1175
quidam	2008	2838	1177
quitta	2008	145	122
Qeri	2008	201	14
Qiagen	2008	1886	537
Quarterback	2008	1075	442
Quietude	2008	292	194
Quinones	2008	2130	901
Quintana	2008	5133	1399
ql3	2008	111	53
quaff	2008	3483	2751
quartus	2008	284	172
quinceañeras	2008	214	30
Qipchaq	2008	118	20
Qit	2008	117	66
Quantico	2008	3561	1114
Quenching	2008	1446	633
Quiles	2008	179	90
Quinidine	2008	1450	362
quadruples	2008	964	714
quiltmakers	2008	143	21
quoy	2008	1021	308
Quean	2008	213	175
Quelled	2008	106	93
Queriniana	2008	100	43
Quintessential	2008	663	381
qadis	2008	1558	163
quartile	2008	11252	2330
queant	2008	174	145
queens	2008	38449	17835
Q30	2008	178	118
QUOTATIONS	2008	946	500
Qing	2008	36896	2715
Qp	2008	1162	419
Qtopia	2008	194	7
Quatermass	2008	425	62
Questa	2008	1495	467
qualcuno	2008	275	114
quantam	2008	126	106
quarante	2008	1396	773
quietness	2008	23356	15487
Q.27	2008	105	50
QMC	2008	283	62
Quakers	2008	49361	11199
Queenstown	2008	5972	1993
Quelles	2008	365	248
Quitmyer	2008	288	16
Qy	2008	690	374
qibla	2008	1298	229
qua	2008	47392	17567
quantifiers	2008	7189	1036
quarundam	2008	108	77
quelconque	2008	853	497
quercitrin	2008	104	46
Q.18	2008	204	64
QDA	2008	550	98
Quadrado	2008	126	12
Quental	2008	108	27
Quinonez	2008	530	112
quasistationary	2008	247	126
Quaintance	2008	1044	150
Quakeresses	2008	124	97
Quashie	2008	329	91
Quester	2008	477	171
Quincunx	2008	307	130
Quoque	2008	151	102
quartzose	2008	1186	382
querido	2008	831	393
quick'ning	2008	139	127
quietening	2008	373	324
QUOTAS	2008	137	84
Quadrants	2008	871	380
Quaye	2008	161	51
Quibbletown	2008	119	40
Quincuagenas	2008	100	11
Quinnault	2008	447	2
q5	2008	128	76
qneen	2008	371	278
qu'aujourd'hui	2008	107	76
queasy	2008	7293	5613
queries	2008	108472	19668
Q13	2008	548	213
QUEUES	2008	100	43
Quell	2008	1347	434
Quincampoix	2008	360	117
quitrent	2008	577	227
Qataris	2008	546	75
Qoheleth	2008	1938	154
Quango	2008	179	71
Quimica	2008	390	133
Quincys	2008	160	125
Quiznos	2008	196	85
q0	2008	1249	442
qu'être	2008	146	93
quadrivium	2008	1037	469
quell	2008	22512	16609
quoin	2008	638	279
QSIG	2008	302	19
QUESTION	2008	22520	6863
QUINN	2008	427	253
Qalandar	2008	232	71
Qq	2008	524	227
Quand	2008	4768	2353
Quarrels	2008	2576	1989
Quarshie	2008	107	40
Quartier	2008	2990	1263
Quibo	2008	150	35
Quickenborne	2008	101	6
Quilombhoje	2008	351	9
Qaluyu	2008	112	5
Quaderni	2008	2189	824
Quamobrem	2008	229	140
Quarks	2008	1049	524
Quidor	2008	391	30
Quod	2008	8745	3452
qh	2008	212	135
quattrini	2008	135	47
quicking	2008	178	88
QMF	2008	289	52
Qallery	2008	126	7
Qubba	2008	122	31
Quivil	2008	132	36
qualification	2008	102283	36729
QUACK	2008	234	123
Qarani	2008	399	27
Qattan	2008	189	67
Quambo	2008	272	12
Quartering	2008	1074	523
Queiruga	2008	107	15
qtr	2008	156	71
quasiindependent	2008	134	109
quasiparticle	2008	1065	87
quavered	2008	5365	3854
quedam	2008	428	201
quids	2008	677	436
QWP	2008	104	29
Qanun	2008	430	164
Qudrat	2008	102	42
Quincke	2008	452	196
quindici	2008	144	89
quoddam	2008	738	445
QR	2008	5861	1168
Qabbalistic	2008	106	27
Qara	2008	824	174
Qiubai	2008	107	36
Qold	2008	104	85
Quahadi	2008	104	8
Quarry	2008	9325	2557
Quartiere	2008	128	68
Quinney	2008	2048	306
Quinolones	2008	507	208
Quo	2008	9179	4289
quadruped	2008	8496	4667
quahogs	2008	535	97
quartering	2008	6547	4312
quasiparticles	2008	582	81
queat	2008	311	247
QFT	2008	938	92
QUALIFIED	2008	1069	464
Quarrying	2008	800	471
Quinoy	2008	125	94
Quinquennial	2008	305	161
Qur	2008	3304	628
qingyi	2008	166	23
quango	2008	398	174
quarterns	2008	185	89
quench	2008	28586	18585
qu'entre	2008	140	120
quadrigemina	2008	522	190
quaerens	2008	233	166
quasdam	2008	619	373
quenelle	2008	230	50
quickened	2008	51283	29804
quom	2008	159	103
QIs	2008	880	26
QUAKE	2008	134	74
Quasar	2008	1209	266
Queenfish	2008	452	19
Quicksilver	2008	4226	1389
Quimp	2008	145	7
Qwan	2008	180	14
qu'aux	2008	559	401
quarell	2008	112	83
queen	2008	398156	59495
quhilkis	2008	237	76
quiltin	2008	123	93
quodque	2008	341	238
Q.5	2008	696	166
QIZ	2008	142	31
QuarkXPress	2008	975	188
Quarterdeck	2008	186	116
Quartermain	2008	545	124
Quirinius	2008	863	235
Qum	2008	769	242
Química	2008	397	105
qiao	2008	226	100
quadrumana	2008	500	268
quainted	2008	684	633
quarterings	2008	1603	1132
quicldy	2008	342	121
quicumque	2008	277	185
quiescing	2008	139	40
quirkiest	2008	101	93
Q.11	2008	279	74
Q.B.D.	2008	395	121
Qc	2008	1432	437
Quatres	2008	131	111
Quite	2008	145887	63785
quadrics	2008	202	57
qualitie	2008	605	344
quanti	2008	1372	873
quicquam	2008	779	424
quisition	2008	182	178
quorums	2008	692	231
QUAYLE	2008	105	50
Queenmother	2008	283	95
Qufu	2008	226	102
QuickCheck	2008	822	16
Quihuis	2008	112	11
quass	2008	121	67
quicunque	2008	362	266
quirking	2008	368	321
QU	2008	1954	491
QVI	2008	150	70
Qasile	2008	130	22
Quartan	2008	165	109
Querejeta	2008	110	32
q.v	2008	452	115
quails	2008	6556	3885
quechua	2008	260	85
quicker	2008	81156	48415
Q14	2008	514	210
QSSTs	2008	148	20
QUARRELS	2008	305	221
Quarterlv	2008	555	155
Quat	2008	793	249
quadrivalent	2008	741	200
quadrumanous	2008	215	130
question.1	2008	466	419
quinquereme	2008	184	55
qun	2008	164	101
quotation	2008	147869	44419
QUAL	2008	344	98
QUARANTINE	2008	345	215
Qassem	2008	606	191
Quartel	2008	117	69
Qubilai	2008	178	31
Querulous	2008	146	100
Quimperle	2008	199	79
Quotes	2008	7749	3306
quaestors	2008	1148	279
quags	2008	101	87
quanji	2008	433	121
quarreling	2008	10280	7528
quisiera	2008	404	197
