Xilingol	2008	103	11
x7	2008	542	312
XHIth	2008	170	105
Xander	2008	6153	173
XP	2008	33696	3790
xray	2008	607	382
xxiii.	2008	426	195
xylitol	2008	1218	272
XRef	2008	508	12
Xavier	2008	36029	8214
Xigris	2008	111	32
Xilian	2008	175	15
Xinghua	2008	143	55
Xiuwen	2008	109	29
xi1	2008	141	79
xylol	2008	617	156
XIth	2008	265	137
Xinwen	2008	378	126
Xmucane	2008	167	21
xA	2008	1169	469
xerophyte	2008	112	51
xi.	2008	1205	602
xml	2008	10067	1283
XLVL	2008	484	450
Xuefeng	2008	399	79
x2i	2008	104	49
xinbian	2008	107	28
xiv.	2008	998	514
xline	2008	172	23
Xexibility	2008	269	55
Xiangtangshan	2008	101	5
Xiaofeng	2008	562	150
Xone	2008	200	171
x30	2008	158	123
xerox	2008	502	288
XRD	2008	8645	564
Xenarthra	2008	125	33
Xy	2008	806	425
xenophobes	2008	336	261
xingzheng	2008	258	79
XRCC3	2008	112	34
Xorg	2008	121	32
Xosa	2008	257	56
XCP	2008	310	53
XIY	2008	414	354
XName	2008	276	20
Xiangxi	2008	137	36
xeromorphic	2008	140	40
XPA	2008	363	60
Xowers	2008	236	40
xanthomata	2008	126	46
xy	2008	8537	2270
Xat	2008	421	162
Xr	2008	913	424
Xueliang	2008	390	102
xS	2008	406	198
xiqu	2008	646	37
XIAO	2008	220	91
XVIIIth	2008	905	349
XIST	2008	503	48
Xiaoyuan	2008	266	76
Xuthus	2008	245	75
xxlv	2008	120	82
XAFS	2008	513	53
Xay	2008	255	193
xcix	2008	499	365
xxiiii	2008	167	125
Xuebao	2008	396	150
Xulon	2008	246	169
xend	2008	579	24
xian	2008	1621	404
XXI	2008	47603	24262
XmlNodeList	2008	175	32
xlsm	2008	150	37
xuehui	2008	145	62
Xeroxes	2008	160	129
Xtensa	2008	283	22
xinwen	2008	346	92
xxv.	2008	347	177
xxxxxx	2008	1056	172
XFL	2008	285	56
Xanax	2008	2856	1063
Xii	2008	364	183
xerxes	2008	127	46
新	2008	150	28
XEUS	2008	153	21
XXXIII	2008	14898	8529
xciii	2008	644	462
xmas	2008	117	74
Xaxis	2008	195	110
Xlla	2008	168	73
xL	2008	2648	1276
xiehui	2008	361	76
xlt	2008	145	119
X.R.	2008	142	90
XCHG	2008	227	29
XIe	2008	426	169
Xativa	2008	161	70
Xn	2008	3259	1744
xation	2008	129	71
xylan	2008	988	111
XIS	2008	127	24
xerogel	2008	311	63
xxn	2008	826	607
X.509	2008	2249	366
XNode	2008	241	29
XXXVIL	2008	219	207
Xian	2008	4697	1251
Xiaolan	2008	181	70
xebeque	2008	106	30
xliv	2008	4500	2320
xylobiose	2008	102	16
Xara	2008	165	60
xiiij	2008	308	148
xxxii	2008	11340	4802
XLIX	2008	4865	3002
XmlReader	2008	1912	81
Xuanzong	2008	661	117
x20	2008	327	196
xrx	2008	114	87
xsi	2008	454	134
Xylose	2008	589	174
XTO	2008	366	65
Xeet	2008	103	36
Xiaoyan	2008	247	109
Xishui	2008	107	12
xG	2008	102	64
XLTV	2008	115	94
XUV	2008	491	132
Xho	2008	119	73
xCdxTe	2008	312	9
xiandaihua	2008	110	60
XIXe	2008	3497	966
Xina	2008	290	36
Xochiquetzal	2008	139	51
Xoyoc	2008	166	79
xai	2008	433	270
xxxr	2008	113	96
XAM	2008	109	27
XT	2008	5577	3077
xhe	2008	408	382
xvl	2008	280	213
XVUI	2008	105	102
XXXV	2008	13964	7838
Xi'an	2008	4565	860
xanthene	2008	116	58
Xianzhi	2008	187	65
xhtml	2008	292	91
xom	2008	130	100
xyphoid	2008	141	75
XVTs	2008	109	48
Xis	2008	823	425
X8	2008	500	275
XIXth	2008	286	158
Xera	2008	557	11
Xisuthros	2008	197	40
Xourishing	2008	114	38
xes	2008	190	162
xvi	2008	63921	18207
xxni	2008	120	114
xxvil	2008	101	78
xl.	2008	323	144
xue	2008	1131	299
xungen	2008	338	18
xxvm	2008	397	312
X.B.	2008	225	147
Xue	2008	7896	1842
xjj	2008	117	74
xto	2008	138	114
X.Org	2008	117	20
XLINE	2008	126	17
X'X	2008	240	59
XMLHttpRequest	2008	2684	151
XON	2008	117	68
Xiaokang	2008	123	66
xiii.	2008	976	402
xra	2008	144	128
XIa	2008	218	115
Xenogenesis	2008	318	48
Xians	2008	136	18
Xieng	2008	361	55
x'	2008	127	67
xae	2008	175	26
xenos	2008	211	118
xxxrv	2008	110	104
xli	2008	5035	2610
XC4000	2008	292	25
XRL	2008	265	29
Xcode	2008	1002	57
Xiaomei	2008	235	94
Xinjiapo	2008	109	17
Xlet	2008	191	5
xslt	2008	120	41
XMLReader	2008	146	28
XORing	2008	169	78
XXXXXXX	2008	337	151
Xanthelasma	2008	130	71
Xuân	2008	105	13
xxin	2008	218	179
XPCC	2008	113	8
Xesh	2008	322	51
xcopy	2008	128	45
X.509v3	2008	129	43
X.M.	2008	370	233
XYY	2008	663	208
Xiangdong	2008	133	64
Xiangru	2008	298	50
xlvi	2008	3468	1844
xmlData	2008	108	22
xxxm	2008	330	262
X.H.	2008	380	231
XFEM	2008	553	10
Xiaogan	2008	145	42
Xica	2008	285	22
Xothing	2008	260	209
xchange	2008	135	80
xylocaine	2008	199	108
性	2008	106	21
XACML	2008	1734	112
Xq28	2008	269	126
xenoliths	2008	842	97
xio	2008	120	110
X509	2008	166	61
XYL2	2008	122	5
Xotes	2008	118	92
xuanze	2008	112	60
X.-L.	2008	125	68
XR	2008	2796	784
XVIIe	2008	2515	722
Xanterra	2008	107	34
xvt	2008	105	88
xxxviii.	2008	131	92
Xiaohui	2008	199	99
xinyang	2008	159	38
xt	2008	7695	2887
xxii.	2008	642	290
xxvn	2008	489	374
xylophilus	2008	1450	22
XIANG	2008	110	49
XXT	2008	179	156
XXXVIIL	2008	177	163
Xanthium	2008	338	113
xiagang	2008	149	48
xxxxxxxxxx	2008	189	95
XPathNavigator	2008	644	36
Xuzhou	2008	610	160
Xcnophon	2008	114	93
XmlWriterSettings	2008	143	24
xdirection	2008	107	81
xiaoshuo	2008	573	99
xingshi	2008	229	99
XC6200	2008	100	8
Xanthias	2008	528	111
Xiaopeng	2008	108	61
xiaozu	2008	153	57
xw	2008	378	260
xxvni	2008	115	107
XTC	2008	377	162
XXVm	2008	216	205
xeroderma	2008	743	265
xinfang	2008	252	32
xorg.conf	2008	219	29
xxxxxxxx	2008	509	133
XTAL	2008	203	40
Xenien	2008	146	86
Xiaokui	2008	204	6
Xochipilli	2008	122	40
xerosis	2008	583	180
xeroxed	2008	287	222
xref	2008	2395	61
Xbox	2008	6410	1282
Xiaotong	2008	303	100
XCT	2008	125	34
XING	2008	238	117
Xe	2008	4175	1247
Xiaofan	2008	136	10
XmlTextReader	2008	427	44
Xury	2008	663	61
xn	2008	6503	2727
XLIF	2008	124	7
XLIIL	2008	441	415
XQuery	2008	4325	258
Xlibris	2008	1378	1120
Xq	2008	621	297
Xuat	2008	121	36
xtreg	2008	118	11
XCIV	2008	856	584
Xeon	2008	1453	497
xiu	2008	417	269
Xela	2008	433	21
Xoon	2008	129	13
x.y	2008	148	98
XLIV	2008	6616	4083
XMLELEMENT	2008	124	18
XXIX	2008	21958	12243
XXX	2008	31958	14412
Xinhua	2008	7064	1197
Xintian	2008	105	39
XNOR	2008	399	67
XRI	2008	120	21
Xuesheng	2008	198	71
xas	2008	131	101
xin	2008	3762	1251
XSB	2008	106	25
XXXVH	2008	125	124
Xanthi	2008	264	88
Ximénez	2008	272	66
xti	2008	233	209
xxvii.	2008	311	173
Xeni	2008	135	60
Xipe	2008	205	82
Xiyuan	2008	178	48
Xox	2008	103	13
Xtreme	2008	411	200
XMMS	2008	365	37
Xanthippe	2008	1064	402
xthA	2008	124	3
XPG	2008	232	47
Xourish	2008	127	40
xe	2008	1542	841
X174	2008	138	53
XFree86	2008	205	43
XIIth	2008	260	130
XNA	2008	3459	53
Xicotenga	2008	182	7
xps	2008	128	52
X25	2008	140	82
XFS	2008	366	62
Xane	2008	338	13
Xero	2008	142	86
Xtra	2008	453	160
xmin	2008	306	156
X.1	2008	176	125
XTTT	2008	206	186
Xaltocan	2008	242	52
Xiangjiang	2008	106	34
Xk	2008	1444	517
Xl	2008	1384	733
xlii	2008	4821	2484
xvni	2008	253	220
XTE	2008	189	39
Xatural	2008	123	91
xianzhuang	2008	132	67
XB	2008	1365	537
XORs	2008	273	106
XXIV	2008	35894	18854
XlVth	2008	494	309
XE	2008	1103	399
Xerez	2008	512	112
Xhosas	2008	230	115
Xinhuanet	2008	268	85
Xrays	2008	636	482
xeno	2008	581	200
xianzhi	2008	378	60
XV.	2008	179	126
Xav	2008	895	64
Xboxes	2008	122	107
Xenorhabdus	2008	491	36
XCIII	2008	801	547
Xanthochroi	2008	102	12
Xiliang	2008	361	15
Xenias	2008	181	24
xxil	2008	165	153
XAF	2008	110	25
Xeroderma	2008	452	182
xxxii.	2008	197	102
XSA	2008	100	17
Xeros	2008	128	26
Xianggang	2008	944	152
Xinyu	2008	203	94
X.J.	2008	380	229
XCV	2008	786	492
XF	2008	1232	435
xanthelasma	2008	198	103
X12N	2008	174	16
XCL	2008	140	89
XID	2008	143	50
XXII	2008	42855	22051
Xango	2008	222	65
xmp	2008	107	34
xrays	2008	289	236
XLVII	2008	4783	3060
XText	2008	136	25
Xic	2008	204	41
Xd	2008	603	258
Xeriscape	2008	198	58
Xi	2008	22328	4329
Xylol	2008	121	59
Xauxa	2008	285	48
xB	2008	823	266
xanthomatous	2008	100	46
XERXES	2008	225	73
Xew	2008	5627	1689
Xpress	2008	430	216
xcvi	2008	646	420
Xelson	2008	146	73
xviiie	2008	103	37
Xcel	2008	479	148
Xchanging	2008	137	6
xl	2008	9579	4570
xvas	2008	183	172
XIIIa	2008	112	63
Xilin	2008	125	51
XmlReader.Create	2008	109	28
xls	2008	811	444
XHI	2008	595	549
Xiaowei	2008	172	101
xanthoma	2008	355	126
xylanases	2008	279	48
XDM	2008	1573	39
XN	2008	645	320
XV1	2008	124	106
XW	2008	401	302
Xov	2008	231	141
XEW	2008	134	105
XS	2008	1985	667
XXXVI	2008	12859	7232
XXXVII	2008	11418	6565
XmlDataSource	2008	614	44
Xylene	2008	795	317
Xylon	2008	124	17
xwr	2008	111	14
XHR	2008	795	49
Xuelin	2008	312	76
xianfa	2008	108	30
XForm	2008	191	18
Xaintonge	2008	129	38
xlii.	2008	140	85
xperience	2008	223	151
xxxvi.	2008	149	93
XAD	2008	376	70
XCVII	2008	687	462
XLV	2008	6299	3898
XXIst	2008	362	138
Xanthaki	2008	111	23
Xgrid	2008	102	22
Xinmin	2008	285	110
xj	2008	3553	1303
xve	2008	173	111
XMLHTTPRequest	2008	417	28
Xcw	2008	570	361
Xtabay	2008	227	17
Xerox	2008	14455	3808
Xiphilinus	2008	121	64
x8	2008	581	405
xvin	2008	356	283
xxviL	2008	124	96
XVI.	2008	134	98
XXXXII	2008	141	38
Xij	2008	496	242
Xin	2008	9024	2653
xylylene	2008	136	35
Xandria	2008	307	7
Xiaoyi	2008	138	76
Xlinked	2008	329	200
Xsan	2008	771	9
xuanchuan	2008	339	43
XOR	2008	5746	883
XSLT	2008	12526	556
XVTII	2008	126	126
xenophobic	2008	7040	3478
XANTHIAS	2008	347	16
Xanda	2008	242	5
xxrii	2008	178	156
Xiaoshuo	2008	166	40
XPE	2008	116	55
Xenotransplantation	2008	691	159
xxxix	2008	6224	3082
XUI	2008	233	179
XXXTV	2008	178	161
XXth	2008	946	390
Xuanyi	2008	352	6
xiijs	2008	108	32
xxri	2008	150	137
xziii	2008	151	141
XDR	2008	996	185
xF	2008	282	127
xxij	2008	106	81
X26	2008	129	41
XMLSchema	2008	156	69
XXm	2008	411	381
Xoc	2008	102	40
Xvid	2008	112	36
xlviii	2008	3937	2008
xxh	2008	117	43
XGA	2008	268	84
XMLHTTP	2008	142	52
XXVL	2008	519	477
xq	2008	722	333
X!	2008	430	275
X'	2008	185	112
XPF	2008	124	34
XRES	2008	111	20
Xetra	2008	261	28
Xiaoyun	2008	124	66
Xibalba	2008	326	95
xip	2008	156	148
XVH	2008	953	792
Xserve	2008	164	22
Xuereb	2008	203	74
xAs	2008	175	77
xW	2008	137	107
xiiL	2008	493	403
X14	2008	174	84
Xolela	2008	179	39
xenophobe	2008	216	178
xuexi	2008	116	58
xvm	2008	1368	787
Xingshi	2008	176	56
Xujiahui	2008	160	32
Xylan	2008	162	53
Xicanisma	2008	117	51
Xiong	2008	5443	1424
Xunzi	2008	2827	153
Xenograft	2008	235	121
Xenos	2008	547	200
Xature	2008	389	269
Xingjian	2008	963	132
Xiv	2008	122	106
XlX	2008	183	99
Xorman	2008	107	80
xat	2008	153	124
X.W.	2008	166	109
XXn	2008	270	265
xvj	2008	268	165
X.Q.	2008	172	106
Xh	2008	330	210
Xianzhong	2008	114	45
Xianzong	2008	127	19
Xto	2008	170	121
xenoestrogens	2008	357	104
xss	2008	152	57
xuan	2008	892	237
xenotransplant	2008	113	40
XG	2008	608	256
XmlTextWriter	2008	336	38
xlix	2008	4508	2207
xsr	2008	290	7
XXXXX	2008	1184	262
XXXXXXXX	2008	291	121
Xanthian	2008	139	61
xrv	2008	574	451
XCLIP	2008	118	16
Xyrem	2008	138	45
xuebao	2008	501	141
Xuncax	2008	124	17
xlOO	2008	522	175
X2B	2008	133	8
XDMS	2008	999	12
XEROX	2008	170	100
XRB	2008	188	20
Xhosa	2008	7355	994
Xpath	2008	156	61
xis	2008	698	525
XXXIV	2008	14010	8097
Xella	2008	110	42
xDSL	2008	681	186
xxxv	2008	7882	3769
X.G.	2008	195	120
XLPE	2008	252	41
Xffl	2008	120	117
XRR	2008	139	14
XVTI	2008	191	180
Xiaoqin	2008	106	38
Xist	2008	875	75
xxu	2008	177	159
XYZ	2008	18980	3145
xi	2008	120673	36144
xxviii	2008	18905	6723
Xiefen	2008	126	14
Xiuhcoatl	2008	175	9
XXni	2008	119	115
Xanga	2008	390	148
Xicheng	2008	158	60
xao	2008	103	88
xaxis	2008	351	280
xxvu	2008	131	115
X.L.	2008	430	234
XLVIL	2008	379	352
Xa21	2008	157	26
Xenobiotic	2008	448	143
Xifeng	2008	175	43
Xochimilco	2008	1697	294
x32	2008	133	72
xanthin	2008	547	111
xoo	2008	147	132
XC9500	2008	183	10
Xiomara	2008	181	58
x1x2	2008	145	70
xlsx	2008	292	102
xov	2008	209	132
XIVe	2008	814	261
X3	2008	3085	1224
Xiangqian	2008	135	49
xxxvii	2008	7599	3671
XRS	2008	278	53
XVT	2008	260	230
xU	2008	130	93
XBT	2008	104	23
xiy	2008	136	128
X.2	2008	113	89
xeriscape	2008	156	93
XSL	2008	3985	405
Xation	2008	108	65
XlV	2008	320	211
Xorris	2008	108	53
Xref	2008	800	45
Xuela	2008	617	11
xriii	2008	393	307
XTT	2008	239	132
Xingzheng	2008	109	29
Xix	2008	136	51
Xizhi	2008	249	63
xiao	2008	1358	410
xlabel	2008	149	42
X20	2008	212	129
Xavière	2008	127	5
Xiaoguang	2008	134	75
Xijiang	2008	133	41
x'd	2008	369	40
XAP	2008	653	42
XLVIII	2008	4248	2761
Xb	2008	454	266
Xiaobing	2008	305	124
Xin'an	2008	195	48
xerography	2008	2719	2439
Xeroform	2008	104	45
Xinzhu	2008	107	20
Xlist	2008	104	17
x11	2008	387	201
xcviii	2008	495	345
xxvj	2008	111	72
Xaba	2008	151	60
Xandi	2008	233	15
x5	2008	1059	541
XBC	2008	116	20
XIXème	2008	155	83
Xik	2008	106	61
Xuarez	2008	168	55
Xz	2008	111	68
xun	2008	392	150
Xaintrailles	2008	168	40
Xiaohua	2008	251	127
XRT	2008	1089	119
Xenical	2008	390	146
Xing	2008	6962	2854
Xp	2008	1143	566
xne	2008	121	101
xx	2008	49540	15163
XVE	2008	102	35
Xood	2008	112	35
x	2008	953762	66903
xxiiij	2008	285	116
XPL	2008	141	33
XPS	2008	6843	593
Xylazine	2008	317	63
xueyuan	2008	282	91
Xinth	2008	159	50
XII.	2008	486	179
XIII	2008	114276	46452
xnr	2008	114	104
XHTML	2008	15306	702
Ximenes	2008	2265	862
xochitl	2008	308	33
XIIL	2008	1614	1381
xThe	2008	155	138
xample	2008	293	173
Xiaojun	2008	376	97
xlv.	2008	109	87
xrefs	2008	1126	28
xylans	2008	189	58
XIIII	2008	178	117
Xiangtan	2008	274	57
xenogenic	2008	179	84
xia	2008	1207	419
xianshi	2008	171	74
xif	2008	129	89
xxir	2008	278	240
xxiv	2008	28788	9222
XAML	2008	10767	137
XLL	2008	765	711
Xlib	2008	123	25
xanthogranulomatous	2008	160	52
xl00	2008	109	60
xvi.	2008	909	362
X.Z.	2008	175	112
XIVth	2008	263	171
XLA	2008	214	56
Xerophthalmia	2008	160	104
Xintan	2008	179	17
Xame	2008	175	101
x6	2008	973	580
xI	2008	229	99
xm	2008	8023	2584
XXTTT	2008	142	141
xanthone	2008	116	43
xf	2008	1121	620
xxix.	2008	194	120
X2	2008	12166	2921
Xingge	2008	106	1
Xiulian	2008	102	26
x2	2008	19891	3708
xor	2008	831	305
xxxvi	2008	7635	3519
ξi	2008	242	101
Xiaoqing	2008	341	143
Xoo	2008	346	54
xll	2008	266	177
XXXL	2008	404	364
XXXXXXXXXXXXX	2008	175	24
Xiaoyu	2008	253	116
xvith	2008	315	249
Xed	2008	223	122
Xerxes	2008	15592	3864
Xylem	2008	828	196
xxvij	2008	106	76
xxy	2008	112	92
XLP	2008	201	57
x16	2008	215	89
xuesheng	2008	286	81
XAMPLE	2008	264	24
XLVI	2008	4952	3190
Xg	2008	506	234
Xochi	2008	165	10
Xor	2008	1410	794
Xorth	2008	1438	683
Xoyoq	2008	113	40
xcvii	2008	541	404
XDS	2008	520	40
Xana	2008	170	25
Xmin	2008	267	97
XmlAttribute	2008	178	38
xit	2008	736	446
xxxin	2008	116	98
XVth	2008	796	451
Xanthochromia	2008	100	46
Xuanji	2008	642	48
xxxL	2008	164	143
X15	2008	183	105
XPM	2008	616	67
xyloglucan	2008	252	46
XD	2008	1018	472
XL1	2008	175	124
XLII	2008	6486	4173
Xc	2008	1830	583
xiesheng	2008	137	3
xst	2008	127	108
XLF	2008	232	52
XRF	2008	2038	289
Xie	2008	13030	2913
Xpert	2008	120	51
Xlth	2008	569	238
xH	2008	213	116
xme	2008	121	50
xxvin	2008	145	124
XML	2008	167881	3635
XVL	2008	2282	1346
Xenophobic	2008	328	181
Xisha	2008	101	38
Xtian	2008	283	94
Ξ	2008	295	94
XVi	2008	104	74
XTi	2008	195	69
XXin	2008	165	161
Xiaosan	2008	102	2
xterm	2008	585	83
Xani	2008	162	14
Xenogen	2008	121	35
Xochitl	2008	571	117
Xow	2008	3570	1377
xir	2008	639	510
XAUI	2008	139	15
XXXHI	2008	112	108
xRy	2008	189	67
xist	2008	135	87
xl2	2008	117	64
xyz	2008	2136	704
XIIe	2008	867	288
XMP	2008	951	157
XVIII	2008	70140	31103
XVe	2008	1779	570
Xiaoming	2008	806	285
Xiaoying	2008	175	96
XmlSerializer	2008	1099	66
xiju	2008	253	23
XLU	2008	104	73
XXVU	2008	105	102
XYL	2008	108	78
Xenophanes	2008	3373	842
XrV	2008	161	137
XACT	2008	600	23
Xanthophyll	2008	131	60
Ximing	2008	122	54
Xu	2008	33461	6021
xR	2008	346	127
xr	2008	1991	1219
Xenox	2008	133	7
Xinfang	2008	165	36
Xylocaine	2008	605	251
xQ	2008	172	98
xfs	2008	122	60
xmlns:x="http://schemas.microsoft.com/winfx/2006/xaml"	2008	167	24
XAttribute	2008	1156	57
XXIL	2008	657	603
Xanthos	2008	1379	176
Xeres	2008	966	482
Xikang	2008	142	41
Xni	2008	315	310
xenobiotic	2008	3011	498
XCF	2008	119	63
Xenoph	2008	147	68
xxx	2008	19740	7065
xz	2008	1309	707
X3D	2008	338	69
Xeno	2008	1175	187
Xiumei	2008	212	31
xiaozhuan	2008	266	25
X.Y.Z.	2008	164	95
Xandra	2008	175	47
Xiaolu	2008	101	42
XX	2008	73489	31282
XXXVL	2008	258	244
Xichang	2008	167	43
Xou	2008	198	174
xenobiotics	2008	3252	520
xxxvii.	2008	171	95
XYI	2008	241	177
Xiangzi	2008	1268	34
Xylophone	2008	342	166
xenotransplantation	2008	1805	235
xxxl	2008	114	92
xylene	2008	3611	929
XU	2008	1231	515
Xanthoma	2008	141	72
Xemes	2008	195	13
xiang	2008	1802	449
XUL	2008	462	111
Xhol	2008	425	107
Xiphilin	2008	568	39
xni	2008	460	388
xxviiL	2008	143	128
Xashville	2008	101	36
Xinhai	2008	166	56
xanthomatosis	2008	271	69
XIC	2008	440	75
XLS	2008	296	167
Xinzhong	2008	104	43
Xt	2008	3741	1349
Xudong	2008	365	136
xxxiii	2008	11217	4762
X86	2008	277	96
XMLSpy	2008	383	47
Xalan	2008	154	31
XV	2008	98700	41805
x3	2008	4064	1435
xpect	2008	206	141
X13	2008	165	111
X5	2008	1324	593
XXXIIL	2008	276	256
XYIII	2008	100	90
xg	2008	1649	519
xine	2008	288	48
xos	2008	129	103
xxiiL	2008	174	152
XVII	2008	70576	32877
Xanthogranulomatous	2008	111	33
Xion	2008	152	32
xMAP	2008	107	22
xiaokang	2008	321	84
X.S.	2008	367	204
X12	2008	600	211
Xuid	2008	129	36
xactly	2008	274	227
xform	2008	118	15
xmax	2008	492	215
xxvi.	2008	375	189
Xatun	2008	232	5
XmlSchemaSet	2008	106	23
xiaosheng	2008	113	14
X	2008	964009	96560
XLVIIL	2008	275	253
XOY	2008	106	58
Xala	2008	291	54
Xandu	2008	101	7
Xiuqing	2008	239	18
Xystus	2008	291	112
Xeroxing	2008	113	88
xanthan	2008	1094	180
X6	2008	742	352
XRay	2008	132	100
Xindi	2008	111	19
x400	2008	349	85
xiangtu	2008	338	26
xylulose	2008	428	91
XXVIH	2008	177	175
Xegro	2008	117	54
Ximelagatran	2008	130	51
Xiphophorus	2008	407	54
xD	2008	438	164
xar	2008	101	74
XCIX	2008	743	492
XPathDocument	2008	400	25
Xang	2008	749	75
Xational	2008	306	170
xenophobia	2008	10280	4311
xylography	2008	119	56
Xinghai	2008	134	33
Xuanwu	2008	322	78
x9	2008	357	212
xiaopin	2008	407	13
xylem	2008	7892	589
X64	2008	194	62
XmlNode	2008	886	67
Xyl	2008	151	36
xxxxxxxxx	2008	291	102
xzii	2008	219	198
XVIth	2008	597	344
XVll	2008	187	79
Xllth	2008	616	228
Xon	2008	349	252
xili	2008	162	117
XScale	2008	219	64
Xuandi	2008	136	8
Xueyuan	2008	288	123
xeriscaping	2008	260	101
xiii	2008	95761	31327
xplanatory	2008	104	11
XXVIL	2008	440	407
XXe	2008	2035	873
xrated	2008	127	8
Xil	2008	172	73
Xoor	2008	277	51
xxvii	2008	20233	7470
xylenes	2008	524	188
XME	2008	135	31
Xenon	2008	1702	699
Xrefs	2008	596	38
xp	2008	2216	992
xuetang	2008	132	21
心	2008	107	23
Xet	2008	194	172
x106	2008	132	77
xxxiv	2008	9315	4213
XLANG	2008	124	59
XNamespace	2008	258	39
X17	2008	146	82
Xanthoudides	2008	110	16
Xicotencatl	2008	391	54
X.	2008	177863	58869
XIV	2008	142469	49209
Xade	2008	105	13
Xanadu	2008	2396	845
Xianyang	2008	311	101
xylose	2008	3631	436
Xinyang	2008	133	42
XCI	2008	1231	630
Xchange	2008	201	88
Xmax	2008	565	202
Xxx	2008	181	88
xlines	2008	162	18
xorg	2008	128	42
xsd	2008	1479	190
XXV	2008	31969	17221
Xaviera	2008	182	51
XeF2	2008	226	37
Xio	2008	162	61
Xlle	2008	443	170
xanthines	2008	230	112
XHIe	2008	195	121
XI	2008	132119	53483
XTL	2008	135	80
XZ	2008	1047	412
Xp21	2008	101	57
xiandai	2008	447	123
xylostella	2008	381	60
Xining	2008	946	177
xenograft	2008	2393	426
XL	2008	34212	18752
Xower	2008	158	40
xb	2008	589	348
xxa	2008	153	56
Xanthine	2008	699	277
Xerces	2008	209	77
Xiao	2008	15683	3098
Xixia	2008	175	52
Xocoyotzin	2008	102	43
xylanase	2008	838	92
Xiaochuan	2008	126	64
Xinxiang	2008	128	35
xix	2008	46411	15944
xxl	2008	314	244
X.D.	2008	443	219
Xiaolin	2008	381	107
XlVe	2008	450	209
xxxiv.	2008	113	85
xylosidase	2008	122	30
X.400	2008	368	72
X.500	2008	780	159
XJR	2008	262	13
XRPD	2008	290	27
Xinjiang	2008	13397	1457
xanthomas	2008	590	152
XXXm	2008	127	119
Xantippe	2008	1562	602
Xapon	2008	286	31
xanthohumol	2008	155	10
Xos	2008	185	130
XIX	2008	62719	29335
Xewton	2008	199	108
XVIH	2008	384	361
xlO	2008	364	213
xxxxxxx	2008	725	137
X10	2008	1271	357
Xovember	2008	234	167
Xows	2008	288	51
XHL	2008	258	251
Xiaoshan	2008	266	100
XK	2008	803	347
XVII.	2008	139	104
Xizang	2008	877	174
Xj	2008	3391	1186
xUnit	2008	110	33
xV	2008	261	195
xtii	2008	118	112
XIAP	2008	1263	102
XREF	2008	177	32
Xingu	2008	1200	220
XDH	2008	155	23
Xpi	2008	113	48
Xul	2008	1871	47
Xiaobo	2008	500	193
Xiju	2008	183	14
Xiyang	2008	104	43
xii.	2008	1131	531
xipon	2008	156	145
X.3	2008	142	87
Xylenes	2008	131	81
xconnect	2008	217	4
xvil	2008	223	191
xxiij	2008	126	74
Xanana	2008	590	106
xanthochromia	2008	258	83
xxiii	2008	31133	11063
XBox	2008	177	109
xlvii	2008	3436	1863
xx.	2008	683	318
xxiil	2008	101	94
XObject	2008	129	14
xerophthalmia	2008	478	182
xuat	2008	119	25
Xiaolong	2008	152	71
XlXe	2008	169	107
XIA	2008	209	97
XIL	2008	1959	1685
XLRI	2008	105	39
Xth	2008	956	444
xmms	2008	208	27
xvarenah	2008	126	4
xnd	2008	104	96
xviii.	2008	638	314
xiiv	2008	105	98
xsl	2008	3435	133
Xeither	2008	110	99
Xot	2008	1858	1060
Xuan	2008	5627	1042
xerophytes	2008	318	95
X.org	2008	197	37
XFN	2008	150	26
XMM	2008	1484	112
XXH	2008	487	444
XYII	2008	101	99
Xanthin	2008	158	51
Xhafa	2008	154	41
Xujiahe	2008	131	5
xN	2008	788	236
X100	2008	533	262
XIII.	2008	320	131
Xapoleon	2008	312	177
Xo	2008	8368	3153
x12	2008	284	147
xlate	2008	244	12
xxii	2008	34540	10692
XVn	2008	529	517
XYZABC	2008	238	4
xiansheng	2008	526	125
xihuan	2008	106	22
XTV	2008	2441	1758
XXVI	2008	28317	15249
Xabi	2008	110	16
Xante	2008	112	99
Xiaoyang	2008	170	76
xueshu	2008	249	91
XSD	2008	2271	276
xmlFile	2008	124	25
xxi.	2008	719	297
Xiling	2008	126	61
Xylander	2008	131	52
x.	2008	73444	19452
xed	2008	1229	404
XEN	2008	236	35
XIAN	2008	161	25
XXIIL	2008	683	598
xargs	2008	132	32
XLX	2008	207	170
XXVHI	2008	134	133
Xight	2008	295	161
Xuantong	2008	186	60
xiL	2008	600	477
xxviij	2008	146	69
xxxir	2008	117	103
XBs	2008	104	9
XXIH	2008	175	169
Xenia	2008	2722	899
Xylo	2008	268	22
xap	2008	205	59
XhoI	2008	120	47
x64	2008	1665	222
xiT	2008	104	73
xuexiao	2008	223	71
xvu	2008	206	170
XXXXI	2008	115	49
xxxiii.	2008	221	126
X.C.	2008	261	156
x4	2008	1767	827
xcept	2008	425	335
xxm	2008	717	520
XXTV	2008	520	438
Xanthosoma	2008	228	84
Xenopus	2008	6051	702
xxxn	2008	410	313
XXL	2008	4069	3460
Xerosis	2008	172	85
Xuejun	2008	126	46
x200	2008	256	107
XIT	2008	448	319
Xianting	2008	102	29
xxx.	2008	226	132
XC	2008	3402	1512
XSC	2008	130	24
XSS	2008	1305	137
XXXII	2008	16289	9241
xliii	2008	4486	2431
XVlll	2008	147	100
XY	2008	10942	2864
Xanthia	2008	102	13
Xiphoid	2008	263	136
XBOX	2008	177	86
XLIL	2008	586	542
XMI	2008	947	159
XXIe	2008	211	148
Xylia	2008	103	30
xmlDoc	2008	124	27
xxxv.	2008	179	112
Xml	2008	1625	199
xinetd	2008	1623	78
xtv	2008	134	130
XII	2008	136541	52062
XIIa	2008	115	58
Xle	2008	430	177
Xouthos	2008	187	13
xanthogranuloma	2008	172	40
Xenophon	2008	22642	5250
XLAT	2008	171	23
XPath	2008	9629	484
Xiang	2008	7825	1786
xiphoid	2008	1440	444
X1	2008	8732	1960
XRCC1	2008	222	52
Ximeno	2008	690	41
Xuecheng	2008	230	54
xerophytic	2008	429	173
XCH	2008	126	67
XCOPY	2008	254	52
XI.	2008	303	202
XMAS	2008	188	84
Xanthopoulos	2008	139	62
Xavante	2008	119	54
xylosus	2008	222	35
Xanth	2008	368	25
Xenakis	2008	1142	204
xa	2008	3283	1504
xik	2008	178	81
xnor	2008	112	21
xviii	2008	50275	14919
XSQL	2008	161	6
XXXXXXXXX	2008	148	64
xenografted	2008	223	96
Xalapa	2008	586	242
Xan	2008	682	207
XMLRPC	2008	111	22
XXTT	2008	116	112
Xantus	2008	120	31
XForms	2008	864	56
Xeloda	2008	181	66
Xunhuan	2008	137	5
Xylocopa	2008	394	76
XPB	2008	234	54
Xiaojie	2008	101	42
Xanten	2008	612	175
XCAP	2008	1167	24
Xaples	2008	110	76
Xeric	2008	138	86
xenopi	2008	102	36
XVIIth	2008	596	322
XXVII	2008	24923	13968
Xerostomia	2008	659	178
Xiangshan	2008	259	103
Xuetong	2008	364	69
XSU	2008	102	15
Xenografts	2008	150	88
Xeroxed	2008	411	344
Xiandai	2008	619	207
Xunhua	2008	134	22
x0	2008	5838	1333
x22	2008	136	104
xiij	2008	287	171
xxxvm	2008	236	194
XOI	2008	137	32
Xiannian	2008	508	66
Xiaodong	2008	438	228
xl0	2008	150	104
xxs	2008	229	116
XJ	2008	1016	731
Xfce	2008	295	44
Xiongnu	2008	1366	133
Xove	2008	112	46
x40	2008	302	127
xth	2008	290	204
XBRL	2008	1369	94
Xear	2008	177	156
xiaojie	2008	156	48
XAMPP	2008	1082	37
XMLbased	2008	202	168
Xilinx	2008	2963	245
Xingyi	2008	221	23
X'ers	2008	209	68
Xaragua	2008	622	58
Xianbei	2008	470	31
Xianping	2008	243	31
Xinia	2008	271	8
XIIIe	2008	1076	311
Xiuzhen	2008	167	34
xylinum	2008	249	45
XTX	2008	303	248
Xaxa	2008	114	34
Xylella	2008	304	67
xc	2008	2550	1387
XVni	2008	226	224
Xueheng	2008	256	7
Xylanase	2008	168	39
x100	2008	794	238
xanthates	2008	173	21
xenotransplants	2008	129	52
xri	2008	487	387
XO	2008	5003	1242
XX.	2008	117	96
xanthophyll	2008	757	148
xebec	2008	234	100
xviij	2008	293	172
xie	2008	684	244
XCON	2008	105	27
Xaca	2008	116	46
Xiuhtecuhtli	2008	188	27
Xochicalco	2008	397	79
Xterra	2008	137	46
Xf	2008	765	478
XCOR	2008	123	12
XCVI	2008	873	578
Ximen	2008	951	52
Xochil	2008	244	4
x!	2008	219	165
XIN	2008	111	67
XLT	2008	259	141
XX1	2008	115	85
xenia	2008	328	103
xylophones	2008	750	333
XMCD	2008	150	17
XPs	2008	361	75
XXHI	2008	223	216
Xia	2008	10912	2305
XmlSiteMapProvider	2008	104	16
Xoyos	2008	176	91
x50	2008	296	124
ξ0	2008	119	39
X0	2008	2047	780
XANES	2008	1431	112
XTM	2008	137	35
XXXH	2008	157	151
XXXY	2008	107	89
x103	2008	148	72
Xbalanque	2008	182	36
Xbar	2008	235	42
Xenobiotica	2008	494	132
Xiphias	2008	287	125
xcii	2008	612	443
xenolith	2008	160	55
XVin	2008	278	270
XVm	2008	821	716
xiphisternum	2008	193	97
xvii	2008	60377	20327
xvL	2008	387	294
xxiL	2008	247	208
XAS	2008	875	101
Xiii	2008	161	98
Xishuangbanna	2008	483	91
xE	2008	140	84
XPDL	2008	311	64
Xianfeng	2008	551	112
x86	2008	3808	595
xxriii	2008	196	174
X.25	2008	1748	222
Xylitol	2008	396	141
xix.	2008	683	335
xxxxxxxxxxxx	2008	156	44
Xabier	2008	650	56
Xext	2008	353	270
Xnet	2008	139	4
xviil	2008	153	139
xxiv.	2008	581	280
xxix	2008	13631	5792
Xilai	2008	121	60
Xowing	2008	104	45
X40	2008	129	85
XOM	2008	296	97
XXIIII	2008	116	58
Xen	2008	9598	398
Xenil	2008	252	93
XlXth	2008	590	297
xM	2008	634	324
xaml	2008	588	60
XAU	2008	211	31
XMS	2008	101	32
xylographic	2008	155	51
xzi	2008	168	153
Xianshuihe	2008	322	11
Xiaobin	2008	103	34
xerotica	2008	131	27
xitong	2008	212	65
XDCAM	2008	237	14
Xine	2008	409	79
XIIIth	2008	204	120
Xeste	2008	199	18
Xishan	2008	237	76
Xitong	2008	216	59
x13	2008	135	60
XMT	2008	189	31
Xenopsylla	2008	482	81
Xiu	2008	1525	353
xinetd.d	2008	312	45
xuanxue	2008	206	16
X400	2008	203	59
Xiangning	2008	148	30
Xlll	2008	531	422
Xlllth	2008	189	115
x104	2008	117	75
xenophilia	2008	102	54
XSM	2008	133	16
XXVn	2008	164	161
学	2008	104	20
XSi	2008	676	31
Xanthomonas	2008	1269	229
Xers	2008	2205	558
Xiuquan	2008	428	134
xiv	2008	73628	20928
xvij	2008	146	94
xxL	2008	366	297
xxj	2008	115	84
XVIIIe	2008	3094	835
XmlElement	2008	443	66
xeric	2008	862	260
xerographic	2008	242	176
xoi	2008	194	170
xuanju	2008	175	36
xxviii.	2008	398	212
XANTHINE	2008	118	11
Xidan	2008	165	69
Xide	2008	122	25
Xinbo	2008	167	71
Xinxin	2008	244	59
Xueqin	2008	687	162
x24	2008	178	100
xihuitl	2008	340	5
Xenocrates	2008	923	394
Xiangyang	2008	291	111
Xuanzang	2008	1452	139
X9	2008	302	197
XVIL	2008	1112	1016
Xray	2008	1829	953
XVI	2008	105535	40991
Xer	2008	562	136
Xunta	2008	193	90
XMAP215	2008	254	11
Xianlin	2008	105	33
xing	2008	2617	541
xxvL	2008	137	117
XLVH	2008	100	96
XRefs	2008	147	6
XVIIL	2008	1768	1443
Xaver	2008	950	356
Xavicr	2008	143	74
Xstrata	2008	261	71
XEL	2008	121	59
XOXO	2008	113	77
Xhia	2008	363	7
Xueyi	2008	154	66
Xuyen	2008	362	95
x1000	2008	106	54
xP	2008	317	173
xixe	2008	128	59
xou	2008	112	82
xxxi	2008	12861	5460
XLY	2008	111	60
XRE	2008	118	25
XXXX	2008	2223	806
Xena	2008	2121	440
xxxxx	2008	2206	323
Xiaojing	2008	442	111
x15	2008	119	80
xenografts	2008	2756	434
xlv	2008	4546	2295
XMLList	2008	216	19
XMLType	2008	327	27
XXX.	2008	114	35
xciv	2008	678	481
xuanbian	2008	186	55
XIU	2008	166	146
Xanthus	2008	1724	588
XeCl	2008	113	53
xanthus	2008	154	47
xerostomia	2008	1943	336
xh	2008	961	676
xij	2008	1365	610
xxr	2008	245	218
Xianglin	2008	125	47
xk	2008	3003	835
XCVIII	2008	645	469
XmlWriter	2008	853	66
Xourished	2008	144	35
Xun	2008	7501	682
xrii	2008	394	318
Xantho	2008	103	35
Xiaogang	2008	856	113
Xingdao	2008	164	14
Xote	2008	304	187
XXXn	2008	111	111
Xylopia	2008	112	40
XCII	2008	830	554
XDocument	2008	1522	70
Xarifa	2008	102	33
Xiaohong	2008	595	137
xv.	2008	825	436
xxi	2008	37291	12840
XTI	2008	242	207
XVle	2008	184	106
Xexible	2008	211	56
Xodar	2008	318	6
Xolotl	2008	961	71
Xucaneb	2008	101	3
xon	2008	175	93
xviiL	2008	266	213
XIH	2008	516	491
x21	2008	139	78
x25	2008	181	101
xiil	2008	286	238
XDeclaration	2008	170	31
Xenophobia	2008	2518	1040
X80	2008	218	31
Xiuqin	2008	111	15
Xuexi	2008	190	62
XXVIIL	2008	398	378
Xx	2008	743	390
X21	2008	126	82
XRCC4	2008	132	38
XenSource	2008	289	27
Xenobiotics	2008	381	133
Xisuthrus	2008	197	69
XmlReaderSettings	2008	293	34
Xo.	2008	139	52
xiid	2008	124	45
xvn	2008	1453	956
xcv	2008	717	484
xd	2008	888	471
xxvi	2008	21011	7666
X.P.	2008	208	151
X.Y.	2008	663	311
XHIBIT	2008	276	19
Xever	2008	312	254
xinxi	2008	115	45
XCS	2008	1377	43
XINA	2008	112	2
XXIY	2008	126	114
Xolair	2008	116	44
ξ	2008	3489	688
XXXIL	2008	333	307
Xanthippus	2008	441	185
Xawed	2008	109	44
Xiamen	2008	3099	664
Xiaoping	2008	10912	1694
Xintiandi	2008	129	28
xhost	2008	166	31
X300	2008	256	39
XBP1	2008	116	24
xxrv	2008	232	175
X11	2008	1520	291
XComment	2008	284	47
xi2	2008	100	65
XORed	2008	402	120
xingbie	2008	130	33
xo	2008	2450	1416
XVIe	2008	2647	753
Xm	2008	2331	1608
XDC	2008	157	139
XIX.	2008	128	90
XKE	2008	130	84
XLE	2008	333	74
XMPP	2008	380	77
Xianzu	2008	463	39
Ximenez	2008	1031	283
xuanji	2008	494	105
XAVIER	2008	420	245
XIP	2008	248	57
Xbal	2008	235	89
Xit	2008	260	147
Xui	2008	113	19
xvii.	2008	667	349
XSI	2008	760	58
XXXIX	2008	10284	6016
Xavy	2008	229	122
Xuma	2008	456	73
xil	2008	501	379
XL1V	2008	117	108
Xidian	2008	111	41
Ximena	2008	1219	347
XM	2008	3961	1233
Xekong	2008	1415	5
x10	2008	1092	570
XCopy	2008	266	33
XLR	2008	811	126
XmlDocument	2008	1701	91
Xv	2008	629	356
xxxx	2008	2387	774
XXXI	2008	18756	10408
Xanthe	2008	994	67
xid	2008	152	96
Xandros	2008	1216	39
Xllle	2008	276	119
Xuande	2008	118	50
xen	2008	1003	84
XElement	2008	5979	65
XVU	2008	106	106
Xanthan	2008	275	109
x1	2008	12039	2356
xT	2008	566	297
xxxxxxxxxxx	2008	152	46
Xiaoling	2008	229	82
ximelagatran	2008	351	56
xiong	2008	174	82
XLI	2008	7320	4664
Xhe	2008	564	510
xci	2008	830	617
xpected	2008	102	86
xs	2008	7567	1489
Xave	2008	124	14
xenotime	2008	113	54
xmlns	2008	1687	255
XENOPHON	2008	217	103
xanthine	2008	2626	634
xxxvn	2008	264	217
Xeriscaping	2008	125	61
XQ	2008	510	311
XA	2008	2642	1074
Xen.	2008	268	78
Xiaofei	2008	128	61
xconfig	2008	122	31
X22	2008	130	91
XXXXVII	2008	174	22
Xingfa	2008	103	28
Xinglongwa	2008	306	10
Xll	2008	766	513
xenogeneic	2008	447	129
xpath	2008	307	68
Xa	2008	4526	1235
Xls	2008	139	18
xenon	2008	4448	1134
X7	2008	599	349
Xantippus	2008	121	44
XmlDataDocument	2008	249	20
XUE	2008	125	49
XXIII	2008	41154	20617
Xiaoli	2008	192	69
XER	2008	135	37
XMLA	2008	239	30
Xam	2008	878	99
Xs	2008	5100	2014
xingyi	2008	127	16
xiz	2008	272	231
xii	2008	95061	24963
XFire	2008	384	19
XNR	2008	121	116
xviL	2008	306	270
XLink	2008	114	37
XXXXXX	2008	360	140
Xiphinema	2008	436	40
XrML	2008	254	46
xO	2008	200	125
xxt	2008	268	234
xylazine	2008	1011	149
XKMS	2008	246	37
XVl	2008	293	147
xerogels	2008	403	46
xhr	2008	150	69
xlx	2008	197	128
X.X.	2008	251	130
X4	2008	2196	706
xenoplax	2008	138	16
XVHL	2008	198	185
Xiaguan	2008	133	26
XslCompiledTransform	2008	301	29
Xuanchuan	2008	111	13
xanthate	2008	466	59
xanthophylls	2008	554	150
XH	2008	2515	1877
Xuemei	2008	132	43
xylenol	2008	116	53
Xiaojiang	2008	316	64
xC	2008	236	128
xv	2008	70579	22622
XPC	2008	276	83
Xai	2008	651	92
Xand	2008	802	347
Xiangtong	2008	212	7
xiiii	2008	275	224
xui	2008	218	198
X18	2008	102	52
XIV.	2008	205	135
XXVH	2008	261	252
Xixiang	2008	202	24
xampp	2008	148	20
xara	2008	115	87
XCode	2008	108	13
XPointer	2008	136	34
Xw	2008	163	100
xJ	2008	127	97
xal	2008	413	228
xylophone	2008	2393	974
X.T.	2008	104	72
XGMII	2008	174	6
Xiahe	2008	166	34
XIE	2008	505	171
XMLNAMESPACES	2008	108	24
XXXVIII	2008	10801	6069
Xaintes	2008	112	24
xviie	2008	122	67
xxv	2008	22483	8560
xxxi.	2008	305	169
XPD	2008	790	83
xand	2008	324	243
xinetd.conf	2008	150	30
xmlHttp	2008	132	16
xu	2008	1969	1090
xuanyan	2008	106	41
X200	2008	141	70
XAN	2008	774	29
XLIII	2008	5978	3908
XVHI	2008	429	387
Xaa	2008	288	89
Xag	2008	114	41
X.F.	2008	240	152
XEmacs	2008	185	47
XXVIII	2008	22511	12445
Xord	2008	122	103
XXY	2008	1005	463
Xiaowen	2008	180	65
XBAP	2008	430	18
XLH	2008	232	180
Xaviere	2008	240	38
Xmas	2008	3163	1295
xan	2008	128	107
xxxviii	2008	6683	3207
