Yasnaya	2008	802	194
Yisconti	2008	100	40
yill	2008	219	156
yokels	2008	1745	1422
YIIL	2008	175	160
YRD	2008	177	9
YRS	2008	133	64
Yali	2008	934	178
Yanovski	2008	323	113
Yaz	2008	704	152
Yees	2008	282	176
Yeterian	2008	140	40
Yetsirah	2008	142	37
yearto	2008	209	189
ylide	2008	277	26
Yata	2008	158	76
Yd	2008	1090	636
Yenissei	2008	132	17
Yesilada	2008	172	59
Yetis	2008	101	47
Yogev	2008	304	118
Younggren	2008	118	21
Yuquan	2008	104	38
yas	2008	1156	595
yeou	2008	859	141
youare	2008	503	319
YIP	2008	196	75
Yaakov	2008	5853	591
Yakovlev	2008	2889	527
Yam	2008	4427	1897
Yanow	2008	521	131
Yaponesia	2008	110	7
Yeshi	2008	266	61
Yntema	2008	328	93
Youra	2008	166	80
Yttria	2008	151	64
ye'er	2008	189	39
Yafo	2008	132	56
Yakkha	2008	140	25
Yarrow	2008	7834	2001
Yiren	2008	111	32
Yoji	2008	1245	132
Youngson	2008	392	150
Youngstrom	2008	459	134
Yuvak	2008	160	66
YBA	2008	152	51
YSM	2008	145	25
YVR	2008	230	24
Yanke	2008	173	54
Yeakel	2008	194	38
Yedas	2008	298	129
Yesavage	2008	470	171
Yigael	2008	613	172
Ylva	2008	208	106
Yoredale	2008	100	31
Yuzen	2008	130	28
yelloworange	2008	135	124
yem	2008	171	109
Yamashita	2008	6751	1912
Yaqui	2008	5418	759
Yates	2008	37341	8756
Yehudit	2008	542	123
Yenesei	2008	139	70
Yivo	2008	361	44
Yobs	2008	161	94
Yugao	2008	319	31
Yummy	2008	1245	729
Yurok	2008	1214	207
yR	2008	108	66
YNP	2008	404	21
Yamina	2008	184	61
Yatom	2008	118	33
Yazoo	2008	6363	1215
Yenta	2008	119	60
Yeun	2008	213	74
Yoseph	2008	558	149
Yudelson	2008	138	35
yeux	2008	5793	2582
yiqi	2008	142	22
Yalies	2008	164	100
Yawn	2008	796	584
Yeoh	2008	1876	525
Yoshihara	2008	1075	420
Yuanpei	2008	265	83
ye'r	2008	383	212
years.53	2008	116	115
yeers	2008	263	149
yek	2008	131	75
Yabes	2008	172	42
Yacna	2008	152	28
Yamen	2008	2553	353
Ybarra	2008	1798	545
Yeager	2008	6111	1581
Yeshorim	2008	272	21
yataghan	2008	401	246
yeaT	2008	448	355
years.22	2008	330	323
Yaeko	2008	101	35
Yamamah	2008	177	54
Yamantaka	2008	237	60
Yamawaki	2008	333	131
Yanktonai	2008	330	60
Yefimov	2008	204	37
Yokum	2008	245	93
Yufeng	2008	184	58
y'hear	2008	136	100
yantras	2008	409	113
yashiki	2008	410	102
yili	2008	120	36
yp	2008	1194	620
Yaguajay	2008	105	18
Yangcheng	2008	142	56
Yards	2008	8044	3119
Yohkoh	2008	146	26
yate	2008	188	104
yeerely	2008	230	75
yingxiang	2008	210	107
YAN	2008	493	229
YSP	2008	623	66
Yamasees	2008	386	42
Yane	2008	270	88
Ygraine	2008	146	28
yEneas	2008	101	78
you'U	2008	173	159
you'd've	2008	114	101
Y.J.	2008	1118	617
Yachats	2008	118	27
Yamadori	2008	210	69
Yamanishi	2008	236	112
Yarni	2008	107	7
Yati	2008	207	106
Yergin	2008	2021	586
Yeses	2008	122	85
Yitshak	2008	110	59
Ymir	2008	564	188
Younossi	2008	189	38
Ysa	2008	501	27
Yudofsky	2008	405	136
Yuppie	2008	504	309
yo'self	2008	729	398
youmay	2008	181	142
youog	2008	206	202
YO	2008	1420	734
Yanoff	2008	140	52
Yarim	2008	133	46
Ydgrun	2008	106	15
Yearn	2008	383	331
Yehoshafat	2008	148	62
Yinhe	2008	103	46
Yishuv	2008	3859	286
Yohance	2008	252	2
Yorck	2008	906	194
Yoshimori	2008	205	61
yarb	2008	210	105
yearlong	2008	3260	2518
your	2008	21392228	186075
yq	2008	101	73
YUR	2008	115	29
YVONNE	2008	231	144
YadVashem	2008	141	39
Yardhope	2008	100	4
Yessah	2008	155	56
Yontz	2008	112	13
y'self	2008	131	73
yajnopavita	2008	114	26
yardwork	2008	119	108
yellowbrown	2008	289	252
yil	2008	137	101
Yakuti	2008	112	10
Yall	2008	280	123
Yangjiang	2008	122	27
Yazid	2008	2952	517
Yecora	2008	265	10
Yellowing	2008	360	230
Yeny	2008	355	4
Yousem	2008	352	75
yajna	2008	951	209
yardages	2008	142	56
year.43	2008	158	154
yees	2008	1054	367
yoing	2008	153	134
youand	2008	101	77
Yagil	2008	171	84
Yanaka	2008	194	54
Yemanja	2008	197	43
Yisro	2008	236	23
Yperen	2008	156	59
Yud	2008	104	56
yaller	2008	2933	1530
yalue	2008	204	171
ycr	2008	408	208
youngun	2008	140	89
Yakama	2008	802	147
Yendol	2008	177	25
Yerkes	2008	4500	1049
Yniol	2008	177	33
Yohai	2008	552	202
Yongnian	2008	404	115
Yoshiyuki	2008	468	191
yage	2008	202	64
yarde	2008	247	155
yelled	2008	161961	35771
yolks	2008	15665	2643
yoursilf	2008	142	83
yugen	2008	427	54
YORKER	2008	169	124
Yacoubi	2008	214	50
Yamasaki	2008	1845	733
Yatra	2008	792	271
Yelle	2008	186	59
Yienna	2008	142	105
Yogachara	2008	109	41
Yolland	2008	886	57
yehuda	2008	136	23
yoruba	2008	109	40
younkers	2008	337	246
YON	2008	202	156
YRBS	2008	309	62
Yamaoka	2008	504	230
Yangzhou	2008	1118	276
Yeomen	2008	1465	707
Yergason	2008	195	48
Yh	2008	235	128
Yifeng	2008	122	56
Yunker	2008	259	130
Yusof	2008	524	186
Yuxiang	2008	298	84
yeai	2008	656	595
yelping	2008	7963	5769
yogins	2008	843	111
Ya'qubi	2008	126	48
Yannina	2008	112	17
Yeheskel	2008	100	50
Yerevan	2008	2981	475
Yolen	2008	855	190
Youren	2008	131	30
Youssouf	2008	513	124
Yugoslav	2008	27226	3112
Yugoslavs	2008	2667	714
y'a	2008	113	76
yaba	2008	169	39
year.20	2008	259	248
youngreaders	2008	144	129
YEGOR	2008	140	7
YOURSELF	2008	6627	2653
Yakushima	2008	140	39
Yanyuan	2008	146	35
Yip	2008	4797	1523
Yurie	2008	117	32
yid	2008	396	179
you'm	2008	781	184
Yap	2008	4727	1521
Yelm	2008	151	46
Yingst	2008	149	24
Yohannan	2008	513	92
Yuille	2008	950	227
yer'll	2008	489	228
Yakir	2008	384	99
Yaohan	2008	113	36
Yassini	2008	162	32
Yehoshu'a	2008	110	22
Yenice	2008	366	137
Yezidees	2008	144	25
y	2008	842659	76514
yaws	2008	1109	557
yuccas	2008	839	429
Yepsen	2008	131	45
Yerahmiel	2008	179	7
Yliopisto	2008	101	67
Youguang	2008	213	24
Your	2008	1714735	140679
Yousheng	2008	101	15
Yussel	2008	643	12
yellowlegs	2008	203	97
yles	2008	125	41
yurta	2008	1200	32
Yaglom	2008	204	62
Yahr	2008	335	128
Yammerton	2008	114	2
Yasmina	2008	422	149
Yawar	2008	248	70
Ybarnegaray	2008	176	16
Yearnings	2008	480	299
YEL	2008	218	69
Yahweh	2008	48296	3181
Yemenis	2008	1074	379
Yerrington	2008	105	28
Yevgeniya	2008	108	42
Yohimbe	2008	152	67
Youings	2008	122	48
years.24	2008	321	316
yellowy	2008	799	658
yup	2008	690	501
YANG	2008	1477	488
Yagmur	2008	206	47
Yahav	2008	172	83
Yakar	2008	240	88
Yankauer	2008	139	61
Yano	2008	2544	989
Yeaman	2008	430	135
Yek	2008	172	73
Yingjie	2008	107	59
Yoffe	2008	295	146
Yoffee	2008	375	105
Yonne	2008	942	461
Yoruba	2008	27665	2328
Yueh	2008	1390	369
Yungay	2008	321	66
yoko	2008	218	91
you.I	2008	246	154
yournal	2008	110	85
yrast	2008	180	12
YVA	2008	621	29
Yahool	2008	240	110
Yalding	2008	289	53
Yamim	2008	189	79
Yamit	2008	149	42
Yashwant	2008	411	176
Yiddishland	2008	397	40
Yinzhang	2008	103	3
Young	2008	593908	106009
Younus	2008	188	58
year.17	2008	252	245
yielding	2008	134095	59275
yinyue	2008	240	32
YSI	2008	284	95
Yiian	2008	194	57
Youwarkee	2008	189	14
Yr	2008	3691	1095
yarns	2008	18184	6946
yeses	2008	732	547
Yah	2008	6943	2770
Yamakage	2008	132	44
Yatha	2008	103	64
Yean	2008	1721	1011
Yehiam	2008	179	22
Yellowed	2008	145	129
Yihong	2008	134	63
Yinka	2008	321	101
Ynet	2008	128	54
Yourself	2008	29706	10895
Yuna	2008	318	70
Yurt	2008	808	218
Yzaguirre	2008	540	43
yager	2008	127	74
Yara	2008	687	291
Ye'll	2008	3430	1668
Yearling	2008	1046	467
Yefet	2008	233	37
Yer	2008	8787	3072
Yiu	2008	943	379
Youre	2008	1015	248
yasashii	2008	103	11
Y22	2008	101	40
Yanas	2008	115	26
Yassum	2008	231	48
Yehudai	2008	175	30
Yerushalmi	2008	2992	517
Yndios	2008	172	45
yates	2008	200	71
yeasty	2008	1683	1422
Υ	2008	302	80
YH	2008	2877	1140
Yamas	2008	169	86
Yellala	2008	114	33
Yemaja	2008	153	13
Yiba	2008	320	9
Yiddishism	2008	110	32
Yijian	2008	122	51
Yorh	2008	104	84
year.The	2008	291	213
youngness	2008	285	218
YOY	2008	780	59
Yanjie	2008	202	74
Yatim	2008	229	53
Yeadon	2008	814	195
Yiorgos	2008	290	70
Yoo	2008	9434	2848
Yuezhi	2008	625	144
yakni	2008	142	26
yanjiu	2008	3028	444
yo'se'f	2008	370	183
Yaho	2008	131	36
Yefremov	2008	135	48
Youngsters	2008	1891	1279
Yulin	2008	453	162
Yune	2008	101	38
Yuon	2008	103	26
yardarms	2008	391	306
yawls	2008	394	256
yawned	2008	30670	17654
yendo	2008	164	98
yestermorn	2008	217	178
yih	2008	170	76
yimin	2008	156	53
yoh	2008	861	183
Y.	2008	328288	43710
Yagna	2008	208	68
Yakumo	2008	130	61
Yamin	2008	839	320
Yanek	2008	330	59
Yanik	2008	262	103
Ydigoras	2008	140	40
Yegenoglu	2008	226	77
Yehezkel	2008	788	220
Yonan	2008	228	80
Yoshihiro	2008	760	313
Youkahainen	2008	363	21
Yrs	2008	2105	509
y'th	2008	415	182
yeaning	2008	114	68
yk	2008	1116	472
Y.-F.	2008	195	159
Yamoto	2008	391	29
Yasaka	2008	173	81
Youngquist	2008	360	121
Youthful	2008	3241	2315
Ystradgynlais	2008	160	24
Yudhoyono	2008	1171	239
Yudit	2008	158	18
Yujing	2008	189	35
Yverdun	2008	210	106
yachtsmen	2008	2046	730
yeller	2008	1018	672
Yack	2008	600	204
Yijing	2008	838	188
Yinon	2008	278	89
Youl	2008	317	211
yachts	2008	15767	6396
Yasargil	2008	234	58
Yonker	2008	203	86
yL	2008	278	154
yO	2008	180	135
yiyi	2008	121	78
young1	2008	314	263
ys	2008	6750	2782
yuekan	2008	235	63
Y.I.	2008	343	222
YA	2008	5743	1535
YPFB	2008	277	28
Yajus	2008	226	86
Yatuta	2008	169	11
Yers	2008	316	136
Yetta	2008	972	187
Yombe	2008	158	53
Yorubaland	2008	1120	250
Yoti	2008	165	159
Yvernes	2008	127	15
yellowish	2008	45851	15813
yong	2008	3358	1130
YLS	2008	226	31
Yacub	2008	194	61
Yakshas	2008	559	146
Yasif	2008	105	17
Yehia	2008	161	83
Yessum	2008	226	105
Yiddisher	2008	131	72
Youseff	2008	139	40
Yuccas	2008	183	96
yarmulkes	2008	523	364
yearneth	2008	205	180
yishu	2008	613	110
yml	2008	103	18
YOUNG	2008	22781	9836
Yamane	2008	1778	507
Yams	2008	982	564
Yardbird	2008	258	94
Yeagley	2008	464	32
Yukatek	2008	286	23
years1	2008	596	531
Yalo	2008	1164	45
Yama	2008	7456	1352
Yearley	2008	614	140
Yehuda	2008	8271	1794
Yoichiro	2008	256	100
Yolu	2008	129	57
yaf	2008	229	121
year.7	2008	461	418
yeasaid	2008	104	12
yod	2008	1022	372
young'un	2008	385	238
ytterbium	2008	611	148
YOGURT	2008	380	141
Yigong	2008	119	20
Youniss	2008	838	162
Yx	2008	240	135
yards	2008	492833	75875
yare	2008	500	324
yeomen	2008	9229	4584
yse	2008	166	84
Yai	2008	1710	324
Yajima	2008	460	212
Yorker	2008	38930	13511
Ypsilanti	2008	2092	841
Yusuff	2008	215	18
yahoo	2008	1559	1084
year.11	2008	279	256
yonge	2008	846	476
yut	2008	104	86
YET	2008	3799	2543
Yamagami	2008	245	119
Yanktonais	2008	303	39
Yaqubi	2008	196	61
Yicheng	2008	195	41
Yor	2008	1575	558
Yorda	2008	138	9
Youghiogheny	2008	393	149
Yoyotte	2008	225	48
yaks	2008	2312	678
years.38	2008	227	225
yim	2008	152	115
yoi	2008	1006	692
youer	2008	194	60
Y12	2008	128	58
Yongping	2008	262	105
yeye	2008	100	65
yojanas	2008	499	109
youdo	2008	167	140
Yahgan	2008	162	43
Yankies	2008	114	37
Yaqing	2008	190	36
Yeasts	2008	1226	479
Yellowhorse	2008	113	13
Yeobright	2008	1304	41
Yizheng	2008	320	61
Ynys	2008	988	166
Yuanxin	2008	453	27
yd3	2008	260	60
youug	2008	834	706
yves	2008	101	49
YOD	2008	104	46
Yafei	2008	145	29
Yalu	2008	2938	799
Yamaga	2008	348	69
Yanagiya	2008	317	18
Yardbirds	2008	996	203
Yehovah	2008	930	53
Yike	2008	120	78
Yusuke	2008	574	159
ymax	2008	306	154
yo'n	2008	206	105
yourse'f	2008	102	62
Yahoo.com	2008	414	272
Yarbus	2008	158	55
Yatus	2008	137	19
Yehudi	2008	2420	455
Yikes	2008	2183	1492
Yoli	2008	928	43
Yordan	2008	279	106
Yousaf	2008	501	143
yadi	2008	218	78
yearning	2008	70585	34891
yog	2008	165	125
yug	2008	126	69
YAM	2008	325	207
YARROW	2008	152	80
Ye'or	2008	661	111
Yemeni	2008	5982	1297
Yn	2008	1212	524
Yokahama	2008	106	79
Yonemoto	2008	257	73
Ystad	2008	675	92
Yudof	2008	124	52
Yumi	2008	895	209
yeans	2008	434	395
youngmen	2008	286	160
yourseP	2008	130	89
yuca	2008	766	175
YP	2008	3159	789
Yafiez	2008	142	68
Yahn	2008	158	37
Yanagimachi	2008	203	66
Yangchow	2008	232	67
Yardeni	2008	364	116
Yasmine	2008	1504	236
Yetholm	2008	355	114
Yool	2008	292	84
YorkTimes	2008	578	367
Yvane	2008	199	5
yankees	2008	349	213
year.33	2008	187	183
yelpin	2008	100	88
Yanagi	2008	1116	288
Yangshan	2008	175	46
Yanshan	2008	400	101
Yoshiharu	2008	232	117
Yunmen	2008	418	32
yaki	2008	286	108
yuzu	2008	116	55
Y.V.	2008	436	236
Yakuts	2008	527	166
Yaroslavl	2008	589	269
Yaverland	2008	591	22
Yazov	2008	295	63
Yeatsian	2008	392	186
Yes.	2008	272	163
Yirmiya	2008	325	100
Yiwu	2008	283	83
Ylang	2008	406	107
Yoneda	2008	923	358
Yorkers	2008	17631	7419
Youare	2008	139	96
Yukawa	2008	1723	275
years.37	2008	210	209
yellowfin	2008	1078	335
yum.repos.d	2008	102	13
YOKK	2008	141	139
Yakovlevitch	2008	165	16
Yearbooks	2008	1211	555
Yellowley	2008	377	54
Yict	2008	200	71
Yonetani	2008	126	40
Yugi	2008	104	45
yat	2008	1749	484
yeu	2008	555	439
yob	2008	621	435
yoc	2008	113	96
yuk	2008	830	377
Yakshagana	2008	155	25
yelpings	2008	239	213
yirah	2008	286	23
yoy	2008	288	142
Y.-K.	2008	224	161
Y.E.	2008	432	230
YCI	2008	126	16
Yakoo	2008	125	10
Yamakura	2008	108	30
Yew	2008	9952	2530
Yorimasa	2008	100	24
Yusif	2008	398	107
year.61	2008	100	98
Y'know	2008	1371	621
YW	2008	1130	603
Yahiaoui	2008	128	27
Yanbin	2008	194	30
Yarralumla	2008	140	41
YouR	2008	117	55
Younge	2008	1607	481
Yzerman	2008	213	23
yearnings	2008	13766	9748
Yamoussoukro	2008	299	112
Yekutiel	2008	160	70
Ysrael	2008	131	34
Yul	2008	1636	595
Yuwen	2008	616	74
year.1	2008	1540	1279
you.You	2008	835	473
YFC	2008	293	27
YLI	2008	110	21
Yanov	2008	115	39
Yonzon	2008	102	35
Yoshikuni	2008	147	61
Yousef	2008	4665	872
Yuya	2008	139	47
y.o.	2008	228	47
years.58	2008	128	121
yelks	2008	319	36
YSL	2008	583	151
Yahagi	2008	227	78
Yarb	2008	103	40
Yastrebov	2008	259	16
Yearns	2008	242	182
Yellowhammer	2008	327	104
Yonathan	2008	158	66
Yuande	2008	103	6
yeirlie	2008	120	33
yes	2008	789012	115863
Y.Z.	2008	354	204
Yaltah	2008	163	6
Yandell	2008	920	325
Yazld	2008	222	37
Yocupicio	2008	234	7
Yoshiko	2008	1784	471
Ysabeau	2008	340	33
yrour	2008	114	95
yönelik	2008	235	8
YK	2008	1826	761
YKK	2008	141	43
YVES	2008	200	128
Yant	2008	111	59
Yao	2008	20793	4125
Yoshizumi	2008	172	93
Yspaddaden	2008	122	9
yardland	2008	244	68
YOBK	2008	293	284
YUEN	2008	109	55
Yaas	2008	830	338
Yasumura	2008	122	77
Yeom	2008	171	86
Yiicel	2008	124	66
Yilgarn	2008	185	34
Yos	2008	509	243
Yough	2008	121	42
Yuanhao	2008	185	18
Yusupov	2008	288	127
Yvelines	2008	262	127
yakked	2008	111	108
yip	2008	1086	800
Yakubu	2008	1276	267
Yarm	2008	206	105
Yisrael	2008	7788	847
Yoshio	2008	2113	618
Yuanyuan	2008	187	80
Yuncheng	2008	157	28
yahrzeit	2008	179	86
yarrow	2008	2207	1047
Yanomamo	2008	898	204
Yarwood	2008	547	180
Yeda	2008	258	105
Yesha	2008	206	101
Yogi	2008	10407	2938
Yogman	2008	137	78
years3	2008	112	106
yellings	2008	323	301
Yaffee	2008	412	123
Yangtze	2008	11914	2337
Yiduo	2008	161	35
Yiguan	2008	990	15
Yimou	2008	954	232
Yinan	2008	126	58
Yonatan	2008	512	190
Yrbk	2008	521	14
Yudenich	2008	221	54
Yulka	2008	340	16
yesteryear	2008	4153	3164
youngs	2008	228	134
yourdomain.com	2008	208	38
Yambuya	2008	325	28
Yanadi	2008	199	13
Yaryan	2008	184	33
Yel'tsin	2008	439	12
Yoakum	2008	706	215
Yoho	2008	1108	191
Yoram	2008	2086	803
year.4	2008	645	591
YEAH	2008	862	458
YOKE	2008	602	422
Yazaki	2008	403	187
Yee	2008	9685	3235
Yessss	2008	249	208
Yiyi	2008	133	44
Yokohama	2008	12089	3389
Yond	2008	165	136
Yonge	2008	6447	2165
Youngner	2008	288	82
Yucaipa	2008	247	78
Yukeoma	2008	260	4
Yussuf	2008	4217	243
yef	2008	129	111
yuefu	2008	252	29
Y.-M.	2008	308	204
YFV	2008	184	11
YHM	2008	359	7
Yaik	2008	243	57
Yaki	2008	575	84
Yongbyon	2008	1012	191
Yushchenko	2008	2651	320
yead	2008	126	73
yeahs	2008	666	299
Y.O.	2008	131	78
Y2	2008	2776	983
YAMAMOTO	2008	168	79
YG	2008	871	469
YUKOS	2008	439	34
YYY	2008	297	125
Yakutsk	2008	1620	375
Yamma	2008	108	30
Yamunanagar	2008	136	31
Yang	2008	91885	12823
Yasemin	2008	560	219
Yassir	2008	786	345
Yengeni	2008	337	38
Yepis	2008	141	2
yamabushi	2008	396	70
yew	2008	19222	8235
yote	2008	166	108
Yeutter	2008	128	46
Youri	2008	251	83
Yousouf	2008	110	47
Yugor	2008	147	7
yard	2008	423037	85253
years.50	2008	136	136
YATES	2008	336	212
YCbCr	2008	368	65
YYJ	2008	122	2
Yanadis	2008	188	15
Yengoyan	2008	132	66
Yetiv	2008	266	59
Yoana	2008	171	13
yahoos	2008	570	467
Y'u	2008	250	19
Yakovenko	2008	355	83
Yankeedom	2008	239	191
Yarns	2008	1539	607
Yoman	2008	125	52
Yonezawa	2008	665	302
Yongsan	2008	477	102
YEARLY	2008	491	288
Yalladolid	2008	119	68
Yanbo	2008	136	42
Yeap	2008	275	129
Yog	2008	621	169
Yori	2008	259	106
Yuanshi	2008	436	48
Yukio	2008	2059	723
Yumoto	2008	305	133
yesl	2008	239	210
yith	2008	123	117
you're	2008	4335	3136
Yaacob	2008	368	88
Yamaki	2008	368	136
Yamazaki	2008	3378	1297
Yarra	2008	3582	941
Yeah	2008	326864	26882
Yevgeniy	2008	205	58
Yoganandan	2008	362	36
Yoro	2008	173	80
Yuanhong	2008	138	30
Yuksel	2008	296	146
yacht	2008	74346	15815
yass	2008	211	58
year.2	2008	802	709
yidisher	2008	329	44
Yamanaka	2008	2112	750
Yancopoulos	2008	225	89
Yanukovich	2008	339	88
Yevgenii	2008	190	47
Yngvesson	2008	190	50
Yoshitsune	2008	1202	155
Yur	2008	303	144
years.49	2008	171	170
YOT	2008	414	62
Yablonka	2008	176	27
Yiew	2008	153	125
Yohn	2008	303	116
Yoles	2008	118	28
Youtz	2008	138	56
Yuanhe	2008	131	29
Yvron	2008	319	3
yeelde	2008	228	121
yestherday	2008	119	83
yia	2008	132	98
yoga	2008	56029	9552
yongs	2008	111	32
yose	2008	1465	54
youthfull	2008	120	96
Yasukuni	2008	4062	396
Yenagoa	2008	148	37
Yeshe	2008	2007	168
Youknow	2008	115	79
Yáñez	2008	151	55
yellowbird	2008	122	66
yond	2008	2198	1864
YMD	2008	205	19
Yaegaki	2008	144	30
Yeas	2008	1348	633
Yessir	2008	3239	1348
Yevtushenko	2008	933	230
Yicar	2008	287	116
Ypersele	2008	126	60
yol	2008	635	338
yyyymmdd	2008	130	33
Yanes	2008	272	120
Yusen	2008	322	168
yeni	2008	746	68
yidn	2008	198	42
ynn	2008	231	121
you'ns	2008	125	37
一	2008	140	36
YC	2008	3401	1048
Yaughan	2008	340	214
Yezd	2008	552	136
Yglesias	2008	218	100
Yonetimi	2008	102	13
Yuva	2008	841	143
Yase	2008	140	85
Yellows	2008	1269	584
Yıldız	2008	243	33
yaksi	2008	209	15
youthfulness	2008	5687	4495
yuen	2008	1051	187
Y2K	2008	3920	1301
YRC	2008	152	38
Yaa	2008	721	252
Yeop	2008	185	23
Yezhov	2008	2139	98
Yoshitaka	2008	428	202
Yuichiro	2008	115	56
Yup'ik	2008	1016	189
year.50	2008	115	115
yep	2008	1500	1089
yok	2008	385	157
Yae	2008	1230	76
Yapa	2008	248	122
Yavas	2008	225	78
Yili	2008	332	115
Yittoria	2008	178	58
Yonnie	2008	415	11
Yoshioka	2008	1554	694
Yram	2008	1040	19
Yuang	2008	109	49
Yukaghir	2008	529	52
yessotoxin	2008	332	14
YALE	2008	1752	864
Yamunotri	2008	162	37
Yannick	2008	727	248
Yasuhara	2008	208	100
Yiguandao	2008	112	10
Yogasutra	2008	399	53
Yorkey	2008	138	44
Yost	2008	4128	1167
Yudin	2008	353	122
Yuesheng	2008	233	26
ya'd	2008	197	107
yoghourt	2008	133	47
YANKEE	2008	879	530
Yakoutsk	2008	101	58
Yaroshevsky	2008	131	15
Yasuni	2008	277	31
Ydit	2008	201	7
Yifa	2008	131	30
Yincent	2008	103	86
Yoking	2008	155	115
Youatt	2008	1009	254
Youngy	2008	142	13
Younts	2008	119	41
year.29	2008	201	189
yearB	2008	180	168
yolked	2008	139	101
Yani	2008	768	167
Yashayaev	2008	120	7
Yast	2008	311	133
Yawk	2008	236	160
Yingshi	2008	127	33
Yonamine	2008	1902	20
Yoshinaga	2008	769	268
Yuddha	2008	123	56
yanjiusuo	2008	284	102
yearsold	2008	287	257
yess	2008	460	146
yohimbine	2008	875	218
yower	2008	102	52
Y.M.C.A.	2008	2465	1065
YAMADA	2008	108	62
Yagoda	2008	950	163
Yarber	2008	119	59
Yelderman	2008	108	12
Yibing	2008	104	52
Yizkor	2008	306	115
Yonsei	2008	1502	569
Yot	2008	399	289
year.24	2008	239	225
yiz	2008	181	88
yo'all	2008	120	32
Yalom	2008	2703	529
Yardage	2008	169	70
Yiddishe	2008	227	119
Yorikuni	2008	129	5
Youldeh	2008	120	4
Yum	2008	4806	1925
yul	2008	563	120
Yaping	2008	348	61
Yat	2008	7362	1502
Yining	2008	328	89
Yokosuka	2008	1314	424
Yopp	2008	406	91
Yorick	2008	4089	1143
Yoshimura	2008	2145	852
Youngren	2008	200	83
Yumbo	2008	101	22
YAMA	2008	122	69
Yacoubian	2008	281	100
Yogendra	2008	586	194
yal	2008	463	224
yg	2008	414	310
youknow	2008	425	329
YUSUF	2008	138	63
Yachtsman	2008	195	97
Yalden	2008	441	154
Yawnghwe	2008	294	26
Yerk	2008	146	72
Yetter	2008	204	90
Yuthok	2008	146	17
yantra	2008	983	171
YB	2008	2103	634
YSS	2008	105	25
Yagan	2008	153	57
Yeamans	2008	286	85
Youssef	2008	3120	1140
years.35	2008	238	234
years.56	2008	104	102
yeggman	2008	112	58
YHA	2008	229	66
Yaala	2008	789	4
Yakan	2008	153	57
Yanagawa	2008	391	193
Yankl	2008	167	32
Yassen	2008	105	31
Yeola	2008	147	23
Yesner	2008	131	38
Yocom	2008	107	52
Youngkin	2008	121	36
Yw	2008	128	91
yardangs	2008	268	33
year.53	2008	114	113
YUM	2008	1445	121
Yacef	2008	368	48
Yamakawa	2008	1258	372
Yen	2008	16038	4719
Yitro	2008	666	63
Ynez	2008	1364	286
Yuson	2008	198	43
Yuyuan	2008	162	57
ya're	2008	129	33
yachtsman	2008	1802	1039
yodel	2008	928	669
yottr	2008	117	113
Yakshi	2008	312	68
Yangban	2008	141	50
Yaser	2008	399	166
Yuquot	2008	162	15
ya	2008	88534	15792
yardlands	2008	105	40
yetto	2008	172	171
yng	2008	121	78
Y.G.	2008	506	338
YOLANDA	2008	160	67
Yanqing	2008	157	66
Yc	2008	748	515
Yekta	2008	115	47
Yildirim	2008	599	266
yan	2008	3744	1215
yeara	2008	1191	980
yearperiod	2008	100	93
yourt	2008	142	60
yyy	2008	225	125
YSO	2008	333	26
YaYa	2008	329	37
Yablonsky	2008	666	99
Yanina	2008	1590	134
Yanofsky	2008	223	84
Yashodhara	2008	170	66
Yenking	2008	254	8
Yona	2008	1360	352
Youngblood	2008	2766	800
Yow	2008	1428	657
Yukie	2008	116	61
yawl	2008	4853	1472
yonng	2008	2802	1919
YFU	2008	195	7
YOO	2008	355	155
Yaak	2008	859	71
Yajfiavalkya	2008	187	35
Yanagisawa	2008	1171	430
Yar	2008	3885	994
Yesus	2008	242	52
Yezirah	2008	167	42
Yogini	2008	554	147
Yuzhno	2008	236	62
yell	2008	75383	33882
yowre	2008	140	66
Yamabushi	2008	110	48
Yance	2008	119	61
Yasko	2008	124	54
Yeltsina	2008	105	2
Yokdhan	2008	105	10
Yuvraj	2008	109	57
yarded	2008	381	233
yeald	2008	106	73
yolky	2008	204	113
youâ	2008	1159	27
Yassar	2008	175	109
Yathrib	2008	1060	284
Ye've	2008	2173	1143
Yepes	2008	465	199
Yeso	2008	227	62
Yippies	2008	781	210
Youssif	2008	113	24
Yrth	2008	135	8
Yurka	2008	311	26
year.34	2008	196	193
years.5	2008	774	735
yeiris	2008	146	52
yoked	2008	10806	7293
Y10	2008	137	64
Yarri	2008	287	12
Yatsek	2008	1452	9
Yaziji	2008	139	59
Year's	2008	141	110
Yoon	2008	8427	2833
Youngbloods	2008	117	53
Yvor	2008	397	135
y'know	2008	3899	1340
years.43	2008	212	206
Yaku	2008	171	71
Yantras	2008	153	43
Yenisei	2008	1020	318
Yoshinari	2008	285	101
you.We	2008	108	90
youneed	2008	116	86
yowls	2008	389	329
Ya'll	2008	741	379
Yamata	2008	120	26
Yamish	2008	113	8
Yammarino	2008	607	132
Yashima	2008	623	151
Yentil	2008	133	3
Yoshihiko	2008	334	176
Yosippon	2008	117	15
Yp	2008	426	170
Yulu	2008	160	49
Yunger	2008	101	45
y9	2008	195	105
years.33	2008	234	229
yerde	2008	172	101
you.And	2008	124	94
yushi	2008	100	39
Yag	2008	297	96
Yannuzzi	2008	113	30
Yasuoka	2008	347	117
Ybus	2008	108	8
Yeahs	2008	119	71
Yidisher	2008	152	47
Yiming	2008	185	73
Yok	2008	636	235
Yturbide	2008	135	52
yasya	2008	203	64
yer	2008	106249	11760
yoik	2008	165	21
Ya'ari	2008	1439	135
Yangpu	2008	456	29
Yoop	2008	532	40
years.52	2008	131	131
you'ld	2008	183	80
Y.C.	2008	1995	991
YBh	2008	267	4
Yavuz	2008	1110	308
Yimin	2008	380	120
Yohuru	2008	120	21
yashiro	2008	167	32
yaw	2008	5683	1778
yegg	2008	200	92
youto	2008	191	155
Yaacov	2008	1545	486
Yongning	2008	366	40
Yoshiro	2008	659	297
Yukos	2008	2807	311
Yusuf	2008	17877	3204
years.15	2008	380	371
yousee	2008	113	75
Y6	2008	351	144
YOUNO	2008	113	100
Ya'acov	2008	264	98
Yakushiji	2008	249	92
Yaphet	2008	143	53
Yayincilik	2008	118	47
Yeae	2008	106	55
Yoichi	2008	1043	410
Yokuts	2008	426	100
Yorim	2008	299	2
Yossarian	2008	624	129
yearlin	2008	223	154
yeon	2008	106	43
you'll	2008	2876	2038
yttrium	2008	2453	754
Yalley	2008	350	219
Yater	2008	128	58
Yezzi	2008	123	44
Yiqing	2008	248	50
Yoweri	2008	1058	369
Yowie	2008	747	34
Yuanzhang	2008	413	129
Yue	2008	6977	1932
Yukl	2008	1603	301
Yussefs	2008	179	7
Yuta	2008	255	95
yellows	2008	11127	6681
yy	2008	2523	1261
YBOCS	2008	141	37
Yahoo	2008	14930	4301
Yayoi	2008	996	255
Yesssss	2008	113	101
Yoar	2008	145	136
Yokoya	2008	102	48
Yongqing	2008	124	46
Yongzheng	2008	1586	158
Yop	2008	494	91
Yungas	2008	813	90
Yurgelun	2008	224	107
yD	2008	125	72
year.36	2008	154	151
yellowwood	2008	268	89
yielded	2008	198855	74771
Yannakakis	2008	247	116
Yasa	2008	605	180
Yassi	2008	264	86
Yorke	2008	15937	2444
Yu.A.	2008	227	107
Yucheng	2008	167	70
yast2	2008	108	11
YOSEMITE	2008	270	121
Yanking	2008	666	553
Youi	2008	128	118
Yousuf	2008	968	249
Yulia	2008	2498	286
y'understand	2008	1623	100
yacc	2008	112	37
yidishn	2008	124	31
you.Your	2008	105	78
Yab	2008	176	83
Yalkowsky	2008	228	43
Yarmuk	2008	948	272
Yasugi	2008	112	37
Yazhou	2008	199	81
Yelling	2008	1867	1494
Yhen	2008	115	99
Yodzis	2008	166	40
Yotk	2008	171	139
yaravi	2008	133	18
YCS	2008	292	96
Yaden	2008	136	39
Yaws	2008	363	168
Yeshua	2008	7543	455
Yevgeni	2008	288	112
Yonemura	2008	165	94
Ysaac	2008	101	37
Yssel	2008	553	223
Yuck	2008	2370	1831
yos	2008	848	570
yourjourney	2008	103	61
YPF	2008	620	169
Yahudiyeh	2008	127	15
Yanowitz	2008	111	52
Yarker	2008	352	44
Yavan	2008	115	55
Yedo	2008	2555	378
Yzerbyt	2008	337	63
yowling	2008	1491	1131
Yandabo	2008	114	50
Yanis	2008	241	70
Yimas	2008	173	23
Yips	2008	252	33
Yoneyama	2008	716	263
Yorkies	2008	130	77
Yuansu	2008	104	8
yali	2008	124	56
ype	2008	313	254
Yasaburo	2008	118	13
Yawer	2008	226	25
Yawkey	2008	733	154
Ychromosome	2008	128	70
Yellon	2008	147	58
Yerger	2008	518	152
yellowishwhite	2008	247	198
YH3	2008	117	6
YOOD	2008	139	3
YY	2008	3052	1256
Yakimov	2008	144	43
Yamam	2008	111	22
Yangsheng	2008	130	40
Yasso	2008	105	26
Yermo	2008	322	70
Yesterdays	2008	3057	640
Yongle	2008	1032	189
Yorkbased	2008	142	136
Yoyo	2008	582	89
Yukari	2008	293	103
yagna	2008	251	62
year.12	2008	330	310
yhat	2008	119	53
Yadi	2008	217	46
Yahadut	2008	247	80
Yaiser	2008	113	18
Yethu	2008	308	9
Yilliers	2008	184	120
Yongchaiyudh	2008	129	60
Younkin	2008	227	97
Yukiko	2008	776	256
yeti	2008	943	248
yinhang	2008	214	27
YAML	2008	339	32
YER	2008	453	202
Yena	2008	311	42
Yttrium	2008	818	456
yawed	2008	866	683
yester	2008	2146	1740
yieldeth	2008	977	766
YY1	2008	140	41
Yadu	2008	763	129
Yewdale	2008	123	67
Yigit	2008	149	67
Ynga	2008	211	29
Yonhap	2008	372	94
Yorkton	2008	464	95
Youngling	2008	102	38
years.10	2008	566	538
yev	2008	157	56
yonetimi	2008	216	5
you.1	2008	646	549
YOF	2008	187	11
Yarden	2008	563	202
Yavakri	2008	122	7
Ydd	2008	187	11
Yidishe	2008	447	59
Yoris	2008	197	5
Youngers	2008	481	132
Youth	2008	165964	35544
y4	2008	630	378
yammering	2008	1034	879
year.26	2008	220	207
year.60	2008	108	106
yndios	2008	367	41
younglings	2008	721	450
Y8	2008	114	62
YAY	2008	182	113
Ya	2008	26088	8159
Yadin	2008	3809	357
Yaxchilan	2008	307	76
Yeardley	2008	1653	194
Yorgos	2008	172	51
YACC	2008	257	42
YARNS	2008	177	106
Yard	2008	45254	14462
Year1	2008	233	142
Yellowthroat	2008	114	45
Yery	2008	1551	1224
Yuruk	2008	204	28
yahd	2008	101	50
yardes	2008	275	70
ye're	2008	8012	2656
year	2008	6363919	191837
yinshuguan	2008	493	135
yuyan	2008	119	68
YONGE	2008	240	155
Yannaras	2008	214	22
Yirmi	2008	213	9
Yovel	2008	773	251
yada	2008	1663	603
yearly	2008	123512	47886
years.28	2008	280	266
yoimg	2008	116	115
youe	2008	596	120
yulu	2008	651	23
yeomanly	2008	105	96
yurself	2008	101	45
Y.-L.	2008	232	172
Yacc	2008	135	23
Yankari	2008	167	18
Yankee	2008	82848	20703
Yazd	2008	969	206
Yim	2008	2008	590
Yokota	2008	1728	757
Yossef	2008	460	208
years.The	2008	481	351
YAC	2008	856	174
Yehoshua	2008	3240	670
Ys	2008	2770	915
Ysebaert	2008	116	35
y'are	2008	819	462
year.41	2008	173	165
year.8	2008	492	468
yearned	2008	28285	18489
yella	2008	367	205
youra	2008	206	187
Yaalon	2008	277	60
Yash	2008	1213	309
Yeo	2008	9044	1969
Yingchao	2008	173	40
Ysgol	2008	127	21
Yunan	2008	645	237
yarn	2008	59674	18085
yel	2008	1031	837
yersilf	2008	431	170
YACHTING	2008	152	88
YRBSS	2008	250	65
Yegar	2008	127	33
Yniold	2008	105	23
Yogasutras	2008	394	41
Yorkes	2008	239	109
Yoshinaka	2008	392	97
Youngstown	2008	5416	1669
Yoxford	2008	108	44
Ysaye	2008	767	192
year.35	2008	167	157
yishi	2008	378	119
yourn	2008	3695	2073
yun	2008	1666	556
Yaksas	2008	204	47
Yandle	2008	312	116
Yazdegerd	2008	110	33
Yesr	2008	230	43
Ylitalo	2008	214	54
Yochan	2008	247	3
Yokel	2008	166	101
You've	2008	143	110
years.16	2008	393	377
yeomanry	2008	6125	3022
yitt	2008	116	73
YOYO	2008	168	61
Yadira	2008	548	55
Yangtse	2008	2159	532
Yaquina	2008	352	74
Yardley	2008	5249	1503
Yerma	2008	694	50
Yice	2008	322	215
Yippee	2008	759	617
Yoruban	2008	403	196
Yucatán	2008	2344	473
yOUR	2008	381	87
years.26	2008	287	283
yourselfers	2008	503	340
Y.A.	2008	1094	606
YOON	2008	167	60
Yardi	2008	184	39
Yemen	2008	31057	5764
Yorimoto	2008	159	14
Yuryev	2008	139	40
Yz	2008	334	209
yed	2008	568	336
yougoslave	2008	172	21
yourName	2008	119	12
yqu	2008	188	182
yu've	2008	125	33
YUNG	2008	137	75
Yaletown	2008	385	31
Yanmar	2008	124	34
Yarl	2008	321	31
Yohan	2008	1085	57
Yolanda	2008	12288	1867
Yonghong	2008	783	51
Yoska	2008	189	10
Yulan	2008	191	106
yardage	2008	2404	889
yer'd	2008	278	195
Yanli	2008	151	34
Yannas	2008	172	48
Yaroslavsky	2008	216	77
Yashim	2008	2408	9
Yeow	2008	437	241
Yeti	2008	1335	340
yeir	2008	513	150
yes'day	2008	109	95
yo'll	2008	358	185
yoelii	2008	184	28
υ	2008	677	206
Yeadings	2008	274	3
Yeston	2008	103	43
Yume	2008	175	84
yardman	2008	259	170
ye've	2008	5146	2091
years.8	2008	694	652
YBhg	2008	133	5
Yalkut	2008	707	205
Yanagihara	2008	420	239
Yarin	2008	240	68
Yeargin	2008	303	98
Yer'll	2008	166	99
Yette	2008	197	40
Yia	2008	188	109
Yllo	2008	213	80
yellowing	2008	7653	4919
yonda	2008	188	42
YSW	2008	109	8
Yavne	2008	201	82
YoYo	2008	156	67
Yule	2008	13497	3518
yalla	2008	134	86
yohn	2008	158	92
yunbeai	2008	144	3
Y.-Y.	2008	117	84
YF	2008	1861	611
YPR	2008	1051	18
Yanagita	2008	1531	134
Yangi	2008	221	46
Yashts	2008	160	56
Yieksburg	2008	108	43
Yoohoo	2008	120	86
yantaohui	2008	114	51
Yacov	2008	365	96
Yajnik	2008	200	77
Yechiel	2008	563	126
Yellen	2008	1067	399
Yoders	2008	201	33
Yugas	2008	371	133
yearbooks	2008	2363	1340
years.7	2008	633	616
youmust	2008	126	85
yung	2008	1120	419
Yaji	2008	223	44
Yervant	2008	176	46
Yobk	2008	419	332
York.4	2008	101	96
Yoshitoshi	2008	120	33
Youths	2008	5476	2825
Yunsan	2008	173	5
y2	2008	5091	1962
yilai	2008	205	72
yln	2008	341	30
Yamey	2008	528	103
Yibin	2008	305	71
Yick	2008	518	205
Yidn	2008	144	40
Yoghurt	2008	467	242
Yusufu	2008	164	63
Yuvaraja	2008	139	54
yallow	2008	361	215
yamens	2008	224	107
yea	2008	66512	19493
Yablokov	2008	133	41
Yabut	2008	139	26
Yilan	2008	349	53
Yoffie	2008	442	145
Youd	2008	449	203
Yukteswar	2008	984	39
year.46	2008	163	161
youx	2008	193	161
ysis	2008	426	370
Yangzi	2008	3876	410
Yapese	2008	241	58
Yehiya	2008	220	52
Yellin	2008	1644	579
Yicksburg	2008	547	183
Yinhong	2008	154	48
Yudhishthira	2008	3301	157
Yusin	2008	141	25
YAP	2008	573	132
YIL	2008	235	190
Yeshu	2008	2054	107
youll	2008	1523	563
YMRS	2008	141	29
Yasutaka	2008	114	52
Yavari	2008	102	63
Yingzong	2008	131	23
Ylikoski	2008	376	67
Yol	2008	771	416
Yolscians	2008	104	21
Yountville	2008	469	62
Yuchun	2008	139	44
Yuendumu	2008	164	60
yoice	2008	280	255
yurt	2008	2274	470
ywis	2008	124	73
Y.-S.	2008	327	250
Ya'qub	2008	581	200
Yangon	2008	2331	350
Yeshivas	2008	198	69
Yeyati	2008	349	80
Yie	2008	172	93
Yiftachel	2008	442	102
Ytterbium	2008	269	166
Yve	2008	305	159
yarning	2008	760	570
ymi	2008	156	135
yotir	2008	267	255
yttria	2008	1005	154
yuppie	2008	2206	1468
Yage	2008	203	45
Yakshis	2008	195	22
Yashiro	2008	390	133
Yasoda	2008	487	85
Yasuhiro	2008	1194	453
Yatabe	2008	243	67
Yellowjacket	2008	163	43
Yesu	2008	295	127
Yonggui	2008	142	14
Yuriy	2008	441	163
yammer	2008	287	248
yarmulke	2008	1461	787
yeare	2008	6128	2096
you'uns	2008	280	81
Yahara	2008	185	79
Yarus	2008	115	38
Yenbo	2008	321	18
Yggr	2008	122	17
Ylo	2008	1266	28
Yoshiya	2008	227	81
Youve	2008	271	87
Yuzpe	2008	200	42
yeas	2008	5555	1916
yes'm	2008	148	117
yhwh	2008	1198	78
Y.X.	2008	251	138
Yalois	2008	124	79
Yazawa	2008	256	125
Yilin	2008	213	81
Yulong	2008	144	46
yeat	2008	417	228
yugas	2008	478	181
Y.-P.	2008	164	114
YAF	2008	611	96
Yenisej	2008	255	4
Yevgenia	2008	216	67
Yoga	2008	40699	4349
Yquem	2008	595	305
Yy	2008	248	171
yawningly	2008	133	131
yelde	2008	204	117
youngest	2008	157618	63508
yuse	2008	159	74
Yacht	2008	10878	2978
Yacovone	2008	197	67
Yaska	2008	439	105
Yellowstone	2008	31482	4582
Yemaya	2008	762	120
Yeroshka	2008	232	10
Yohimbine	2008	380	143
Yolmo	2008	142	35
Yuanqing	2008	150	48
yaird	2008	169	119
yodeled	2008	191	146
YUN	2008	194	95
Ydoine	2008	103	11
Yehowah	2008	381	14
Yelowitz	2008	148	14
Yilmaz	2008	2238	738
Yisheng	2008	114	39
York1	2008	105	79
Yoshiteru	2008	135	51
yeah	2008	75634	18564
ym	2008	1805	1032
YARD	2008	1937	1286
YNA	2008	122	11
YWCA	2008	5849	1457
Yasur	2008	184	41
Yaw	2008	1621	788
Yishay	2008	170	62
Ynestra	2008	153	68
Yoriko	2008	659	75
Youell	2008	114	47
yogurt	2008	27857	5757
yola	2008	120	35
Yalcin	2008	861	272
Yarkund	2008	124	16
Yarnton	2008	160	74
Yashiki	2008	173	50
Yatenga	2008	306	30
Yavlinsky	2008	254	77
Yiyang	2008	219	43
Youru	2008	187	17
Yunshan	2008	106	40
yefc	2008	212	191
youwill	2008	284	200
yre	2008	318	240
Yeates	2008	2563	677
Yefimitch	2008	546	5
Yelin	2008	374	133
Yonr	2008	600	508
Yosef	2008	10159	1314
Ysla	2008	187	52
Yuji	2008	1716	404
Yurovsky	2008	738	35
yth	2008	764	489
YELLOW	2008	4520	2357
Yala	2008	2456	403
Yalova	2008	304	66
Yohji	2008	204	81
Yser	2008	1296	286
Yuming	2008	195	56
Yvetot	2008	447	199
yamas	2008	348	71
yelped	2008	7839	5193
YEC	2008	400	21
Yari	2008	251	102
Yarico	2008	516	161
Yasin	2008	2927	728
Yasna	2008	826	178
Yuko	2008	1389	483
years.12	2008	483	461
yine	2008	169	50
yj	2008	2082	1262
yule	2008	928	606
Yaprak	2008	185	49
Yeago	2008	171	42
Yitzchok	2008	704	52
Yuill	2008	781	167
Yvonna	2008	789	270
yPos	2008	109	22
yaya	2008	324	107
yeelding	2008	302	139
yeshivos	2008	151	29
yra	2008	674	163
Yacobucci	2008	106	29
Yank	2008	6410	2206
Yirgil	2008	172	123
Yoshikawa	2008	3979	1217
yanqui	2008	190	88
yogini	2008	267	112
Yalin	2008	136	54
Yambo	2008	401	116
Yampa	2008	547	139
Yarde	2008	221	109
Yatvin	2008	101	36
Yedioth	2008	621	122
Yeehats	2008	134	14
Yir	2008	375	102
Yongsheng	2008	485	91
Yuanming	2008	1002	111
yaas	2008	141	101
yaur	2008	101	84
Y.W.	2008	582	379
Yediot	2008	1018	242
Yeesh	2008	113	80
Yoshinobu	2008	784	276
yadda	2008	749	234
youah	2008	200	79
youxian	2008	300	100
Yagers	2008	215	106
Yanbu	2008	408	106
Yaroslaf	2008	211	33
Yentis	2008	100	30
Yirritja	2008	114	10
Youhave	2008	133	105
Younan	2008	147	70
Yujiro	2008	247	106
Y.P.	2008	719	451
Yahwe	2008	1008	72
Yesternight	2008	196	176
Yiftah	2008	294	45
Ymax	2008	186	72
Yunwen	2008	143	24
yakshas	2008	187	66
yistiddy	2008	233	151
Y.S.	2008	2547	1184
Y397	2008	100	10
YVP	2008	625	3
Yaffe	2008	1408	559
Yassuh	2008	337	144
Yearlings	2008	238	121
Yeri	2008	393	77
Yuca	2008	187	98
Yuhanna	2008	655	80
Yuletide	2008	1345	849
Yurimaguas	2008	119	34
yoxi	2008	138	132
Yaroslav	2008	1229	374
Yeon	2008	728	348
Yezierska	2008	1241	85
Yitzhak	2008	8552	1679
Yolla	2008	227	33
Yuste	2008	1559	316
yaqona	2008	382	31
youthful	2008	156341	58845
Yakov	2008	4357	768
Yalanji	2008	118	26
Yasser	2008	5945	1483
Yong	2008	12163	3152
Youville	2008	558	119
y!	2008	201	151
yani	2008	257	57
yielder	2008	304	158
yogic	2008	5316	1128
yud	2008	314	76
Ybab	2008	111	79
Yodel	2008	187	103
Yorkville	2008	3155	538
Yous	2008	367	273
Ypsilante	2008	191	10
Yure	2008	322	52
y'u	2008	1273	49
years.65	2008	103	102
you	2008	65179802	197172
ypu	2008	525	499
YaST	2008	1921	28
Yamani	2008	1600	374
Yandarbiev	2008	125	16
Yeast	2008	10891	2752
Yehya	2008	233	58
Yichuan	2008	104	31
Yordas	2008	1608	27
Yunque	2008	334	121
yearth	2008	355	246
yogis	2008	3037	995
yoiir	2008	153	146
Y.D.	2008	773	298
YEP	2008	295	69
YORKSHIRE	2008	781	465
Yanson	2008	340	28
Yeabs	2008	139	97
Yeddo	2008	589	214
Yeho	2008	150	14
Yeivin	2008	111	35
Yiannis	2008	540	191
yB	2008	286	170
years.59	2008	114	114
you'd	2008	652	595
ypserv	2008	162	17
YOURSELVES	2008	226	174
Yablo	2008	1071	74
Yanco	2008	108	47
Yaro	2008	373	91
Yasgur	2008	138	74
Yazzie	2008	676	138
Ybu	2008	127	111
Yokado	2008	120	51
yeshivas	2008	393	183
yeve	2008	179	85
youyou	2008	114	46
YAWL	2008	345	71
Yagavila	2008	100	4
Yonville	2008	613	55
Younglove	2008	140	51
Yucatan	2008	14092	3471
Yds	2008	260	106
Ye	2008	123917	31880
Yingying	2008	205	52
Yogya	2008	755	83
Yuruks	2008	107	23
Yuzhi	2008	140	52
yearsago	2008	150	131
yesterdays	2008	2793	2266
yot	2008	1372	1030
YEATS	2008	346	183
Yeshiva	2008	4573	1005
Yoksa	2008	111	42
Yuichi	2008	611	242
Yupanqui	2008	1221	181
Yuyan	2008	103	33
YMCA	2008	14602	4640
Yahwistic	2008	784	151
Yarmirr	2008	322	13
Yevamos	2008	131	23
Yiddishists	2008	177	50
Yoxall	2008	224	72
Yuz	2008	125	62
yds	2008	3799	968
ynne	2008	212	97
yoU	2008	497	207
yogi	2008	5695	1267
Y!	2008	117	100
YPM	2008	100	13
Yahyah	2008	105	49
Yalentinian	2008	118	70
Yanez	2008	1326	472
Yanji	2008	145	59
Yanluo	2008	146	16
Yliopistopaino	2008	111	62
Yupik	2008	621	189
yaar	2008	426	159
yallah	2008	116	72
year2	2008	127	104
yurts	2008	1155	357
Y7	2008	351	159
YMHA	2008	384	107
YUCATAN	2008	136	73
Yami	2008	582	198
Yanga	2008	307	66
Yekaterinoslav	2008	204	44
Yidiny	2008	130	15
Yugoslavian	2008	2706	1347
Yuliya	2008	856	94
year.28	2008	215	205
years.32	2008	209	205
yeere	2008	2562	432
yellowwhite	2008	125	114
yestereve	2008	241	138
yoghurts	2008	380	227
YVO4	2008	211	39
Yashua	2008	1070	9
Yeol	2008	118	60
Yere	2008	406	248
Yeruham	2008	172	55
Yige	2008	114	57
Ytar	2008	116	80
Yukon	2008	18774	3512
Yuman	2008	471	121
yearolds	2008	2455	1845
years.29	2008	290	281
yeelds	2008	133	82
yeres	2008	1389	449
yez	2008	4562	1015
yolk	2008	26589	6112
youjust	2008	202	162
Y2Y	2008	195	24
YAB	2008	117	41
YOUNGBLOOD	2008	160	17
YUL	2008	132	54
Yago	2008	367	133
Yanai	2008	751	330
Yantai	2008	817	168
Yuseong	2008	180	68
yegua	2008	123	46
yhich	2008	113	109
yoti	2008	1009	866
Yarr	2008	190	33
Yearly	2008	12645	4239
Yeomanry	2008	4738	1299
Yiss	2008	123	60
Yochai	2008	912	294
Yorty	2008	592	117
Yulee	2008	665	139
years.46	2008	153	152
yellowjackets	2008	124	63
ymin	2008	187	96
yougo	2008	175	138
Yacimientos	2008	162	67
Yaniv	2008	693	297
Yitzy	2008	213	7
Yonekura	2008	500	146
Yoshino	2008	2560	804
yerely	2008	500	184
yn	2008	4817	1748
yuebao	2008	106	36
YYYY	2008	807	296
Yamasi	2008	172	8
Yanovsky	2008	315	99
Yatman	2008	683	26
Yehud	2008	735	131
Yessuh	2008	391	123
Yingling	2008	558	174
Yonec	2008	105	24
Yundt	2008	300	52
Yushin	2008	246	69
Yuu	2008	137	95
yellowthroat	2008	182	101
Yalbury	2008	150	27
Yamhill	2008	614	125
Yeare	2008	345	209
Yeazell	2008	274	82
Yep	2008	27964	9990
Yerington	2008	292	46
Yevette	2008	139	12
Yielded	2008	537	413
Yokkaichi	2008	248	69
Yseult	2008	698	169
yearend	2008	812	470
yuletide	2008	325	260
Yahil	2008	141	70
Yamano	2008	426	178
Yasutake	2008	165	87
Yik	2008	261	128
Yoe	2008	206	121
Yosi	2008	331	93
Yoxley	2008	101	18
yeth	2008	221	132
yonger	2008	201	149
you've	2008	1473	1247
yuga	2008	854	263
Yalof	2008	178	51
Yass	2008	801	237
Yemima	2008	101	20
Yeter	2008	139	33
yale.edu	2008	272	178
yields	2008	211172	53132
youngpeople	2008	297	172
YOI	2008	212	75
Yadus	2008	158	49
Yehudim	2008	156	81
Ynis	2008	109	27
Yojimbo	2008	507	75
Yonosuke	2008	129	33
Yvette	2008	9175	1726
yayin	2008	842	65
Yardsticks	2008	162	99
Yatai	2008	156	60
Yava	2008	121	67
Yayin	2008	254	76
Yerasimos	2008	186	55
Yggdrasill	2008	194	58
Yuean	2008	576	12
you.2	2008	158	134
yugo	2008	121	85
YMCAs	2008	763	417
Yanukovych	2008	837	103
Yas'm	2008	383	155
Yendi	2008	1077	46
Yoshiaki	2008	762	321
Yukichi	2008	654	191
Yuliia	2008	116	7
Yurkovich	2008	100	34
Yuwe	2008	117	7
yati	2008	214	75
yig	2008	166	68
YPA	2008	166	26
Yaga	2008	1294	236
Yanan	2008	474	96
Yawning	2008	1637	1344
Ynglinga	2008	140	41
Yoshimi	2008	1203	333
Youssoufi	2008	110	24
Yovhannes	2008	120	15
yrou	2008	360	228
YE	2008	4074	2154
YOB	2008	128	68
Yahaya	2008	359	112
Yatsushiro	2008	179	44
Yojanas	2008	131	37
Yokogawa	2008	234	132
Yolande	2008	3392	576
Yoshiwara	2008	1841	254
Yousefi	2008	198	87
Yungang	2008	203	55
yishuv	2008	653	103
you1	2008	325	261
youngers	2008	891	97
Y.K.	2008	1070	629
YOSHIDA	2008	133	70
Yangdi	2008	291	49
Yelled	2008	435	280
Ystrad	2008	339	85
yellin	2008	1246	880
yrof	2008	115	23
ytitle	2008	119	9
Yanko	2008	612	127
Yihua	2008	237	53
Yinghui	2008	135	21
Yonggi	2008	258	97
Yury	2008	1594	386
yakking	2008	830	685
ynt	2008	119	59
YT	2008	1950	902
Ysenburg	2008	162	20
yeard	2008	242	146
YERMA	2008	254	1
Yabiku	2008	102	16
Yakoob	2008	542	90
Yuan	2008	42037	5393
Yuanchun	2008	120	26
y'see	2008	305	194
yachties	2008	135	62
years.1	2008	2212	1908
yielders	2008	248	144
Y203	2008	157	33
YARN	2008	553	263
YUKON	2008	364	124
Yasmin	2008	4233	789
Yeati	2008	107	4
Yella	2008	206	95
Yesh	2008	406	241
Ying	2008	12672	3093
Yosano	2008	376	71
Youle	2008	416	138
Yq	2008	161	70
yang	2008	40374	4543
yappy	2008	318	288
yestiddy	2008	282	174
yirat	2008	534	21
ysla	2008	487	16
YPD	2008	731	91
Yanyan	2008	247	43
Yingxing	2008	106	31
Yokochi	2008	188	90
Yoshu	2008	132	16
y't	2008	126	28
Y.R.A.	2008	204	6
YOKOHAMA	2008	153	87
Yahh	2008	114	15
Yaweh	2008	210	91
Yoshito	2008	273	128
years.2	2008	1184	1091
yers	2008	1087	578
Yablonski	2008	122	60
Yapp	2008	1087	278
Yasuo	2008	1754	516
Yayınları	2008	751	83
Yea	2008	52508	16126
Yongyi	2008	133	27
yangqin	2008	148	19
yellowed	2008	8044	5835
yogas	2008	624	206
you'	2008	146	135
Y.-B.	2008	138	74
Yania	2008	167	25
Yankees	2008	59794	11164
Yatsenko	2008	163	37
Yekutieli	2008	129	39
Yentai	2008	159	33
Yield	2008	31577	7583
Yuzhuo	2008	110	8
yEschylus	2008	116	100
yonth	2008	486	435
yuv	2008	143	23
Yergunov	2008	208	7
Yesod	2008	687	183
Yester	2008	737	348
Yki	2008	109	56
yahoo.fr	2008	204	31
yclept	2008	1174	971
year.31	2008	176	165
yizhi	2008	162	63
Y.R.	2008	649	313
YOGA	2008	1216	335
Yacob	2008	343	133
Yaqoob	2008	142	89
Yasuhiko	2008	208	110
Yasumoto	2008	691	146
Yojo	2008	131	24
Yusufzai	2008	348	114
yellowhaired	2008	176	166
Yako	2008	217	79
Yavno	2008	144	10
Yellowlees	2008	421	133
Yeros	2008	164	49
yai	2008	751	261
years.23	2008	300	289
years.67	2008	115	115
yede	2008	152	74
yeo	2008	192	132
yoginis	2008	226	73
YTC	2008	106	22
Yalie	2008	123	104
Yarowsky	2008	252	38
Yaseen	2008	218	115
Yearwood	2008	580	208
Yerra	2008	182	74
Yorkston	2008	620	72
Yorky	2008	231	75
Yrjo	2008	323	148
Yuqing	2008	271	64
yesterday	2008	416625	92246
yourjob	2008	217	142
YOL	2008	348	283
Yairi	2008	316	30
Yamaha	2008	3541	1038
Yasas	2008	101	15
Yawl	2008	274	114
Yeat	2008	118	77
Yenser	2008	119	36
Yields	2008	7156	2675
Yncas	2008	111	48
Yoke	2008	3010	1667
Yokomizo	2008	184	58
Yoshihisa	2008	332	178
Yücel	2008	180	53
yessir	2008	291	198
you.	2008	153	110
YEO	2008	201	78
YUGOSLAVIA	2008	499	185
Youb	2008	132	92
Yulo	2008	118	37
yellowface	2008	318	47
youths	2008	105289	35419
yume	2008	255	77
Yay	2008	1505	913
Yoka	2008	199	40
Yomi	2008	381	118
Yomiuri	2008	3459	496
yd	2008	6186	2175
year.18	2008	278	263
yeart	2008	290	217
yips	2008	791	494
yit	2008	4670	1931
yore	2008	24092	11966
YEAST	2008	697	324
Yais	2008	183	74
Yalla	2008	239	110
Yasawa	2008	480	30
Yasmini	2008	1795	13
Yonekawa	2008	209	84
Yonghwan	2008	121	5
Yorkin	2008	205	81
year.13	2008	275	261
year.32	2008	157	154
yeer	2008	744	335
ylang	2008	954	259
yo'	2008	135	82
youdon't	2008	151	108
yw	2008	603	436
Yacobi	2008	296	81
Yaguchi	2008	218	99
Yakka	2008	169	31
Yangs	2008	167	64
Yefim	2008	420	81
Yesler	2008	401	60
Youssou	2008	290	85
yarding	2008	423	156
year.48	2008	130	124
yellowest	2008	327	309
yesty	2008	121	108
youVe	2008	550	422
Yakimas	2008	100	43
Yakovlevich	2008	412	111
Yasar	2008	510	210
Years	2008	289636	75793
Yuriko	2008	512	167
Yusup	2008	319	26
yamim	2008	111	63
yearn'd	2008	154	117
yery	2008	1790	1594
yoshi	2008	170	85
you'self	2008	116	87
Y.M.	2008	2297	822
Yaar	2008	301	173
Yaksha	2008	672	142
Yankling	2008	120	11
Yaqut	2008	318	114
Yashar	2008	706	211
Ydewalle	2008	232	57
Yelena	2008	2228	309
Ynde	2008	203	43
YouTubers	2008	134	42
yM	2008	224	167
yarda	2008	122	104
years.3	2008	1029	935
yo've	2008	220	75
yorker	2008	250	96
yt	2008	10746	2849
ywca	2008	337	47
yılında	2008	231	5
YHVH	2008	858	178
Yellowness	2008	142	76
Yess	2008	327	173
Yoooooooo	2008	129	15
Yorkist	2008	2271	563
Yreka	2008	742	153
yik	2008	125	74
yoI	2008	131	118
youve	2008	646	160
yueh	2008	185	76
YANCEY	2008	141	69
Yalamanchili	2008	116	63
Yanqui	2008	278	125
Yello	2008	131	99
Yoav	2008	907	363
Yochanan	2008	1324	234
Yoshihide	2008	167	90
Yunnanese	2008	185	80
yapaitu	2008	106	2
yardsticks	2008	2191	1699
yawping	2008	127	122
ycw	2008	107	6
YEMEN	2008	299	176
YOIs	2008	130	16
Yahshua	2008	222	27
Yamaichi	2008	131	59
Yarger	2008	130	62
Yone	2008	573	179
Yossel	2008	296	44
Yuranosuke	2008	138	14
y8	2008	498	269
yaupon	2008	212	81
years.39	2008	215	211
YBC	2008	116	34
Yawm	2008	340	86
Ymin	2008	120	54
Yubaba	2008	133	12
Yönetimi	2008	189	18
yokefellow	2008	286	224
Y.-T.	2008	241	151
YAcad	2008	137	76
Yankeetown	2008	583	30
Yasukawa	2008	345	174
Ye'U	2008	229	203
Yearl	2008	435	221
Yebo	2008	109	63
Yogis	2008	1900	555
Yoshizaki	2008	209	97
yello	2008	110	87
YAO	2008	260	119
YZ	2008	1570	608
Yetman	2008	360	162
Yorkc	2008	168	45
Youlou	2008	156	25
year.51	2008	119	115
yeshivot	2008	630	171
yundong	2008	1045	148
YCJA	2008	107	8
YOEK	2008	249	239
YaST2	2008	103	13
Yajnas	2008	164	47
Yetunde	2008	179	36
yen	2008	28143	5840
yourname	2008	246	98
yourselfe	2008	302	171
yuj	2008	114	65
yuki	2008	202	83
YR	2008	2298	649
Yachts	2008	1278	589
Yau	2008	2840	933
Yebra	2008	125	58
Yeere	2008	194	37
Yemmiganur	2008	117	3
Yeshivah	2008	977	107
Yildiz	2008	1841	497
Yine	2008	130	62
Yoknapatawpha	2008	1462	263
Yorl	2008	164	107
Yudice	2008	378	127
Yuval	2008	3513	1019
yust	2008	374	165
Yajna	2008	841	194
Yardstick	2008	471	245
Yarmey	2008	163	43
Yinglin	2008	131	39
years.27	2008	303	292
yellowishgreen	2008	188	159
yron	2008	598	260
YELLING	2008	109	77
YST	2008	164	38
Yakovlitch	2008	136	16
Yamini	2008	152	104
Yj	2008	918	438
Ylvisaker	2008	481	94
Younis	2008	770	340
Yunas	2008	433	68
years.57	2008	145	139
yous	2008	3087	1886
yıllarda	2008	114	5
Y6ng	2008	107	16
YAR	2008	564	94
Yamassee	2008	152	69
Yolngu	2008	2731	132
yOU	2008	1036	453
year.45	2008	125	123
YALTA	2008	241	59
Yahve	2008	140	35
Yanover	2008	112	26
Yeoville	2008	317	76
Yiieh	2008	205	50
Yill	2008	141	29
YouTube	2008	23972	4177
Yutas	2008	273	27
years.60	2008	143	142
yersel	2008	1441	456
yoriai	2008	122	20
youse	2008	3587	942
yuck	2008	1026	772
yv	2008	506	386
Yautepec	2008	132	32
Yegorov	2008	341	95
year.37	2008	161	154
yersiniosis	2008	137	48
yiian	2008	125	50
youDg	2008	289	278
YEN	2008	353	207
YS	2008	6591	1546
Yal	2008	536	260
Yashoda	2008	338	105
Yera	2008	127	76
Yollari	2008	108	35
Younghusband	2008	1604	463
Yuen	2008	8096	1978
Yuspa	2008	100	27
yeirs	2008	256	79
YIELD	2008	4249	742
Yamazawa	2008	157	74
Yershov	2008	151	41
Yocum	2008	810	296
Yoshimoto	2008	1427	486
Yu.V.	2008	155	72
Yv	2008	265	152
yOu	2008	566	477
yijian	2008	178	76
yonelik	2008	110	5
youthe	2008	226	168
Yaffo	2008	133	44
Yamoyden	2008	145	41
Yasari	2008	162	56
Yegorushka	2008	1071	7
Yellowboy	2008	108	10
Yerney	2008	165	20
Yoshimine	2008	123	57
Yossi	2008	2621	753
Youman	2008	196	123
Yurts	2008	110	63
Yver	2008	193	68
yof	2008	137	125
you.It	2008	110	83
Ya'alon	2008	141	44
Yasha	2008	1039	171
Yellow	2008	119972	30216
Ymer	2008	364	100
Yosra	2008	330	7
Yucky	2008	327	117
yamato	2008	111	53
yidish	2008	118	20
Y.Y.	2008	1192	558
YLE	2008	156	58
Yayınevi	2008	148	31
Yoccoz	2008	132	40
Yoicks	2008	228	165
Yolly	2008	394	19
You'se	2008	223	132
Youk	2008	296	141
Yufan	2008	110	36
Yuhi	2008	245	28
Yuwaalaraay	2008	118	7
yee	2008	2026	959
your'n	2008	1254	778
yuku	2008	100	57
Y5	2008	416	143
YAH	2008	394	225
Yahi	2008	209	72
y'e	2008	324	45
years.42	2008	187	186
yellowness	2008	1454	1012
yeniden	2008	246	18
yeself	2008	135	94
yll	2008	235	139
yov	2008	366	336
yrself	2008	127	48
Yaksa	2008	282	61
Yassine	2008	1179	135
Yde	2008	464	99
Yokk	2008	229	166
Youngerman	2008	101	39
yH2AX	2008	138	7
yadin	2008	159	18
yast	2008	143	112
ybp	2008	165	16
years.20	2008	391	385
yourself	2008	1623584	134260
yoyo	2008	630	272
yui	2008	104	80
Y.-H.	2008	491	313
YOUTHFUL	2008	530	340
Yaari	2008	621	172
Yarrowia	2008	161	42
Yura	2008	724	161
yand	2008	203	166
yeoman	2008	14627	7263
YOUNGEST	2008	299	208
YOURS	2008	1181	932
Yeats	2008	41164	4612
Yemini	2008	127	75
Youno	2008	212	193
Yunus	2008	5992	1256
yakitori	2008	196	75
year.54	2008	126	123
yom	2008	1455	747
younglooking	2008	112	112
Yamun	2008	105	27
Yanhong	2008	145	45
Yanjiu	2008	1898	237
Yasuaki	2008	252	96
York	2008	4711067	146066
Youcan	2008	167	112
Yungfrau	2008	227	12
Yuschenko	2008	107	32
yowes	2008	111	84
Ý	2008	132	18
YPS	2008	227	48
Yalow	2008	478	99
Yeshivat	2008	436	115
Yews	2008	635	220
Yiannakis	2008	107	51
Youngster	2008	665	322
Yuzankaku	2008	103	44
yaksha	2008	247	62
yode	2008	112	86
youtube	2008	217	121
ytt	2008	353	262
yungas	2008	131	32
Yamamoto	2008	16355	3910
Yaou	2008	396	64
Yark	2008	295	95
Yawelmani	2008	294	23
Yuki	2008	4477	726
Yukihira	2008	192	19
yagya	2008	227	41
yoo	2008	3796	1739
yoong	2008	779	433
YJCEA	2008	139	15
Yabuta	2008	106	51
Yahoo!	2008	22121	3722
Yarmolinsky	2008	456	111
Yarmush	2008	203	58
Yiju	2008	155	25
Yoshi	2008	1766	379
Yuanmingyuan	2008	343	65
yahs	2008	155	68
yams	2008	10818	4081
yaoi	2008	127	26
year.42	2008	167	164
yells	2008	36932	17981
Ye're	2008	3369	1441
Yeke	2008	114	33
Yerbury	2008	118	53
York.1	2008	312	277
Yosha	2008	228	76
yander	2008	816	372
years	2008	10470298	200325
yont	2008	230	168
Yafeh	2008	249	90
Yake	2008	281	52
Yamanouchi	2008	529	240
Yanzhi	2008	105	28
Yaxuna	2008	148	13
Yeltsin	2008	24486	1835
Yerushalayim	2008	1589	199
Yobe	2008	318	123
Yoi	2008	365	245
Yrling	2008	191	8
YAA	2008	119	28
YAHWEH	2008	293	82
YN	2008	1110	506
Yadavs	2008	995	66
Yahwism	2008	745	142
Yarkony	2008	107	39
Yarmouk	2008	869	142
Yartsev	2008	415	28
Yavana	2008	403	125
Yekl	2008	508	47
Yeller	2008	468	226
Yitzak	2008	203	114
Yixuan	2008	114	26
Yoshinori	2008	727	276
Youan	2008	119	34
Yuanji	2008	162	25
yearold	2008	18662	13078
yo'd	2008	357	135
YWAM	2008	472	108
Yail	2008	101	14
Yanito	2008	119	6
Yarington	2008	347	20
Yasheng	2008	258	108
Ye'd	2008	1051	706
Yii	2008	1445	323
Yit	2008	611	289
Yongnam	2008	237	21
Yun	2008	12954	2889
ydur	2008	113	110
yoru	2008	278	133
youfor	2008	118	84
YY3	2008	105	30
Yakunin	2008	168	45
Yanomamö	2008	267	31
Yirmiyahu	2008	487	129
Yut	2008	135	55
Yvone	2008	142	19
Yadana	2008	266	71
Yahu	2008	178	60
Yembo	2008	271	25
Yenisey	2008	435	119
Yogurt	2008	5307	1121
Yoido	2008	216	82
Yojana	2008	2736	409
Yunxiang	2008	243	72
y'	2008	248	115
years.4	2008	919	853
yeshiva	2008	3662	661
youV	2008	256	232
YILC	2008	190	13
Yardely	2008	402	9
Yaris	2008	320	113
Yeld	2008	253	68
Yelp	2008	301	128
Ygerne	2008	494	39
Yongming	2008	219	69
Yongun	2008	184	10
Yozgat	2008	178	55
Yva	2008	575	46
yelk	2008	642	197
yönetim	2008	124	6
Yayinlan	2008	848	127
Yeandle	2008	179	79
Yeldan	2008	128	36
Yeotmal	2008	105	31
Yogamaya	2008	383	24
yN	2008	285	111
yad	2008	794	331
yeso	2008	107	59
ypur	2008	184	178
Y0	2008	923	378
Yamaura	2008	140	87
Yanping	2008	164	74
Yuet	2008	162	87
yacimiento	2008	112	41
years.6	2008	714	679
yott	2008	633	555
ything	2008	130	117
Y3	2008	785	331
Yansittart	2008	198	42
Yapita	2008	252	28
Yared	2008	190	102
Yesugei	2008	181	16
Yevamot	2008	344	104
Yorimitsu	2008	199	43
Yurchenko	2008	256	79
yuther	2008	716	111
YAHOO!	2008	410	113
Yanbing	2008	104	35
Yariko	2008	586	4
Yet	2008	1590956	148410
Yiddishkeit	2008	496	150
Yokawa	2008	141	12
ycleped	2008	338	284
yeelded	2008	340	148
yest	2008	608	176
yliopisto	2008	244	99
youi	2008	1585	1254
yoursell	2008	672	183
yuu	2008	457	308
Yearsley	2008	1155	180
Yermolov	2008	323	59
Yingjin	2008	130	53
Yocandra	2008	102	8
Yours	2008	84948	28758
Yuanzi	2008	138	28
Yvonne	2008	25507	5162
yaka	2008	137	48
yeeres	2008	1628	407
Yarom	2008	100	40
Yavanas	2008	505	155
Yenukidze	2008	123	10
Youse	2008	718	279
yah	2008	5124	2090
yesses	2008	111	94
younguns	2008	460	156
YEW	2008	258	168
Yagel	2008	205	55
Yb3	2008	187	35
Yedic	2008	149	64
Yeosock	2008	195	21
Yoff	2008	137	39
Yüan	2008	163	44
yain	2008	223	172
yure	2008	418	163
Y'all	2008	4735	1780
YPO	2008	149	52
Yabloko	2008	371	86
Yapko	2008	314	60
Yatton	2008	537	95
Yeigh	2008	149	22
Yellowbird	2008	289	60
Yeomans	2008	1670	553
Yoyogi	2008	125	59
Yusheng	2008	151	62
yEar	2008	142	15
year.25	2008	241	226
yetl	2008	133	128
youH	2008	114	80
YACHTS	2008	106	77
YDA	2008	164	11
YGC	2008	266	13
Yackel	2008	430	100
Yacoub	2008	656	327
Yas	2008	2891	838
YearO	2008	126	49
Yigal	2008	2082	483
Yorozu	2008	161	45
Yus	2008	667	308
Yvan	2008	996	385
yieldings	2008	191	176
Yehudah	2008	2757	406
Yinyue	2008	200	24
Youngberg	2008	352	102
Yutaka	2008	963	411
yokel	2008	2027	1562
yonks	2008	121	93
yourface	2008	181	167
YX	2008	681	382
Yasawas	2008	195	16
Yeares	2008	248	113
Yellowhead	2008	382	107
Yizhar	2008	869	92
Yod	2008	892	281
YouthBuild	2008	290	28
yearround	2008	2064	1350
yfc	2008	143	42
yieldingly	2008	111	109
ymage	2008	370	142
youngish	2008	3489	2852
Ya'akov	2008	1115	230
Yakoff	2008	177	14
Yaller	2008	124	97
Yamashina	2008	166	91
Yampolsky	2008	588	140
yow	2008	4993	1365
yum	2008	3199	1124
yurtas	2008	154	24
YALSA	2008	180	54
Yale	2008	200592	40096
Yans	2008	269	92
Yegorovich	2008	123	34
Yielding	2008	4959	3489
Yuganskneftegaz	2008	183	45
Yui	2008	558	247
yelps	2008	3751	2921
yiii	2008	202	185
yorkshire	2008	103	43
yovel	2008	102	40
YING	2008	200	130
Yanne	2008	284	28
Yogesh	2008	391	200
Yorkshires	2008	702	177
Yoshisada	2008	151	40
Younker	2008	447	93
Ypsilon	2008	102	39
Ы	2008	250	63
Yasunari	2008	421	152
Yegor	2008	2118	292
Yelverton	2008	2018	485
Yeshurun	2008	363	131
Yesil	2008	278	47
Yoshimune	2008	223	76
Youwei	2008	841	164
Yudhisthira	2008	2400	163
Yugoslavians	2008	197	150
Yuliang	2008	1325	44
yaksa	2008	397	51
yellowtail	2008	940	316
Yackle	2008	372	46
Yahel	2008	472	23
Yan'an	2008	1807	268
Yang1	2008	110	82
Yantic	2008	137	70
Yasovarman	2008	306	62
Yig	2008	211	45
Yokomitsu	2008	347	21
Yoletta	2008	285	3
Yollop	2008	408	5
Yonow	2008	157	5
Yusho	2008	115	41
year.44	2008	128	123
yif	2008	281	106
Y.W.C.A.	2008	347	183
YELL	2008	201	140
YESHIVA	2008	124	29
Yamaguchi	2008	7492	2433
Yamanote	2008	108	55
Yankton	2008	3204	684
Yesharim	2008	194	69
Yolton	2008	891	216
Ysleta	2008	440	96
ymca	2008	359	87
yuppies	2008	1636	1179
Yermak	2008	677	126
years.45	2008	157	154
yet	2008	5523640	193657
you.11	2008	106	93
youT	2008	1308	999
YOGI	2008	227	108
Yalch	2008	102	28
Yarrabah	2008	179	18
Yeaton	2008	256	125
Yinger	2008	1010	269
Yongjin	2008	194	75
Yoshifumi	2008	161	71
Yoshizawa	2008	818	340
yapan	2008	126	25
year.40	2008	136	124
years.19	2008	355	344
years.44	2008	162	160
yngre	2008	123	46
YORUBA	2008	103	57
Yanshi	2008	131	49
Yarlung	2008	487	115
Yechezkel	2008	452	86
Yeong	2008	912	253
Yetzirah	2008	747	149
Yla	2008	163	92
Youngman	2008	1024	479
ycur	2008	232	219
yhe	2008	177	137
you.3	2008	132	122
yucca	2008	4266	1575
Y'see	2008	462	185
YAS	2008	141	44
YOUTHS	2008	256	141
Yakutia	2008	442	155
Yanna	2008	200	59
Yarnold	2008	524	239
Yazmin	2008	318	24
Yerukulas	2008	504	8
Yixing	2008	293	101
Yongding	2008	191	81
Yorgo	2008	143	22
Yunqi	2008	112	14
y7	2008	130	102
yagers	2008	257	100
yusa	2008	117	26
Yahoos	2008	1721	409
Yahud	2008	199	112
Yannis	2008	1647	497
Yarlett	2008	112	11
Yiwei	2008	112	48
Yorkshireman	2008	2340	1264
Yout	2008	250	203
Yumas	2008	449	112
ydle	2008	127	81
YULE	2008	278	125
Yentl	2008	264	118
Yogacara	2008	1596	170
Yongxing	2008	236	36
Yscloskey	2008	154	9
Yuanwu	2008	621	18
Yuda	2008	234	76
yame	2008	307	71
yeats	2008	188	175
yeggmen	2008	179	72
yeur	2008	171	156
Yasuko	2008	1077	217
Yisra'el	2008	528	114
Yohe	2008	588	213
Yolie	2008	242	14
Yorkists	2008	1393	471
Yorta	2008	1335	61
yeshivah	2008	1056	116
yidam	2008	272	40
york	2008	7856	1644
yoursel	2008	1590	733
ypt	2008	130	106
也	2008	148	15
Yablonovitch	2008	235	65
Yacowar	2008	128	44
Yf	2008	745	397
Yoshikata	2008	121	24
Yucel	2008	361	205
years.41	2008	202	197
YEE	2008	151	110
YOTs	2008	449	43
Yaeyama	2008	294	42
Yannai	2008	310	101
Yasuno	2008	169	60
Yogacarabhumi	2008	101	18
Yudkin	2008	627	199
yamen	2008	1878	339
yir	2008	1061	186
yne	2008	207	171
yogurts	2008	1073	554
youd	2008	923	476
YLD	2008	277	68
YOK	2008	132	42
Yamato	2008	6192	931
Yangming	2008	1121	147
Yeb	2008	162	59
Yibo	2008	304	69
Yuli	2008	935	174
ydu	2008	307	292
year.21	2008	239	229
youn	2008	489	392
YEAB	2008	109	97
YOS	2008	178	50
Yamm	2008	201	47
Yarnbury	2008	242	12
yab	2008	202	93
yerselves	2008	394	304
yojana	2008	303	110
Yevsyukov	2008	231	4
Yienne	2008	104	65
Yom	2008	13860	3317
Yoseloff	2008	570	273
Youthfulness	2008	153	132
year.19	2008	291	276
year.47	2008	133	129
yellowhammer	2008	365	222
youf	2008	970	752
yuh	2008	10563	836
YD	2008	1907	653
Yamazoe	2008	124	48
Ycry	2008	112	105
Yelping	2008	165	153
Yinxu	2008	123	19
Yonce	2008	117	50
Yonng	2008	272	236
Yorba	2008	972	293
Yurdu	2008	163	37
yahweh	2008	202	28
Y.L.	2008	1203	650
YTX	2008	436	13
Yadava	2008	1097	281
Yarrell	2008	1365	310
Yount	2008	1448	422
Youpee	2008	192	13
Yuho	2008	136	20
year's	2008	214	167
yearbook	2008	10288	4405
Yakoub	2008	366	87
Yeniseic	2008	141	7
Yiin	2008	464	69
Youndt	2008	165	46
Youyi	2008	122	44
yukata	2008	239	121
Yaghi	2008	175	57
Yoko	2008	8500	1487
Yoshikane	2008	105	17
Yto	2008	131	79
Yttri	2008	147	38
yA	2008	562	324
yawns	2008	6610	5543
youngc1@gao.gov	2008	161	157
yunnanensis	2008	258	57
Yaphank	2008	164	75
Yax	2008	293	84
Yifu	2008	252	100
Yoh	2008	496	178
Yotopoulos	2008	170	54
Yuma	2008	5958	1544
Yales	2008	190	82
Yamanashi	2008	648	212
Yanda	2008	206	71
Yawata	2008	395	98
Yeatts	2008	191	104
Yellowhair	2008	147	23
Yizhak	2008	182	81
yeaTS	2008	328	291
yohimbe	2008	320	100
yoost	2008	198	95
yor	2008	2923	787
Yachnin	2008	212	54
Yadavaran	2008	156	51
Yakel	2008	161	42
Yoss	2008	997	64
Youtube	2008	389	211
yipping	2008	885	707
yoseba	2008	108	8
YHWH	2008	13785	713
Yangambi	2008	109	20
Yearning	2008	2657	1934
Yerel	2008	105	26
Yergennes	2008	143	57
yC	2008	178	109
years.9	2008	619	596
yummy	2008	3961	2469
YIII	2008	243	214
Yahudi	2008	179	79
Yissachar	2008	102	26
Yu	2008	61100	9853
Yunlin	2008	229	84
yellower	2008	1451	1239
yenr	2008	111	108
youh	2008	200	53
yucky	2008	1374	1044
Y.N.	2008	452	303
YOM	2008	169	107
YSA	2008	111	24
Yakurr	2008	119	8
Yavetz	2008	195	84
Yerodia	2008	197	31
Yiddish	2008	41515	4370
YoU	2008	261	119
Yokes	2008	410	215
Yüksel	2008	100	48
year.3	2008	687	616
years.This	2008	104	89
yellowcake	2008	892	217
you.This	2008	107	84
YTM	2008	895	83
Yadayim	2008	117	58
Yahveh	2008	3094	171
Yasumasa	2008	315	104
Yes'm	2008	2638	1171
Yitzhaki	2008	356	104
Yoong	2008	309	173
Yoshida	2008	12921	2941
You	2008	11415366	173598
Yurchak	2008	490	293
yao	2008	1581	428
yarder	2008	392	151
yellowly	2008	110	86
yerly	2008	136	59
yidishe	2008	590	42
yonnger	2008	137	127
yonrs	2008	164	148
youngster	2008	40122	18382
youth.1	2008	112	110
yqtl	2008	458	5
YACs	2008	282	76
YV	2008	1056	580
Yaounde	2008	3705	463
Yarshater	2008	403	123
Yenan	2008	1269	207
Yorkhill	2008	122	46
Yucatec	2008	751	204
Yudisthira	2008	252	21
Yurdatap	2008	169	3
yourown	2008	257	221
yuba	2008	242	27
Yamagishi	2008	1250	370
Yaphe	2008	136	60
Yasuyuki	2008	277	123
YearlyKos	2008	132	20
Yerushalmy	2008	262	46
Yhe	2008	137	89
years.25	2008	278	277
yemen	2008	113	73
yets	2008	158	129
youfeel	2008	123	97
youself	2008	320	289
YOUR	2008	79254	18586
Yamabe	2008	128	72
Yanka	2008	102	28
Yare	2008	1030	359
Yayinlari	2008	546	162
Yizhou	2008	193	77
Youngish	2008	116	104
Yunis	2008	1689	464
yesteryears	2008	489	395
yoar	2008	1774	1329
yourself.You	2008	132	104
YHS	2008	294	32
YOu	2008	346	74
Yadong	2008	239	108
Yeaple	2008	314	47
Yetive	2008	1992	42
Yetzer	2008	260	57
Yiyun	2008	125	33
Yodo	2008	214	106
year.5	2008	599	552
years.40	2008	230	224
YWCAs	2008	218	142
Yakushev	2008	101	28
Yamaguti	2008	228	39
Yankel	2008	1276	158
Yourdon	2008	583	182
yT	2008	462	259
yabbies	2008	278	61
years.11	2008	375	360
YDS	2008	168	53
Yacoob	2008	192	91
Yaddo	2008	795	271
Yarnell	2008	959	366
Yk	2008	497	225
y'ur	2008	113	24
yaşam	2008	127	4
yelp	2008	9364	6759
yu'll	2008	171	79
yue	2008	6044	288
YUAN	2008	504	196
Yagua	2008	137	63
Yanjiusuo	2008	157	35
Yersinia	2008	4254	801
Yi	2008	33397	6335
Yngve	2008	626	195
Yoltaire	2008	179	87
YouVe	2008	383	290
Youâ	2008	194	25
Yseut	2008	227	22
yP	2008	140	104
yippee	2008	198	156
yoars	2008	335	297
yokes	2008	5328	3452
Yahya	2008	7989	1495
Yancey	2008	8132	1651
Yarbrough	2008	1899	657
Yaxley	2008	456	157
Yellowish	2008	1343	679
Yizhi	2008	288	76
Yoplait	2008	265	135
Yougoslavie	2008	336	102
yTou	2008	265	185
yapılan	2008	226	7
yawning	2008	31485	21715
years.47	2008	161	158
years.62	2008	124	120
yett	2008	1717	695
ynough	2008	249	142
you'se	2008	440	253
youngsters	2008	53818	21980
ypbind	2008	151	20
YTVO	2008	130	34
Yabuuchi	2008	143	69
Yaron	2008	1936	542
Yeven	2008	141	40
Yinhang	2008	102	17
Yokobori	2008	104	42
Youlan	2008	165	54
yellow	2008	764749	111920
ynu	2008	308	242
youy	2008	104	103
Yauxhall	2008	125	86
Yazkov	2008	369	4
Ybor	2008	706	141
Yeta	2008	120	28
Yijun	2008	130	61
year.23	2008	253	240
years.54	2008	145	141
yield	2008	570921	106033
Yacine	2008	315	124
Yaka	2008	466	125
Yakubovich	2008	145	47
Yangtsze	2008	299	74
Yellowknife	2008	1405	282
Yemoja	2008	299	57
Yener	2008	241	137
yanked	2008	33267	12599
yearningly	2008	1363	1173
yonr	2008	9925	4570
Yaeger	2008	1627	549
Yestreen	2008	158	121
Yorston	2008	111	61
Yudhishthir	2008	852	49
yeren	2008	119	12
yoku	2008	142	83
yoreself	2008	267	77
YIG	2008	238	50
YPRES	2008	232	104
Yarbro	2008	1225	326
Yarkon	2008	170	73
Yasodha	2008	487	19
Yiping	2008	251	81
Yokoo	2008	346	149
Yoru	2008	102	56
Yutang	2008	863	257
y're	2008	158	95
yiu	2008	152	86
Yahad	2008	172	58
Yamna	2008	171	15
Yanner	2008	149	16
Yasoo	2008	106	31
Yehiel	2008	590	147
Yesterday	2008	68067	32224
Yishu	2008	238	91
Yourii	2008	1010	8
Yumiko	2008	1062	230
Yust	2008	236	108
yearns	2008	10173	7969
years.13	2008	399	383
years.55	2008	125	124
yf	2008	3890	1339
Yahalom	2008	358	123
Yamuna	2008	4327	863
Yangana	2008	317	3
young'uns	2008	524	267
yuz	2008	101	44
Yablon	2008	257	124
Yamama	2008	167	83
Youkilis	2008	138	26
Yumen	2008	668	45
ybu	2008	210	207
ye'll	2008	8296	3023
youngman	2008	267	212
YBCO	2008	1025	58
Yague	2008	128	70
Yaux	2008	130	39
Yonson	2008	226	50
Yourcenar	2008	526	158
Ypres	2008	12342	2276
Yuhua	2008	271	79
Yushkevich	2008	337	35
Yün	2008	151	11
yellowgreen	2008	396	335
youthink	2008	106	89
yowl	2008	1432	1106
Yayinevi	2008	183	75
Yazidi	2008	199	85
Yengo	2008	241	22
Yepez	2008	186	89
Yernon	2008	160	96
Yuzo	2008	211	124
yearl	2008	141	131
yearslater	2008	104	96
yeasts	2008	9349	1719
YORK	2008	46113	27236
YUNNAN	2008	150	78
Yanaihara	2008	449	70
Yanjing	2008	220	97
Yarnall	2008	585	198
Yeldham	2008	129	73
Yogyakarta	2008	6407	502
Yonkers	2008	4812	2050
Yonten	2008	219	44
Yumeno	2008	124	9
Y2O3	2008	707	137
YFP	2008	1508	159
YONDER	2008	128	72
Yehouda	2008	105	43
Yochelson	2008	406	100
Yonder	2008	10874	6676
Yuge	2008	229	53
yiren	2008	221	29
yop	2008	191	88
youv	2008	184	149
YLT	2008	117	39
Yajurveda	2008	723	171
Yanni	2008	1324	295
Yardham	2008	216	18
Yayanos	2008	148	16
Year	2008	414496	77058
Yellowplush	2008	848	344
Yeth	2008	726	227
Yez	2008	405	207
Yorgi	2008	162	25
yoL	2008	186	165
Yabuki	2008	207	98
Yafa	2008	262	72
Yanks	2008	7310	2484
Yanpei	2008	118	15
Yatham	2008	202	62
Yazbek	2008	105	38
Yengeese	2008	677	71
Yeshaya	2008	117	46
Yushu	2008	347	74
yari	2008	145	53
year.15	2008	278	265
yu	2008	20146	2854
YIQ	2008	162	48
Yochi	2008	140	81
Yorkshire	2008	75331	19522
Yorubas	2008	1068	379
youngling	2008	884	497
yperite	2008	100	32
Y.-J.	2008	282	228
YARDS	2008	640	367
Yad	2008	4866	1044
Yajnavalkya	2008	2322	243
Yavatmal	2008	185	35
Yensen	2008	178	36
Yesso	2008	187	93
Yg	2008	205	92
Yokokawa	2008	153	52
YouTube.com	2008	589	328
Yovan	2008	128	14
Yvard	2008	725	11
ylabel	2008	170	44
yomu	2008	152	74
YASHA	2008	605	16
Yantra	2008	711	140
Yippie	2008	451	170
Yusi	2008	366	24
yanquis	2008	104	55
yardang	2008	132	21
year.30	2008	173	164
yoshu	2008	122	26
youP	2008	144	119
YSZ	2008	1150	74
Yankelovich	2008	1332	484
Yarmouth	2008	17031	4475
Yishan	2008	152	68
Yolo	2008	829	307
Yug	2008	412	150
Yuroks	2008	117	22
yeais	2008	472	369
yetis	2008	146	78
yie	2008	183	131
yoking	2008	2215	1733
yowe	2008	258	102
Yann	2008	3730	663
Yasui	2008	1080	489
Yeshwant	2008	144	35
Yihe	2008	164	43
Yoshie	2008	336	174
Yrigoyen	2008	1306	126
Yuhas	2008	129	64
yerd	2008	184	77
youcan	2008	562	372
Y2H	2008	253	35
YES	2008	26948	7185
Yaish	2008	170	68
Yankeeland	2008	239	178
Yesodei	2008	165	47
Yoshikazu	2008	392	198
Yulian	2008	416	54
Yuzawa	2008	209	59
yce	2008	1132	69
yearely	2008	329	183
yey	2008	105	54
yodeling	2008	720	512
YOUNGER	2008	1783	754
Yayasan	2008	1009	215
Yoreh	2008	365	94
Youghall	2008	106	59
Yunani	2008	123	58
year.9	2008	364	349
与	2008	195	30
YEABS	2008	137	107
Yabe	2008	369	142
Yagci	2008	100	43
Yagnik	2008	107	52
Yallah	2008	144	76
Yanovich	2008	102	19
Yodeling	2008	108	68
Yolk	2008	1817	711
Yolks	2008	569	165
Youngs	2008	4319	1416
Yudan	2008	100	33
Yuk	2008	1425	802
yammered	2008	373	321
yardmaster	2008	331	95
yashmak	2008	515	223
yesternight	2008	1664	1215
YSOs	2008	210	13
Yaha	2008	175	65
Yakuza	2008	1693	287
Yanacocha	2008	138	31
Yangshuo	2008	206	37
Yeang	2008	386	78
Yeslam	2008	284	14
Ygnacio	2008	603	138
Yin	2008	31402	6274
Yodh	2008	183	82
Youngblut	2008	132	53
Yucatecan	2008	724	115
Yunupingu	2008	217	52
Yuppies	2008	324	236
yis	2008	1449	632
YIDDISH	2008	139	71
YQ	2008	399	222
Yahwist	2008	1333	231
Yest	2008	213	130
Yetkin	2008	203	75
yens	2008	297	208
yinyang	2008	212	113
YAG	2008	6628	779
Yaquis	2008	1526	209
Yarza	2008	117	33
Yasuda	2008	3254	1061
Yriarte	2008	283	143
yana	2008	570	246
yanbian	2008	139	76
yarned	2008	348	288
ynga	2008	121	7
yoii	2008	519	481
yon	2008	220170	33056
yslas	2008	159	20
YORE	2008	231	225
Yar'Adua	2008	739	129
Yeh	2008	10806	3318
Yeppoon	2008	424	38
Yisroel	2008	966	195
Yomei	2008	148	54
Yugo	2008	749	354
Yujia	2008	112	20
Yü	2008	446	54
yasa	2008	149	49
yo'r	2008	860	121
yourselfer	2008	391	259
Y.-C.	2008	471	323
Yanagida	2008	1076	267
Yma	2008	3209	82
Yojna	2008	313	120
Yousry	2008	100	62
yei	2008	285	214
yh	2008	388	264
yx	2008	794	502
YFS	2008	155	13
Yasutaro	2008	171	23
Yatung	2008	125	35
Yohannes	2008	542	193
Youens	2008	306	63
yobs	2008	628	277
YORKTOWN	2008	312	130
YOUTH	2008	8316	3532
Yamagiwa	2008	305	79
Yapi	2008	224	90
Yassa	2008	193	89
Yekovich	2008	106	42
Yinyuan	2008	287	18
Youlgreave	2008	118	37
yere	2008	7310	2013
YEARS	2008	22259	10852
YIELDS	2008	582	237
Yamori	2008	165	80
Yaqub	2008	1412	340
Yhwh	2008	4630	145
Yiddishist	2008	215	76
Yosemites	2008	124	41
Yudam	2008	108	13
y1	2008	3208	1167
yardstick	2008	11582	7592
yoit	2008	196	191
YANKEES	2008	210	120
Yavapai	2008	1789	287
Yellowtail	2008	467	165
Yeux	2008	1244	208
Yingyi	2008	170	85
Yongin	2008	108	50
Yuh	2008	2668	638
Yuka	2008	364	152
Yunsheng	2008	119	47
Yusef	2008	2670	608
year1	2008	634	331
yesod	2008	225	49
YEARBOOK	2008	211	91
YJB	2008	447	40
YUV	2008	477	111
Yamal	2008	951	129
Yangshao	2008	363	69
Yarranton	2008	488	53
Yazidis	2008	187	85
Yeaw	2008	133	32
Yisraeli	2008	200	40
Yogin	2008	448	104
yag	2008	321	74
YONG	2008	157	86
Yanqiu	2008	540	19
Yashin	2008	526	173
Yihuan	2008	119	5
Yola	2008	1345	226
Yonai	2008	254	35
Yosl	2008	415	45
Yousif	2008	612	191
y3	2008	934	488
yaji	2008	189	21
your1	2008	278	262
youwant	2008	168	133
yts	2008	107	52
Yearbook	2008	31331	9168
Yidish	2008	226	35
YoTk	2008	113	102
Yoda	2008	2318	887
Yoki	2008	308	41
Yt	2008	2961	935
Yunjong	2008	123	43
y5	2008	238	161
yoUr	2008	172	103
YTD	2008	722	191
Yakin	2008	229	109
Yamashiro	2008	834	265
Yemassee	2008	441	148
Yeongu	2008	137	15
Yerby	2008	407	158
Yis	2008	1911	923
Yoerger	2008	181	68
Yucay	2008	256	58
Yverdon	2008	488	183
ya'll	2008	2312	738
yapped	2008	897	774
yarl	2008	139	23
yoah	2008	386	39
youngin	2008	186	73
youtube.com	2008	274	210
Yarrington	2008	282	108
Yeng	2008	194	90
Yokouchi	2008	161	60
Yomaguchi	2008	546	3
Ysidro	2008	1176	372
year.58	2008	102	97
yender	2008	170	90
yetzer	2008	905	108
yews	2008	3407	2282
yönetimi	2008	285	7
Yakut	2008	1531	306
Yuelu	2008	106	47
yarbs	2008	282	194
Yavorsky	2008	251	27
Yeboah	2008	264	105
Yezidis	2008	782	140
Yids	2008	425	129
Yoshishige	2008	328	55
Yugoslavism	2008	429	76
yaa	2008	335	149
yonner	2008	218	92
yonsei	2008	102	16
youtb	2008	126	125
yst	2008	160	113
Yanhua	2008	310	32
Yixin	2008	192	72
Yo're	2008	430	131
Yokomichi	2008	111	19
You're	2008	649	421
Youde	2008	152	59
Yunnan	2008	15450	1991
yahoo.com	2008	982	619
ydd	2008	127	34
yoke	2008	82800	34415
younker	2008	1047	501
yourselves	2008	151499	53621
YCL	2008	651	69
YESTERDAY	2008	1122	733
YOLANDE	2008	110	18
Yael	2008	2364	848
Yanto	2008	1175	17
Yasodhara	2008	616	136
Yazatas	2008	137	44
Yeatses	2008	228	26
Yerba	2008	3418	604
Yermack	2008	384	63
Yett	2008	276	104
Yishai	2008	451	137
Yiwen	2008	163	76
Younger	2008	39505	15359
Yrujo	2008	893	114
Yuling	2008	191	45
Yusa	2008	255	94
Yves	2008	16929	5167
yanaconas	2008	166	37
yanks	2008	2412	1501
yay	2008	759	435
yoni	2008	1158	397
YOU	2008	159354	28389
Yadkin	2008	1509	435
Yeatman	2008	1113	395
Yeyi	2008	459	21
Yogo	2008	256	102
Yossele	2008	100	34
yake	2008	101	43
yoyos	2008	151	53
yüksek	2008	198	13
Yaman	2008	1026	297
Yangman	2008	133	10
Yangxin	2008	125	14
Yankey	2008	314	93
Yemi	2008	303	101
Yij	2008	282	92
Yli	2008	403	182
YouGov	2008	334	130
Yunior	2008	165	11
yoor	2008	1620	1069
YaleGlobal	2008	178	127
Yarhouse	2008	167	42
Yezo	2008	704	162
Yinsen	2008	249	5
Yll	2008	114	95
Yoik	2008	290	239
Yoshii	2008	442	218
Yoshitomi	2008	171	71
Yourselves	2008	719	558
Yuzuru	2008	131	87
Yébenes	2008	328	7
yajamana	2008	200	34
yanjiushi	2008	220	34
ye'U	2008	545	427
youR	2008	129	59
YOC	2008	197	19
Yambol	2008	173	21
Yankunytjatjara	2008	241	43
Yolles	2008	125	57
Yushukan	2008	158	18
year.22	2008	238	229
yeck	2008	184	14
yerine	2008	210	12
Yakult	2008	268	78
Yamagata	2008	3111	770
Yayati	2008	729	120
Yazdi	2008	1030	259
Yei	2008	592	298
Yesteryear	2008	348	222
Yevgeny	2008	2361	661
Yima	2008	598	112
Yonnondio	2008	193	34
Yoshijiro	2008	107	43
yean	2008	16067	7979
year.52	2008	122	119
years.18	2008	387	379
youhave	2008	411	295
Y9	2008	125	69
YMS	2008	195	35
Yachi	2008	208	62
Yadavas	2008	954	181
Yakobi	2008	315	20
Yanquis	2008	143	56
Yantis	2008	611	119
Yarasheski	2008	107	51
Yeni	2008	2079	479
Yes	2008	2548274	132981
Yesss	2008	394	285
Yetton	2008	686	153
Yorks	2008	2546	985
Yuyo	2008	109	10
years.34	2008	219	211
younger	2008	677044	128330
Yb	2008	1771	409
Yehonala	2008	151	29
Yirrkala	2008	514	55
Yitzchak	2008	2518	276
Yl	2008	964	661
Yookoohoo	2008	153	8
Yosipovitch	2008	104	45
Yuba	2008	2814	759
yV	2008	303	227
yara	2008	136	69
yark	2008	149	35
years.31	2008	214	212
yij	2008	544	188
yipped	2008	704	474
yliopiston	2008	171	71
Yemayá	2008	166	25
Yeoman	2008	4222	1669
Yirgin	2008	186	109
Yishmael	2008	332	78
Yock	2008	253	122
Yoshimitsu	2008	405	145
Yurman	2008	142	64
yOur	2008	347	217
yajnas	2008	220	76
yearling	2008	6382	2628
yena	2008	185	89
Y.H.	2008	1815	881
YLL	2008	217	65
Yamana	2008	490	131
Yasht	2008	427	102
Yaya	2008	953	237
Yelwa	2008	125	40
Yngleses	2008	117	5
Yoder	2008	10133	1847
Yogic	2008	1428	402
Yoni	2008	1214	325
Yorktown	2008	15492	4124
Youyu	2008	193	36
yaitu	2008	447	31
yak	2008	5577	1718
Yaconelli	2008	142	48
Yallop	2008	437	137
Yamqui	2008	149	31
Yearned	2008	134	127
Yohei	2008	342	107
Yorkie	2008	606	240
Youngdahl	2008	126	44
Yucatecans	2008	324	28
yawn	2008	23950	16280
year.38	2008	157	154
youre	2008	4029	883
Yakkhas	2008	105	28
Yankie	2008	227	30
Yeavering	2008	134	42
Yerima	2008	134	35
Yeu	2008	280	185
Yogoda	2008	141	15
Yoritomo	2008	2297	219
Yung	2008	9646	2217
Yuss	2008	131	57
yaj	2008	101	65
yc	2008	4222	1990
yeeldeth	2008	196	92
yisrael	2008	292	113
yoghurt	2008	4633	1528
you'r	2008	143	125
Yanktons	2008	437	113
Yanshou	2008	118	30
Yoeme	2008	120	22
Yook	2008	178	88
Yuhikaku	2008	359	139
yanyi	2008	159	69
YAHOO	2008	278	117
YLF	2008	304	56
Yazbeck	2008	482	243
Yonah	2008	1421	442
Yoshiyama	2008	157	71
Youll	2008	633	306
Ysseldyke	2008	807	164
Yuchi	2008	810	131
Yundong	2008	109	53
yl	2008	2914	1478
yo	2008	59378	11569
youj	2008	293	271
youthfully	2008	1031	931
Yamacraw	2008	341	129
Yariv	2008	707	222
Yesenia	2008	376	40
Yille	2008	189	94
Youm	2008	277	122
Youngest	2008	2645	1356
yack	2008	161	123
yadoya	2008	176	14
yale	2008	484	230
yippies	2008	132	81
yours	2008	485221	98582
yuri	2008	138	43
YBILC	2008	213	12
YMC	2008	175	78
Yaakob	2008	303	30
Yakamas	2008	151	30
Yamada	2008	10665	2997
Yelick	2008	134	59
Yerukalas	2008	150	6
Yu.M.	2008	116	56
Yuanhua	2008	203	39
Yakovleva	2008	163	77
Yana	2008	1496	389
Yastrzemski	2008	638	132
Yosuke	2008	325	152
Yuanchao	2008	125	28
y.	2008	27999	10656
years.51	2008	149	148
you'n	2008	183	124
研究	2008	116	31
YBa2Cu3O7	2008	212	52
Yamakoshi	2008	293	86
Yamba	2008	1010	126
Yankovic	2008	264	118
Yo'll	2008	149	94
Yoked	2008	449	279
Ypsilantis	2008	105	40
yS	2008	402	296
years.30	2008	261	251
yuan	2008	20844	2125
YEA	2008	320	217
Yanchi	2008	100	21
Yannopoulos	2008	143	60
Yashpal	2008	263	62
Yid	2008	1098	272
yanjiuyuan	2008	156	65
yawing	2008	1256	871
yaxis	2008	268	203
yeaned	2008	123	95
yeares	2008	4137	1168
yeild	2008	280	175
yellowishbrown	2008	281	208
yyyy	2008	1560	359
YU	2008	1799	537
Yakob	2008	686	98
Yamauchi	2008	2810	911
Yedanta	2008	159	27
Yoel	2008	916	268
Yoor	2008	150	115
Yosemite	2008	14799	3059
Yvo	2008	218	132
yetts	2008	104	88
yo1	2008	114	57
YARMOUTH	2008	194	97
YCP	2008	105	12
YMA	2008	240	37
Yadav	2008	4559	1032
Yakaboo	2008	147	2
Yankele	2008	256	24
Yashvin	2008	102	11
Yazici	2008	357	159
Yesenin	2008	143	53
Yump	2008	199	52
Yvon	2008	1985	830
yankee	2008	681	401
you.4	2008	108	107
Yach	2008	354	104
Yakushi	2008	521	88
Yamassees	2008	119	40
Yankah	2008	105	41
Yillah	2008	568	21
Yoshimasa	2008	345	116
Youcef	2008	111	68
yH	2008	117	81
Y.F.	2008	600	377
Yedidia	2008	168	77
Yezidi	2008	446	93
Yoshitake	2008	358	134
yahad	2008	103	30
Y.Q.	2008	281	140
Yamamura	2008	1444	545
Yekaterina	2008	317	122
Yeliseyev	2008	240	13
Yelland	2008	672	191
Yeye	2008	141	44
Yo	2008	27873	8024
Yockey	2008	692	90
Yulgok	2008	121	22
yap	2008	3192	1767
yatra	2008	747	263
years.14	2008	443	421
yourchild	2008	105	32
ystem	2008	308	241
Y4	2008	397	162
YAEL	2008	162	22
YPE	2008	560	36
Yermolai	2008	189	12
Yixian	2008	539	92
Ym	2008	801	498
York.3	2008	116	106
Yuasa	2008	1642	315
Yugiri	2008	106	10
year.10	2008	388	364
year.49	2008	126	122
years2	2008	112	106
yestreen	2008	780	519
YGD	2008	460	10
Yadgar	2008	149	63
Yahiya	2008	159	67
Yakima	2008	5270	980
Yakutat	2008	2418	145
Yassah	2008	314	73
Yenne	2008	158	68
Yonni	2008	116	18
Yuchtman	2008	108	60
yall	2008	499	152
yearlie	2008	158	78
ynto	2008	140	59
yowr	2008	496	247
yr	2008	30763	4801
yssue	2008	101	53
Yadda	2008	106	70
Yakataga	2008	180	14
Yesalis	2008	319	65
Yoshiba	2008	113	35
You'll	2008	141	117
Ythan	2008	296	100
Yusoff	2008	194	87
year.39	2008	148	142
yearn	2008	20694	14969
YL	2008	2613	1231
Yada	2008	921	325
Yauco	2008	137	50
Yolette	2008	170	6
Yulisa	2008	124	23
yar	2008	1851	705
yardmen	2008	203	130
year.27	2008	220	214
yeld	2008	278	115
yikes	2008	240	209
Yahata	2008	118	64
Yasue	2008	177	99
Yellowlegs	2008	213	56
Yero	2008	349	56
Yogins	2008	329	105
Yorkshiremen	2008	566	347
Youghal	2008	1984	463
Youmans	2008	1814	558
yoa	2008	5088	3107
YYC	2008	164	13
Yalman	2008	704	79
Yayi	2008	114	38
Yel	2008	360	248
Yeshayahu	2008	665	171
Yosso	2008	277	72
year.16	2008	263	245
young	2008	5293368	178537
Yaoundé	2008	1612	140
years.21	2008	397	383
Y.T.	2008	765	439
YOur	2008	132	30
Yair	2008	2073	690
Yajur	2008	1579	370
Yezid	2008	708	216
Yolken	2008	211	98
Yonehachi	2008	105	4
Youzhou	2008	155	27
Yusra	2008	109	43
Yuyama	2008	121	42
YM	2008	3125	1302
Yaba	2008	497	207
Yagello	2008	146	10
Yanked	2008	167	145
Yasunaga	2008	193	105
Yatsen	2008	1253	206
Yavneh	2008	899	228
Yellowfin	2008	243	95
Yemenites	2008	442	175
Yerukula	2008	129	5
yandan	2008	155	7
yz	2008	1137	530
YAJNA	2008	121	11
Yachting	2008	1127	595
Yalta	2008	10448	1668
Yeniseisk	2008	171	60
Yiting	2008	271	15
Yokoyama	2008	2816	1121
Yongu	2008	155	34
Yuancheng	2008	128	9
yam	2008	10422	3773
yur	2008	1390	415
Yahrzeit	2008	117	68
Yamamori	2008	191	69
Yankov	2008	153	52
Yazdgard	2008	134	15
Yefrem	2008	117	13
Yeovil	2008	1572	402
Yianni	2008	118	40
Ysobel	2008	245	26
yeasted	2008	166	76
YTS	2008	114	55
Yatsu	2008	180	61
Yingchun	2008	182	20
Yndias	2008	459	94
Yussef	2008	3748	137
Yvain	2008	1253	155
yawm	2008	204	91
years.36	2008	191	188
yewtree	2008	129	115
Y.-W.	2008	276	156
YRI	2008	139	28
Yahia	2008	1261	385
Yanus	2008	198	36
Yarmuth	2008	125	41
Yavapais	2008	120	30
Years'War	2008	165	69
Yeji	2008	119	21
Yggdrasil	2008	815	308
Youngblade	2008	158	61
Yunling	2008	181	67
Yuxi	2008	162	54
yeven	2008	141	71
YIN	2008	733	276
Yagyu	2008	467	54
Yarro	2008	149	72
Yersin	2008	428	134
Younce	2008	117	43
Yuri	2008	14890	2905
Yushi	2008	188	90
yiin	2008	103	43
ying	2008	4446	1580
yogin	2008	2383	175
YCC	2008	272	55
YII	2008	267	244
YIVO	2008	1007	190
Yaffa	2008	315	124
Yager	2008	2737	804
Yankeeism	2008	138	129
Yankev	2008	249	38
Yeab	2008	172	112
Yenching	2008	825	234
y'r	2008	1372	325
yapping	2008	3709	2798
yclad	2008	102	91
years.61	2008	110	106
Yagi	2008	2290	704
Yakubov	2008	131	59
Yanase	2008	192	99
Yaobang	2008	1215	220
Yasi	2008	174	43
Year0	2008	124	42
You'm	2008	498	162
yangban	2008	892	133
yige	2008	192	103
Y	2008	408564	55160
YUI	2008	530	57
Yasir	2008	2241	699
Yosuf	2008	100	34
Yudelman	2008	104	46
Yurii	2008	759	143
years'	2008	169	106
years.66	2008	109	108
yer've	2008	319	159
yiqtol	2008	211	19
youl	2008	2026	1542
yu'd	2008	151	42
YBP	2008	166	44
Yamaji	2008	590	170
Yasunori	2008	351	117
Yob	2008	375	215
Yore	2008	1473	629
yaps	2008	568	480
ye	2008	885098	59396
year.14	2008	297	285
yiew	2008	455	279
yus	2008	306	163
Yahtzee	2008	210	146
Yell	2008	3336	1940
Ygdrasil	2008	288	142
Yirginia	2008	296	177
yank	2008	8621	6013
Ya'aqov	2008	217	54
Yak	2008	3302	982
Yarious	2008	103	99
Yaxis	2008	246	142
Yincennes	2008	126	82
Yohanan	2008	1881	412
Yousof	2008	308	24
Yumani	2008	121	28
y0	2008	1953	729
youm	2008	104	76
Yehonatan	2008	198	29
Yokoi	2008	937	373
Yousafzai	2008	123	55
Yuengling	2008	215	60
Yunga	2008	197	40
yeggs	2008	191	76
yonder	2008	107564	28029
yone	2008	203	137
Yamasee	2008	1027	89
Yanomami	2008	1074	234
Yergan	2008	644	52
Ysabel	2008	1919	350
Yulya	2008	222	15
yataghans	2008	270	201
yerel	2008	173	10
ymages	2008	175	100
ypa	2008	193	123
yrs	2008	12780	2563
YEOMAN	2008	123	85
Yanagisako	2008	495	131
Yankelevitz	2008	107	47
Yarn	2008	3581	1339
Yassin	2008	3768	767
Yasu	2008	402	122
Yose	2008	689	141
Yuga	2008	2672	448
Yılmaz	2008	200	47
year.6	2008	493	465
yearnin	2008	140	97
yerself	2008	4402	2137
younge	2008	394	260
YSR	2008	485	98
Yakobson	2008	262	74
Yarck	2008	156	4
Yauch	2008	131	45
Yawns	2008	393	235
Yoa	2008	634	549
Yopie	2008	125	55
Youden	2008	277	52
ydp	2008	215	65
yieldingness	2008	103	82
yii	2008	1210	419
you'l	2008	452	199
you.The	2008	208	161
Yazi	2008	155	46
Yellapur	2008	172	12
Yells	2008	700	545
Yeou	2008	297	103
Ywain	2008	1061	81
yelling	2008	78575	33095
yerba	2008	1227	447
Yancy	2008	6016	507
Yuin	2008	115	49
Yukihiro	2008	120	69
yQ	2008	115	60
yatha	2008	299	106
yb	2008	454	270
yowled	2008	953	676
YCAL	2008	470	9
YEOMANRY	2008	102	54
Yaj	2008	183	32
Yaks	2008	277	162
Yakub	2008	2462	410
Yav	2008	113	26
Yekaterinburg	2008	933	237
Yerxa	2008	347	83
Yinchuan	2008	373	127
Ylocos	2008	381	69
Yng	2008	108	39
Yoshihito	2008	159	67
Yucca	2008	4479	1193
Yueyang	2008	122	53
yasha	2008	218	47
yin	2008	19133	4169
yotmg	2008	116	115
yr1	2008	368	70
Yarkand	2008	1349	267
Yasujiro	2008	420	149
Yasushi	2008	798	342
Yourgrau	2008	142	70
y6	2008	514	306
yaga	2008	142	59
youa	2008	112	76
有	2008	268	24
Y1	2008	2279	801
YORKE	2008	234	112
Yamaya	2008	112	58
Yand	2008	289	160
Yeshivot	2008	148	77
Yoek	2008	186	167
Yoginder	2008	210	91
Yonelinas	2008	383	44
Yumuri	2008	144	52
Yunfeng	2008	145	55
Yuni	2008	185	42
ydg	2008	106	3
years.48	2008	148	146
yearsof	2008	277	229
yeh	2008	5179	880
yle	2008	435	226
YUE	2008	129	56
Yagya	2008	112	34
Yndia	2008	383	51
Yoakam	2008	296	119
Yohanna	2008	168	53
Yolinda	2008	101	19
Yotsuya	2008	349	90
Yup	2008	9571	4102
ycar	2008	351	295
yutes	2008	135	11
Y.B.	2008	1332	517
YMBA	2008	136	27
YPLL	2008	185	24
Yahuda	2008	565	164
Yanaev	2008	129	33
Yoma	2008	1166	390
Yoshitomo	2008	194	65
years.63	2008	103	99
yeong	2008	219	36
YELLOWSTONE	2008	516	188
Yeung	2008	5749	1802
Yiayia	2008	125	19
Yih	2008	756	332
Yil	2008	130	82
Yogas	2008	428	146
Yontef	2008	223	26
Yozo	2008	127	77
Ys.	2008	121	4
yama	2008	1699	555
year3	2008	324	280
yori	2008	354	178
yout	2008	2083	1406
YACHT	2008	630	323
Yadlin	2008	177	68
Yamaka	2008	211	46
Yanbian	2008	262	78
Yazdani	2008	451	156
Yonas	2008	301	135
Yugioh	2008	136	12
yaksas	2008	299	40
yatis	2008	105	29
ycu	2008	757	625
yellowhammers	2008	119	101
yodelling	2008	277	218
ythe	2008	104	79
Yazzi	2008	100	9
Yonghe	2008	155	70
Youtai	2008	366	11
yichud	2008	110	34
yisterday	2008	470	291
Y11	2008	117	52
Yamaska	2008	107	62
Yambu	2008	326	34
Yamil	2008	154	19
Yocheved	2008	486	65
Yoomy	2008	491	12
York.2	2008	115	108
Youdim	2008	228	92
Yukihiko	2008	146	68
y'all	2008	13821	2924
yardarm	2008	1535	910
yawp	2008	530	471
yrBP	2008	676	5
ý	2008	150	10
Yesl	2008	221	191
Yiend	2008	102	34
Yimidhirr	2008	108	32
yaku	2008	259	102
yeaTs	2008	202	186
years.17	2008	401	394
YIELDING	2008	196	113
YJ	2008	1798	839
Yaksh	2008	198	66
Yalobusha	2008	254	81
Yardie	2008	129	46
Yichang	2008	444	138
Yidan	2008	204	19
Yogananda	2008	1488	335
Yúdice	2008	231	65
yff	2008	128	98
yi	2008	18035	5372
YAK	2008	161	95
YEAR	2008	25444	9750
Yabu	2008	191	67
Yakup	2008	360	59
Yan	2008	29412	5576
Yaque	2008	697	35
Yasmeen	2008	1088	143
Yazeed	2008	151	34
Yessiree	2008	127	115
Yon	2008	29302	12844
Yoosoof	2008	293	14
Youn	2008	1306	527
Yurkov	2008	168	18
yachting	2008	7643	3825
ye'd	2008	4209	1786
year.67	2008	100	98
yeast	2008	88492	10929
yellers	2008	103	75
YBM	2008	108	16
YI	2008	1770	1074
YOLK	2008	269	78
Yafar	2008	100	1
Yamaraja	2008	125	26
Yanwu	2008	239	58
Yarborough	2008	2713	819
Yeman	2008	126	70
Yenus	2008	282	184
Yorio	2008	189	77
Younes	2008	626	305
Yugen	2008	123	60
Yugoslavia	2008	71979	8898
yair	2008	471	86
Yarmark	2008	184	5
Yate	2008	764	290
Yavin	2008	105	66
Yedi	2008	100	57
Yentsch	2008	128	55
Yongkang	2008	151	67
Yott	2008	144	106
Youdell	2008	325	62
Yudhi	2008	100	20
Yumashev	2008	165	20
Yurin	2008	136	12
Yusaf	2008	195	72
yakuza	2008	1142	232
yeeld	2008	1022	353
yo're	2008	868	213
YTL	2008	852	112
Yaldabaoth	2008	159	26
Yamamuro	2008	317	122
Yegen	2008	301	49
Yelvington	2008	271	92
Yesa	2008	132	64
Yorubd	2008	231	19
Yoshimatsu	2008	202	106
Yowell	2008	111	67
yanking	2008	6482	4538
yau	2008	548	400
yodels	2008	212	140
yondeh	2008	127	51
youall	2008	205	104
YEARNING	2008	117	92
Yaropolk	2008	190	30
Yashka	2008	118	30
Yemenite	2008	1398	442
Yenko	2008	416	12
Yorlc	2008	118	104
Yoshiki	2008	441	175
Yujin	2008	151	50
Yushan	2008	243	74
yearlings	2008	4117	1372
yesh	2008	201	103
yoang	2008	409	384
youdian	2008	104	7
youth	2008	1086096	124575
