ZWEIG	2008	331	48
Zelli	2008	162	81
Zemindar	2008	511	182
Zerr	2008	267	109
Zette	2008	143	23
Zhora	2008	193	38
Ziesler	2008	210	58
Zilliox	2008	103	34
Zn	2008	24242	2491
Zonas	2008	219	135
zeven	2008	123	65
zijne	2008	128	54
zviii	2008	335	281
Zerel	2008	136	3
Zhiyong	2008	183	90
Ziff	2008	1695	579
Zij	2008	445	179
Zijderveld	2008	263	69
zaka	2008	141	53
zeranol	2008	110	40
zonations	2008	124	53
zweiter	2008	414	242
Zanele	2008	220	52
Zeuthen	2008	255	112
Zhaoxing	2008	311	106
Zie	2008	227	84
Zilberman	2008	691	232
Ziyaeddin	2008	115	11
Zouwen	2008	215	51
Zustiniani	2008	147	5
zhizni	2008	624	196
zix	2008	308	261
ZFC	2008	645	61
Zentralstelle	2008	199	100
Zhenhua	2008	240	85
Zill	2008	1941	236
Zilsel	2008	183	53
Zomeren	2008	182	60
Zoomer	2008	126	40
Zubeir	2008	111	45
Zubrow	2008	240	106
Zuhayr	2008	273	56
zirconium	2008	3660	1095
ziv	2008	587	408
zoea	2008	177	37
Zayda	2008	163	44
Zbikowski	2008	159	52
Zdroj	2008	157	25
Zenz	2008	233	106
Zeyl	2008	168	76
Zilioli	2008	118	22
Zimra	2008	349	112
Zooarchaeology	2008	397	105
zampolit	2008	162	7
zests	2008	175	112
zuihitsu	2008	409	24
Zaenen	2008	315	108
Zaya	2008	377	75
Zeppenfeld	2008	128	48
Zhengzhong	2008	104	60
Zips	2008	597	173
Zoomed	2008	275	138
Zorilla	2008	367	199
Zubeida	2008	247	68
Zweiniger	2008	123	48
ziyou	2008	167	75
Zaiko	2008	275	19
Zaporozhets	2008	190	36
Zeeuws	2008	147	32
Zehme	2008	201	33
Zingiberaceae	2008	482	119
Zins	2008	940	270
Zolberg	2008	1080	328
Zolt	2008	128	49
Zongtang	2008	128	55
zadachi	2008	131	64
zeroth	2008	1664	591
zoonoses	2008	825	276
Zalim	2008	183	35
Zeichner	2008	1768	392
Zelles	2008	117	25
Zenga	2008	115	35
Zeruiah	2008	586	226
Zoetendal	2008	122	23
Zonotrichia	2008	586	113
zth	2008	341	189
Zait	2008	114	34
Zewail	2008	250	76
Zimmermann	2008	13562	4059
Zull	2008	275	66
Zumwalt	2008	1204	295
Zus	2008	265	42
zamorin	2008	660	13
zeed	2008	232	141
zulassen	2008	117	82
ZODIAC	2008	264	119
Zandstra	2008	244	93
Zexu	2008	281	104
Zijdenbos	2008	116	71
Zilla	2008	3310	304
Zooks	2008	332	170
ZoomBrowser	2008	270	24
Zureberg	2008	102	5
zakir	2008	132	31
Zahedan	2008	186	68
Zames	2008	217	47
Zatlin	2008	116	48
Zdenko	2008	217	57
Zebrowitz	2008	459	71
Zepha	2008	109	13
Zin	2008	2733	706
Zipfian	2008	195	49
Zisman	2008	451	161
Zouhar	2008	115	10
zell	2008	477	72
ZACHARY	2008	286	174
ZONING	2008	492	150
Zakon	2008	638	181
Zeir	2008	117	25
Zeitouni	2008	113	51
Zewar	2008	197	50
Ziliak	2008	617	64
Zumaya	2008	141	45
Zygoptera	2008	396	46
zajednica	2008	119	36
zolmitriptan	2008	308	99
Zagrebu	2008	147	46
Zall	2008	221	102
Zap	2008	1698	640
ZigBee	2008	4469	174
Zila	2008	687	191
Zilina	2008	191	97
Zongli	2008	900	84
Zyda	2008	101	42
zahlreiche	2008	635	205
zerosum	2008	483	429
ZPDs	2008	103	35
Zachow	2008	157	40
Zafrullah	2008	303	64
Zeeco	2008	113	14
Zhejiang	2008	8615	1411
Zhongxian	2008	128	49
Zurbuchen	2008	130	49
Zyl	2008	2412	440
zebus	2008	190	87
zi	2008	7781	3210
zugunsten	2008	371	167
ZZT	2008	434	21
Zabol	2008	116	41
Zackaria	2008	385	6
Zaremba	2008	635	252
Zarka	2008	341	118
Zeffie	2008	1199	9
Zephir	2008	262	105
Zervas	2008	299	128
Zh	2008	1359	565
Zk	2008	459	227
Zonk	2008	224	43
Zushio	2008	141	12
zbornik	2008	140	40
Zaghawa	2008	1745	141
Zaidoun	2008	203	3
Zamalek	2008	402	95
Zeek	2008	266	78
Zeitblom	2008	177	49
Zephirin	2008	121	33
Zhuangzhuang	2008	113	26
Zion	2008	70998	13804
Zollinger	2008	1728	557
zauthor@zondervan.com	2008	119	118
zealots	2008	9988	6547
zeigt	2008	2852	682
zentraler	2008	169	118
zhizn	2008	564	195
Zagwe	2008	131	29
Zalcman	2008	158	37
Zamponi	2008	201	94
Zeltner	2008	218	127
Zembla	2008	1446	807
Zhar	2008	131	21
Zirac	2008	250	5
Zorro	2008	3270	917
zog	2008	459	265
zombi	2008	149	71
Zagreus	2008	387	110
Zako	2008	692	37
Zanchetti	2008	152	64
Zanobi	2008	547	151
Zarek	2008	236	29
Zeel	2008	121	15
Zeelanders	2008	248	70
Zetterstrom	2008	206	93
Zhiming	2008	275	123
Zhouli	2008	176	50
Ziga	2008	106	44
Zoquean	2008	175	31
Zurilla	2008	477	94
Z9	2008	290	163
Zackey	2008	261	10
Zagars	2008	119	35
Zanetto	2008	117	60
Zeilstra	2008	104	20
Zejnil	2008	121	25
Zeng	2008	8130	2160
Zygophyllum	2008	467	49
zie	2008	371	196
ziji	2008	243	56
zimmer	2008	135	90
zoogeography	2008	345	178
że	2008	210	39
Zaouia	2008	233	18
Ze'ir	2008	117	3
Zenza	2008	138	9
Zoboli	2008	184	33
zaminddrs	2008	120	9
zoshi	2008	197	22
zushi	2008	215	49
за	2008	368	30
ZDMG	2008	425	83
Zallen	2008	124	53
Zambales	2008	931	217
Zambecarri	2008	124	12
Zaprudnik	2008	122	15
Zeller	2008	7698	2230
Zhangjiagang	2008	120	24
Zuflucht	2008	159	89
zey	2008	937	290
ZHOU	2008	613	181
Zakrzewska	2008	467	136
Zamboni	2008	1261	451
Zanatta	2008	123	51
Zentralbibliothek	2008	171	91
Zindi	2008	119	21
Zittau	2008	772	195
Zolman	2008	127	16
Zoticus	2008	270	31
Zustände	2008	197	103
zazhi	2008	448	104
zong	2008	400	208
zuclopenthixol	2008	117	40
zustande	2008	247	121
ZAY	2008	115	63
ZHENG	2008	341	104
Zandian	2008	106	8
Zandile	2008	269	22
Zaun	2008	249	132
Zeier	2008	111	54
Zelensky	2008	469	38
Zhongying	2008	144	51
Zic2	2008	117	10
Ziegenspeck	2008	349	12
Zozimus	2008	171	73
zamindar	2008	2147	344
zeer	2008	559	181
zonas	2008	669	249
Zagreb	2008	11108	1685
Zajaczkowski	2008	107	36
Zammito	2008	248	73
Zender	2008	589	187
Zevin	2008	314	115
Zhimin	2008	204	98
Ziebell	2008	148	35
Zizi	2008	1946	176
zh	2008	791	486
Zalaquett	2008	159	53
Zanden	2008	941	200
Zeim	2008	134	7
Zervakis	2008	111	34
Ziemianitch	2008	610	14
Zillman	2008	728	236
Zui	2008	198	102
zealousness	2008	788	662
zymogen	2008	1135	252
Zacharakis	2008	310	87
Zalmay	2008	1042	416
Zatechka	2008	768	2
Zayyad	2008	148	46
Zelaya	2008	1036	198
Zelica	2008	242	44
Zestril	2008	198	107
Zigon	2008	118	21
Zinobia	2008	332	11
Zinsser	2008	1173	449
Zomi	2008	202	28
Zungu	2008	102	50
zemindary	2008	435	59
zeugen	2008	142	98
zygosity	2008	403	115
Ž	2008	143	44
Zadra	2008	311	73
Zannetti	2008	110	58
Ziircher	2008	743	264
Zilber	2008	264	104
Zoophilia	2008	100	42
Zs	2008	2009	741
Zurayk	2008	128	41
zoogeographic	2008	314	83
Zablocki	2008	558	189
Zaim	2008	424	116
Zangiacomo	2008	118	16
Zebra	2008	5496	1807
Zehmer	2008	785	26
Zeolites	2008	1146	265
Zimring	2008	1540	327
Zoola	2008	122	8
Zoque	2008	204	64
Zukowski	2008	234	134
zhongyang	2008	703	115
zhounian	2008	144	42
zoologists	2008	3484	1798
Z005	2008	205	77
ZCTU	2008	291	42
ZF	2008	1484	445
ZKLFK	2008	244	29
ZUR	2008	188	125
Zaccaria	2008	1502	406
Zakes	2008	264	79
Zaluski	2008	277	67
Zanesville	2008	1695	633
Zentralblatt	2008	946	352
Zhenbao	2008	483	48
Zrenjanin	2008	103	24
Zurek	2008	556	211
zazen	2008	2020	234
zhexue	2008	170	45
Zammit	2008	858	259
Zaritsky	2008	266	80
Zaroff	2008	123	51
Zeidler	2008	945	305
Zide	2008	254	89
Zillerthal	2008	236	52
Zimbardo	2008	3212	631
Zureik	2008	231	104
zvas	2008	198	134
Zafran	2008	131	55
Zaidie	2008	703	9
Zanichelli	2008	392	231
Zaug	2008	245	46
Zein	2008	1651	391
Zhelev	2008	173	58
Zinberg	2008	325	119
Zinke	2008	259	111
Zul	2008	277	95
Zwiebel	2008	315	143
zad	2008	215	109
zag	2008	6176	4024
zesty	2008	786	559
zia	2008	221	128
zweites	2008	172	135
ZERO	2008	3191	1212
ZIC	2008	109	35
ZU	2008	414	261
Zanjan	2008	185	60
Zards	2008	210	5
Zavanelli	2008	119	27
Zechstein	2008	519	47
Zenner	2008	584	225
Zenodotus	2008	320	133
Zidonians	2008	213	154
Zwarts	2008	668	115
zehn	2008	844	425
zugeschrieben	2008	234	112
že	2008	107	19
Zaccai	2008	299	98
Zentralinstitut	2008	121	64
Ziraat	2008	111	48
Zuccone	2008	162	32
zeitgenossischen	2008	139	98
zygotene	2008	140	53
ZHU	2008	492	136
Zahm	2008	680	230
Zamzami	2008	109	46
Ziglar	2008	1082	401
Zigurs	2008	308	57
Zionism	2008	30721	3074
Zonderkidz	2008	196	62
Zukoski	2008	115	44
zation	2008	1842	1529
zearalenone	2008	594	72
zinester	2008	101	12
zr	2008	733	483
ZAG	2008	140	79
Zagorin	2008	582	238
Zahn	2008	5711	1686
Zambelli	2008	421	171
Zehou	2008	233	53
Zeisberger	2008	1048	136
Zelliot	2008	510	95
Zelotes	2008	1171	224
Zerline	2008	101	41
Zevallos	2008	252	85
Zometa	2008	203	73
Zucchini	2008	2042	605
Zuikaku	2008	251	47
Zunz	2008	1134	288
Zyw	2008	174	1
ZLC	2008	101	10
Zakian	2008	139	38
Zapatista	2008	7029	832
Zeballos	2008	201	62
Zerubavel	2008	1022	286
Zipursky	2008	410	175
Zwischenstufen	2008	196	46
zm	2008	868	434
zq	2008	194	111
ZAK	2008	146	43
ZBA	2008	169	39
ZODB	2008	133	9
Zambezia	2008	313	108
Zameen	2008	219	42
Zane	2008	17269	1929
Zaveri	2008	257	84
Zeitun	2008	378	77
Zelnorm	2008	175	60
Ziadeh	2008	172	62
Zouxiang	2008	122	50
Zager	2008	449	161
Zakariyya	2008	469	137
Zanon	2008	172	91
Zappos.com	2008	144	59
Zeale	2008	115	73
Zeckendorf	2008	381	64
Zurawin	2008	171	10
Zwerger	2008	108	49
Zagari	2008	144	65
Zamolxis	2008	117	52
Zamorano	2008	373	172
Zaragoza	2008	6658	1533
Zarontin	2008	171	63
Zayyat	2008	443	90
Zimdars	2008	122	51
Zinken	2008	129	47
Zinman	2008	616	223
Ziza	2008	124	45
Zraly	2008	103	16
zhurnal	2008	452	157
ZEP	2008	314	64
Zemeckis	2008	465	192
Zhang	2008	115294	10682
Zhouyuan	2008	427	7
Zombie	2008	3137	929
Zonder	2008	113	69
Zoolander	2008	117	65
Z11	2008	121	52
Zahiri	2008	173	78
Zakai	2008	326	114
Zambesi	2008	5323	1052
Zatsiorsky	2008	377	42
Zc	2008	397	210
Zerbi	2008	195	81
Zghal	2008	157	29
Zionward	2008	117	104
Zurbaran	2008	932	232
zooplankters	2008	119	37
ZOH	2008	151	66
Zizhi	2008	219	66
zarzuela	2008	428	136
zeta	2008	3589	717
ZIG	2008	149	98
ZPG	2008	258	71
Zelman	2008	1544	320
Zenger	2008	2757	619
Zib	2008	136	42
Ziemssen	2008	367	171
Zwinglians	2008	438	215
Zwinglius	2008	255	129
zenshu	2008	1015	133
zootype	2008	256	21
Zachau	2008	142	71
Zaranj	2008	124	38
Zeitalters	2008	370	202
Zhenheng	2008	104	17
Zukas	2008	155	53
Zukowsky	2008	108	35
Zutangji	2008	142	7
Zyczynski	2008	111	12
zinc	2008	135102	15705
zing	2008	2311	1792
zugeben	2008	103	77
zuverlässig	2008	109	50
Zagler	2008	173	34
Zeise	2008	133	72
Zileuton	2008	142	64
Zinc	2008	27141	5290
Zipped	2008	173	111
Zuberoa	2008	141	20
Zuloaga	2008	813	160
z0	2008	1716	560
zoogloea	2008	109	27
zoospores	2008	1200	202
ZIONISM	2008	274	120
Zacatepec	2008	194	32
Zachrisson	2008	191	55
Zagury	2008	141	40
Zattiany	2008	1563	13
Zeide	2008	137	49
Zengerle	2008	120	62
Zettl	2008	476	160
Zhilong	2008	508	25
Zong	2008	2548	657
Zosima	2008	848	117
Zunes	2008	400	133
Zych	2008	342	67
Zygote	2008	769	354
za'atar	2008	101	29
zoospore	2008	291	81
ZNW	2008	330	130
ZOLA	2008	239	147
Zamar	2008	141	26
Zeisel	2008	844	306
Zeke	2008	14239	963
Zenteno	2008	576	118
Zitouni	2008	142	39
zations	2008	460	378
zygomaticotemporal	2008	115	46
ZND	2008	117	15
Zalmunna	2008	212	90
Zaporozhtzi	2008	186	4
Zdravko	2008	267	102
Zeny	2008	123	22
Zhao	2008	36277	5556
Zilda	2008	204	26
Zooropa	2008	162	33
Zupanc	2008	106	41
zope	2008	136	8
zus	2008	144	98
Zavattini	2008	510	70
Zeppa	2008	1221	92
Zilinskas	2008	132	59
Zollner	2008	1125	457
Zubayda	2008	297	45
zags	2008	1143	905
zhongyao	2008	150	67
Zanamivir	2008	209	98
Zeanah	2008	1022	164
Zebeta	2008	101	42
Zeebrugge	2008	1222	431
Zeresh	2008	214	53
Ziemke	2008	669	173
Zinder	2008	1573	215
Zwingle	2008	2321	297
zephyrs	2008	3668	2724
zeros	2008	18883	5309
zhing	2008	158	55
zled	2008	126	119
zygotes	2008	2008	557
Zekiel	2008	874	110
Zeniff	2008	205	21
Zerba	2008	134	27
Zhongjing	2008	128	21
Zicci	2008	388	11
Ziona	2008	112	56
Zocher	2008	124	41
Zulauf	2008	187	73
Zwickau	2008	1141	395
z4	2008	243	104
zhongda	2008	118	44
zillion	2008	2285	1662
ZENG	2008	157	55
ZZP	2008	148	12
Zaller	2008	1480	329
Zeffiro	2008	212	91
Zenkoji	2008	100	38
Zepho	2008	103	16
Zettel	2008	451	234
Zezuru	2008	109	51
Zilbergeld	2008	161	53
Zippy	2008	685	187
Ziskind	2008	196	92
Zoray	2008	118	3
Zwan	2008	218	107
zooming	2008	8142	4239
Zacapa	2008	165	47
Zakin	2008	130	60
Zarathushtra	2008	927	115
Zebker	2008	125	32
Zebrafish	2008	1177	211
Zeph	2008	1452	622
Zephire	2008	237	27
Zepplin	2008	239	60
Zercher	2008	155	47
Zhanran	2008	240	14
Zieten	2008	399	71
zerocoupon	2008	153	71
ZADOK	2008	157	14
ZONES	2008	1063	630
Zakrzewski	2008	259	138
Zaptiehs	2008	196	44
Zeph.	2008	331	186
Zera	2008	499	197
Zopa	2008	345	63
Zoramites	2008	176	12
Zumalacarregui	2008	138	39
Zusya	2008	103	36
Zvara	2008	129	31
Z.N.	2008	188	127
ZEALAND	2008	2627	1053
Zaidan	2008	415	120
Zakho	2008	585	63
Zdravo	2008	116	13
Zella	2008	1418	173
Zemlinsky	2008	577	62
Zworykin	2008	393	114
zuzhi	2008	291	105
Zacarias	2008	1317	486
Zak	2008	7115	965
Ze'evi	2008	245	81
Zehava	2008	194	30
Zellerfeld	2008	163	67
Zenlike	2008	147	139
Zika	2008	243	123
Zionsville	2008	294	92
Ziro	2008	151	33
Zouk	2008	310	100
Zwi	2008	628	326
zapato	2008	152	81
zeylanica	2008	217	69
zweitens	2008	192	108
zy	2008	803	510
ZUNI	2008	140	63
Zagier	2008	115	42
Zapoteco	2008	103	41
Zet	2008	162	95
Zhongfa	2008	124	24
Zoroastrians	2008	3300	1150
Zukin	2008	1831	450
Zydeco	2008	721	163
zèle	2008	354	196
Zandra	2008	387	100
Zanettin	2008	276	40
Zeichen	2008	2139	884
Zendo	2008	189	52
Ziolkowski	2008	1044	372
Zoologists	2008	482	285
Zucca	2008	302	148
Zuppa	2008	207	65
Zusammen	2008	134	102
zeale	2008	561	269
zemi	2008	214	78
zhan	2008	416	176
zic	2008	286	50
zurr	2008	438	51
ZS	2008	1832	699
Zanti	2008	366	11
Zauner	2008	350	142
Zhuk	2008	107	57
Ziz	2008	221	89
Zortman	2008	105	30
ZrP	2008	521	12
zaddikim	2008	142	26
zemstva	2008	217	24
zwitterion	2008	311	123
ZONDERVAN	2008	140	117
Zanche	2008	193	45
Zengotita	2008	156	53
Zetia	2008	287	103
Zilmer	2008	145	54
Zinnbauer	2008	198	66
Zagazig	2008	443	136
Zapote	2008	226	81
Zasulich	2008	739	96
Zhongshan	2008	1553	432
Zietsman	2008	172	34
Zulueta	2008	810	220
Zweifel	2008	1566	639
Zwier	2008	120	49
zina	2008	974	173
zincite	2008	135	69
zinfandel	2008	394	180
zygapophyses	2008	113	28
ZMagazine	2008	148	25
Zanchius	2008	171	96
Zecca	2008	766	285
Zeon	2008	196	46
Ziguinchor	2008	815	78
Zim	2008	1415	442
Zimmern	2008	1807	547
Zintl	2008	417	52
Zoza	2008	151	11
Zubair	2008	731	231
zf	2008	321	196
zutreffend	2008	140	75
ZG	2008	822	361
Zbe	2008	236	156
Zoi	2008	185	58
Zoolog	2008	333	134
Zusammenhang	2008	3175	1003
zoophyte	2008	688	363
ZEAL	2008	583	364
ZEE	2008	314	159
Zakeri	2008	124	60
Zanzibar	2008	22518	3262
Zavaleta	2008	429	155
Zeck	2008	120	74
Zelimkhan	2008	104	39
Zimbabweans	2008	2099	458
zemstvos	2008	543	124
zooplanktivorous	2008	121	42
ZYX	2008	114	51
Zahur	2008	124	36
Zapher	2008	309	7
Zea	2008	4526	1280
Zelika	2008	707	2
Zepp	2008	435	177
Zevulun	2008	274	63
Ziervogel	2008	248	97
Zitto	2008	116	53
ZSR	2008	127	20
ZTP	2008	162	11
Zalesky	2008	245	53
Zemun	2008	402	73
Ziony	2008	117	56
Zrd	2008	204	99
zorg	2008	253	78
Zapiski	2008	1244	313
Zegri	2008	197	44
Zellaby	2008	670	4
Zhixin	2008	128	64
Zumbo	2008	466	142
Zupitza	2008	161	55
Zyglo	2008	175	5
Zymed	2008	104	57
Zócalo	2008	260	62
zk	2008	728	287
zurück	2008	1656	470
ZENITH	2008	276	175
Zaiger	2008	136	12
Zairians	2008	114	56
Zaitchik	2008	118	56
Zdeblick	2008	145	45
Zdzislaw	2008	431	206
Zebek	2008	552	14
Zivot	2008	305	103
Zmora	2008	231	129
Zuleta	2008	228	72
Zussman	2008	381	142
ZCS	2008	152	21
Zahrani	2008	214	103
Zas	2008	187	78
Zhengming	2008	205	54
Zifu	2008	156	24
Zopounidis	2008	317	44
Zuber	2008	2110	691
Zuka	2008	143	25
zla	2008	279	75
zoku	2008	348	76
Zacks	2008	1792	335
Zaini	2008	186	54
Zappi	2008	243	80
Zeitsch	2008	354	157
Zinny	2008	137	19
Zinzendorf	2008	3662	645
Zongyuan	2008	153	52
Zubov	2008	487	96
zagging	2008	1001	853
zamanda	2008	246	7
zoledronic	2008	589	138
zählt	2008	221	106
Zaibert	2008	133	23
Zapovedniks	2008	141	10
Zbinden	2008	277	139
Zealand	2008	266696	35383
Zinoviev	2008	2792	392
Zinsmeister	2008	423	153
Zoli	2008	1058	137
Zurakowski	2008	265	144
Zwecken	2008	169	103
Zwielicht	2008	110	67
zonder	2008	516	220
ZEW	2008	353	138
Zaemon	2008	170	6
Zhou	2008	57644	6863
Ziffren	2008	115	26
Zihl	2008	129	48
Zouave	2008	2429	944
zenship	2008	150	121
ziti	2008	463	251
zulm	2008	120	61
Zabinski	2008	236	96
Zadkine	2008	258	60
Zaino	2008	170	60
Zaiton	2008	226	48
Zajicek	2008	253	79
Zakopane	2008	378	139
Zeliangrong	2008	165	25
Zemgale	2008	135	18
Zied	2008	346	17
Zieman	2008	268	82
Zikhron	2008	186	41
Zodhiates	2008	205	63
Zond	2008	160	48
ZES	2008	402	41
ZK	2008	920	333
Zaroulis	2008	168	47
Zastrozzi	2008	181	44
Zauberman	2008	105	51
Zbigniew	2008	4494	1518
Zdenek	2008	1144	359
Zenit	2008	370	141
Zhenskii	2008	139	15
Zikmund	2008	327	99
Zwemmer	2008	264	119
zentrales	2008	115	76
Zaharias	2008	596	170
Zambon	2008	373	155
Zannichellia	2008	115	25
Zeeden	2008	108	28
Zegota	2008	236	41
Zenodorus	2008	149	56
Zentrum	2008	3507	1245
Zephon	2008	203	111
Zhicheng	2008	109	42
Zinat	2008	180	51
Zsuzsa	2008	407	147
Zullo	2008	230	116
Zwarte	2008	228	103
Zwiers	2008	211	90
zufällig	2008	224	118
Z.-H.	2008	179	59
Z.L.	2008	433	232
ZORA	2008	302	54
ZR	2008	2190	480
Zabin	2008	238	97
Zahir	2008	4177	649
Zakarian	2008	133	70
Zamparelli	2008	280	56
Zawawi	2008	146	49
Zebedee	2008	4918	1677
Zeitung	2008	16295	3949
Zerger	2008	130	47
Ziefle	2008	125	10
Zigzag	2008	1648	749
Zoilo	2008	129	54
Zoilus	2008	799	396
Zostrix	2008	104	45
Zubeidi	2008	153	25
Zurada	2008	163	81
zodiac	2008	12316	3823
ZBrush	2008	2382	19
Zaia	2008	113	65
Zareah	2008	363	1
Zealanders	2008	7940	2527
Zoltek	2008	124	34
zapatos	2008	419	196
zoharic	2008	107	11
ZAE	2008	116	13
ZD1839	2008	363	64
ZIMMERMANN	2008	181	97
ZL	2008	1780	605
Zaharom	2008	106	19
Zinacantan	2008	219	83
Zinth	2008	118	24
Zoeller	2008	539	185
Zombo	2008	128	26
Zuk	2008	666	210
zakone	2008	148	41
zivota	2008	126	43
ZIPRA	2008	872	58
ZOROASTRIANISM	2008	104	50
Zarlino	2008	1013	120
Zejan	2008	120	58
Zhabotinsky	2008	386	92
Zhuyi	2008	106	49
Zid	2008	167	74
Zillig	2008	175	51
Zinkhan	2008	304	99
Zionts	2008	162	52
Zitzikamma	2008	215	10
Zumpt	2008	515	123
zap	2008	2731	1893
zigzagging	2008	4936	3852
zis	2008	1151	551
Zangzu	2008	130	19
Zariffa	2008	113	9
Zeichnungen	2008	750	241
Zeroing	2008	701	306
Zino	2008	267	158
Zittel	2008	686	261
Zivnobanka	2008	133	2
Zykov	2008	109	45
zanmai	2008	171	10
ziet	2008	133	76
zillionth	2008	153	140
Zadkiel	2008	475	148
Zandar	2008	185	8
Zanning	2008	136	14
Zebehr	2008	652	33
Zebo	2008	142	26
Zecevic	2008	327	59
Zelinsky	2008	1039	320
Zhirinovskii	2008	139	30
Zifonun	2008	109	29
Zinsen	2008	105	45
Zucconi	2008	350	100
Zuinglians	2008	127	58
zested	2008	103	63
zna	2008	211	58
Zachor	2008	247	48
Zahle	2008	447	126
Zar	2008	2252	541
Zara	2008	11696	1767
Zeche	2008	132	38
Zengi	2008	333	58
Zona	2008	4533	1299
Zubrinsky	2008	118	41
Z535.4	2008	103	7
Zaillian	2008	188	57
Zangskar	2008	109	19
Zazou	2008	151	20
Zhongdu	2008	203	37
Zhongwen	2008	182	75
Zimara	2008	112	23
Zipzer	2008	139	11
Zoospores	2008	147	70
Zotkin	2008	620	7
zayn	2008	174	51
zeroing	2008	2994	1693
ZONDERVAN.com	2008	101	94
ZULU	2008	480	154
Zancan	2008	130	35
Zasler	2008	138	32
Zemlia	2008	154	83
Ziegler	2008	15629	4242
Zoologici	2008	184	88
Zoppo	2008	435	147
zwanzigers	2008	147	50
Zantzinger	2008	124	39
Zato	2008	161	29
Zijlstra	2008	700	221
Zili	2008	158	79
Zohak	2008	292	107
Zscore	2008	164	33
Zuidas	2008	426	7
zouave	2008	402	250
zwangsläufig	2008	130	80
ζ	2008	1528	452
Zakynthos	2008	405	147
Zarqawi	2008	6845	697
Zawitz	2008	167	69
Zela	2008	825	150
Zern	2008	160	72
Zhongxing	2008	133	62
Zingle	2008	122	10
Zobrest	2008	388	60
Zoomers	2008	198	56
zealotry	2008	1665	1259
Zagoskin	2008	111	52
Zavestoski	2008	107	36
Zenith	2008	7392	2036
Zhiqiang	2008	241	107
Zilkha	2008	217	95
zero	2008	506065	59376
zoologist	2008	5355	2840
zudem	2008	707	184
ZEIT	2008	163	94
Zaha	2008	710	236
Zakis	2008	102	12
Zehlendorf	2008	232	86
Zhongyong	2008	889	75
Zielsetzungen	2008	123	72
Zille	2008	250	69
Zionistic	2008	146	87
Zubok	2008	641	159
Zumbusch	2008	293	95
Zwack	2008	126	35
Zygoma	2008	103	57
zoogeographical	2008	293	89
Zahleh	2008	291	55
Zajko	2008	132	41
Zamindars	2008	781	238
Zelezny	2008	347	58
Zorinsky	2008	110	17
Zumara	2008	255	6
Zusammenbruch	2008	258	152
zaribas	2008	355	14
zimbi	2008	302	3
zusätzliche	2008	245	103
zziii	2008	112	106
Zalta	2008	965	429
Zaw	2008	345	115
zion	2008	163	102
zotepine	2008	181	27
Zamboanga	2008	2847	381
Zd	2008	648	377
zonality	2008	125	33
ZUMA	2008	335	199
Zagorsk	2008	139	75
Zaluar	2008	100	26
Zaydun	2008	136	26
Zemah	2008	175	51
Zenas	2008	1267	301
Zentrums	2008	129	89
Ziliao	2008	171	45
Zilibotti	2008	138	53
Zimri	2008	1767	636
ZnS04	2008	330	175
ZoBell	2008	134	25
Zosimas	2008	221	22
Zuhur	2008	254	91
Zwist	2008	185	12
zigzags	2008	4896	3436
zocalo	2008	233	77
zukünftige	2008	179	111
ZEN	2008	781	320
Zippers	2008	252	135
Zitate	2008	211	112
Zsolnai	2008	132	26
Zubakov	2008	107	14
zafirlukast	2008	252	108
zarzuelas	2008	143	71
zt	2008	2211	790
zygomatico	2008	119	44
ZOOLOGY	2008	507	307
Zarah	2008	1481	394
Zecchini	2008	255	78
Zingaro	2008	350	87
Zipcode	2008	139	51
zactly	2008	473	331
zeh	2008	277	151
zerstört	2008	200	111
zits	2008	727	499
zonale	2008	127	71
Zaptieh	2008	100	20
Zeba	2008	220	112
Zeshan	2008	176	19
Zviad	2008	229	74
zones	2008	187434	37178
Zamorin	2008	428	130
Zboray	2008	342	71
Zehle	2008	145	15
Zhivotovsky	2008	178	87
Zinfandels	2008	107	48
Zionismus	2008	146	40
Zurich	2008	51793	12877
z.	2008	12360	6171
zanthate	2008	110	2
zealous	2008	76857	34932
Zakowski	2008	220	73
Zeboim	2008	263	176
Zier	2008	211	103
Zilliacus	2008	316	56
Zockler	2008	157	68
Zoshchenko	2008	289	80
Zverev	2008	244	90
zbor	2008	118	25
zeli	2008	116	28
zemindar	2008	1662	256
Zacynthus	2008	329	176
Zafiriou	2008	142	31
Zagorsky	2008	155	41
Zarcone	2008	430	136
Zatoichi	2008	237	23
Zebras	2008	877	454
ZipCode	2008	412	66
Zipcar	2008	354	70
Zizka	2008	390	80
Zubenko	2008	129	57
Zwanenburg	2008	150	64
Zwinger	2008	977	238
zhushu	2008	155	30
zogen	2008	219	122
zumal	2008	371	181
ZD	2008	1838	515
Zafra	2008	454	151
Zaric	2008	866	39
Zeleznik	2008	139	49
Ziffer	2008	163	66
Zipay	2008	133	7
Zohreh	2008	223	77
Zorkin	2008	131	11
zhuanji	2008	137	57
zitiert	2008	496	166
zoologically	2008	343	269
ZIP	2008	9812	2210
Zinermon	2008	133	21
zs	2008	1454	821
Z3	2008	1597	719
Zelkova	2008	173	48
Zementindustrie	2008	177	16
Zenko	2008	567	81
Zari	2008	194	106
Zeev	2008	1819	689
Zomba	2008	1623	267
Zorian	2008	152	35
Zvonimir	2008	402	61
ZOC	2008	278	17
Zacharewski	2008	113	41
Zajedno	2008	100	29
Zangger	2008	303	100
Zapruder	2008	908	273
Zaïre	2008	566	133
Zielona	2008	207	73
Zinaida	2008	1366	186
Zola	2008	21156	4368
Zoska	2008	104	10
Zr	2008	4788	794
Zuluaga	2008	120	66
Zusammenarbeit	2008	2088	777
Zélie	2008	129	22
zapping	2008	1268	890
zin	2008	674	345
Zayd	2008	2123	414
Zeiger	2008	678	319
Zincke	2008	457	138
Zohara	2008	105	34
Zurlo	2008	107	62
zareeba	2008	219	41
zukommen	2008	116	81
Zacatecan	2008	418	25
Zeelenberg	2008	436	95
Zimmet	2008	711	166
Zisi	2008	201	32
Zoma	2008	437	106
Zoric	2008	108	47
Zwillich	2008	126	64
zai	2008	2256	548
zeugma	2008	278	142
zum	2008	44817	6861
ZZZ	2008	391	136
Zakat	2008	2107	460
Zbyszko	2008	2568	18
Zealandia	2008	224	83
Zecchina	2008	121	28
Zeevi	2008	313	128
Zhengzhou	2008	1663	400
Zincum	2008	184	64
Zindani	2008	209	34
zither	2008	3106	1181
ZIMMERMAN	2008	207	141
ZUS	2008	240	43
Zaikov	2008	158	42
Zakhar	2008	878	88
Zayn	2008	1549	212
Zegna	2008	349	168
Zephine	2008	145	23
Zetetic	2008	429	43
Zimmerman	2008	28311	8145
Zougam	2008	115	27
Zydney	2008	307	37
zhuang	2008	234	112
zinnia	2008	516	291
zizanioides	2008	108	31
ZAR	2008	660	201
Zago	2008	321	136
Zeydan	2008	552	5
Zicheng	2008	387	124
Zichron	2008	466	95
Zizhang	2008	105	21
Zuverlässigkeit	2008	164	63
Zw	2008	356	196
Zwicker	2008	1180	339
Zytkow	2008	112	61
zada	2008	230	30
zemstvo	2008	781	161
zuh	2008	182	101
ZOE	2008	1251	158
Zabarella	2008	864	127
Zaworski	2008	132	13
Zebede	2008	803	24
Zeerust	2008	412	84
Zimbabwe	2008	55365	7125
Zingerman	2008	214	68
Zoku	2008	237	94
Z000	2008	110	65
Zachs	2008	101	55
Zaki	2008	3670	931
Zanette	2008	122	72
Zephyrs	2008	877	526
Zeres	2008	246	13
Zetsche	2008	233	64
Zilu	2008	358	48
Zouboulis	2008	129	52
Zum	2008	7689	2864
Zweibruck	2008	119	13
Zwerg	2008	190	56
Zwingli	2008	9080	1288
zeroorder	2008	171	129
zoos	2008	8203	2781
Zajac	2008	1588	469
Zeki	2008	1593	437
Zhuang	2008	6407	1197
Ziiniga	2008	202	84
Zinzi	2008	106	18
Zip	2008	13151	4435
Zodrow	2008	418	59
Zounds	2008	2389	1277
Zuur	2008	102	30
Zwally	2008	162	50
Zwing	2008	102	33
zajal	2008	115	36
zygospore	2008	321	56
Zackary	2008	214	66
Zahava	2008	111	48
Zarfatti	2008	104	3
Zealously	2008	195	173
Zeldovich	2008	778	146
Zitz	2008	104	18
Zizhen	2008	145	43
Zolnerowich	2008	157	5
Zorza	2008	118	50
zeitgenössischer	2008	126	82
zeriba	2008	295	30
zidovudine	2008	2727	515
zippered	2008	1682	1243
zoic	2008	125	80
zwolf	2008	112	104
ZINAIDA	2008	130	4
Zahon	2008	162	2
Zairi	2008	162	81
Zamick	2008	158	7
Zarubin	2008	143	33
Zhanlue	2008	280	87
Zhengyi	2008	246	93
Zhongyi	2008	237	85
Zoila	2008	575	103
Zuengler	2008	304	37
Zuker	2008	681	190
zal	2008	843	303
zwieback	2008	465	211
ZINC	2008	1144	530
Zakharov	2008	1262	299
Zaks	2008	314	118
Zhili	2008	676	161
Zohair	2008	103	36
Zulia	2008	367	116
Zweibrucken	2008	133	73
zart	2008	204	121
zweite	2008	1724	670
zwingen	2008	176	105
Zalman	2008	2941	622
Zapovednik	2008	203	23
Zech	2008	6920	1987
Zehnle	2008	143	4
Zephirine	2008	306	45
Zeuglodon	2008	112	54
Zoharic	2008	160	66
Zonic	2008	377	4
Zou	2008	4492	1534
Zouf	2008	847	2
Zurndorfer	2008	132	40
zhanlue	2008	272	88
zoek	2008	166	116
zwo	2008	102	60
Zacuto	2008	185	56
Zamira	2008	101	26
Zerbine	2008	116	3
Zerjal	2008	100	38
Zoloth	2008	259	96
z.B.	2008	2544	343
zani	2008	125	58
zitierten	2008	232	90
Zaar	2008	155	47
Zahorik	2008	164	79
Zanussi	2008	254	92
Zell	2008	4232	1343
Zephyra	2008	210	10
Zertal	2008	356	82
Zielinski	2008	1822	530
Ziller	2008	1409	288
Zory	2008	134	34
Zubarev	2008	225	67
Zustimmung	2008	736	258
Zycha	2008	157	58
Zúñiga	2008	425	121
zaftig	2008	209	181
zational	2008	156	140
zeaL	2008	242	224
zese	2008	125	79
zist	2008	134	105
Z007	2008	301	103
ZB	2008	1093	467
Zacher	2008	713	294
Zapad	2008	172	73
Zavod	2008	298	127
Zerubbabel	2008	3983	1058
Zettler	2008	355	128
Zidan	2008	165	64
ZooL	2008	233	63
Zoraida	2008	1741	111
Zouaves	2008	4805	1332
Zouche	2008	1235	327
zealot	2008	5239	4061
Zajonc	2008	2246	491
Ze'ev	2008	1953	555
Zeeb	2008	1096	927
Zillow	2008	227	74
Zorn	2008	4640	1179
zele	2008	357	254
zibun	2008	125	23
zingiberene	2008	137	21
Zakład	2008	109	40
Zeldes	2008	204	88
Ziesche	2008	171	80
Zinta	2008	198	52
ZnSO	2008	153	75
Zoetrope	2008	599	287
Zwischen	2008	3097	1338
zoophilia	2008	247	92
Zacatecas	2008	3766	778
Zalkind	2008	159	57
Zaven	2008	144	52
Zenkl	2008	266	8
Zes	2008	114	82
ZnCl2	2008	320	154
Zody	2008	141	91
Zu	2008	10143	2888
Zumbi	2008	603	75
Zusman	2008	320	153
zab	2008	124	50
zaguan	2008	118	24
zeitgenössische	2008	225	104
zhuyi	2008	741	200
zincs	2008	483	218
zitten	2008	115	60
zusammen	2008	2440	769
ZPA	2008	309	50
Zabdi	2008	119	82
Zalamea	2008	299	55
Zarko	2008	202	81
Zhengzhi	2008	428	112
Zich	2008	144	61
Zimerman	2008	157	79
Zitelli	2008	309	77
zij	2008	931	288
zp	2008	292	166
zv	2008	747	561
Zapis	2008	125	40
Zarafshan	2008	320	51
Zarqa	2008	550	161
Zorah	2008	509	158
Zuran	2008	145	18
zestiende	2008	174	65
zour	2008	387	58
zuständigen	2008	137	56
在	2008	329	25
ZOPA	2008	202	26
Zelevinsky	2008	126	28
Zentralasien	2008	124	44
Ziyi	2008	237	105
Zp	2008	471	221
Zubkova	2008	172	44
Zumthor	2008	719	154
Zusammenstellung	2008	234	138
Zusätzlich	2008	113	65
Zwirner	2008	439	110
zelf	2008	302	120
zelfs	2008	228	94
ZPO	2008	790	50
Zabriski	2008	167	30
Zef	2008	354	43
Ziglio	2008	142	37
Zilia	2008	565	57
Zimet	2008	319	107
Zingara	2008	289	96
Zubayr	2008	987	181
z8	2008	219	185
ZIO	2008	106	39
Zaghloul	2008	408	106
Zaharoff	2008	107	47
Zenobi	2008	173	70
Zhenlin	2008	136	32
Zhenyuan	2008	181	42
Zigler	2008	1593	462
Zikawei	2008	140	17
Zlin	2008	117	56
Zori	2008	154	54
Zoysa	2008	122	56
zircons	2008	1757	176
zombielike	2008	252	203
Zandvoort	2008	305	142
ZaoRV	2008	130	19
Zarabeth	2008	941	3
Zelazny	2008	357	143
Zethus	2008	322	134
Zhongni	2008	109	21
Zimov	2008	107	39
Zubrzycki	2008	183	64
Zweige	2008	134	83
zeen	2008	319	121
zoi	2008	178	146
zweimal	2008	165	109
zwey	2008	160	82
Zaiane	2008	160	55
Zaira	2008	190	84
Zasetsky	2008	123	13
Zenda	2008	989	374
Zerzour	2008	216	20
Zhongshu	2008	734	142
Zine	2008	1203	405
Zsigmond	2008	404	122
Zuyder	2008	1324	567
z'th	2008	454	223
ziehen	2008	753	386
zitierte	2008	151	83
zouden	2008	157	82
zuweilen	2008	177	119
zxiv	2008	143	131
Zambra	2008	263	94
Zeidman	2008	319	119
Zeitoun	2008	362	138
Zenk	2008	572	124
Ziemba	2008	1342	183
Zitelmann	2008	180	62
Zohn	2008	1406	880
Zakir	2008	1533	281
Zambians	2008	1250	242
Zantac	2008	827	325
Zeitschriften	2008	301	194
Zevenbergen	2008	351	97
Zonation	2008	360	166
Zubieta	2008	346	136
Zurdo	2008	144	54
Zyvox	2008	104	48
zung	2008	197	88
zzz	2008	306	202
Z.	2008	119156	28132
Zacchaeus	2008	3168	801
Zatta	2008	197	73
Zebadiah	2008	107	30
Zend	2008	5697	1129
Zerstorer	2008	672	13
Zetland	2008	2303	389
Zeynep	2008	906	291
Zuozhuan	2008	215	47
zebrina	2008	126	58
zuojia	2008	112	33
中	2008	205	44
Zackheim	2008	130	82
Zahedi	2008	1232	237
Zald	2008	2147	542
Zec	2008	463	121
Zed	2008	15796	4695
Zement	2008	428	44
Zemsky	2008	611	159
Zennstrom	2008	146	41
Zhiyi	2008	334	93
Zhong	2008	12480	2386
Zicklin	2008	130	48
Zoji	2008	111	42
Zovko	2008	159	27
Zrinski	2008	135	69
Zuccati	2008	162	37
zig2ag	2008	107	101
zit	2008	1587	799
zue	2008	228	73
zuo	2008	623	251
Z!	2008	135	113
Zachariasen	2008	116	54
Zandvliet	2008	155	74
Zek	2008	812	51
Zelizer	2008	2235	552
Zemire	2008	123	71
Zett	2008	267	51
Zhongguoren	2008	103	44
Ziegert	2008	217	93
Ziegfeld	2008	5319	663
Zillah	2008	2925	574
Zippor	2008	112	71
Zyberk	2008	542	152
Zygmund	2008	165	57
zeloso	2008	109	31
zoologique	2008	223	117
Zambrano	2008	1104	395
Zelim	2008	194	36
Zeugnisse	2008	527	302
Zimisces	2008	120	60
Zindabad	2008	275	126
Zouari	2008	102	31
Zwislocki	2008	303	21
Zyrtec	2008	228	113
ziggurat	2008	1769	599
Zaffirini	2008	118	6
Zaina	2008	244	58
Zanchetta	2008	144	82
Zart	2008	104	45
Zeal	2008	5104	2813
Zephaniah	2008	4588	1645
Zetterholm	2008	141	36
Ziauddin	2008	836	362
Zipfel	2008	546	212
Zoomerang	2008	201	66
Zoonomia	2008	791	331
Zunis	2008	1107	259
Zwar	2008	635	256
zigs	2008	253	214
zurückzuführen	2008	197	95
Zabusky	2008	120	42
Zerkalo	2008	254	46
Zf	2008	343	220
Zhambyl	2008	170	19
Zieleniec	2008	144	15
Zilic	2008	149	18
Zugänge	2008	104	67
Zukor	2008	689	152
zetetics	2008	252	8
ZLWK	2008	482	31
Zaccaro	2008	975	209
Zahide	2008	113	14
Zeina	2008	187	57
Zetes	2008	256	70
Zivilrechts	2008	124	38
Zozimas	2008	116	3
ZrO2	2008	1912	264
Zurvan	2008	186	49
zacate	2008	192	52
zc	2008	667	299
zlotys	2008	789	148
zoomable	2008	179	70
Z8	2008	275	133
ZRE	2008	131	6
Zaffaroni	2008	112	68
Zain	2008	1844	374
Zamin	2008	138	89
Zaoui	2008	351	66
Zaret	2008	469	152
Zbornik	2008	485	136
Zebaoth	2008	164	97
Zenon	2008	1595	556
Zufriedenheit	2008	137	62
Zuzu	2008	741	83
zodiacal	2008	3356	1235
Zarifi	2008	115	43
Zasavica	2008	106	3
Zenos	2008	301	109
Zhangye	2008	108	27
Zungeru	2008	140	44
Zuständigkeit	2008	323	47
Zwahr	2008	111	32
Zweites	2008	250	165
Zwinglianism	2008	135	84
zen	2008	2492	1437
Z.Q.	2008	219	115
ZOI	2008	151	22
Zavadovsky	2008	134	29
Zayed	2008	2813	375
Zeiten	2008	2139	1046
Zenobius	2008	323	116
Zhenotdel	2008	230	39
Zhob	2008	405	56
Ziska	2008	4103	271
ZnSO4	2008	226	93
Zygosaccharomyces	2008	159	51
zeitlich	2008	285	158
zopiclone	2008	620	101
zα	2008	199	36
ZDPV	2008	154	48
ZEALOUS	2008	139	106
Zabner	2008	102	52
Zalu	2008	641	14
Zatz	2008	347	150
Zeiller	2008	128	50
Zeituni	2008	234	13
Zelide	2008	172	28
Zephyros	2008	116	51
Zihuatanejo	2008	239	75
Ziya	2008	1257	310
Zowan	2008	192	7
Zuccarello	2008	104	41
Zuckerkandl	2008	730	175
Zweigenhaft	2008	219	61
zariba	2008	304	31
zwischen	2008	18375	3613
Zahrawi	2008	158	37
Zanders	2008	251	77
Zangen	2008	217	54
Zhiping	2008	163	71
Zhuo	2008	723	243
Zoro	2008	236	90
zmin	2008	110	51
zodiacs	2008	448	233
ZMET	2008	109	26
Zab	2008	1128	298
Ziehe	2008	123	51
Ziyad	2008	987	282
Zizkov	2008	105	41
Zwierlein	2008	267	65
Zwijnenberg	2008	101	30
Zerstorung	2008	260	128
Zisser	2008	242	76
Zonderman	2008	260	117
Zuman	2008	144	29
Zumla	2008	103	54
z1	2008	1577	621
ZOB	2008	240	41
Zaidee	2008	282	43
Zail	2008	357	83
Zambonelli	2008	353	103
Zehender	2008	128	61
Ziziphus	2008	688	129
Zoned	2008	346	198
Zonisamide	2008	593	129
Zorzi	2008	5406	354
Zululand	2008	5880	1066
Zamudio	2008	395	164
Zargo	2008	214	19
Zayna	2008	105	19
Zelazo	2008	900	204
Zelezniak	2008	263	7
Zelner	2008	142	57
Zephyrin	2008	193	39
Zieger	2008	620	193
Ziryab	2008	133	30
Zuccarelli	2008	139	81
Zulkifli	2008	291	52
Zune	2008	1871	198
zeal	2008	208738	59778
zon	2008	539	401
Z.R.	2008	286	164
Zahradil	2008	168	11
Zeno	2008	18281	4148
Zinreich	2008	104	46
Ziyou	2008	172	61
Zizek	2008	11395	1248
Zuccato	2008	350	75
zes	2008	284	203
Z.Z.	2008	170	113
Zambrana	2008	322	122
Zechmeister	2008	475	122
Zenana	2008	1733	487
Zermat	2008	188	10
Zope	2008	1496	80
Zowie	2008	176	97
Zubaidah	2008	342	43
zusammengestellt	2008	209	143
Z.H.	2008	516	336
ZJ	2008	1166	575
ZX	2008	871	393
Zabramski	2008	116	42
Zagaris	2008	146	43
Zann	2008	195	46
Zanthoxylum	2008	359	97
Zanzotto	2008	102	44
Zemon	2008	1166	488
Zernike	2008	1623	378
Ziai	2008	116	66
Zurcher	2008	1468	590
zlib	2008	195	70
zuhd	2008	127	46
zweier	2008	639	381
ZEUS	2008	1220	268
Zaara	2008	294	43
Zehn	2008	507	322
Zeitsehrift	2008	105	80
Zenios	2008	152	53
Zhouyi	2008	170	32
Zinca	2008	551	14
Zinser	2008	523	185
Zoetmulder	2008	118	35
Zoroastrian	2008	7466	1807
Zossimov	2008	343	5
zaxis	2008	115	102
zéro	2008	281	129
ZEF	2008	267	74
ZT	2008	1195	419
ZZZZ	2008	414	65
Zagajewski	2008	215	47
Zanaflex	2008	135	55
Zanetta	2008	310	95
Zanna	2008	3078	607
Zanotto	2008	446	54
Zapf	2008	1036	333
Zuraw	2008	107	43
zaak	2008	169	71
zaban	2008	102	51
ZEA	2008	341	44
Zadoc	2008	234	120
Zelie	2008	1598	131
Zerbe	2008	1017	315
Zlata	2008	290	118
Zobah	2008	204	94
Zoghbi	2008	315	137
Zoya	2008	1936	304
Zupancic	2008	393	136
zoledronate	2008	167	87
zonula	2008	460	128
Z28	2008	714	53
Zabrze	2008	141	40
Zaphir	2008	121	7
Zatzman	2008	146	12
Zawada	2008	219	103
Zerka	2008	248	44
zwölf	2008	210	135
ZO	2008	1159	502
Zabul	2008	271	90
Zbaracki	2008	148	52
Zhivko	2008	120	9
Ziv	2008	2306	728
Zock	2008	240	103
Zoloft	2008	3036	1163
Zwirn	2008	176	46
ZIMBABWE	2008	484	244
ZPP	2008	242	45
Zacharie	2008	1133	215
Zachos	2008	499	148
Zam	2008	975	311
Zantop	2008	362	104
Zanzibaris	2008	916	122
Zaytun	2008	144	46
Zeera	2008	308	9
Zimmerly	2008	131	37
Zossima	2008	743	75
Zuilen	2008	106	45
Zarins	2008	439	130
Zarli	2008	118	10
Zauberberg	2008	336	64
Zaunemann	2008	239	3
Zhun	2008	163	44
Zoul	2008	134	18
Zuschauer	2008	313	152
zb	2008	285	151
zirconocene	2008	121	15
Z80	2008	175	74
Zabari	2008	107	11
Zani	2008	724	226
Zawra	2008	118	26
Zenker	2008	1077	369
Zeppelins	2008	2254	811
Zeroual	2008	132	41
Zink	2008	2113	697
zeitgenössischen	2008	423	170
zot	2008	185	109
zygomycosis	2008	230	50
Z39	2008	530	501
Zaddik	2008	246	64
Zandonai	2008	100	31
Zangara	2008	254	85
Zarian	2008	247	18
Zautra	2008	246	93
Zhongyang	2008	1309	247
Zigzagging	2008	226	201
Zondra	2008	288	10
Zubaydah	2008	981	172
Zurr	2008	127	39
zheng	2008	1760	332
ZENO	2008	203	142
Zamek	2008	155	61
Zan	2008	2456	571
Zapu	2008	149	22
Zeenat	2008	618	114
Zeising	2008	158	42
Zemindars	2008	735	174
Zircaloy	2008	109	27
Zsolt	2008	598	228
Zähler	2008	188	11
zustimmen	2008	106	64
Zaccone	2008	110	57
Zadokite	2008	1015	127
Zahid	2008	894	351
Zangpo	2008	272	56
Zephania	2008	230	38
Zieber	2008	140	52
Zizekian	2008	181	46
Zocchi	2008	196	92
ZAD	2008	104	35
Zeitschriftfür	2008	156	112
Zeroes	2008	498	168
Zhigang	2008	635	173
Zhuan	2008	565	181
Zibo	2008	176	52
Zouroff	2008	171	7
zirconia	2008	3562	584
Zaitlin	2008	121	42
Zandy	2008	162	47
Zelophehad	2008	870	157
Zentren	2008	159	98
Zerhouni	2008	379	147
Ziedonis	2008	422	113
Zilboorg	2008	360	129
Zito	2008	1549	514
Zollo	2008	834	202
Zonen	2008	294	175
Zornoza	2008	132	47
Zwet	2008	134	46
Zappala	2008	318	130
Zedtwitz	2008	507	76
Zey	2008	460	229
Zoof	2008	3155	20
Zoologischen	2008	128	67
Zunge	2008	280	138
Zysk	2008	269	70
Zürich	2008	4789	1366
zaps	2008	512	403
zunehmende	2008	149	98
ZBB	2008	848	108
ZIFT	2008	385	69
Zafirlukast	2008	131	66
Zah	2008	191	89
Zanetti	2008	1363	533
Zazzau	2008	262	52
Zeitschri	2008	125	61
Zem	2008	597	161
Zhenliang	2008	394	20
Zlateh	2008	244	7
Zuylen	2008	349	123
Zwemer	2008	494	125
zapper	2008	422	258
zhang	2008	810	273
zhizheng	2008	104	28
ZFP	2008	102	35
Zadig	2008	4419	253
Zakharova	2008	135	94
Zasius	2008	130	31
Zeil	2008	344	204
Zerkow	2008	312	15
Zisk	2008	221	78
Zuinglius	2008	684	326
zapovednik	2008	105	15
zeir	2008	484	81
zn	2008	1146	761
Z.6	2008	112	12
Zamakhshari	2008	261	88
Zeleza	2008	510	117
Zernicke	2008	226	81
Zogoiby	2008	131	18
Zork	2008	282	80
ziyuan	2008	106	53
zumindest	2008	1060	252
Zahran	2008	449	105
Zaloga	2008	304	138
Zener	2008	3589	401
Zipf	2008	2186	432
Zivanovic	2008	154	53
Zollars	2008	141	51
Zophar	2008	1050	388
Ztschr	2008	1289	128
zame	2008	183	94
zircon	2008	5078	612
ZAO	2008	119	41
Zahavi	2008	1526	299
Zegveld	2008	152	49
Zha	2008	846	342
Zichichi	2008	158	26
Zilfi	2008	152	44
Zindzi	2008	105	20
Zipperstein	2008	273	97
Zylberberg	2008	132	62
zat	2008	2703	789
zhe	2008	999	400
zui	2008	241	128
Zambal	2008	157	37
Zanelli	2008	208	97
Zemli	2008	104	39
Zhengfu	2008	145	61
Zinn	2008	8990	2341
Zois	2008	131	59
Zoologischer	2008	242	118
Zooming	2008	1629	836
Zyman	2008	173	60
zebub	2008	162	96
zugänglich	2008	336	160
zusätzlich	2008	270	116
ZARA	2008	215	84
Zannad	2008	182	68
Zappa	2008	5340	709
Zawichost	2008	127	9
Zeigler	2008	2344	867
Ziarek	2008	328	100
Zitadelle	2008	421	41
Zuken	2008	113	10
Zvolen	2008	196	31
zygomatic	2008	5425	738
Zahlung	2008	121	54
Zecharias	2008	118	81
Zeen	2008	190	21
Zeff	2008	695	157
Zeitpunkt	2008	729	224
Zincirli	2008	241	20
Zinfandel	2008	2149	372
Zouga	2008	1604	61
Zucchi	2008	890	300
Zunger	2008	267	66
zil	2008	193	133
zukuri	2008	158	41
zun	2008	382	192
Zannini	2008	100	57
Zant	2008	1698	291
Zedlewski	2008	240	70
Zeegers	2008	139	57
Zenchiku	2008	289	14
Zeya	2008	120	43
Zini	2008	235	133
Zivia	2008	110	15
Zweitens	2008	175	79
Zypern	2008	190	48
zimmi	2008	126	27
zxvi	2008	106	97
Z.Y.	2008	391	226
ZD6126	2008	121	14
Zacharia	2008	795	362
Zaltzman	2008	121	32
Zeira	2008	381	149
Zielbauer	2008	135	58
Zindapir	2008	100	6
Zizioulas	2008	1438	141
Ztft	2008	193	6
Zuge	2008	425	200
zek	2008	158	75
zusammengefasst	2008	153	85
zählen	2008	247	114
ZHAN	2008	109	30
Zaalberg	2008	156	33
Zagoria	2008	263	104
Zampano	2008	137	30
Zancani	2008	127	25
Zayb	2008	205	2
Zeis	2008	364	138
Zhabotinskii	2008	103	28
Zhiqing	2008	341	45
zibethicus	2008	132	75
zipp	2008	122	21
zouk	2008	273	66
Zakar	2008	105	38
Zale	2008	417	188
Zawinul	2008	299	65
Zelinka	2008	102	46
Zeluco	2008	1667	144
Zhaoyuan	2008	121	28
Zoulikha	2008	359	6
Zuckoff	2008	100	48
Zuidelijke	2008	111	44
zambo	2008	338	87
zappers	2008	236	146
zeroed	2008	4609	3400
zhar	2008	109	21
zwart	2008	108	55
Zach	2008	34564	2388
Zechner	2008	252	97
Zeeland	2008	4334	920
Zeitzler	2008	360	40
Zhangs	2008	103	40
Zichy	2008	716	174
Zilpha	2008	456	121
Znaim	2008	303	114
Zoba	2008	215	72
Zobeid	2008	154	5
Zott	2008	242	87
Zweite	2008	1159	610
Zymomonas	2008	260	60
zentral	2008	142	90
zino	2008	265	144
Zamindari	2008	603	206
Zapata	2008	11889	1845
Zengqi	2008	105	13
Zerna	2008	107	19
Ziem	2008	179	96
Zigabenus	2008	113	38
Zinai'da	2008	122	3
Ziviani	2008	153	54
Ziwen	2008	141	46
Zondi	2008	187	45
Zudem	2008	448	161
zelem	2008	114	9
zenanas	2008	506	239
ziran	2008	388	80
zucchinis	2008	271	181
zurückhaltend	2008	104	46
ZEBRA	2008	370	189
ZLOO	2008	182	23
Zamech	2008	202	4
Zeolite	2008	1122	247
Zia	2008	12566	1421
Zimunya	2008	216	17
Zon	2008	1171	395
Zuberi	2008	621	182
Zubulake	2008	654	58
zeenahnah	2008	116	4
zoom	2008	29917	7341
ZEPHANIAH	2008	113	85
ZPs	2008	117	30
Zalophus	2008	265	78
Zang	2008	2145	800
Zeitschrift	2008	25932	7107
Ziegenbalg	2008	624	114
Zinkeisen	2008	135	34
Zlobin	2008	138	41
ZnL	2008	179	4
Znak	2008	209	102
Zoomorphic	2008	203	101
Zuhr	2008	657	96
Zygomycota	2008	198	63
Zaidman	2008	285	108
Zamacona	2008	350	27
Zammuto	2008	142	67
Zanardi	2008	374	168
Zaporozhian	2008	268	68
Zaslow	2008	508	199
Zedd	2008	1210	24
Zeile	2008	476	153
Zellmer	2008	228	92
Zhukovski	2008	187	36
Ziliujing	2008	324	3
Zipod	2008	189	9
Zulema	2008	329	99
zippy	2008	576	449
ZAZ	2008	232	11
ZETA	2008	236	68
Zaffino	2008	959	9
Zbc	2008	138	82
Zhongyuan	2008	370	103
Zimmerwald	2008	227	84
Zmud	2008	767	174
Zohar	2008	10365	1568
Zuversicht	2008	121	69
Zyuganov	2008	567	108
ZSL	2008	221	34
Zakok	2008	147	4
Zhores	2008	221	96
Ztsch	2008	108	36
Zugdidi	2008	195	25
Zuluness	2008	142	15
Zumpango	2008	160	62
zbog	2008	107	11
zestfully	2008	303	228
zhiguai	2008	205	15
zipping	2008	4131	3356
ZZ	2008	2343	999
Zamba	2008	194	67
Zarembka	2008	180	87
Zazeela	2008	180	18
Zeit.f.	2008	282	23
Zelter	2008	1118	268
Zhangke	2008	166	42
Zhengce	2008	131	62
Zorg	2008	286	92
Zuccotti	2008	330	91
Zulime	2008	1460	26
Zulma	2008	1731	123
zien	2008	567	169
Zaleski	2008	1412	350
Zambos	2008	118	72
Zanes	2008	217	78
Zayat	2008	135	75
Zeitlichkeit	2008	165	81
Zhuhong	2008	143	10
Zigmund	2008	103	64
Zinda	2008	181	84
Zondag	2008	106	45
Zwiep	2008	111	51
ZQ	2008	432	259
Zachman	2008	911	174
Zaretsky	2008	635	231
Zbynek	2008	233	66
Zgorzelec	2008	109	14
Zinovy	2008	197	57
Zirin	2008	512	99
Zoffany	2008	480	208
Zoppi	2008	275	134
Zth	2008	255	123
Zukav	2008	497	195
zielen	2008	119	78
Z39.50	2008	451	61
Zade	2008	236	95
Zaidel	2008	344	114
Zawistowski	2008	120	31
Zhuxi	2008	190	37
Zoom	2008	18445	2704
Zukerman	2008	355	166
Zuppke	2008	756	19
zuletzt	2008	1031	384
zygapophysial	2008	351	34
Zachodni	2008	123	40
Zaire	2008	15798	3439
Zamosc	2008	517	152
Zaphiris	2008	102	28
Zazie	2008	122	39
Zeitungen	2008	464	185
Zitzewitz	2008	196	73
Zolin	2008	169	67
Zoroaster	2008	13651	3126
Zotov	2008	272	48
Zovirax	2008	401	154
Zuvekas	2008	141	59
zhengyi	2008	224	50
ZKG	2008	265	48
Zackrisson	2008	228	78
Zanini	2008	439	201
Zapala	2008	118	31
Zarya	2008	384	54
Zech.	2008	2293	714
Zehner	2008	188	107
Zepa	2008	313	94
Zhurzhenko	2008	107	16
Zhuwarara	2008	102	6
Ziani	2008	313	95
Ziyarat	2008	113	41
Zulus	2008	10528	1968
zeolites	2008	3945	507
ZINN	2008	100	72
Zadokites	2008	485	79
Zaleznik	2008	365	113
Zilberstein	2008	133	80
Zinchenko	2008	178	59
Zipper	2008	1577	500
ZlL	2008	132	2
Znet	2008	165	108
Zoologique	2008	596	260
Zorns	2008	111	44
Zulfikar	2008	1378	378
zakah	2008	347	65
zato	2008	197	31
zonules	2008	372	60
Zanskar	2008	504	76
Zapolya	2008	444	94
Zarahemla	2008	816	46
Zentralbank	2008	170	54
Zibe	2008	124	6
Zimand	2008	155	53
Zir	2008	104	59
Zé	2008	215	53
zhidao	2008	190	68
ZOROASTER	2008	193	80
ZRP	2008	289	68
Zaborski	2008	145	38
Zag	2008	1568	405
Zanipolo	2008	117	47
Zarrilli	2008	290	78
Zaventem	2008	112	58
Zelkowitz	2008	135	69
Zeytinburnu	2008	116	23
Zoitl	2008	125	7
Zulaikha	2008	123	41
Zurita	2008	1359	284
Zwarteveen	2008	191	19
ZEST	2008	220	96
ZONA	2008	165	85
Zaharia	2008	285	67
Zawadzki	2008	495	240
Zel'dovich	2008	304	77
Ziran	2008	179	87
Znojmo	2008	101	40
Zoologia	2008	286	100
Zotique	2008	312	24
Zweitausendeins	2008	106	57
zalcitabine	2008	279	103
zileuton	2008	178	72
zooarchaeology	2008	342	90
zool	2008	101	57
Zala	2008	674	142
Zanda	2008	224	49
Zanuck	2008	3295	354
Zhaozhou	2008	272	41
Zondervan	2008	13716	3750
Zoraya	2008	168	33
Zorita	2008	376	89
Zusammenspiel	2008	141	93
zade	2008	319	59
zombies	2008	9046	2944
ZRVI	2008	127	8
Zachariae	2008	407	157
Zastrow	2008	793	225
Zeidenberg	2008	376	80
Zenocrate	2008	397	59
Zigarmi	2008	108	48
Zil	2008	666	151
Zinger	2008	651	218
Zoran	2008	4609	545
Zoubir	2008	386	71
Zweigert	2008	358	83
Zöller	2008	127	43
zeitlichen	2008	305	162
zolpidem	2008	1675	252
Zachazewski	2008	228	16
Zalli	2008	102	10
Zamora	2008	6840	1810
Ze	2008	5082	1698
Zemuhe	2008	107	4
Zhangsan	2008	214	18
Zichmni	2008	127	14
Zietlow	2008	110	44
Zufferey	2008	272	76
zemindars	2008	2158	281
Zagal	2008	810	58
Zebby	2008	304	9
Zelle	2008	704	255
Zeni	2008	497	167
Zinnes	2008	183	73
Zoellick	2008	2079	566
Zombies	2008	2032	668
zemindari	2008	103	45
zweifellos	2008	292	143
Zamel	2008	298	97
Zammar	2008	153	24
Zandee	2008	171	65
Zellweger	2008	1792	455
Zeugnis	2008	614	314
Zhan	2008	2589	901
Zinotchka	2008	118	7
zebu	2008	1073	292
zoetrope	2008	273	147
zreview@zondervan.com	2008	210	210
Zaborowski	2008	277	97
Zongxi	2008	324	55
Zootaxa	2008	156	57
Zossen	2008	349	83
Zuba	2008	639	51
zays	2008	193	53
Zafer	2008	443	154
Zahav	2008	152	82
Zakay	2008	334	68
Zavalloni	2008	102	39
Zeitlin	2008	4541	1017
Zolpidem	2008	838	245
Zuanne	2008	243	33
zephyr	2008	5143	3633
zhongguo	2008	882	231
zinged	2008	736	595
zucchini	2008	7345	1970
ZLSD	2008	104	7
Zep	2008	482	154
Zsambok	2008	238	52
Zug	2008	2769	1036
Zun	2008	355	135
zemindaree	2008	276	16
Zai	2008	3479	479
Zarma	2008	135	46
Ziirn	2008	378	108
zaleplon	2008	861	158
zawiya	2008	537	100
Z.T.	2008	241	111
Zaken	2008	607	190
Zanardelli	2008	107	53
Zarco	2008	601	162
Zash	2008	165	9
Zdravkovic	2008	106	54
Zele	2008	238	85
Zetterberg	2008	415	172
Zhiyou	2008	106	14
Zinnemann	2008	757	191
Zoltan	2008	2699	951
Zuger	2008	227	115
zahlreichen	2008	593	238
zxi	2008	193	174
ZANC	2008	104	11
ZOG	2008	272	78
Zabludovsky	2008	108	24
Zachai	2008	904	7
Zanta	2008	164	42
Zei	2008	208	114
Zenawi	2008	291	120
Zerboni	2008	128	37
Zeus	2008	61149	9684
Zhoukoudian	2008	756	117
Zisel	2008	141	5
Zwieback	2008	219	94
z39.48	2008	381	381
zakonov	2008	123	52
zasshi	2008	426	97
zhidu	2008	448	152
Z.J.	2008	780	379
ZDDP	2008	619	14
Zamble	2008	110	32
Zayfert	2008	121	37
Zdenka	2008	326	125
Zersetzung	2008	100	65
Zeugen	2008	521	237
Zewde	2008	148	46
Zhonghua	2008	4262	762
Zoé	2008	659	89
Zuiho	2008	110	40
zens	2008	616	575
zippering	2008	100	64
Zakhor	2008	415	164
Zanj	2008	505	82
Zapper	2008	361	70
Zartman	2008	3152	410
Zave	2008	178	49
Zeitler	2008	513	171
Zhabdrung	2008	112	14
Zhongwai	2008	184	50
Zhukov	2008	4077	578
Ziegel	2008	248	112
Ziemann	2008	845	190
Zuse	2008	660	174
zahir	2008	185	75
zinnias	2008	1145	729
zoology	2008	13434	6042
Zax	2008	201	85
Zayla	2008	181	27
Zecher	2008	141	69
Zevon	2008	417	145
Zoot	2008	2229	537
Zouping	2008	203	23
Zourek	2008	112	20
Zuliani	2008	153	77
Zusammenfassend	2008	109	65
Zwaan	2008	1375	354
zay	2008	1139	423
zhi	2008	6647	833
zooids	2008	386	72
zooks	2008	111	90
ZM	2008	1347	620
Zahradnik	2008	163	84
Zanchi	2008	403	94
Zeig	2008	413	153
Zilles	2008	584	174
Zolf	2008	102	15
Zuwayla	2008	141	22
zL	2008	186	158
zooarchaeologists	2008	157	45
Zakzanis	2008	148	51
Zaobao	2008	146	66
Zebul	2008	199	40
Zellman	2008	375	117
Ziehl	2008	554	191
Zizania	2008	245	126
Zup	2008	356	19
Zwerdling	2008	212	84
zeropoint	2008	148	105
zester	2008	165	98
zuerst	2008	749	384
Zachery	2008	252	113
Zapol	2008	154	68
Zarncke	2008	111	51
Zeedyk	2008	144	29
Zelinski	2008	319	134
Zetian	2008	460	106
Ziedenberg	2008	102	47
Zigong	2008	1539	88
Zilker	2008	262	69
Zima	2008	763	241
Zimanyi	2008	121	33
ZlS	2008	117	5
Zweck	2008	1484	594
zoisite	2008	189	74
zuppa	2008	138	78
ZAPU	2008	1900	167
Zagzebski	2008	886	129
Zambals	2008	257	28
Žižek	2008	4381	250
Z.I.	2008	127	87
ZKM	2008	455	148
Zaandam	2008	405	167
Zac	2008	6451	620
Zacheus	2008	276	100
Zaran	2008	133	19
Zeliha	2008	630	13
Zemin	2008	5321	927
Zick	2008	418	188
Zodanga	2008	196	7
Zoglin	2008	164	67
Zuniga	2008	2786	1020
Zustande	2008	278	186
Zywicki	2008	106	48
zekerheid	2008	121	57
zhanzheng	2008	208	50
zwanzig	2008	431	245
ZIS	2008	216	50
ZP3	2008	155	31
Zabur	2008	110	53
Zakariya	2008	474	208
Zalewski	2008	1179	334
Zehr	2008	1881	372
Zelenski	2008	199	51
Ziderman	2008	109	38
Zigas	2008	246	27
Zwolf	2008	146	100
zunehmend	2008	467	165
zuständig	2008	176	78
ZFS	2008	235	40
ZIBF	2008	141	7
ZRXOG	2008	148	23
Zada	2008	881	128
Zerbinetta	2008	116	22
Ziggurat	2008	565	144
Zunyi	2008	395	78
Zvai	2008	280	115
Zwide	2008	217	33
z	2008	189280	26138
zaid	2008	112	71
Z06	2008	181	38
ZAM	2008	300	70
ZDV	2008	1210	135
Zachara	2008	231	43
Zadock	2008	213	91
Zamia	2008	270	115
Zanah	2008	1580	13
Zay	2008	732	212
Zecker	2008	120	38
Zárate	2008	277	86
zayat	2008	215	47
zeitliche	2008	317	161
zhili	2008	150	69
之	2008	189	27
Zaba	2008	197	101
Zamor	2008	417	78
Zeidner	2008	1239	303
Zellforsch	2008	107	64
Zelma	2008	866	176
Zetkin	2008	725	167
Zhava	2008	198	2
Zo	2008	4591	1012
zeylanicum	2008	247	111
ZOA	2008	342	84
Zahra	2008	5135	861
Zanja	2008	150	48
Zegarra	2008	257	79
Zumbach	2008	127	36
Zumkeller	2008	111	38
zamindari	2008	1269	264
zou	2008	1064	356
zydeco	2008	1811	228
zzzz	2008	142	80
Zappo	2008	133	26
Zearalenone	2008	176	48
Zhenjiang	2008	498	151
Zollman	2008	212	83
Zuider	2008	562	213
Zusammenhänge	2008	240	138
zirconate	2008	453	159
Z002	2008	111	57
Zainuddin	2008	366	108
Zarin	2008	770	182
Zeffirelli	2008	1216	263
Zeilik	2008	108	19
Zuerich	2008	121	75
Zufiiga	2008	390	151
Zurbriggen	2008	200	67
zackly	2008	258	179
zarah	2008	101	50
zhai	2008	202	97
zugelassen	2008	108	81
zz	2008	1325	904
Zabelle	2008	103	48
Zechariah	2008	19809	3993
Zhak	2008	103	14
Zoophytes	2008	564	214
Zopiclone	2008	209	74
zid	2008	125	60
zongjiao	2008	276	68
Zebe	2008	251	106
Zenkoku	2008	242	99
Zenowicz	2008	267	4
Zhenia	2008	214	28
Zipaquira	2008	112	22
Zoltners	2008	173	20
zB	2008	159	55
zaken	2008	386	124
zakonu	2008	140	29
zwanzigsten	2008	138	94
ZCE	2008	108	12
Zamet	2008	156	43
Zande	2008	903	226
Zanni	2008	327	121
Zesty	2008	242	98
Zetzsche	2008	117	41
Zoarces	2008	145	33
Zonta	2008	283	137
zahlen	2008	236	139
zusammenfassen	2008	110	69
Zadro	2008	118	36
Zborowski	2008	517	146
Zeijlstra	2008	157	12
Zerfall	2008	140	104
Zeri	2008	183	99
Zest	2008	1207	575
Zild	2008	139	6
Zonula	2008	107	65
Zverkov	2008	369	12
Zwanzig	2008	252	134
zas	2008	538	115
zhengzhi	2008	772	204
zonta	2008	104	16
Z.F.	2008	190	132
ZNA	2008	244	33
Zaghouan	2008	166	65
Zambinella	2008	456	26
Zancle	2008	217	54
Zavattaro	2008	176	43
Zenji	2008	335	103
Zeuxis	2008	1764	706
Zigiranyirazo	2008	109	12
Zilog	2008	140	63
Zollverein	2008	1454	565
ZrO	2008	250	81
Zuingle	2008	286	104
Zwass	2008	205	54
Zwicky	2008	1271	392
zakat	2008	5946	662
zasedanii	2008	116	44
ZARATHUSTRA	2008	100	47
Zakim	2008	323	107
Zandi	2008	1800	212
Zarathrustra	2008	128	59
Zarzycki	2008	190	48
Zent	2008	164	68
Zeran	2008	641	66
Zigui	2008	125	13
Zillmer	2008	356	75
Zippo	2008	2267	876
Zoning	2008	9051	1657
Zwanenberg	2008	168	67
Zbig	2008	329	49
Zeider	2008	100	32
Zenshu	2008	226	86
Zhenzong	2008	219	37
Zoar	2008	1926	783
Zocalo	2008	519	173
Zoubek	2008	120	44
Zuane	2008	150	60
z2	2008	1722	680
zooo	2008	251	144
Zapopan	2008	120	60
Ziarat	2008	116	46
ZlP	2008	110	49
Zolotukhin	2008	129	39
Zulaika	2008	398	79
zenithal	2008	136	70
zim	2008	150	103
zoophilic	2008	212	58
ZE	2008	768	401
ZEPPELIN	2008	200	79
Zagorka	2008	182	32
Zegers	2008	238	126
Zeifman	2008	308	67
Zeiss	2008	5324	1595
Zephyrhills	2008	125	42
Zhitomir	2008	548	159
Zinsou	2008	262	31
Zwitterionic	2008	126	70
Zaltbommel	2008	188	79
Zehra	2008	588	142
Zeiher	2008	266	115
Zellers	2008	371	157
Zelnik	2008	360	116
Zerby	2008	294	58
Ziegfield	2008	128	85
Zoccolillo	2008	193	86
Zorndorf	2008	429	121
Zribi	2008	127	38
Zuccarini	2008	189	77
zif	2008	343	53
zoological	2008	11132	5188
ZOOM	2008	1517	249
Zapatistas	2008	5688	695
Zelewski	2008	208	51
Zilpah	2008	908	319
Zora	2008	15035	1471
Zuzana	2008	512	182
ZBLAN	2008	156	17
ZHANG	2008	1788	322
Zacariah	2008	109	52
Zapatero	2008	1723	387
Zawodzinski	2008	257	27
Zhimo	2008	177	28
Ziarko	2008	214	50
Zircon	2008	989	294
zhoubao	2008	152	33
ziyara	2008	102	40
Zaidi	2008	1737	603
Zions	2008	402	150
Ziva	2008	372	163
Zorawar	2008	227	39
Zula	2008	474	118
zide	2008	105	67
zile	2008	126	40
ZNS	2008	324	45
Zaal	2008	457	137
Ziphites	2008	103	81
Zq	2008	303	149
zuriick	2008	463	254
Z.S.	2008	462	258
ZRG	2008	132	29
Zaru	2008	165	27
Zavadil	2008	101	44
Zdravomyslova	2008	101	22
Zepetnek	2008	123	31
Zerang	2008	154	7
Ziba	2008	1625	396
Ziirich	2008	307	201
Zinker	2008	139	33
z6	2008	413	309
zany	2008	2539	1930
Zaghlul	2008	629	120
Zanjani	2008	292	115
Zehfuss	2008	195	63
Zohary	2008	544	148
zan	2008	851	487
zees	2008	252	175
zooms	2008	3878	2233
Zadar	2008	1389	213
Zahi	2008	444	130
Zamiatin	2008	197	68
Zaniolo	2008	166	63
Zelotti	2008	186	40
Zer	2008	475	159
Zettersten	2008	122	51
Zhaoqing	2008	249	62
Zingis	2008	299	81
Zlotnick	2008	640	230
Zonites	2008	146	25
Zweiter	2008	682	393
zareba	2008	739	196
zhangcheng	2008	108	21
zhengce	2008	475	158
zich	2008	1454	279
Z12	2008	142	67
ZPass	2008	154	88
ZV	2008	283	175
Zacek	2008	117	53
Zeits	2008	616	161
Zhdanov	2008	2146	387
Zhizhong	2008	113	55
Zhongnanhai	2008	672	154
Zobeida	2008	113	29
Zoledronic	2008	244	89
zuruck	2008	108	86
zwingend	2008	198	94
Zangl	2008	290	66
Zeljko	2008	478	183
Zhabei	2008	394	38
Zonal	2008	1597	644
Zoonoses	2008	476	158
Zprdvy	2008	205	5
Zulawski	2008	243	41
zare	2008	161	93
zeolite	2008	5636	606
zymography	2008	244	48
Zafir	2008	286	56
Zainab	2008	1971	368
Zeine	2008	160	44
Zelenko	2008	102	47
Zelia	2008	480	161
Zhdanova	2008	158	60
Zhukovsky	2008	676	177
Zinnia	2008	1271	299
Ziti	2008	210	70
zooarchaeological	2008	923	93
zunachst	2008	319	139
zure	2008	324	175
ZAF	2008	149	61
ZEB	2008	150	58
ZFW	2008	158	17
ZOT	2008	110	24
Zaro	2008	146	53
Zeena	2008	2299	82
Zeltzer	2008	317	105
Zhorin	2008	480	4
zl	2008	671	458
Zambesia	2008	149	56
Zemlin	2008	148	63
Zere	2008	335	138
Zeuske	2008	110	22
Zhishi	2008	239	106
Zurara	2008	403	41
Zwahlen	2008	169	86
zX	2008	108	32
zeppelins	2008	445	265
zwitterions	2008	170	76
ZANZIBAR	2008	218	113
ZENOBIA	2008	147	70
ZFN	2008	142	15
ZIEGLER	2008	164	86
ZOMBIE	2008	147	81
Zabrak	2008	161	4
Zamore	2008	754	111
Zapiro	2008	101	32
Zephyr	2008	5635	2075
Zimran	2008	118	58
Zoll	2008	1214	384
Zool	2008	7774	969
Zubaida	2008	1115	234
zari	2008	202	70
zebra	2008	13620	5034
zling	2008	139	136
ZNet	2008	216	116
ZPC	2008	416	29
ZPE	2008	825	193
Zamiel	2008	175	75
Zangerl	2008	250	46
Zaplin	2008	101	23
Zeaxanthin	2008	205	93
Zeug	2008	205	144
Zihlman	2008	267	66
Zimprich	2008	125	42
Zuricher	2008	166	56
Zvi	2008	6138	1466
zawiyas	2008	173	45
Zaccheus	2008	2027	841
Zamoyski	2008	658	178
Zauberflöte	2008	148	77
Ziad	2008	1844	397
Zivin	2008	297	140
Zwangsarbeit	2008	221	55
zeste	2008	118	60
Zabud	2008	138	20
Zandford	2008	119	16
Zangon	2008	240	20
Zatorre	2008	706	176
Zemurray	2008	254	41
Zografi	2008	122	31
Zolotow	2008	333	118
Zoyland	2008	461	61
Zozo	2008	171	60
Zwei	2008	2473	1320
zigging	2008	216	193
zmax	2008	202	92
zollverein	2008	111	51
Zales	2008	153	77
Zaratust	2008	167	7
Zeitschr	2008	1714	440
Zeldin	2008	800	277
Zezza	2008	138	55
Zhigen	2008	103	4
Zimbalist	2008	1480	396
Zinzendorff	2008	100	44
Zoraide	2008	339	43
Zucco	2008	215	95
zookeepers	2008	413	265
ZCL	2008	161	6
Zaramo	2008	160	34
Zaria	2008	2512	436
Zavarzin	2008	207	54
Zhenhai	2008	101	40
Zierikzee	2008	146	87
Zita	2008	2346	404
Zn2	2008	1613	418
Zoladex	2008	223	101
Zuckmayer	2008	271	79
Zyprexa	2008	1356	392
zealand	2008	369	82
zhuan	2008	2628	305
ZED	2008	423	190
Zabad	2008	170	28
Zayni	2008	170	40
Zio	2008	568	176
Zirinsky	2008	106	37
Zoos	2008	1612	595
Zulu	2008	33150	4838
zaniness	2008	196	177
zecchins	2008	145	46
zeigten	2008	167	98
Z0	2008	2063	586
Zametki	2008	163	77
Zeitoon	2008	357	15
Zeyd	2008	136	61
Zhenya	2008	1470	98
Zhikai	2008	141	12
Ziloti	2008	228	9
Zitkala	2008	1411	109
Zlotkin	2008	148	64
Zubiri	2008	839	91
Zurichers	2008	483	43
Zusammenleben	2008	148	91
zonation	2008	2495	632
zygote	2008	6997	1350
Z.D.	2008	194	126
Zador	2008	546	108
Zeitrechnung	2008	129	78
Zerafshan	2008	143	33
Zornow	2008	127	55
Zusammenhange	2008	209	165
zeatin	2008	198	49
zhig	2008	117	33
ZRRIFLE	2008	238	11
Zegura	2008	149	50
Zenaida	2008	604	234
Zentralbl	2008	547	322
Zimboe	2008	107	7
Zingst	2008	105	25
Zinita	2008	207	5
Zlatoust	2008	124	61
ZnTe	2008	287	70
Zonis	2008	210	78
ZAS	2008	269	117
ZOOLOGICAL	2008	334	187
Zebediah	2008	269	63
Zeit.	2008	366	32
Zeitalter	2008	2929	1192
Zenobio	2008	158	63
Zeyneb	2008	160	31
Zhizn	2008	684	226
Ziehen	2008	416	204
Zucc	2008	294	77
Zurawski	2008	304	101
Zut	2008	219	170
zendo	2008	538	71
Zakdh	2008	110	2
Zamecnik	2008	162	74
Zangina	2008	136	6
Zhanna	2008	266	67
Zhoushan	2008	176	89
Ziegenfuss	2008	102	32
Zugspitze	2008	303	68
Zuleika	2008	3241	346
Zuordnung	2008	181	101
zaibatsu	2008	1493	258
zeventiende	2008	520	125
zhiye	2008	114	34
zilla	2008	626	93
zizhi	2008	165	73
zwei	2008	6802	1670
ZAC	2008	389	96
Zagar	2008	163	88
Zaide	2008	462	124
Zampetti	2008	139	58
Zarvona	2008	124	7
Zegher	2008	202	85
Zel	2008	811	112
Zemstvos	2008	246	117
Zentrale	2008	496	243
Zeros	2008	1709	623
Zhangjiajie	2008	112	16
Zijin	2008	130	50
Zik	2008	321	115
Zonular	2008	120	42
Zschocke	2008	149	58
Zuczek	2008	145	26
zha	2008	277	130
Z.X.	2008	238	135
ZUCCHINI	2008	158	93
Zedner	2008	610	153
Zombi	2008	268	78
Zomer	2008	156	62
Zophia	2008	1159	9
Zutshi	2008	259	92
ziplock	2008	799	314
zusammengesetzt	2008	102	75
Z1	2008	1856	669
Zhen	2008	5938	1093
Ziegenhain	2008	136	41
Ziele	2008	991	462
Zipporah	2008	2911	582
Zopyrus	2008	517	136
Zsolnay	2008	180	75
Zubi	2008	722	18
zamindars	2008	2384	429
zikr	2008	399	134
zuz	2008	200	62
Zagrebelsky	2008	131	28
Zainal	2008	502	149
Zeiler	2008	627	239
Zenab	2008	134	44
Zentrumspartei	2008	110	27
Zeroconf	2008	175	38
Zeughaus	2008	175	71
Zittrain	2008	385	103
Zoido	2008	248	106
Zyklus	2008	219	110
zhongxin	2008	291	130
zombification	2008	170	89
zymogens	2008	527	164
zyn	2008	116	61
Z329.48	2008	105	105
ZPL	2008	342	17
Zaimoglu	2008	331	20
Zaslavsky	2008	871	324
Zawadski	2008	139	63
Zeissig	2008	176	7
Zenor	2008	154	17
Zeyang	2008	124	6
Zimmer	2008	10434	3332
Zinni	2008	1241	291
zara	2008	137	91
zhong	2008	2622	541
Zareena	2008	208	14
Zealot	2008	1670	643
Zeb	2008	7436	585
Zeitgeist	2008	4934	2921
Zetterling	2008	129	45
Zhaxi	2008	529	12
Zongze	2008	101	32
Zwilling	2008	392	113
Zaid	2008	2305	640
Zangenberg	2008	175	57
Zapotes	2008	322	46
Zempoalla	2008	174	25
Zietman	2008	105	25
Zivney	2008	140	14
Zoeth	2008	921	27
zikh	2008	302	42
ziliao	2008	1109	196
Zania	2008	527	24
Zauberin	2008	151	13
Zefa	2008	494	126
Zeit	2008	24914	5465
Zellerbach	2008	416	175
Zervos	2008	935	231
Zettin	2008	139	12
Ziklag	2008	861	248
Zikri	2008	227	35
Zissu	2008	186	39
zebras	2008	4544	2122
zoeal	2008	359	6
zombied	2008	101	58
zuwider	2008	124	71
Zanuttini	2008	365	57
Zeeman	2008	4015	584
Zemlya	2008	1217	252
Zeth	2008	337	42
Zhenduo	2008	153	36
Zinderneuf	2008	401	21
Zinnias	2008	217	145
Zissis	2008	108	55
Zoonotic	2008	589	208
Zulfa	2008	104	20
zagged	2008	838	789
zaptiehs	2008	396	39
ziz	2008	257	204
ZIPA	2008	221	19
Zango	2008	359	49
Zebah	2008	210	93
Zensur	2008	223	89
Zhang1	2008	195	110
Zygopetalum	2008	229	19
zeaxanthin	2008	1579	252
zener	2008	3988	152
ZSM	2008	811	62
Zebulun	2008	1675	582
Zeland	2008	287	156
Zeppo	2008	382	115
Zeugma	2008	499	160
Zhongli	2008	165	69
Zingarelli	2008	409	162
Zl	2008	995	603
Zonaras	2008	1090	237
Zoological	2008	14881	5059
Zuo	2008	2184	683
Zweig	2008	5702	1387
Zöllner	2008	298	85
Z	2008	208638	37095
ZNP	2008	132	28
Zavadsky	2008	100	30
Zelt	2008	309	106
Zenaide	2008	127	54
Zerbo	2008	331	96
Zeuxippus	2008	122	49
Zhujiang	2008	228	88
Zuni	2008	12655	1356
zard	2008	146	118
ziprasidone	2008	1470	244
zukommt	2008	180	118
ZKPQ	2008	159	14
Zebina	2008	153	76
Zipping	2008	331	255
Zitter	2008	127	63
Zorick	2008	136	44
zunehmenden	2008	128	81
zur	2008	84936	11100
zurückgehen	2008	109	69
Zeikus	2008	207	50
Zelinda	2008	302	54
Zen	2008	51619	8071
Zhiwei	2008	195	107
Zool.	2008	124	64
Zubrick	2008	112	57
Zubrin	2008	310	57
Zvezda	2008	854	188
Zymotic	2008	112	77
Zalmon	2008	150	65
Zawahiri	2008	8380	700
Zazkis	2008	125	15
Zeitgeschichte	2008	2474	645
Zeitraum	2008	565	217
Zerga	2008	339	16
Zglinicki	2008	102	23
Zhuravlev	2008	169	67
Zhurn	2008	122	23
Ziccardi	2008	278	71
Zilka	2008	106	29
Zimmering	2008	107	18
Zina	2008	2485	551
Zohra	2008	1289	206
Zoologica	2008	711	294
Zoomable	2008	175	18
Zoroastrianism	2008	5519	1618
Zurin	2008	268	13
Zuschlag	2008	101	52
zamin	2008	132	95
zar	2008	927	404
zel	2008	147	113
Zabarima	2008	250	4
Zahl	2008	1727	636
Zahner	2008	305	162
Zakheim	2008	233	99
Zanarini	2008	785	132
Zasshi	2008	886	486
Zibby	2008	480	16
Zolotov	2008	113	50
Zooplankton	2008	1064	288
Zuccari	2008	475	116
Zwitter	2008	118	60
zilch	2008	1169	748
zonisamide	2008	1046	160
zvi	2008	432	353
Z003	2008	164	98
Zacate	2008	138	31
Zakkai	2008	1015	292
Zalvidea	2008	129	13
Zami	2008	381	118
Zanu	2008	670	72
Zegart	2008	230	83
Zepeda	2008	982	313
Zerah	2008	1022	417
Zsigmondy	2008	239	68
Zusätzliche	2008	174	12
zander	2008	112	65
zemli	2008	117	76
zip	2008	25213	11045
ZW	2008	761	384
Zahavy	2008	105	35
Zair	2008	236	77
Zaitsev	2008	615	194
Zanone	2008	125	32
Zenia	2008	2694	120
Zerbino	2008	542	53
Zhengfa	2008	299	33
Zig	2008	2688	1057
Zj	2008	969	479
Zygon	2008	825	282
zam	2008	398	146
zscore	2008	116	53
Zahed	2008	123	43
Zahlen	2008	779	398
Zeichnung	2008	465	163
Zelda	2008	8696	986
Zhongdian	2008	393	48
Zolov	2008	259	58
Zom	2008	120	92
Zonker	2008	297	52
Zuerst	2008	144	89
Zundel	2008	474	193
zakon	2008	364	92
Z008	2008	268	111
ZOPFAN	2008	146	39
Zegeye	2008	167	79
Zeo	2008	128	42
Zidani	2008	311	20
Zijlmans	2008	150	36
Zinnecker	2008	179	49
Zither	2008	257	150
Zooms	2008	379	137
Zorin	2008	1094	233
zufolge	2008	389	131
ZOOS	2008	189	130
Zanko	2008	116	24
Zenco	2008	136	6
Zikali	2008	1381	23
Zweben	2008	278	92
zakona	2008	248	59
zein	2008	1155	154
zoophytes	2008	1485	628
zu	2008	126308	11242
ZARZUELA	2008	169	5
Zabaleta	2008	154	66
Zagorski	2008	315	101
Zahidi	2008	116	53
Zauderer	2008	272	55
Zayde	2008	161	66
zhengfu	2008	372	119
zoon	2008	766	436
zx	2008	755	547
Zamenhof	2008	347	109
Zecharia	2008	271	104
Zsa	2008	1041	309
Zunahme	2008	226	82
Zaitseva	2008	163	68
Zavier	2008	360	58
Zonana	2008	327	75
Zvelebil	2008	760	106
zeroes	2008	3676	2071
zj	2008	844	484
zugeordnet	2008	171	110
ZBC	2008	151	30
ZC	2008	836	342
Zagat	2008	554	262
Zangrando	2008	245	106
Zazar	2008	482	4
Zeilen	2008	294	128
Zooarchaeological	2008	169	68
Zr02	2008	513	108
Zweiten	2008	1650	572
ZH	2008	1600	573
Zadran	2008	194	35
Zank	2008	564	136
Zedlitz	2008	236	93
Zetta	2008	2301	45
Zinedine	2008	279	151
Zingari	2008	595	215
Zinjanthropus	2008	192	71
Zinovieff	2008	181	55
Zit	2008	373	203
Zummo	2008	191	32
Zweibon	2008	126	14
zieht	2008	583	356
Zeila	2008	440	112
Zemke	2008	857	220
Zhytomyr	2008	287	34
Zitta	2008	205	21
zabaglione	2008	171	109
zanni	2008	149	42
zoe	2008	767	264
zullen	2008	393	98
Zappos	2008	294	57
Zaur	2008	220	30
Zerubabel	2008	112	58
Zivilisation	2008	595	324
Zofloya	2008	149	24
Zvolensky	2008	207	57
zeichnen	2008	206	139
zor	2008	723	135
Zachar	2008	298	117
Zapp	2008	692	190
Zarefsky	2008	539	93
Zelenka	2008	557	94
Zinkin	2008	235	112
Zoomify	2008	123	22
Zout	2008	169	69
Zurigo	2008	155	31
Z1.4	2008	139	8
Zannah	2008	172	7
Zannoni	2008	216	88
Zeckhauser	2008	1210	445
Zindler	2008	170	58
zoobenthos	2008	339	66
zymotic	2008	1165	496
ZDNet	2008	540	263
ZPF	2008	260	18
Zanger	2008	448	234
Zapped	2008	106	80
Zephyranthes	2008	132	52
Zibhebhu	2008	121	5
Zivilgesellschaft	2008	256	94
Zonegran	2008	197	68
Zweibriicken	2008	205	89
zR	2008	108	48
zipless	2008	107	47
zoomorphous	2008	146	7
Zaan	2008	333	51
Zaner	2008	314	149
Zdarsky	2008	133	15
Zhaojun	2008	221	55
Zogbaum	2008	191	51
Zogby	2008	2028	631
Zubizarreta	2008	408	112
zhao	2008	239	139
zug	2008	105	66
ZECHARIAH	2008	274	155
Zafiro	2008	244	63
Zambeccari	2008	123	48
Zauberflote	2008	579	237
Zbar	2008	285	70
Zebulon	2008	4080	1197
Zernov	2008	204	66
Zhvania	2008	142	27
Ziel	2008	2671	888
Znamya	2008	135	43
Zobeir	2008	751	48
Zuri	2008	118	48
zeman	2008	100	50
zhu	2008	1239	365
ZEI	2008	295	50
Zagona	2008	127	41
Zammah	2008	142	27
Zandbergen	2008	226	125
Zarca	2008	136	38
Zavala	2008	2828	703
Zbiek	2008	168	19
Zelefsky	2008	288	54
Zids	2008	101	2
Ziebarth	2008	208	87
Zimin	2008	169	70
Zorlu	2008	254	50
Zutell	2008	109	37
Zymoetz	2008	117	1
z'	2008	236	113
zambos	2008	105	66
zivot	2008	191	64
Zaydi	2008	652	117
Zebco	2008	154	57
Zeoli	2008	216	31
Zeribar	2008	401	6
Zirkel	2008	778	261
Zub	2008	186	36
Zurito	2008	147	6
Zwick	2008	1668	651
Zalia	2008	128	24
Zampa	2008	533	199
Zeitenwende	2008	112	55
Zemel	2008	588	257
Zerstreuung	2008	147	75
Zhe	2008	1081	400
Zodiacal	2008	1295	416
Zoetermeer	2008	414	182
Zuev	2008	109	50
Zylstra	2008	228	97
zenith	2008	33901	19063
zooplankton	2008	7943	795
zwitterionic	2008	1002	280
ZACKER	2008	114	42
Zafimaniry	2008	122	25
Zaring	2008	181	97
Zeely	2008	402	11
Zeigarnik	2008	199	50
Zenkovsky	2008	147	48
Zerdusht	2008	137	70
Ziemer	2008	348	167
Zucker	2008	6509	1995
Zuffa	2008	158	23
Zutty	2008	137	35
zah	2008	240	130
zinesters	2008	162	15
Zapping	2008	173	110
Zatzick	2008	136	39
Zayre	2008	176	64
Zeleny	2008	673	241
Zens	2008	443	232
Zhidu	2008	200	55
Zienkiewicz	2008	744	159
Zionists	2008	14752	2131
Ziyal	2008	261	19
Zongsan	2008	339	30
Zube	2008	107	54
zir	2008	591	176
zoot	2008	2998	543
zoster	2008	8555	1130
zoysiagrass	2008	200	18
ZAGS	2008	215	23
Zack	2008	30882	2130
Zahhar	2008	118	27
Zanan	2008	163	50
Zarina	2008	1121	182
Zedekiah	2008	4863	978
Zemzem	2008	344	115
Zogu	2008	133	43
Zolmitriptan	2008	165	65
Zoster	2008	943	360
Zwiener	2008	116	43
zings	2008	230	185
zingy	2008	183	146
ZAMS	2008	227	29
ZTE	2008	514	97
Zarfos	2008	253	8
Zengler	2008	164	27
Zerwick	2008	115	42
Ziethen	2008	1152	161
Zubtsov	2008	116	25
Zunker	2008	207	38
zhou	2008	824	209
ziel	2008	149	64
Zabecki	2008	112	33
Zabih	2008	229	84
Zeder	2008	331	105
Zene	2008	124	48
Zielonka	2008	651	185
Zinga	2008	153	64
Zingale	2008	215	109
Zookeeper	2008	247	82
Zornberg	2008	193	74
Zouch	2008	1672	626
Zwinglian	2008	816	356
zavod	2008	219	82
zle	2008	144	112
Z.G.	2008	394	229
ZMA	2008	307	36
ZONE	2008	4036	1585
Zafarullah	2008	204	102
Zahoor	2008	219	54
Zangwill	2008	5032	801
Zentralmuseums	2008	108	51
Zimbabwean	2008	5902	1254
Zindorf	2008	114	8
Zithromax	2008	375	135
Zoega	2008	263	104
Zollicoffer	2008	1145	237
Zos	2008	214	61
Zosimus	2008	3171	508
Zubin	2008	952	359
zelo	2008	427	234
Zachy	2008	102	18
Zakia	2008	277	110
Zakkur	2008	202	22
Zollikon	2008	271	123
Zoonen	2008	709	154
Zukunft	2008	4014	1650
Zummaun	2008	290	6
Zuriel	2008	351	36
Zusammensetzung	2008	485	225
zashiki	2008	143	54
zooxanthellae	2008	823	131
ZACH	2008	126	65
Zabita	2008	106	20
Zaher	2008	493	121
Zbl	2008	156	73
Zeneca	2008	616	289
Zenta	2008	378	104
Zeta	2008	5122	1417
Zeuss	2008	314	114
Zhisui	2008	495	73
Zippel	2008	368	117
Ziyang	2008	1606	286
Znanie	2008	119	66
Zuercher	2008	246	95
Zwart	2008	1532	492
Zywiec	2008	114	27
zerovalent	2008	145	39
zillah	2008	195	42
zorro	2008	167	61
ZP	2008	1587	424
Zahab	2008	204	89
Zahhak	2008	101	20
Zielen	2008	165	103
Zien	2008	221	111
Zigbee	2008	597	112
Zimmers	2008	130	63
Zirkle	2008	306	96
Zwitserlood	2008	116	25
zegt	2008	127	45
Zapater	2008	121	53
Zeh	2008	748	238
Zgusta	2008	295	45
Zhiguo	2008	112	55
Zira	2008	345	69
Zsuzsanna	2008	334	147
Zygotic	2008	190	71
zpg	2008	248	8
zugleich	2008	2325	708
Zand	2008	1670	584
Zanella	2008	429	191
Zhisheng	2008	123	50
Zijn	2008	228	107
ZoneAlarm	2008	167	69
Zoology	2008	15093	4140
Zorbax	2008	117	55
Zuojia	2008	137	58
ZAP	2008	998	277
ZCTA	2008	139	9
ZDO	2008	190	16
Zanzibari	2008	1375	206
Zedalis	2008	121	40
Zekle	2008	207	60
Zerdick	2008	146	17
Zg	2008	201	111
Zoantharia	2008	114	40
Zoogeography	2008	268	111
Zschokke	2008	353	163
Zygaenidae	2008	138	28
zeigen	2008	2111	633
zeker	2008	130	75
znr	2008	110	85
Zachariou	2008	113	57
Zhaohui	2008	142	79
Zhonghe	2008	110	42
Zimt	2008	171	19
Zoback	2008	190	44
zem	2008	745	302
ZAH	2008	130	71
Zabell	2008	141	47
Zeist	2008	633	274
Zemelman	2008	247	95
Zhi	2008	7486	1278
Zugriff	2008	259	107
Zunft	2008	152	78
Zwanziger	2008	262	131
Zwischenbilanz	2008	186	129
zazenkai	2008	206	5
zerotolerance	2008	147	121
ziii	2008	800	607
zounds	2008	426	325
ZIA	2008	296	57
ZTK	2008	177	51
Zainichi	2008	1986	52
Zakah	2008	273	67
Zarathustra	2008	13790	1948
Zaytuna	2008	152	45
Zelikovsky	2008	273	41
Zennor	2008	403	114
Zentner	2008	693	210
Ziman	2008	747	254
Zomaya	2008	209	74
Zostrianos	2008	147	28
zee	2008	4354	1333
zeitgeber	2008	147	62
Z.P.	2008	492	164
ZANE	2008	165	117
Zangi	2008	226	78
Zealander	2008	3214	1917
Zelaznik	2008	142	24
Zelnick	2008	381	85
Zhenyu	2008	273	95
Zimmerli	2008	1289	274
zereba	2008	165	18
zhiyi	2008	107	45
Zaeske	2008	127	45
Zetter	2008	453	159
Zuph	2008	154	45
Zwinderman	2008	181	108
zhes	2008	238	30
zigged	2008	330	283
ZMM	2008	125	10
Zafar	2008	2417	684
Zaimis	2008	389	56
Zamir	2008	1479	433
Zapotecs	2008	684	210
Zeger	2008	658	202
Zemanek	2008	204	65
Zeugung	2008	118	65
Zevi	2008	1453	265
Zinck	2008	251	87
Zivkovic	2008	390	134
zei	2008	189	114
zonked	2008	476	373
ZIF	2008	277	61
ZSU	2008	119	48
Zadoff	2008	183	18
Zamperini	2008	104	43
Zarb	2008	702	145
Zavada	2008	106	30
Zee	2008	9251	2842
Zhivkov	2008	846	135
zeppelin	2008	914	416
zithers	2008	518	238
Zaphon	2008	107	47
Zavis	2008	121	42
Zelenin	2008	170	28
Zentall	2008	424	106
Zeroth	2008	226	113
Zhidong	2008	552	111
Zhongtai	2008	151	6
Zobrist	2008	272	45
Zutphen	2008	2294	990
Zürn	2008	343	85
zeks	2008	220	41
ZEC	2008	260	37
Za'im	2008	448	51
Zadoks	2008	107	40
Zajc	2008	113	43
Zappia	2008	195	86
Zechlin	2008	122	40
Zedeck	2008	162	67
Zeilinger	2008	496	172
Zeisler	2008	418	170
Zeitgeber	2008	111	47
Zelea	2008	112	56
zaddik	2008	380	56
zijn	2008	5585	654
znd	2008	409	316
Z5	2008	669	279
ZAKAT	2008	108	21
ZIL	2008	239	66
Zagloba	2008	706	16
Zayani	2008	137	30
Zhonggong	2008	1510	148
Zidovudine	2008	938	321
Zimny	2008	183	86
Zoja	2008	192	62
Zonnebeke	2008	159	57
Zuan	2008	644	103
ziggurats	2008	565	317
zymosan	2008	215	99
ZIH	2008	178	36
Zabar	2008	309	143
Zajda	2008	333	28
Zetas	2008	205	59
Zidon	2008	514	253
Zincali	2008	306	81
zetetic	2008	576	34
zombie	2008	13069	4568
ZHAO	2008	536	137
Zarza	2008	273	72
Zirka	2008	329	19
Zisook	2008	286	90
Zod	2008	1093	52
zang	2008	562	150
zed	2008	1192	851
zii	2008	1469	807
ZION	2008	1571	362
ZPD	2008	1939	313
Zachry	2008	320	89
Zagora	2008	450	146
Zalcitabine	2008	128	81
Zanolli	2008	128	46
Zawisza	2008	142	41
Zhongyan	2008	175	44
Zhuhai	2008	967	304
Zimpher	2008	105	38
Zuhair	2008	280	100
Zwischenkriegszeit	2008	143	68
zanies	2008	201	184
zhuxi	2008	114	32
zuvor	2008	709	308
zwanziger	2008	215	121
zygomaticus	2008	394	123
Zanana	2008	591	60
Zanha	2008	236	4
Zarephath	2008	971	501
Zeli	2008	105	35
Zetina	2008	123	32
Zetzel	2008	163	74
Zikr	2008	204	91
Zimm	2008	583	133
Zoram	2008	302	28
Zorra	2008	724	43
Zottoli	2008	109	36
Zt	2008	1137	470
zolazepam	2008	146	25
Zadrozny	2008	144	47
Zarzuela	2008	260	128
Zielsetzung	2008	181	106
Zorrilla	2008	708	189
Zustandes	2008	131	104
Zwiazek	2008	111	50
Zygmunt	2008	5425	1580
ZANU	2008	3742	296
ZAW	2008	781	185
Zaleplon	2008	359	114
Zawaj	2008	122	6
Zehler	2008	120	38
Zenghelis	2008	348	34
Zic	2008	211	83
Zinkernagel	2008	482	121
zonata	2008	163	37
zvii	2008	349	294
Zahlan	2008	198	45
Zedek	2008	430	138
Zeese	2008	108	41
Ziqing	2008	133	29
Zotti	2008	213	70
Zueblin	2008	160	81
Zygomycetes	2008	300	123
zoned	2008	5368	2753
zumeist	2008	315	149
ZI	2008	929	353
Zaly	2008	109	4
Zealous	2008	1822	1155
Zeffer	2008	244	4
Zeinab	2008	784	189
Ziploc	2008	1418	849
Zipp	2008	658	130
Zolbrod	2008	113	44
Zotz	2008	306	62
Zurier	2008	128	39
zand	2008	106	82
ZAMBIA	2008	436	211
ZHUANG	2008	103	29
Zacky	2008	351	37
Zamenoy	2008	1907	20
Zeitz	2008	711	297
Ziebland	2008	207	68
Zog	2008	1047	175
Zuhri	2008	228	80
zibethinus	2008	104	33
Zilversmit	2008	160	78
Zisserman	2008	758	123
Zitner	2008	124	55
Zobeide	2008	1045	153
Zacharius	2008	254	99
Zana	2008	597	196
Zaugg	2008	220	99
Zehnder	2008	2172	480
Zhongxin	2008	275	106
Zuccaro	2008	435	158
Zylla	2008	386	4
zipped	2008	10435	6712
Zaak	2008	379	16
Zabulon	2008	384	165
Zachmann	2008	132	82
Zakaras	2008	138	35
Zebrowski	2008	380	135
Ziph	2008	313	144
Zuletzt	2008	107	74
zeugt	2008	105	61
ZHUH	2008	181	23
Zao	2008	706	209
Zapotecan	2008	139	31
Zarsky	2008	159	47
Zeitschriftfur	2008	233	189
Zeitsckrift	2008	110	76
Zemach	2008	590	189
Zendavesta	2008	486	296
Zeven	2008	373	131
Zimmermans	2008	103	27
Zuurveld	2008	141	30
Zydow	2008	172	35
zA	2008	374	214
Z.K.	2008	244	134
ZGB	2008	101	13
Zagros	2008	1834	523
Zaka	2008	277	100
Zanic	2008	251	38
Zeitgenossen	2008	437	255
Zelditch	2008	553	133
Zhiying	2008	157	37
Zm	2008	427	249
Zophiel	2008	179	45
Zyban	2008	443	212
zabuton	2008	117	43
zinging	2008	734	635
zukünftigen	2008	159	93
zusätzlichen	2008	151	68
ZVfD	2008	306	6
Za	2008	4617	1633
Zarri	2008	456	63
Zentella	2008	505	108
Zerner	2008	522	203
Zhongzhou	2008	112	54
Zickar	2008	108	30
Zigzags	2008	228	90
Zoho	2008	685	78
Zuidervaart	2008	217	45
zielt	2008	164	84
ziemlich	2008	566	294
ZRA	2008	198	28
Zabus	2008	193	40
Zagladin	2008	105	28
Zaichkowsky	2008	191	68
Zedler	2008	628	187
ZnO	2008	8604	645
Zulfiqar	2008	754	237
Zumsteg	2008	106	47
Zyme	2008	120	19
zhenshchiny	2008	106	37
Zabel	2008	1742	493
Zacchi	2008	152	44
Zarnecki	2008	170	69
Zavarzadeh	2008	161	49
Zelke	2008	154	10
Zerbini	2008	217	74
Zerviah	2008	119	29
Zue	2008	325	71
Zz	2008	217	111
zhun	2008	212	80
Zanca	2008	235	85
Zanhua	2008	305	8
Zanotti	2008	541	207
Zhu	2008	34735	5364
Zirconium	2008	1194	563
Ziusudra	2008	194	46
Zooey	2008	436	96
zapped	2008	2198	1716
zillions	2008	857	662
ZENworks	2008	105	26
ZIONIST	2008	183	84
Zacchia	2008	243	43
Zachodniopomorskie	2008	150	24
Zahlreiche	2008	123	74
Zahrah	2008	198	46
Zander	2008	5937	1309
Zelen	2008	317	80
Zihui	2008	114	37
Ziprasidone	2008	534	188
Zrenner	2008	141	64
Zugehörigkeit	2008	208	99
Zupko	2008	235	62
zikhronot	2008	108	9
zo	2008	4505	2149
zxiii	2008	181	164
Zaldívar	2008	249	39
Zalmen	2008	115	33
Zapatismo	2008	1921	131
Zare	2008	601	231
Zemirot	2008	111	21
Zias	2008	246	66
Zinner	2008	849	304
Zipser	2008	291	127
Zizyphus	2008	484	176
Zucht	2008	294	138
Zunino	2008	213	82
Zygomatic	2008	901	268
zS	2008	198	130
zenchishiki	2008	162	3
zouaves	2008	359	183
zweifelhaft	2008	145	90
zygospores	2008	220	65
Zeitels	2008	154	35
Zettle	2008	182	49
Zilli	2008	154	76
Zilphia	2008	158	44
Zoey	2008	1662	148
Zoo	2008	23457	7560
Zoug	2008	110	24
ZrC	2008	193	45
Zuleikha	2008	115	55
Zuñi	2008	179	54
Zygomaticus	2008	251	91
zaman	2008	1031	175
zombified	2008	241	161
zut	2008	141	97
zygomycetes	2008	127	67
ZAHN	2008	119	62
Zacos	2008	132	10
Zaikin	2008	209	48
Zentralrat	2008	175	32
Zorobabel	2008	430	154
Zygomycosis	2008	125	32
z3	2008	410	201
zahlreicher	2008	179	82
založba	2008	105	15
ZD6474	2008	353	41
Zeithaml	2008	1456	328
Zepf	2008	160	26
Zeuner	2008	763	189
Zhawar	2008	116	21
Zietz	2008	148	57
Ziou	2008	152	92
Zugl	2008	161	151
Zwerling	2008	261	97
z5	2008	128	92
zigzagged	2008	3952	3315
znanosti	2008	187	50
ZARB	2008	182	13
Zeitschrifi	2008	423	214
Zhongguo	2008	17837	1077
Ziring	2008	285	108
Zrinyi	2008	149	58
Zusatz	2008	264	147
zhishi	2008	503	143
zori	2008	141	78
zxii	2008	211	190
ZDF	2008	773	236
Zainul	2008	179	75
Zampini	2008	278	69
Zingg	2008	269	134
Zumft	2008	117	22
zipper	2008	14188	6017
ZLR	2008	434	16
Zebbie	2008	141	8
Zedeno	2008	172	31
Zengin	2008	138	40
Zoë	2008	4068	252
Zpravy	2008	108	9
Zulian	2008	115	51
Zupan	2008	961	296
Zutaut	2008	243	10
Zwischenberger	2008	105	37
zealously	2008	18607	13080
zg	2008	244	166
zichzelf	2008	163	74
zos	2008	100	83
Zanjon	2008	106	51
Zilch	2008	480	364
zontal	2008	470	382
ZEV	2008	266	85
Zante	2008	2048	779
Zeami	2008	2552	93
Zerrahn	2008	182	59
Zinj	2008	201	58
Zunächst	2008	268	126
Zygotes	2008	146	90
zSeries	2008	152	37
Zahariadis	2008	178	49
Zaldivar	2008	665	240
Zapus	2008	154	36
Zarda	2008	199	42
Zekeriya	2008	120	30
Zipperer	2008	231	66
Zits	2008	125	64
Zmijewski	2008	162	58
zentralen	2008	648	296
zimmis	2008	125	25
zoonotic	2008	2457	489
zooxanthella	2008	100	20
ZACHARIAH	2008	166	46
Zahar	2008	943	303
Zaitun	2008	146	63
Zanga	2008	427	184
Zebiri	2008	101	24
Zidek	2008	149	70
Zimbelman	2008	106	42
Zircons	2008	182	59
Zlatev	2008	384	66
Zsuzsi	2008	292	21
Zugleich	2008	437	264
Zwaigenbaum	2008	230	58
zadeh	2008	166	59
zhengfa	2008	101	36
zincode	2008	102	12
ZA	2008	4536	1252
ZKD	2008	120	4
Zadeh	2008	3828	722
Zadvydas	2008	168	41
Zahniser	2008	524	163
Zairean	2008	672	194
Zayid	2008	538	65
Zipkin	2008	162	66
Zorina	2008	931	83
Zweibel	2008	164	70
zadruga	2008	214	78
zakonom	2008	184	8
zuzim	2008	101	30
Z.f.	2008	104	30
Zacchini	2008	495	66
Zacharias	2008	9176	2965
Zambezi	2008	5908	1014
Zepos	2008	281	16
zest	2008	37187	20827
zooepidemicus	2008	153	29
zowel	2008	263	100
Zargar	2008	128	70
Zauberer	2008	207	72
Zhihong	2008	163	74
Zielke	2008	386	116
zeae	2008	243	64
zmien	2008	113	3
zoologic	2008	148	68
Zad	2008	330	92
Zard	2008	220	39
Zarnowski	2008	143	38
Zarrow	2008	285	97
Zaslaw	2008	200	59
Zedillo	2008	1774	365
Zeeny	2008	100	10
Zembylas	2008	491	61
Zepps	2008	100	46
Zijl	2008	292	124
Zlatko	2008	311	164
zere	2008	529	218
zines	2008	3821	923
zipcode	2008	326	110
zoba	2008	121	15
zonular	2008	544	76
Zaheer	2008	1661	400
Zero	2008	48155	15315
Zippe	2008	124	40
ZnSe	2008	1288	207
Zollikofer	2008	124	63
Zubly	2008	247	60
zhoukan	2008	308	97
ziemiach	2008	106	43
zoth	2008	228	167
Zabriskie	2008	1356	381
Zacharski	2008	132	34
Zahringen	2008	179	67
Zakros	2008	426	49
Zamorna	2008	126	12
Zhihui	2008	109	47
Zhuge	2008	1040	160
Zigmond	2008	793	296
Zines	2008	561	160
Zor	2008	836	218
Zsidisin	2008	171	29
Zugang	2008	647	297
zxviii	2008	123	119
ZUM	2008	411	125
Zackie	2008	266	64
Zanten	2008	489	167
Zaton	2008	111	18
Zielenski	2008	101	29
Zoologische	2008	288	127
Zufall	2008	669	291
Zufii	2008	563	119
Zvecan	2008	133	15
zhengming	2008	118	43
zoomed	2008	9300	5338
Zahari	2008	183	48
Zavodny	2008	160	68
Zhongnan	2008	246	69
Zindel	2008	295	106
Zoltán	2008	455	134
Zoologie	2008	948	401
Zorba	2008	1060	407
Zoutpansberg	2008	387	126
Zudar	2008	252	4
Zumrut	2008	207	9
Zushi	2008	145	63
Zycie	2008	144	68
Z006	2008	196	74
Zakovitch	2008	143	52
Zambia	2008	36976	4845
Zapanta	2008	104	42
Zaydan	2008	571	75
Zeidel	2008	197	76
Zuazo	2008	442	102
Zucken	2008	169	8
Zumarraga	2008	480	155
zink	2008	345	169
Zaentz	2008	144	52
Zhuangzi	2008	2203	289
Zickler	2008	139	60
Zientara	2008	133	48
Ziqi	2008	102	23
Zloty	2008	125	87
Zurbarán	2008	220	38
Zwolle	2008	2172	525
zeit	2008	458	295
zud	2008	274	30
Zaeef	2008	121	23
Zaehner	2008	617	193
Zaggy	2008	287	3
Zeeuw	2008	633	240
Zephyrus	2008	828	457
Zmax	2008	162	65
Zoa	2008	317	59
Zx	2008	357	155
zimmerman	2008	105	14
zygotic	2008	1117	315
ZY	2008	829	423
Zebari	2008	352	55
Zierath	2008	123	40
Zinbarg	2008	368	72
Zinti	2008	452	6
Zoophyte	2008	192	86
Zuze	2008	278	18
zhonghua	2008	128	62
zine	2008	5672	1271
zloty	2008	995	236
zookeeper	2008	664	396
Z.E.	2008	109	81
Z10	2008	1034	65
ZMP	2008	418	52
ZOHAR	2008	152	49
Zama	2008	1865	659
Zanker	2008	1341	270
Zany	2008	416	230
Zapico	2008	100	49
Zarem	2008	122	44
Zazen	2008	476	152
Zealots	2008	3945	1109
Zeidan	2008	164	77
Zielinska	2008	181	72
Zaca	2008	188	37
Zadok	2008	3646	800
Zanoni	2008	1865	313
Zauberei	2008	150	80
Zedong	2008	13991	2513
Zeer	2008	103	40
Zeghal	2008	180	41
Zephyrinus	2008	366	142
Zerstörung	2008	379	154
Zhongkai	2008	121	31
Zitzler	2008	642	95
Zoologist	2008	2589	795
Zardari	2008	779	85
Zhenghe	2008	138	36
Zibaldone	2008	165	59
Zisca	2008	419	114
Zofia	2008	1274	233
Zonengrenze	2008	118	5
Zygo	2008	138	42
zucchero	2008	104	58
ž	2008	433	14
ZFE	2008	349	7
Zabdas	2008	142	21
Zal	2008	1599	217
Zalpa	2008	184	8
Zametov	2008	362	6
Zayas	2008	3279	419
Zellig	2008	216	91
Zhongguancun	2008	470	130
Zillebeke	2008	218	89
Zodiacs	2008	553	188
Zones	2008	21037	6328
Zorach	2008	802	167
Zuma	2008	6511	520
Zurab	2008	190	59
Zuriaga	2008	163	1
Zvo	2008	2137	97
Zwingliana	2008	121	34
zak	2008	120	70
zea	2008	881	247
zemindaries	2008	113	53
zygomorphic	2008	248	44
Zaat	2008	111	58
Zandt	2008	4264	657
Zatsepin	2008	101	39
Zaza	2008	1047	317
Zenobia	2008	11042	1428
Zumino	2008	125	31
Zuta	2008	285	118
zentrale	2008	576	249
zweiten	2008	2731	1002
ZOO	2008	1348	621
ZVI	2008	415	61
Zadora	2008	125	63
Zagon	2008	286	46
Zemstvo	2008	1165	178
Zentral	2008	410	254
Zeune	2008	109	31
Zhanjiang	2008	192	86
Zittoun	2008	110	29
Zoroastre	2008	116	70
Ztg	2008	405	128
zach	2008	116	15
zonule	2008	189	63
zymase	2008	226	66
Zambeze	2008	371	44
Zelikman	2008	238	7
Zentgraf	2008	108	52
Zhitlovsky	2008	160	14
Zimme	2008	201	17
Zis	2008	543	316
Zolla	2008	123	76
zenza	2008	812	8
zhuangkuang	2008	144	61
Z.V.	2008	142	97
Zachariah	2008	8664	1883
Zaibatsu	2008	388	136
Zaporozhye	2008	115	46
Zawiya	2008	142	53
Zeid	2008	1235	323
Zemi	2008	282	46
Zenone	2008	195	109
Zerlina	2008	881	225
Zhangsun	2008	154	10
Ziegeler	2008	164	23
Zucka	2008	240	2
Zuid	2008	1089	414
Zwinglis	2008	226	55
Zydowska	2008	129	44
zapiski	2008	545	173
zebrafish	2008	7587	518
Z.W.	2008	352	204
Z7	2008	466	258
Zabala	2008	1173	250
Zandor	2008	130	9
Zemski	2008	191	23
Zengzi	2008	216	34
Zephas	2008	120	8
Zhai	2008	2080	735
Zoellner	2008	580	211
Zofran	2008	400	168
Zonneveld	2008	529	188
Zootecnia	2008	107	28
Zuckerberg	2008	671	157
Zung	2008	689	256
Zuolin	2008	338	64
zeitgebers	2008	195	72
zvith	2008	178	144
Zabdiel	2008	200	113
Zamani	2008	624	239
Zaragosa	2008	403	160
Zelig	2008	2565	313
Zerbolt	2008	372	30
Zerelda	2008	135	42
Ziuganov	2008	372	34
Zuhörer	2008	127	61
Zwang	2008	477	263
Z001	2008	129	61
Zampolli	2008	125	63
Zaninovich	2008	106	32
Zarnowska	2008	134	15
Zipacna	2008	130	12
Zoe	2008	37177	3381
Zurn	2008	362	151
Zveno	2008	146	22
Zabara	2008	119	48
Ziskin	2008	188	82
Zorahayda	2008	120	11
Zuckerman	2008	9351	2580
Zuroff	2008	579	112
Zweers	2008	134	41
zone	2008	446185	64065
zongo	2008	649	11
zow	2008	394	78
Zambryski	2008	186	36
Zametkin	2008	260	85
Zamzam	2008	568	192
Zermatt	2008	1938	497
Zheng	2008	22568	4177
Zhilin	2008	308	93
Zierler	2008	268	106
Zingales	2008	1849	358
Zorbas	2008	101	59
Zahara	2008	1410	280
Zaildar	2008	108	9
Zandia	2008	141	11
Zareth	2008	218	6
Zb	2008	415	152
Zebu	2008	707	251
Zema	2008	122	58
Zhangzhou	2008	284	93
Zinida	2008	237	4
Zipangu	2008	228	97
Zminis	2008	161	3
Zumstein	2008	313	102
zaptieh	2008	343	35
Z2	2008	2905	1029
ZURICH	2008	371	193
Zagonyi	2008	197	35
Zairian	2008	672	185
Zakaat	2008	195	15
Zawacki	2008	325	140
Zeboiim	2008	117	76
Zeitschriftfiir	2008	116	95
Zlotkowski	2008	100	28
Zollern	2008	150	54
Zot	2008	158	64
Zschech	2008	327	44
Zsido	2008	102	23
Zuberbuhler	2008	125	53
Zy	2008	354	230
Zaban	2008	141	60
Zanzi	2008	107	51
Zareba	2008	256	112
Zarif	2008	592	129
Zauber	2008	397	235
Zenobe	2008	174	41
Zyplast	2008	234	32
zakuski	2008	160	61
Zapotec	2008	6305	560
Zi	2008	12855	2014
Zitat	2008	456	171
zametki	2008	153	91
zhongyong	2008	143	32
ZCC	2008	745	47
ZSK	2008	208	18
Zalkin	2008	104	31
Zeligowski	2008	114	16
Zhangjiakou	2008	148	53
Zosim	2008	200	39
zekhut	2008	316	20
zigzag	2008	21702	12008
Z39.48	2008	4541	4460
ZHONG	2008	151	56
ZN	2008	835	362
Zanny	2008	324	28
Zena	2008	2028	444
Zev	2008	1237	377
Zeyn	2008	298	54
Ziggy	2008	1833	497
Zillmann	2008	925	249
Zionist	2008	52956	3964
Zwaag	2008	127	83
Zwecke	2008	508	253
zenuw	2008	101	3
zoning	2008	41825	6225
Zadek	2008	684	151
Zapl	2008	619	5
Zarit	2008	1106	150
Zentralarchiv	2008	306	99
Ziyada	2008	162	25
z7	2008	112	87
za	2008	12236	2921
zefa	2008	497	298
Z004	2008	172	92
Zadan	2008	195	37
Zagare	2008	158	53
Zavella	2008	411	141
Zawahri	2008	247	61
Zentralmuseum	2008	101	59
Ziaul	2008	323	77
Zolli	2008	971	51
Zosimos	2008	365	58
Zuna	2008	116	53
zippers	2008	2681	1637
Zambian	2008	5608	1039
Zambo	2008	601	123
Zaxis	2008	136	49
Zlatanova	2008	328	49
Zoan	2008	836	254
Zografos	2008	169	71
Zone	2008	102577	20133
Zosterops	2008	134	56
Zura	2008	590	45
Zylinska	2008	198	36
zivilen	2008	113	56
zulässig	2008	186	66
zygoma	2008	1085	237
ZVS	2008	209	25
Zaltman	2008	782	232
Zasloff	2008	330	116
Ziguras	2008	244	59
Zoete	2008	166	73
Zulora	2008	101	15
Zuntz	2008	350	126
Zutter	2008	129	82
Zadie	2008	1067	261
Zankle	2008	100	22
Zavos	2008	501	77
Zelkowicz	2008	207	8
Zeskind	2008	106	48
Zhurnal	2008	939	380
Zirconia	2008	749	240
Zobl	2008	296	65
Zuie	2008	194	4
zestful	2008	648	560
zoeae	2008	134	11
zufrieden	2008	346	180
zuki	2008	128	39
Zadruga	2008	110	32
Zamindar	2008	663	233
Zelima	2008	103	13
Zeman	2008	2154	697
Zevs	2008	117	24
ZnS	2008	3011	489
Zorich	2008	145	63
Zubkov	2008	391	88
Zwerin	2008	159	53
zeins	2008	156	17
zugrunde	2008	585	248
ZACHARIAS	2008	101	66
ZIndex	2008	185	26
Zaachila	2008	195	22
Zamagni	2008	309	115
Zamfir	2008	229	55
Zampieri	2008	255	158
Zamyatin	2008	1355	174
Zebub	2008	106	73
Zeszyty	2008	235	99
Ziekenhuis	2008	100	47
Zodiac	2008	9088	2751
Zohrab	2008	1139	112
Zopf	2008	305	115
Zorrillo	2008	169	6
Zotenberg	2008	151	49
Zubu	2008	115	26
Zwillman	2008	329	27
Zabeth	2008	434	16
Zalmai	2008	286	33
Zellen	2008	281	108
Zenanas	2008	120	81
Zhivago	2008	1591	657
ZigZag	2008	152	67
Zipes	2008	2715	492
Zongmi	2008	149	14
Zouni	2008	165	24
Zuehlke	2008	210	85
Zuñiga	2008	182	72
zer	2008	662	411
zig	2008	8182	5351
zoals	2008	507	137
Zeelandia	2008	1091	71
Zentropa	2008	123	16
Zerin	2008	106	40
Zhichang	2008	314	16
Zinci	2008	129	60
Zumbro	2008	142	49
Zysman	2008	590	185
zd	2008	556	396
zenana	2008	2399	596
zoo	2008	34229	12741
zootypes	2008	186	13
Zahnle	2008	147	49
Zanin	2008	163	73
Zarifa	2008	313	17
Zatopek	2008	294	48
Zdanowicz	2008	144	62
Zhiyuan	2008	490	119
Zobel	2008	1949	574
Zook	2008	3836	540
Zumárraga	2008	280	37
zanamivir	2008	492	153
zet	2008	350	173
ZDP	2008	196	14
Zaccagnini	2008	192	75
Zacchseus	2008	135	88
Zarans	2008	116	4
Zarkov	2008	924	51
Zigeuner	2008	307	160
Zimba	2008	232	90
Zomig	2008	162	61
Zorka	2008	176	62
Zuben	2008	218	64
Zucchelli	2008	220	49
Zv	2008	207	122
zao	2008	270	128
zoonosis	2008	633	245
zygomaticomaxillary	2008	166	36
zzzzz	2008	246	58
Zhiguli	2008	318	63
zerstören	2008	116	72
zongos	2008	102	6
Zarys	2008	117	59
Zisa	2008	160	49
Zoas	2008	351	61
Zumeta	2008	118	44
Zwickel	2008	129	38
zakuska	2008	101	37
zwar	2008	3464	739
zzii	2008	140	128
Z.M.	2008	544	342
Zarate	2008	2030	600
Zelin	2008	209	65
Zeumer	2008	139	59
Zevalin	2008	273	77
Zhongwei	2008	104	46
Zigman	2008	342	59
Zoea	2008	224	47
Zoser	2008	282	104
Zuckermann	2008	384	152
Zuiderzee	2008	275	92
Zuurmond	2008	139	36
Zweckmäßigkeit	2008	117	36
zeitgeist	2008	2363	1444
zinger	2008	661	523
zips	2008	1779	1318
zvezda	2008	407	63
Zachary	2008	20438	5436
Zalmoxis	2008	117	47
Zeitschrifl	2008	104	79
Zeitspiegel	2008	329	5
Zerbst	2008	949	316
Zhoukan	2008	134	71
Zoia	2008	393	91
Zubaan	2008	113	55
Zulassung	2008	111	60
Zuwachs	2008	107	61
zio	2008	289	203
zome	2008	202	113
zonally	2008	347	100
zueinander	2008	263	152
ZANLA	2008	1132	81
Zapperi	2008	169	27
Zarnowitz	2008	231	38
Zelos	2008	116	38
Zemp	2008	206	72
Zentoku	2008	105	6
Ziiek	2008	105	74
Zorayda	2008	268	47
Zubillaga	2008	104	44
Zyderm	2008	264	30
zeichnet	2008	247	154
zeniths	2008	118	78
zingers	2008	308	243
Z6	2008	409	158
Zaklad	2008	225	79
Zandu	2008	177	14
Zayin	2008	106	43
Zemans	2008	140	54
Zierenberg	2008	118	30
Zimmerer	2008	731	179
Zolotarev	2008	203	57
Zongo	2008	1016	94
Zosia	2008	447	53
Zoysia	2008	395	56
Zuidema	2008	950	150
Zustand	2008	1197	472
Zvornik	2008	167	54
zunächst	2008	1661	341
zwingt	2008	124	93
ZENK	2008	108	10
Zahr	2008	120	61
Zakaria	2008	3739	1258
Zaynab	2008	2013	244
Zeppelin	2008	13720	2596
Zettelmeyer	2008	240	84
Zevit	2008	426	69
Zhirinovsky	2008	779	174
Zocor	2008	698	290
Zoller	2008	1437	465
Zooxanthellae	2008	107	46
Zweifach	2008	235	21
ze	2008	19076	3344
zhen	2008	863	304
zonal	2008	7732	1644
zugewiesen	2008	105	60
Z.A.	2008	828	439
ZEROS	2008	200	36
Zahler	2008	221	101
Zakka	2008	143	49
Zaleucus	2008	291	158
Zalm	2008	298	97
Zalmanson	2008	111	5
Zeitspanne	2008	119	67
Zellner	2008	1952	495
Zigo	2008	176	23
Zing	2008	1094	431
Zmai	2008	613	13
zeolitic	2008	374	94
zw	2008	313	223
Z.B.	2008	309	192
ZINB	2008	102	13
Zabern	2008	1658	467
Zahan	2008	156	47
Zbilut	2008	100	17
Zhukova	2008	101	50
Znaniecki	2008	757	224
zeggen	2008	190	90
zincblende	2008	369	102
Zafon	2008	109	36
Zaul	2008	215	9
Zeme	2008	194	46
Zenica	2008	178	85
Zerzan	2008	241	57
Zeytinoglu	2008	101	43
Zhuzi	2008	400	40
Zirger	2008	143	32
Zorbaugh	2008	218	75
Zubatov	2008	155	21
Zuboff	2008	867	207
Zurbrugg	2008	115	61
zona	2008	6153	1412
Zabi	2008	104	26
Zaida	2008	1288	189
Zhihua	2008	249	108
Zubek	2008	181	65
Zur	2008	25097	6382
zainichi	2008	2158	40
zooid	2008	225	66
zoomorphic	2008	1569	519
Zakro	2008	173	37
Zattere	2008	238	110
Zehmers	2008	120	15
Zeileis	2008	111	21
Zerilli	2008	626	104
Zeuge	2008	225	150
Ziaur	2008	471	82
Ziegenhagen	2008	415	39
Zumurrud	2008	131	13
Zundert	2008	167	71
Zusammenfassung	2008	1073	362
zapatista	2008	147	31
zzi	2008	195	176
Zephyrine	2008	178	40
Zerihun	2008	113	17
Zermelo	2008	905	137
Zmuda	2008	309	102
Zongren	2008	161	29
Zuck	2008	951	246
Zuckert	2008	580	184
Zurif	2008	214	62
Züge	2008	230	119
Zürcher	2008	850	261
Zabeau	2008	122	65
Zagra	2008	103	32
Zarnoff	2008	154	3
Zeitlinger	2008	980	577
Zelikow	2008	2901	461
Zelmane	2008	190	32
Zidane	2008	1219	231
Zineb	2008	313	58
Zingiber	2008	782	261
Zymogen	2008	135	72
zippo	2008	109	101
zócalo	2008	134	33
Zamfara	2008	642	132
Zhijun	2008	249	111
Zile	2008	393	122
Zixi	2008	124	31
Zubehr	2008	113	6
Zukofsky	2008	1416	153
Zuwanderung	2008	259	72
Zyklon	2008	727	363
Z4	2008	1054	436
ZAN	2008	114	62
Zarathustrian	2008	149	60
Zat	2008	988	401
Zau	2008	660	60
Zaydis	2008	222	67
Zikai	2008	119	18
Zolo	2008	420	120
Zoon	2008	703	321
Zucchero	2008	304	175
zT	2008	168	83
zaimph	2008	194	6
zeigte	2008	409	202
zsh	2008	726	56
Z.C.	2008	313	167
ZACK	2008	128	65
ZGC	2008	1014	5
Zaman	2008	4456	1029
Zenobie	2008	149	47
Zeron	2008	115	33
Zlotnik	2008	525	213
Zostera	2008	903	214
Zumpe	2008	267	58
Zuoren	2008	539	70
zapote	2008	174	78
zygapophyseal	2008	654	92
中国	2008	372	51
